#
# A fatal error has been detected by the Java Runtime Environment:
#
#  Internal Error (0xc000000d), pid=1952, tid=1296
#
# JRE version: Java(TM) SE Runtime Environment (8.0_66-b18) (build 1.8.0_66-b18)
# Java VM: Java HotSpot(TM) 64-Bit Server VM (25.66-b18 mixed mode windows-amd64 compressed oops)
# Problematic frame:
# C  [ntdll.dll+0x1021c0]
#
# Failed to write core dump. Minidumps are not enabled by default on client versions of Windows
#
# If you would like to submit a bug report, please visit:
#   http://bugreport.java.com/bugreport/crash.jsp
#

---------------  T H R E A D  ---------------

Current thread (0x00000000136b6800):  VMThread [stack: 0x0000000014760000,0x0000000014860000] [id=1296]

siginfo: ExceptionCode=0xc000000d

Registers:
RAX=0x000000001485ec60, RBX=0xfffffffffffffffe, RCX=0x000000001485ec60, RDX=0x000000001485ec60
RSP=0x000000001485f1b0, RBP=0x00007ffdca797408, RSI=0x0000000000000000, RDI=0x0000000000000728
R8 =0x0000000000000000, R9 =0x0000000000000000, R10=0x000000001485f2e8, R11=0x0000000000000000
R12=0x0000000020cc5a00, R13=0x0000000000383420, R14=0x0000000020cc5b08, R15=0x000000001485f328
RIP=0x00007ffdd36121c0, EFLAGS=0x0000000000000202

Top of Stack: (sp=0x000000001485f1b0)
0x000000001485f1b0:   0000000000000000 fffffffffffffffe
0x000000001485f1c0:   0000000000000000 0000000000000728
0x000000001485f1d0:   00000000c000000d 0000000000000000
0x000000001485f1e0:   00007ffdd36121c0 0000000000000000
0x000000001485f1f0:   0000000000000000 0000000000000000
0x000000001485f200:   0000000000000000 0000000000000000
0x000000001485f210:   0000000000000000 0000000000000000
0x000000001485f220:   0000000000000000 0000000000000000
0x000000001485f230:   0000000000000000 0000000000000000
0x000000001485f240:   0000000000000000 0000000000000000
0x000000001485f250:   0000000000000000 0000000000000000
0x000000001485f260:   0000000000000000 0000000000000013
0x000000001485f270:   0000ebfd867bcf47 0000000000000000
0x000000001485f280:   0000000000000120 00007ffdd35b47f9
0x000000001485f290:   00000000001f0000 0000000000000000
0x000000001485f2a0:   0000000000000120 0000000000000000 

Instructions: (pc=0x00007ffdd36121c0)
0x00007ffdd36121a0:   2f f9 ff c7 44 24 20 0d 00 00 c0 b9 57 00 00 00
0x00007ffdd36121b0:   e8 2b f0 f4 ff 90 48 8d 4c 24 20 e8 70 17 f5 ff
0x00007ffdd36121c0:   eb 00 48 8b 8c 24 c0 00 00 00 48 33 cc e8 ce 03
0x00007ffdd36121d0:   f8 ff 48 81 c4 d8 00 00 00 c3 40 55 48 83 ec 20 


Register to memory mapping:

RAX=0x000000001485ec60 is an unknown value
RBX=0xfffffffffffffffe is an unknown value
RCX=0x000000001485ec60 is an unknown value
RDX=0x000000001485ec60 is an unknown value
RSP=0x000000001485f1b0 is an unknown value
RBP=0x00007ffdca797408 is an unknown value
RSI=0x0000000000000000 is an unknown value
RDI=0x0000000000000728 is an unknown value
R8 =0x0000000000000000 is an unknown value
R9 =0x0000000000000000 is an unknown value
R10=0x000000001485f2e8 is an unknown value
R11=0x0000000000000000 is an unknown value
R12=0x0000000020cc5a00 is an unknown value
R13=0x0000000000383420 is an unknown value
R14=0x0000000020cc5b08 is an unknown value
R15=0x000000001485f328 is an unknown value


Stack: [0x0000000014760000,0x0000000014860000],  sp=0x000000001485f1b0,  free space=1020k
Native frames: (J=compiled Java code, j=interpreted, Vv=VM code, C=native code)
C  [ntdll.dll+0x1021c0]
C  [ntdll.dll+0xa47f9]
C  [KERNEL32.DLL+0x399a]
C  [MSVCR110.dll+0x752d]
C  [MSVCR110.dll+0x73c6]
C  [MSVCR110.dll+0x14cca]
C  [MSVCR110.dll+0x13edc]
C  [MSVCR110.dll+0x239e]
C  [MSVCR110.dll+0xaf9e]
C  [MSVCP110.dll+0x397b9]
C  [librdi_common.dll+0x182316]
C  [librdi_common.dll+0x180fab]
C  [librdi_target_manager.dll+0x2400]
C  [librdi_target_manager.dll+0x2682]
C  [ntdll.dll+0x1c334]
C  [ntdll.dll+0x1b742]
C  [ntdll.dll+0x18448]
C  [KERNEL32.DLL+0x516a]
C  [MSVCR100.dll+0x20ccd]
V  [jvm.dll+0x210cc5]
V  [jvm.dll+0x249897]
V  [jvm.dll+0x248b36]
V  [jvm.dll+0x248fd1]
V  [jvm.dll+0x2491ee]
V  [jvm.dll+0x29a0fa]
C  [MSVCR100.dll+0x21d9f]
C  [MSVCR100.dll+0x21e3b]
C  [KERNEL32.DLL+0x13d2]
C  [ntdll.dll+0x15454]

VM_Operation (0x000000000013f4c0): Exit, mode: safepoint, requested by thread 0x00000000021ce000


---------------  P R O C E S S  ---------------

Java Threads: ( => current thread )
  0x000000001dc3d800 JavaThread "Set STDIO Tab defaults" [_thread_blocked, id=3204, stack(0x0000000028c60000,0x0000000028d60000)]
  0x000000001dc38000 JavaThread "Thread-41" [_thread_in_native, id=1464, stack(0x000000001fe90000,0x000000001ff90000)]
  0x000000001dc3c000 JavaThread "Set STDIO Tab defaults" [_thread_blocked, id=1012, stack(0x0000000028fa0000,0x00000000290a0000)]
  0x000000001dc3a800 JavaThread "pool-1-thread-2" [_thread_blocked, id=4568, stack(0x0000000028060000,0x0000000028160000)]
  0x000000001dc39000 JavaThread "Set STDIO Tab defaults" [_thread_blocked, id=1344, stack(0x00000000284a0000,0x00000000285a0000)]
  0x000000001dc36000 JavaThread "pool-1-thread-1" [_thread_blocked, id=5096, stack(0x000000001c8a0000,0x000000001c9a0000)]
  0x000000001dc35000 JavaThread "Set STDIO Tab defaults" [_thread_blocked, id=4392, stack(0x0000000027a80000,0x0000000027b80000)]
  0x000000001dc37800 JavaThread "TCF Channel Transmitter" daemon [_thread_blocked, id=4692, stack(0x000000001c7a0000,0x000000001c8a0000)]
  0x000000001dc33800 JavaThread "TCF Channel Receiver" daemon [_thread_in_native, id=2528, stack(0x000000001c6a0000,0x000000001c7a0000)]
  0x0000000021544800 JavaThread "Process monitor" daemon [_thread_in_native, id=4208, stack(0x00000000274f0000,0x00000000275f0000)]
  0x0000000021547800 JavaThread "Input Stream Monitor" daemon [_thread_blocked, id=4576, stack(0x00000000273f0000,0x00000000274f0000)]
  0x0000000021543800 JavaThread "Output Stream Monitor" daemon [_thread_in_native, id=5024, stack(0x00000000272f0000,0x00000000273f0000)]
  0x0000000021545000 JavaThread "Output Stream Monitor" daemon [_thread_in_native, id=1440, stack(0x00000000271f0000,0x00000000272f0000)]
  0x000000002153b800 JavaThread "Thread-12" daemon [_thread_blocked, id=3652, stack(0x0000000025390000,0x0000000025490000)]
  0x0000000021538800 JavaThread "TCF Locator DNS Lookup" daemon [_thread_blocked, id=2888, stack(0x00000000224d0000,0x00000000225d0000)]
  0x0000000016725800 JavaThread "TCF Locator Timer" daemon [_thread_blocked, id=4996, stack(0x0000000021400000,0x0000000021500000)]
  0x0000000016725000 JavaThread "TCF Locator Receiver" daemon [_thread_in_native, id=1644, stack(0x0000000021300000,0x0000000021400000)]
  0x0000000016721000 JavaThread "TCF Timer Dispatcher" daemon [_thread_blocked, id=3928, stack(0x000000001f8d0000,0x000000001f9d0000)]
  0x0000000016722000 JavaThread "EMF Reference Cleaner" daemon [_thread_blocked, id=3400, stack(0x0000000017e60000,0x0000000017f60000)]
  0x0000000015073000 JavaThread "Service Thread" daemon [_thread_blocked, id=1680, stack(0x0000000015440000,0x0000000015540000)]
  0x00000000136f7800 JavaThread "C1 CompilerThread2" daemon [_thread_blocked, id=2952, stack(0x0000000014f40000,0x0000000015040000)]
  0x00000000136f4000 JavaThread "C2 CompilerThread1" daemon [_thread_blocked, id=3616, stack(0x0000000014e40000,0x0000000014f40000)]
  0x00000000136f1000 JavaThread "C2 CompilerThread0" daemon [_thread_blocked, id=3800, stack(0x0000000014d40000,0x0000000014e40000)]
  0x00000000136ec000 JavaThread "Attach Listener" daemon [_thread_blocked, id=4800, stack(0x0000000014c40000,0x0000000014d40000)]
  0x00000000136ea800 JavaThread "Signal Dispatcher" daemon [_thread_blocked, id=5052, stack(0x0000000014b40000,0x0000000014c40000)]
  0x00000000022c6800 JavaThread "Finalizer" daemon [_thread_blocked, id=2076, stack(0x0000000014960000,0x0000000014a60000)]
  0x00000000022bd800 JavaThread "Reference Handler" daemon [_thread_blocked, id=1840, stack(0x0000000014860000,0x0000000014960000)]
  0x00000000021ce000 JavaThread "main" [_thread_blocked, id=2564, stack(0x0000000000040000,0x0000000000140000)]

Other Threads:
=>0x00000000136b6800 VMThread [stack: 0x0000000014760000,0x0000000014860000] [id=1296]

VM state:at safepoint (shutting down)

VM Mutex/Monitor currently owned by a thread:  ([mutex/lock_event])
[0x00000000021ccca0] Threads_lock - owner thread: 0x00000000136b6800

Heap:
 PSYoungGen      total 141312K, used 50941K [0x00000000f5580000, 0x0000000100000000, 0x0000000100000000)
  eden space 109056K, 45% used [0x00000000f5580000,0x00000000f8577fb8,0x00000000fc000000)
  from space 32256K, 5% used [0x00000000fe080000,0x00000000fe247780,0x0000000100000000)
  to   space 32768K, 0% used [0x00000000fc000000,0x00000000fc000000,0x00000000fe000000)
 ParOldGen       total 119296K, used 55752K [0x00000000e0000000, 0x00000000e7480000, 0x00000000f5580000)
  object space 119296K, 46% used [0x00000000e0000000,0x00000000e3672340,0x00000000e7480000)
 Metaspace       used 81802K, capacity 88588K, committed 88872K, reserved 1126400K
  class space    used 9791K, capacity 12069K, committed 12080K, reserved 1048576K

Card table byte_map: [0x0000000011690000,0x00000000117a0000] byte_map_base: 0x0000000010f90000

Marking Bits: (ParMarkBitMap*) 0x000000005990a5b0
 Begin Bits: [0x0000000011c50000, 0x0000000012450000)
 End Bits:   [0x0000000012450000, 0x0000000012c50000)

Polling page: 0x00000000003b0000

CodeCache: size=245760Kb used=31466Kb max_used=31550Kb free=214293Kb
 bounds [0x00000000022d0000, 0x00000000041f0000, 0x00000000112d0000]
 total_blobs=9496 nmethods=8604 adapters=800
 compilation: enabled

Compilation events (10 events):
Event: 169.451 Thread 0x00000000136f7800 10507   !   3       java.util.zip.Inflater::end (50 bytes)
Event: 169.452 Thread 0x00000000136f7800 nmethod 10507 0x0000000002912690 code [0x0000000002912820, 0x0000000002912c88]
Event: 169.456 Thread 0x00000000136f7800 10508   !   3       java.util.zip.ZipFile::close (223 bytes)
Event: 169.457 Thread 0x00000000136f7800 nmethod 10508 0x00000000041ca0d0 code [0x00000000041ca3c0, 0x00000000041cbdc8]
Event: 169.458 Thread 0x00000000136f7800 10512       3       java.util.TimSort::gallopRight (335 bytes)
Event: 169.458 Thread 0x00000000136f7800 nmethod 10512 0x000000000267e790 code [0x000000000267e980, 0x000000000267f478]
Event: 169.459 Thread 0x00000000136f7800 10513       3       org.eclipse.osgi.container.Module::holdsTransitionEventLock (25 bytes)
Event: 169.460 Thread 0x00000000136f7800 nmethod 10513 0x0000000003c10b10 code [0x0000000003c10ca0, 0x0000000003c113c8]
Event: 169.461 Thread 0x00000000136f7800 10514       3       org.eclipse.osgi.container.ModuleWiring::unload (6 bytes)
Event: 169.461 Thread 0x00000000136f7800 nmethod 10514 0x0000000002713b10 code [0x0000000002713c80, 0x0000000002713e08]

GC Heap History (10 events):
Event: 9.563 GC heap before
{Heap before GC invocations=12 (full 3):
 PSYoungGen      total 146944K, used 120320K [0x00000000f5580000, 0x0000000100000000, 0x0000000100000000)
  eden space 120320K, 100% used [0x00000000f5580000,0x00000000fcb00000,0x00000000fcb00000)
  from space 26624K, 0% used [0x00000000fe600000,0x00000000fe600000,0x0000000100000000)
  to   space 27136K, 0% used [0x00000000fcb00000,0x00000000fcb00000,0x00000000fe580000)
 ParOldGen       total 119296K, used 42551K [0x00000000e0000000, 0x00000000e7480000, 0x00000000f5580000)
  object space 119296K, 35% used [0x00000000e0000000,0x00000000e298dee8,0x00000000e7480000)
 Metaspace       used 70079K, capacity 75776K, committed 75944K, reserved 1114112K
  class space    used 8507K, capacity 10409K, committed 10416K, reserved 1048576K
Event: 9.602 GC heap after
Heap after GC invocations=12 (full 3):
 PSYoungGen      total 144896K, used 24333K [0x00000000f5580000, 0x0000000100000000, 0x0000000100000000)
  eden space 120320K, 0% used [0x00000000f5580000,0x00000000f5580000,0x00000000fcb00000)
  from space 24576K, 99% used [0x00000000fcb00000,0x00000000fe2c3568,0x00000000fe300000)
  to   space 29696K, 0% used [0x00000000fe300000,0x00000000fe300000,0x0000000100000000)
 ParOldGen       total 119296K, used 42559K [0x00000000e0000000, 0x00000000e7480000, 0x00000000f5580000)
  object space 119296K, 35% used [0x00000000e0000000,0x00000000e298fee8,0x00000000e7480000)
 Metaspace       used 70079K, capacity 75776K, committed 75944K, reserved 1114112K
  class space    used 8507K, capacity 10409K, committed 10416K, reserved 1048576K
}
Event: 65.822 GC heap before
{Heap before GC invocations=13 (full 3):
 PSYoungGen      total 144896K, used 144653K [0x00000000f5580000, 0x0000000100000000, 0x0000000100000000)
  eden space 120320K, 100% used [0x00000000f5580000,0x00000000fcb00000,0x00000000fcb00000)
  from space 24576K, 99% used [0x00000000fcb00000,0x00000000fe2c3568,0x00000000fe300000)
  to   space 29696K, 0% used [0x00000000fe300000,0x00000000fe300000,0x0000000100000000)
 ParOldGen       total 119296K, used 42559K [0x00000000e0000000, 0x00000000e7480000, 0x00000000f5580000)
  object space 119296K, 35% used [0x00000000e0000000,0x00000000e298fee8,0x00000000e7480000)
 Metaspace       used 79254K, capacity 85946K, committed 86184K, reserved 1124352K
  class space    used 9610K, capacity 11873K, committed 11952K, reserved 1048576K
Event: 65.844 GC heap after
Heap after GC invocations=13 (full 3):
 PSYoungGen      total 138752K, used 24386K [0x00000000f5580000, 0x0000000100000000, 0x0000000100000000)
  eden space 109056K, 0% used [0x00000000f5580000,0x00000000f5580000,0x00000000fc000000)
  from space 29696K, 82% used [0x00000000fe300000,0x00000000ffad0a90,0x0000000100000000)
  to   space 32768K, 0% used [0x00000000fc000000,0x00000000fc000000,0x00000000fe000000)
 ParOldGen       total 119296K, used 42567K [0x00000000e0000000, 0x00000000e7480000, 0x00000000f5580000)
  object space 119296K, 35% used [0x00000000e0000000,0x00000000e2991ee8,0x00000000e7480000)
 Metaspace       used 79254K, capacity 85946K, committed 86184K, reserved 1124352K
  class space    used 9610K, capacity 11873K, committed 11952K, reserved 1048576K
}
Event: 101.077 GC heap before
{Heap before GC invocations=14 (full 3):
 PSYoungGen      total 138752K, used 65491K [0x00000000f5580000, 0x0000000100000000, 0x0000000100000000)
  eden space 109056K, 37% used [0x00000000f5580000,0x00000000f7da4410,0x00000000fc000000)
  from space 29696K, 82% used [0x00000000fe300000,0x00000000ffad0a90,0x0000000100000000)
  to   space 32768K, 0% used [0x00000000fc000000,0x00000000fc000000,0x00000000fe000000)
 ParOldGen       total 119296K, used 42567K [0x00000000e0000000, 0x00000000e7480000, 0x00000000f5580000)
  object space 119296K, 35% used [0x00000000e0000000,0x00000000e2991ee8,0x00000000e7480000)
 Metaspace       used 79646K, capacity 86274K, committed 86440K, reserved 1124352K
  class space    used 9627K, capacity 11876K, committed 11952K, reserved 1048576K
Event: 101.092 GC heap after
Heap after GC invocations=14 (full 3):
 PSYoungGen      total 141824K, used 17862K [0x00000000f5580000, 0x0000000100000000, 0x0000000100000000)
  eden space 109056K, 0% used [0x00000000f5580000,0x00000000f5580000,0x00000000fc000000)
  from space 32768K, 54% used [0x00000000fc000000,0x00000000fd171828,0x00000000fe000000)
  to   space 32256K, 0% used [0x00000000fe080000,0x00000000fe080000,0x0000000100000000)
 ParOldGen       total 119296K, used 42575K [0x00000000e0000000, 0x00000000e7480000, 0x00000000f5580000)
  object space 119296K, 35% used [0x00000000e0000000,0x00000000e2993ee8,0x00000000e7480000)
 Metaspace       used 79646K, capacity 86274K, committed 86440K, reserved 1124352K
  class space    used 9627K, capacity 11876K, committed 11952K, reserved 1048576K
}
Event: 101.092 GC heap before
{Heap before GC invocations=15 (full 4):
 PSYoungGen      total 141824K, used 17862K [0x00000000f5580000, 0x0000000100000000, 0x0000000100000000)
  eden space 109056K, 0% used [0x00000000f5580000,0x00000000f5580000,0x00000000fc000000)
  from space 32768K, 54% used [0x00000000fc000000,0x00000000fd171828,0x00000000fe000000)
  to   space 32256K, 0% used [0x00000000fe080000,0x00000000fe080000,0x0000000100000000)
 ParOldGen       total 119296K, used 42575K [0x00000000e0000000, 0x00000000e7480000, 0x00000000f5580000)
  object space 119296K, 35% used [0x00000000e0000000,0x00000000e2993ee8,0x00000000e7480000)
 Metaspace       used 79646K, capacity 86274K, committed 86440K, reserved 1124352K
  class space    used 9627K, capacity 11876K, committed 11952K, reserved 1048576K
Event: 101.465 GC heap after
Heap after GC invocations=15 (full 4):
 PSYoungGen      total 141824K, used 0K [0x00000000f5580000, 0x0000000100000000, 0x0000000100000000)
  eden space 109056K, 0% used [0x00000000f5580000,0x00000000f5580000,0x00000000fc000000)
  from space 32768K, 0% used [0x00000000fc000000,0x00000000fc000000,0x00000000fe000000)
  to   space 32256K, 0% used [0x00000000fe080000,0x00000000fe080000,0x0000000100000000)
 ParOldGen       total 119296K, used 55744K [0x00000000e0000000, 0x00000000e7480000, 0x00000000f5580000)
  object space 119296K, 46% used [0x00000000e0000000,0x00000000e3670340,0x00000000e7480000)
 Metaspace       used 79646K, capacity 86274K, committed 86440K, reserved 1124352K
  class space    used 9627K, capacity 11876K, committed 11952K, reserved 1048576K
}
Event: 163.084 GC heap before
{Heap before GC invocations=16 (full 4):
 PSYoungGen      total 141824K, used 109056K [0x00000000f5580000, 0x0000000100000000, 0x0000000100000000)
  eden space 109056K, 100% used [0x00000000f5580000,0x00000000fc000000,0x00000000fc000000)
  from space 32768K, 0% used [0x00000000fc000000,0x00000000fc000000,0x00000000fe000000)
  to   space 32256K, 0% used [0x00000000fe080000,0x00000000fe080000,0x0000000100000000)
 ParOldGen       total 119296K, used 55744K [0x00000000e0000000, 0x00000000e7480000, 0x00000000f5580000)
  object space 119296K, 46% used [0x00000000e0000000,0x00000000e3670340,0x00000000e7480000)
 Metaspace       used 80492K, capacity 87176K, committed 87464K, reserved 1124352K
  class space    used 9650K, capacity 11877K, committed 11952K, reserved 1048576K
Event: 163.094 GC heap after
Heap after GC invocations=16 (full 4):
 PSYoungGen      total 141312K, used 1821K [0x00000000f5580000, 0x0000000100000000, 0x0000000100000000)
  eden space 109056K, 0% used [0x00000000f5580000,0x00000000f5580000,0x00000000fc000000)
  from space 32256K, 5% used [0x00000000fe080000,0x00000000fe247780,0x0000000100000000)
  to   space 32768K, 0% used [0x00000000fc000000,0x00000000fc000000,0x00000000fe000000)
 ParOldGen       total 119296K, used 55752K [0x00000000e0000000, 0x00000000e7480000, 0x00000000f5580000)
  object space 119296K, 46% used [0x00000000e0000000,0x00000000e3672340,0x00000000e7480000)
 Metaspace       used 80492K, capacity 87176K, committed 87464K, reserved 1124352K
  class space    used 9650K, capacity 11877K, committed 11952K, reserved 1048576K
}

Deoptimization events (10 events):
Event: 168.558 Thread 0x00000000021ce000 Uncommon trap: reason=bimorphic action=maybe_recompile pc=0x0000000002878dcc method=org.eclipse.emf.common.util.BasicEMap.entryForKey(IILjava/lang/Object;)Lorg/eclipse/emf/common/util/BasicEMap$Entry; @ 68
Event: 168.558 Thread 0x00000000021ce000 Uncommon trap: reason=bimorphic action=maybe_recompile pc=0x0000000003175044 method=org.eclipse.emf.common.util.BasicEMap.get(Ljava/lang/Object;)Ljava/lang/Object; @ 8
Event: 168.558 Thread 0x00000000021ce000 Uncommon trap: reason=bimorphic action=maybe_recompile pc=0x0000000002878dcc method=org.eclipse.emf.common.util.BasicEMap.entryForKey(IILjava/lang/Object;)Lorg/eclipse/emf/common/util/BasicEMap$Entry; @ 68
Event: 168.654 Thread 0x0000000016723800 Uncommon trap: reason=unstable_if action=reinterpret pc=0x000000000406d6c8 method=org.eclipse.e4.ui.internal.workbench.swt.E4Application$1.syncExec(Ljava/lang/Runnable;)V @ 14
Event: 168.711 Thread 0x000000001dc3f000 Uncommon trap: reason=unstable_if action=reinterpret pc=0x00000000040f7e28 method=org.eclipse.equinox.internal.event.EventHandlerTracker.getHandlers(Ljava/lang/String;)Ljava/util/Set; @ 28
Event: 168.722 Thread 0x000000001dc3f000 Uncommon trap: reason=class_check action=maybe_recompile pc=0x0000000004071c14 method=org.eclipse.e4.core.internal.contexts.TrackableComputationExt.update(Lorg/eclipse/e4/core/internal/contexts/ContextChangeEvent;)Z @ 62
Event: 168.722 Thread 0x000000001dc3f000 Uncommon trap: reason=class_check action=maybe_recompile pc=0x0000000004071c14 method=org.eclipse.e4.core.internal.contexts.TrackableComputationExt.update(Lorg/eclipse/e4/core/internal/contexts/ContextChangeEvent;)Z @ 62
Event: 168.802 Thread 0x000000002153e800 Uncommon trap: reason=unstable_if action=reinterpret pc=0x0000000003a315a4 method=java.io.BufferedReader.read()I @ 34
Event: 169.388 Thread 0x000000001dc3f000 Uncommon trap: reason=unstable_if action=reinterpret pc=0x000000000291c3ec method=org.eclipse.osgi.internal.hooks.EclipseLazyStarter.shouldActivateFor(Ljava/lang/String;Lorg/eclipse/osgi/container/Module;Lorg/eclipse/osgi/container/ModuleRevision;Lorg/ecliŒ¡üX*-e@
Event: 169.411 Thread 0x000000001dc3f000 Uncommon trap: reason=class_check action=maybe_recompile pc=0x0000000003eeb9a0 method=org.eclipse.core.internal.jobs.DeadlockDetector.lockReleased(Ljava/lang/Thread;Lorg/eclipse/core/runtime/jobs/ISchedulingRule;)V @ 169

Internal exceptions (10 events):
Event: 140.430 Thread 0x0000000021546800 Exception <a 'java/io/FileNotFoundException'> (0x00000000f8f4bf30) thrown at [C:\re\workspace\8-2-build-windows-amd64-cygwin\jdk8u66\5298\hotspot\src\share\vm\prims\jni.cpp, line 709]
Event: 154.689 Thread 0x000000001dc3f000 Exception <a 'java/io/FileNotFoundException'> (0x00000000fb32eb08) thrown at [C:\re\workspace\8-2-build-windows-amd64-cygwin\jdk8u66\5298\hotspot\src\share\vm\prims\jni.cpp, line 709]
Event: 159.817 Thread 0x000000001dc3f000 Exception <a 'java/io/FileNotFoundException'> (0x00000000fb347d88) thrown at [C:\re\workspace\8-2-build-windows-amd64-cygwin\jdk8u66\5298\hotspot\src\share\vm\prims\jni.cpp, line 709]
Event: 168.400 Thread 0x000000001dc3e000 Implicit null exception at 0x00000000033ca566 to 0x00000000033ca825
Event: 168.801 Thread 0x000000002153d800 Exception <a 'java/lang/InterruptedException'> (0x00000000f7e87588) thrown at [C:\re\workspace\8-2-build-windows-amd64-cygwin\jdk8u66\5298\hotspot\src\share\vm\runtime\objectMonitor.cpp, line 1683]
Event: 169.403 Thread 0x000000001dc3f000 Exception <a 'java/lang/NullPointerException'> (0x00000000e064ac18) thrown at [C:\re\workspace\8-2-build-windows-amd64-cygwin\jdk8u66\5298\hotspot\src\share\vm\prims\jvm.cpp, line 1390]
Event: 169.431 Thread 0x0000000016723800 Exception <a 'java/lang/InterruptedException'> (0x00000000f6165578) thrown at [C:\re\workspace\8-2-build-windows-amd64-cygwin\jdk8u66\5298\hotspot\src\share\vm\runtime\objectMonitor.cpp, line 1683]
Event: 169.450 Thread 0x0000000015a42800 Exception <a 'java/lang/InterruptedException'> (0x00000000f81eb2c0) thrown at [C:\re\workspace\8-2-build-windows-amd64-cygwin\jdk8u66\5298\hotspot\src\share\vm\runtime\objectMonitor.cpp, line 1683]
Event: 169.457 Thread 0x000000001671f800 Exception <a 'java/lang/InterruptedException'> (0x00000000f6027c98) thrown at [C:\re\workspace\8-2-build-windows-amd64-cygwin\jdk8u66\5298\hotspot\src\share\vm\runtime\objectMonitor.cpp, line 1683]
Event: 169.457 Thread 0x00000000161a4000 Exception <a 'java/lang/InterruptedException'> (0x00000000f84c86e8) thrown at [C:\re\workspace\8-2-build-windows-amd64-cygwin\jdk8u66\5298\hotspot\src\share\vm\runtime\objectMonitor.cpp, line 1683]

Events (10 events):
Event: 169.460 loading class java/util/IdentityHashMap$IdentityHashMapIterator
Event: 169.460 loading class java/util/IdentityHashMap$IdentityHashMapIterator done
Event: 169.460 loading class java/util/IdentityHashMap$KeyIterator done
Event: 169.460 Thread 0x000000001dc36800 Thread added: 0x000000001dc36800
Event: 169.460 Thread 0x00000000136f7800 flushing nmethod 0x0000000002988750
Event: 169.460 Thread 0x00000000136f7800 flushing nmethod 0x00000000029cfd50
Event: 169.461 Thread 0x000000001dc36800 Thread exited: 0x000000001dc36800
Event: 169.461 Thread 0x00000000136f7800 flushing nmethod 0x00000000029e45d0
Event: 169.461 Thread 0x00000000136f7800 flushing nmethod 0x00000000029ec690
Event: 169.461 Executing VM operation: Exit


Dynamic libraries:
0x0000000000400000 - 0x000000000044f000 	C:\Xilinx\SDK\2016.2\eclipse\win64.o\eclipse.exe
0x00007ffdd3510000 - 0x00007ffdd36bc000 	C:\Windows\SYSTEM32\ntdll.dll
0x00007ffdd33d0000 - 0x00007ffdd350e000 	C:\Windows\system32\KERNEL32.DLL
0x00007ffdd0a70000 - 0x00007ffdd0b85000 	C:\Windows\system32\KERNELBASE.dll
0x00007ffdd2720000 - 0x00007ffdd2897000 	C:\Windows\system32\USER32.dll
0x00007ffdce2b0000 - 0x00007ffdce52b000 	C:\Windows\WinSxS\amd64_microsoft.windows.common-controls_6595b64144ccf1df_6.0.9600.18006_none_623f33d3ecbe86e8\COMCTL32.dll
0x00007ffdd2e60000 - 0x00007ffdd2f0a000 	C:\Windows\system32\msvcrt.dll
0x00007ffdd30d0000 - 0x00007ffdd321f000 	C:\Windows\system32\GDI32.dll
0x00007ffdd2130000 - 0x00007ffdd2166000 	C:\Windows\system32\IMM32.DLL
0x00007ffdd2f10000 - 0x00007ffdd3062000 	C:\Windows\system32\MSCTF.dll
0x0000000072000000 - 0x0000000072012000 	C:\Xilinx\SDK\2016.2\eclipse\win64.o\plugins\org.eclipse.equinox.launcher.win32.win32.x86_64_1.1.300.v20150602-1417\eclipse_1611.dll
0x00007ffdd2da0000 - 0x00007ffdd2e4a000 	C:\Windows\system32\ADVAPI32.dll
0x00007ffdca720000 - 0x00007ffdca72a000 	C:\Windows\SYSTEM32\VERSION.dll
0x00007ffdd3220000 - 0x00007ffdd3279000 	C:\Windows\SYSTEM32\sechost.dll
0x00007ffdd28b0000 - 0x00007ffdd29f1000 	C:\Windows\system32\RPCRT4.dll
0x00007ffdcf2c0000 - 0x00007ffdcf3e9000 	C:\Windows\system32\uxtheme.dll
0x00007ffdd2170000 - 0x00007ffdd2381000 	C:\Windows\SYSTEM32\combase.dll
0x0000000059100000 - 0x0000000059989000 	C:\Xilinx\SDK\2016.2\tps\win64\jre\bin\server\jvm.dll
0x00007ffdcd720000 - 0x00007ffdcd729000 	C:\Windows\SYSTEM32\WSOCK32.dll
0x00007ffdce240000 - 0x00007ffdce262000 	C:\Windows\SYSTEM32\WINMM.dll
0x00007ffdd28a0000 - 0x00007ffdd28a7000 	C:\Windows\system32\PSAPI.DLL
0x000000005ac10000 - 0x000000005ace2000 	C:\Windows\SYSTEM32\MSVCR100.dll
0x00007ffdd3350000 - 0x00007ffdd33aa000 	C:\Windows\system32\WS2_32.dll
0x00007ffdce080000 - 0x00007ffdce0aa000 	C:\Windows\SYSTEM32\WINMMBASE.dll
0x00007ffdd2390000 - 0x00007ffdd2399000 	C:\Windows\system32\NSI.dll
0x00007ffdd0790000 - 0x00007ffdd07df000 	C:\Windows\SYSTEM32\cfgmgr32.dll
0x00007ffdcf470000 - 0x00007ffdcf498000 	C:\Windows\SYSTEM32\DEVOBJ.dll
0x0000000058fc0000 - 0x0000000058fcf000 	C:\Xilinx\SDK\2016.2\tps\win64\jre\bin\verify.dll
0x0000000058f90000 - 0x0000000058fb9000 	C:\Xilinx\SDK\2016.2\tps\win64\jre\bin\java.dll
0x0000000058f70000 - 0x0000000058f86000 	C:\Xilinx\SDK\2016.2\tps\win64\jre\bin\zip.dll
0x00007ffdd0b90000 - 0x00007ffdd20bb000 	C:\Windows\system32\SHELL32.dll
0x00007ffdd2c80000 - 0x00007ffdd2cd4000 	C:\Windows\system32\SHLWAPI.dll
0x00007ffdcebc0000 - 0x00007ffdcec72000 	C:\Windows\SYSTEM32\SHCORE.dll
0x00007ffdd0660000 - 0x00007ffdd0675000 	C:\Windows\SYSTEM32\profapi.dll
0x00007ffdcff40000 - 0x00007ffdcff60000 	C:\Windows\SYSTEM32\CRYPTSP.dll
0x00007ffdcfb00000 - 0x00007ffdcfb36000 	C:\Windows\system32\rsaenh.dll
0x00007ffdd0140000 - 0x00007ffdd0166000 	C:\Windows\SYSTEM32\bcrypt.dll
0x00007ffdcff10000 - 0x00007ffdcff31000 	C:\Windows\SYSTEM32\USERENV.dll
0x00007ffdd04c0000 - 0x00007ffdd0523000 	C:\Windows\system32\bcryptprimitives.dll
0x00007ffdd0530000 - 0x00007ffdd053b000 	C:\Windows\SYSTEM32\CRYPTBASE.dll
0x0000000058f50000 - 0x0000000058f6a000 	C:\Xilinx\SDK\2016.2\tps\win64\jre\bin\net.dll
0x00007ffdcfe90000 - 0x00007ffdcfee9000 	C:\Windows\system32\mswsock.dll
0x00007ffdcc4d0000 - 0x00007ffdcc4fa000 	C:\Windows\SYSTEM32\IPHLPAPI.DLL
0x00007ffdcc4b0000 - 0x00007ffdcc4ba000 	C:\Windows\SYSTEM32\WINNSI.DLL
0x00007ffdcc240000 - 0x00007ffdcc256000 	C:\Windows\SYSTEM32\dhcpcsvc6.DLL
0x00007ffdcc210000 - 0x00007ffdcc22a000 	C:\Windows\SYSTEM32\dhcpcsvc.DLL
0x0000000058f30000 - 0x0000000058f41000 	C:\Xilinx\SDK\2016.2\tps\win64\jre\bin\nio.dll
0x00007ffdd2580000 - 0x00007ffdd2714000 	C:\Windows\system32\ole32.dll
0x00007ffdcf4a0000 - 0x00007ffdcf4ab000 	C:\Windows\SYSTEM32\kernel.appcore.dll
0x00007ffdc1650000 - 0x00007ffdc1665000 	C:\Windows\system32\napinsp.dll
0x00007ffdc1680000 - 0x00007ffdc169a000 	C:\Windows\system32\pnrpnsp.dll
0x00007ffdccec0000 - 0x00007ffdccedb000 	C:\Windows\system32\NLAapi.dll
0x00007ffdcfc40000 - 0x00007ffdcfce4000 	C:\Windows\SYSTEM32\DNSAPI.dll
0x00007ffdc18b0000 - 0x00007ffdc18bd000 	C:\Windows\System32\winrnr.dll
0x00007ffdc16a0000 - 0x00007ffdc16b4000 	C:\Windows\system32\wshbth.dll
0x0000000063560000 - 0x0000000063569000 	C:\Program Files\National Instruments\Shared\mDNS Responder\nimdnsNSP.dll
0x0000000063550000 - 0x000000006355c000 	C:\Windows\SYSTEM32\nimdnsResponder.dll
0x000000005af50000 - 0x000000005aff3000 	C:\Windows\WinSxS\amd64_microsoft.vc90.crt_1fc8b3b9a1e18e3b_9.0.30729.8387_none_08e793bfa83a89b5\MSVCR90.dll
0x00007ffdc2740000 - 0x00007ffdc274a000 	C:\Windows\System32\rasadhlp.dll
0x00007ffdcc260000 - 0x00007ffdcc2cb000 	C:\Windows\System32\fwpuclnt.dll
0x00007ffdd2ce0000 - 0x00007ffdd2d96000 	C:\Windows\SYSTEM32\clbcatq.dll
0x0000000017b60000 - 0x0000000017c08000 	C:\Users\Han Beul\.Xilinx\SDK\2016.2\org.eclipse.osgi\312\0\.cp\swt-win32-4527.dll
0x00007ffdd2a00000 - 0x00007ffdd2ac1000 	C:\Windows\system32\OLEAUT32.dll
0x00007ffdd3290000 - 0x00007ffdd3346000 	C:\Windows\system32\comdlg32.dll
0x00007ffdbf6b0000 - 0x00007ffdbf732000 	C:\Windows\SYSTEM32\WINSPOOL.DRV
0x00007ffdcb8b0000 - 0x00007ffdcb8c6000 	C:\Windows\SYSTEM32\USP10.dll
0x00007ffdcac20000 - 0x00007ffdcae89000 	C:\Windows\SYSTEM32\WININET.dll
0x00007ffdd07e0000 - 0x00007ffdd09bf000 	C:\Windows\system32\CRYPT32.dll
0x00007ffdca950000 - 0x00007ffdcac17000 	C:\Windows\SYSTEM32\iertutil.dll
0x00007ffdd0710000 - 0x00007ffdd0721000 	C:\Windows\system32\MSASN1.dll
0x00007ffdce9c0000 - 0x00007ffdce9e1000 	C:\Windows\system32\dwmapi.dll
0x00007ffdcc650000 - 0x00007ffdcc7cf000 	C:\Windows\SYSTEM32\propsys.dll
0x0000000002130000 - 0x000000000214e000 	C:\Users\Han Beul\.Xilinx\SDK\2016.2\org.eclipse.osgi\312\0\.cp\swt-gdip-win32-4527.dll
0x00007ffdbf390000 - 0x00007ffdbf540000 	C:\Windows\WinSxS\amd64_microsoft.windows.gdiplus_6595b64144ccf1df_1.1.9600.17415_none_932b3b5547500489\gdiplus.dll
0x00007ffdce810000 - 0x00007ffdce9be000 	C:\Windows\SYSTEM32\WindowsCodecs.dll
0x0000000180000000 - 0x0000000180012000 	C:\Users\Han Beul\.Xilinx\SDK\2016.2\org.eclipse.osgi\126\0\.cp\os\win32\x86_64\localfile_1_0_0.dll
0x00007ffdcd6b0000 - 0x00007ffdcd71a000 	C:\Windows\SYSTEM32\oleacc.dll
0x00007ffdcb770000 - 0x00007ffdcb777000 	C:\Windows\SYSTEM32\msimg32.dll
0x00007ffdcd850000 - 0x00007ffdcda3c000 	C:\Windows\SYSTEM32\DWrite.dll
0x00007ffdcb8a0000 - 0x00007ffdcb8aa000 	C:\Xilinx\SDK\2016.2\lib\win64.o\librdi_jtag_settings.dll
0x00007ffdcb2e0000 - 0x00007ffdcb309000 	C:\Xilinx\SDK\2016.2\lib\win64.o\librdi_debug_dialog.dll
0x00007ffdca870000 - 0x00007ffdca917000 	C:\Windows\SYSTEM32\MSVCP110.dll
0x00007ffdca790000 - 0x00007ffdca864000 	C:\Windows\SYSTEM32\MSVCR110.dll
0x00007ffdc5980000 - 0x00007ffdc59a4000 	C:\Xilinx\SDK\2016.2\lib\win64.o\libboost_filesystem.dll
0x00007ffd8f310000 - 0x00007ffd8fd50000 	C:\Xilinx\SDK\2016.2\lib\win64.o\librdi_common.dll
0x00007ffd8f110000 - 0x00007ffd8f302000 	C:\Xilinx\SDK\2016.2\lib\win64.o\librdi_hsm.dll
0x00007ffdcb2d0000 - 0x00007ffdcb2d9000 	C:\Xilinx\SDK\2016.2\lib\win64.o\libboost_system.dll
0x00007ffd8eda0000 - 0x00007ffd8f10e000 	C:\Xilinx\SDK\2016.2\lib\win64.o\libCOIN-all.dll
0x00007ffd8eb80000 - 0x00007ffd8ed9f000 	C:\Xilinx\SDK\2016.2\lib\win64.o\libXil_lmgr11.dll
0x00007ffdcb2c0000 - 0x00007ffdcb2d0000 	C:\Xilinx\SDK\2016.2\lib\win64.o\libboost_date_time.dll
0x00007ffdc4680000 - 0x00007ffdc46f7000 	C:\Xilinx\SDK\2016.2\lib\win64.o\libboost_program_options.dll
0x00007ffdc18e0000 - 0x00007ffdc19e6000 	C:\Xilinx\SDK\2016.2\lib\win64.o\libboost_regex.dll
0x00007ffdc5960000 - 0x00007ffdc5973000 	C:\Xilinx\SDK\2016.2\lib\win64.o\libboost_signals.dll
0x00007ffdc4a20000 - 0x00007ffdc4a3d000 	C:\Xilinx\SDK\2016.2\lib\win64.o\libboost_thread.dll
0x00007ffdc9c10000 - 0x00007ffdc9c1b000 	C:\Xilinx\SDK\2016.2\lib\win64.o\libboost_xilinx.dll
0x00007ffdc45b0000 - 0x00007ffdc4630000 	C:\Xilinx\SDK\2016.2\lib\win64.o\libhdlpsolve.dll
0x00007ffdc0ae0000 - 0x00007ffdc0b7a000 	C:\Xilinx\SDK\2016.2\lib\win64.o\libhdxml.dll
0x00007ffd8dc50000 - 0x00007ffd8e0b5e00 	C:\Xilinx\SDK\2016.2\lib\win64.o\libisl_iostreams.dll
0x00007ffdc3290000 - 0x00007ffdc32ba000 	C:\Xilinx\SDK\2016.2\lib\win64.o\libisl_sysinfo.dll
0x00007ffdc4a00000 - 0x00007ffdc4a15000 	C:\Xilinx\SDK\2016.2\lib\win64.o\pthreadVC2.dll
0x00007ffdc2e00000 - 0x00007ffdc2e54000 	C:\Xilinx\SDK\2016.2\lib\win64.o\librdi_commonxillic.dll
0x00007ffdb8cf0000 - 0x00007ffdb8e20000 	C:\Xilinx\SDK\2016.2\lib\win64.o\librdi_curl.dll
0x00007ffdc3270000 - 0x00007ffdc3288000 	C:\Xilinx\SDK\2016.2\lib\win64.o\librdiconfig.dll
0x00007ffdc11d0000 - 0x00007ffdc11f3000 	C:\Xilinx\SDK\2016.2\lib\win64.o\librdizlib.dll
0x0000000058fd0000 - 0x00000000590f7000 	C:\Xilinx\SDK\2016.2\lib\win64.o\tcl85t.dll
0x0000000024c20000 - 0x0000000024e83000 	C:\Xilinx\SDK\2016.2\lib\win64.o\xerces-c_3_1.dll
0x00007ffdc9d40000 - 0x00007ffdc9e09000 	C:\Windows\SYSTEM32\WINHTTP.dll
0x00007ffdca470000 - 0x00007ffdca5f5000 	C:\Windows\SYSTEM32\urlmon.dll
0x00007ffdc9330000 - 0x00007ffdc9353000 	C:\Windows\SYSTEM32\VCOMP110.DLL
0x00007ffdb93f0000 - 0x00007ffdb9433000 	C:\Xilinx\SDK\2016.2\lib\win64.o\librdi_hdf.dll
0x00007ffd8d9c0000 - 0x00007ffd8dc41000 	C:\Xilinx\SDK\2016.2\lib\win64.o\librdi_ippcw.dll
0x00007ffdccd10000 - 0x00007ffdccd26000 	C:\Windows\SYSTEM32\NETAPI32.dll
0x00007ffdd0730000 - 0x00007ffdd0781000 	C:\Windows\system32\WINTRUST.dll
0x00007ffdc90b0000 - 0x00007ffdc90bb000 	C:\Xilinx\SDK\2016.2\lib\win64.o\libboost_chrono.dll
0x00007ffdc3250000 - 0x00007ffdc3266000 	C:\Xilinx\SDK\2016.2\lib\win64.o\libboost_iostreams.dll
0x00007ffdc0730000 - 0x00007ffdc0753000 	C:\Xilinx\SDK\2016.2\lib\win64.o\libisl_iosutils.dll
0x00007ffdd00c0000 - 0x00007ffdd00cc000 	C:\Windows\SYSTEM32\netutils.dll
0x00007ffdd02a0000 - 0x00007ffdd02c6000 	C:\Windows\SYSTEM32\srvcli.dll
0x00007ffdccca0000 - 0x00007ffdcccb7000 	C:\Windows\SYSTEM32\wkscli.dll
0x00007ffdc7e80000 - 0x00007ffdc7e88000 	C:\Xilinx\SDK\2016.2\lib\win64.o\librdi_target_manager.dll
0x00007ffdc0aa0000 - 0x00007ffdc0ab1000 	C:\Users\Han Beul\.Xilinx\SDK\2016.2\org.eclipse.osgi\129\0\.cp\jWinHttp-1.0.0.dll
0x00007ffdc6750000 - 0x00007ffdc675f000 	C:\Xilinx\SDK\2016.2\lib\win64.o\librdi_repo_manager.dll
0x0000000071080000 - 0x00000000710a6000 	C:\Xilinx\SDK\2016.2\eclipse\win64.o\plugins\gnu.io.rxtx.win32.x86_64_2.1.7.3_v20071015\os\win32\x86_64\rxtxSerial.dll
0x00007ffdb9340000 - 0x00007ffdb9356000 	C:\Xilinx\SDK\2016.2\eclipse\win64.o\plugins\org.eclipse.cdt.core.win32.x86_64_5.4.0.201509131935\os\win32\x86_64\spawner.dll
0x00007ffd8b820000 - 0x00007ffd8c030000 	C:\Xilinx\SDK\2016.2\lib\win64.o\libXil_lmgr11FNP.dll
0x00007ffdc8430000 - 0x00007ffdc843c000 	C:\Windows\SYSTEM32\snmpapi.dll
0x00007ffdd23a0000 - 0x00007ffdd257a000 	C:\Windows\system32\SETUPAPI.dll
0x00007ffdd0490000 - 0x00007ffdd04be000 	C:\Windows\SYSTEM32\SspiCli.dll

VM Arguments:
jvm_args: -Dcom.xilinx.sdk.args.hwspec=C:/lab2_pwm/hw1_zybo.sdk/design_1_wrapper.hdf -Xms64m -Xmx512m & 
java_command: <unknown>
java_class_path (initial): C:\Xilinx\SDK\2016.2\eclipse\win64.o\\plugins/org.eclipse.equinox.launcher_1.3.100.v20150511-1540.jar
Launcher Type: generic

Environment Variables:
PATH=C:/Xilinx/SDK/2016.2/tps/win64/jre/bin/server;C:/Xilinx/SDK/2016.2/tps/win64/jre/bin;C:/Xilinx/SDK/2016.2/tps/win64/jre/lib/amd64;C:\Xilinx\SDK\2016.2\gnuwin\bin;C:\Xilinx\SDK\2016.2\gnu\microblaze\nt\bin;C:\Xilinx\SDK\2016.2\gnu\microblaze\linux_toolchain\nt64_le\bin;C:\Xilinx\SDK\2016.2\gnu\microblaze\linux_toolchain\nt64_be\bin;C:\Xilinx\SDK\2016.2\gnu\arm\nt\bin;C:\Xilinx\SDK\2016.2\gnu\aarch64\nt\aarch64-none\bin;C:\Xilinx\SDK\2016.2\gnu\aarch64\nt\aarch64-linux\bin;C:\Xilinx\SDK\2016.2\gnu\armr5\nt\gcc-arm-none-eabi\bin;C:\Xilinx\SDK\2016.2\gnu\aarch32\nt\gcc-arm-none-eabi\bin;C:\Xilinx\SDK\2016.2\gnu\aarch32\nt\gcc-arm-linux-gnueabi\bin;C:\Xilinx\SDK\2016.2\tps\win64\cmake-3.3.2\bin;;C:\Xilinx\SDK\2016.2\bin;C:\Xilinx\SDK\2016.2\lib\win64.o;C:\Xilinx\SDK\2016.2\tps\win64\jre\bin\server;C:\Xilinx\SDK\2016.2\tps\win64\jre\bin;C:\Xilinx\Vivado\2016.2\ids_lite\ISE\bin\nt64;C:\Xilinx\Vivado\2016.2\ids_lite\ISE\lib\nt64;C:\Xilinx\Vivado\2016.2\bin;C:\Xilinx\Vivado\2016.2\lib\win64.o;C:\Xilinx\Vivado\2016.2\tps\win64\jre\bin\server;C:\Xilinx\Vivado\2016.2\tps\win64\jre\bin;C:\Xilinx\Vivado_HLS\2016.2\bin;C:\ProgramData\Oracle\Java\javapath;C:\Windows\system32;C:\Windows;C:\Windows\System32\Wbem;C:\Windows\System32\WindowsPowerShell\v1.0\;C:\Program Files\MATLAB\R2016b\bin;C:\Modeltech_pe_edu_10.4a\win32pe_edu;c:\MinGW\bin;c:\MinGW\msys\1.0\;c:\MinGW\msys\1.0\bin;c:\lab2_pwm;
USERNAME=Han Beul
OS=Windows_NT
PROCESSOR_IDENTIFIER=Intel64 Family 6 Model 70 Stepping 1, GenuineIntel



---------------  S Y S T E M  ---------------

OS: Windows 8.1 , 64 bit Build 9600 (6.3.9600.17415)

CPU:total 4 (4 cores per cpu, 1 threads per core) family 6 model 70 stepping 1, cmov, cx8, fxsr, mmx, sse, sse2, sse3, ssse3, sse4.1, sse4.2, popcnt, avx, avx2, aes, clmul, erms, lzcnt, tsc, tscinvbit, bmi1, bmi2

Memory: 4k page, physical 4193780k(963432k free), swap 5331148k(1615548k free)

vm_info: Java HotSpot(TM) 64-Bit Server VM (25.66-b18) for windows-amd64 JRE (1.8.0_66-b18), built on Nov  9 2015 10:51:13 by "java_re" with MS VC++ 10.0 (VS2010)

time: Mon Dec 05 22:49:11 2016
elapsed time: 170 seconds (0d 0h 2m 50s)

