#
# A fatal error has been detected by the Java Runtime Environment:
#
#  Internal Error (0xc000000d), pid=1920, tid=1892
#
# JRE version: Java(TM) SE Runtime Environment (8.0_66-b18) (build 1.8.0_66-b18)
# Java VM: Java HotSpot(TM) 64-Bit Server VM (25.66-b18 mixed mode windows-amd64 compressed oops)
# Problematic frame:
# C  [ntdll.dll+0x1021c0]
#
# Failed to write core dump. Minidumps are not enabled by default on client versions of Windows
#
# If you would like to submit a bug report, please visit:
#   http://bugreport.java.com/bugreport/crash.jsp
#

---------------  T H R E A D  ---------------

Current thread (0x00000000135e7000):  VMThread [stack: 0x0000000014690000,0x0000000014790000] [id=1892]

siginfo: ExceptionCode=0xc000000d

Registers:
RAX=0x000000001478ec60, RBX=0xfffffffffffffffe, RCX=0x000000001478ec60, RDX=0x000000001478ec60
RSP=0x000000001478f1b0, RBP=0x00007ffdca797408, RSI=0x0000000000000000, RDI=0x0000000000000620
R8 =0x0000000000000000, R9 =0x0000000000000000, R10=0x000000001478f2e8, R11=0x0000000000000000
R12=0x00000000006620e0, R13=0x0000000000708080, R14=0x00000000006621e8, R15=0x000000001478f328
RIP=0x00007ffdd36121c0, EFLAGS=0x0000000000000206

Top of Stack: (sp=0x000000001478f1b0)
0x000000001478f1b0:   0000000000000000 fffffffffffffffe
0x000000001478f1c0:   0000000000000000 0000000000000620
0x000000001478f1d0:   00000000c000000d 0000000000000000
0x000000001478f1e0:   00007ffdd36121c0 0000000000000000
0x000000001478f1f0:   0000000000000000 0000000000000000
0x000000001478f200:   0000000000000000 0000000000000000
0x000000001478f210:   0000000000000000 0000000000000000
0x000000001478f220:   0000000000000000 0000000000000000
0x000000001478f230:   0000000000000000 0000000000000000
0x000000001478f240:   0000000000000000 0000000000000000
0x000000001478f250:   0000000000000000 0000000000000000
0x000000001478f260:   0000000000000000 0000000000000013
0x000000001478f270:   0000cd9ac3564523 0000000000000000
0x000000001478f280:   0000000000000120 00007ffdd35b47f9
0x000000001478f290:   0000000000380000 0000000000000000
0x000000001478f2a0:   0000000000000120 0000000000000000 

Instructions: (pc=0x00007ffdd36121c0)
0x00007ffdd36121a0:   2f f9 ff c7 44 24 20 0d 00 00 c0 b9 57 00 00 00
0x00007ffdd36121b0:   e8 2b f0 f4 ff 90 48 8d 4c 24 20 e8 70 17 f5 ff
0x00007ffdd36121c0:   eb 00 48 8b 8c 24 c0 00 00 00 48 33 cc e8 ce 03
0x00007ffdd36121d0:   f8 ff 48 81 c4 d8 00 00 00 c3 40 55 48 83 ec 20 


Register to memory mapping:

RAX=0x000000001478ec60 is an unknown value
RBX=0xfffffffffffffffe is an unknown value
RCX=0x000000001478ec60 is an unknown value
RDX=0x000000001478ec60 is an unknown value
RSP=0x000000001478f1b0 is an unknown value
RBP=0x00007ffdca797408 is an unknown value
RSI=0x0000000000000000 is an unknown value
RDI=0x0000000000000620 is an unknown value
R8 =0x0000000000000000 is an unknown value
R9 =0x0000000000000000 is an unknown value
R10=0x000000001478f2e8 is an unknown value
R11=0x0000000000000000 is an unknown value
R12=0x00000000006620e0 is an unknown value
R13=0x0000000000708080 is an unknown value
R14=0x00000000006621e8 is an unknown value
R15=0x000000001478f328 is an unknown value


Stack: [0x0000000014690000,0x0000000014790000],  sp=0x000000001478f1b0,  free space=1020k
Native frames: (J=compiled Java code, j=interpreted, Vv=VM code, C=native code)
C  [ntdll.dll+0x1021c0]
C  [ntdll.dll+0xa47f9]
C  [KERNEL32.DLL+0x399a]
C  [MSVCR110.dll+0x752d]
C  [MSVCR110.dll+0x73c6]
C  [MSVCR110.dll+0x14cca]
C  [MSVCR110.dll+0x13edc]
C  [MSVCR110.dll+0x239e]
C  [MSVCR110.dll+0xaf9e]
C  [MSVCP110.dll+0x397b9]
C  [librdi_common.dll+0x182316]
C  [librdi_common.dll+0x180fab]
C  [librdi_target_manager.dll+0x2400]
C  [librdi_target_manager.dll+0x2682]
C  [ntdll.dll+0x1c334]
C  [ntdll.dll+0x1b742]
C  [ntdll.dll+0x18448]
C  [KERNEL32.DLL+0x516a]
C  [MSVCR100.dll+0x20ccd]
V  [jvm.dll+0x210cc5]
V  [jvm.dll+0x249897]
V  [jvm.dll+0x248b36]
V  [jvm.dll+0x248fd1]
V  [jvm.dll+0x2491ee]
V  [jvm.dll+0x29a0fa]
C  [MSVCR100.dll+0x21d9f]
C  [MSVCR100.dll+0x21e3b]
C  [KERNEL32.DLL+0x13d2]
C  [ntdll.dll+0x15454]

VM_Operation (0x000000000013f4c0): Exit, mode: safepoint, requested by thread 0x00000000020ee000


---------------  P R O C E S S  ---------------

Java Threads: ( => current thread )
  0x00000000164bc800 JavaThread "Thread-1" [_thread_blocked, id=1148, stack(0x00000000160c0000,0x00000000161c0000)]
  0x00000000164b9800 JavaThread "TCF Channel Transmitter" daemon [_thread_blocked, id=5052, stack(0x0000000027a90000,0x0000000027b90000)]
  0x00000000164b8800 JavaThread "TCF Channel Receiver" daemon [_thread_in_native, id=4700, stack(0x00000000272c0000,0x00000000273c0000)]
  0x00000000164b6800 JavaThread "Process monitor" daemon [_thread_in_native, id=4728, stack(0x0000000020ab0000,0x0000000020bb0000)]
  0x00000000164b7000 JavaThread "Input Stream Monitor" daemon [_thread_blocked, id=4508, stack(0x00000000209b0000,0x0000000020ab0000)]
  0x00000000164b8000 JavaThread "Output Stream Monitor" daemon [_thread_in_native, id=4396, stack(0x00000000208b0000,0x00000000209b0000)]
  0x0000000015362800 JavaThread "Output Stream Monitor" daemon [_thread_in_native, id=1280, stack(0x00000000207b0000,0x00000000208b0000)]
  0x000000001c0f2800 JavaThread "Thread-12" daemon [_thread_blocked, id=2524, stack(0x0000000025410000,0x0000000025510000)]
  0x000000001c0ec800 JavaThread "TCF Locator DNS Lookup" daemon [_thread_blocked, id=4448, stack(0x0000000021980000,0x0000000021a80000)]
  0x000000001c0ed000 JavaThread "TCF Locator Timer" daemon [_thread_blocked, id=4724, stack(0x0000000021880000,0x0000000021980000)]
  0x0000000015fda800 JavaThread "TCF Locator Receiver" daemon [_thread_in_native, id=2536, stack(0x0000000021780000,0x0000000021880000)]
  0x0000000015fd7800 JavaThread "TCF Timer Dispatcher" daemon [_thread_blocked, id=2780, stack(0x000000001f480000,0x000000001f580000)]
  0x0000000015fd5800 JavaThread "EMF Reference Cleaner" daemon [_thread_blocked, id=4620, stack(0x0000000017a90000,0x0000000017b90000)]
  0x0000000014fa3000 JavaThread "Service Thread" daemon [_thread_blocked, id=4988, stack(0x0000000015370000,0x0000000015470000)]
  0x0000000013628000 JavaThread "C1 CompilerThread2" daemon [_thread_blocked, id=4784, stack(0x0000000014e70000,0x0000000014f70000)]
  0x0000000013624000 JavaThread "C2 CompilerThread1" daemon [_thread_blocked, id=3008, stack(0x0000000014d70000,0x0000000014e70000)]
  0x000000001361d800 JavaThread "C2 CompilerThread0" daemon [_thread_blocked, id=4840, stack(0x0000000014c70000,0x0000000014d70000)]
  0x000000001361b000 JavaThread "Attach Listener" daemon [_thread_blocked, id=3128, stack(0x0000000014b70000,0x0000000014c70000)]
  0x000000001361a000 JavaThread "Signal Dispatcher" daemon [_thread_blocked, id=5000, stack(0x0000000014a70000,0x0000000014b70000)]
  0x00000000021f7000 JavaThread "Finalizer" daemon [_thread_blocked, id=1536, stack(0x0000000014890000,0x0000000014990000)]
  0x00000000021ee800 JavaThread "Reference Handler" daemon [_thread_blocked, id=324, stack(0x0000000014790000,0x0000000014890000)]
  0x00000000020ee000 JavaThread "main" [_thread_blocked, id=4444, stack(0x0000000000040000,0x0000000000140000)]

Other Threads:
=>0x00000000135e7000 VMThread [stack: 0x0000000014690000,0x0000000014790000] [id=1892]

VM state:at safepoint (shutting down)

VM Mutex/Monitor currently owned by a thread:  ([mutex/lock_event])
[0x00000000020ed020] Threads_lock - owner thread: 0x00000000135e7000

Heap:
 PSYoungGen      total 119808K, used 33794K [0x00000000f5580000, 0x00000000fef00000, 0x0000000100000000)
  eden space 93696K, 36% used [0x00000000f5580000,0x00000000f7680b88,0x00000000fb100000)
  from space 26112K, 0% used [0x00000000fb100000,0x00000000fb100000,0x00000000fca80000)
  to   space 26112K, 0% used [0x00000000fd580000,0x00000000fd580000,0x00000000fef00000)
 ParOldGen       total 110592K, used 54928K [0x00000000e0000000, 0x00000000e6c00000, 0x00000000f5580000)
  object space 110592K, 49% used [0x00000000e0000000,0x00000000e35a43e0,0x00000000e6c00000)
 Metaspace       used 80078K, capacity 86170K, committed 86312K, reserved 1124352K
  class space    used 9478K, capacity 11503K, committed 11568K, reserved 1048576K

Card table byte_map: [0x00000000115c0000,0x00000000116d0000] byte_map_base: 0x0000000010ec0000

Marking Bits: (ParMarkBitMap*) 0x000000005990a5b0
 Begin Bits: [0x0000000011b80000, 0x0000000012380000)
 End Bits:   [0x0000000012380000, 0x0000000012b80000)

Polling page: 0x0000000000630000

CodeCache: size=245760Kb used=33390Kb max_used=33404Kb free=212369Kb
 bounds [0x0000000002200000, 0x00000000042e0000, 0x0000000011200000]
 total_blobs=9914 nmethods=9021 adapters=801
 compilation: enabled

Compilation events (10 events):
Event: 222.374 Thread 0x0000000013628000 nmethod 10919 0x000000000399c190 code [0x000000000399c300, 0x000000000399c488]
Event: 222.374 Thread 0x0000000013628000 10920       3       org.eclipse.osgi.container.ModuleWiring::invalidate0 (52 bytes)
Event: 222.374 Thread 0x0000000013628000 nmethod 10920 0x0000000002a2d850 code [0x0000000002a2da00, 0x0000000002a2e3a8]
Event: 222.374 Thread 0x0000000013628000 10921       3       org.eclipse.osgi.internal.container.AtomicLazyInitializer::getAndClear (9 bytes)
Event: 222.374 Thread 0x0000000013628000 nmethod 10921 0x000000000399bd10 code [0x000000000399be80, 0x000000000399c0d0]
Event: 222.374 Thread 0x0000000013628000 10922       3       java.util.concurrent.atomic.AtomicReference::getAndSet (12 bytes)
Event: 222.374 Thread 0x0000000013628000 nmethod 10922 0x0000000002c613d0 code [0x0000000002c61520, 0x0000000002c61690]
Event: 222.374 Thread 0x0000000013628000 10923       3       sun.misc.Unsafe::getAndSetObject (24 bytes)
Event: 222.375 Thread 0x0000000013628000 nmethod 10923 0x0000000002c60f90 code [0x0000000002c61100, 0x0000000002c61310]
Event: 222.375 Thread 0x0000000013628000 10924       3       org.eclipse.osgi.internal.framework.EquinoxContainerAdaptor::invalidateWiring (186 bytes)

GC Heap History (10 events):
Event: 137.798 GC heap before
{Heap before GC invocations=17 (full 4):
 PSYoungGen      total 118272K, used 45557K [0x00000000f5580000, 0x00000000fe300000, 0x0000000100000000)
  eden space 93696K, 48% used [0x00000000f5580000,0x00000000f81fd528,0x00000000fb100000)
  from space 24576K, 0% used [0x00000000fcb00000,0x00000000fcb00000,0x00000000fe300000)
  to   space 25600K, 0% used [0x00000000fb100000,0x00000000fb100000,0x00000000fca00000)
 ParOldGen       total 110592K, used 55371K [0x00000000e0000000, 0x00000000e6c00000, 0x00000000f5580000)
  object space 110592K, 50% used [0x00000000e0000000,0x00000000e3612c20,0x00000000e6c00000)
 Metaspace       used 77585K, capacity 83508K, committed 83752K, reserved 1122304K
  class space    used 9321K, capacity 11302K, committed 11312K, reserved 1048576K
Event: 137.805 GC heap after
Heap after GC invocations=17 (full 4):
 PSYoungGen      total 119296K, used 1167K [0x00000000f5580000, 0x00000000fe400000, 0x0000000100000000)
  eden space 93696K, 0% used [0x00000000f5580000,0x00000000f5580000,0x00000000fb100000)
  from space 25600K, 4% used [0x00000000fb100000,0x00000000fb223c28,0x00000000fca00000)
  to   space 26112K, 0% used [0x00000000fca80000,0x00000000fca80000,0x00000000fe400000)
 ParOldGen       total 110592K, used 55379K [0x00000000e0000000, 0x00000000e6c00000, 0x00000000f5580000)
  object space 110592K, 50% used [0x00000000e0000000,0x00000000e3614c20,0x00000000e6c00000)
 Metaspace       used 77585K, capacity 83508K, committed 83752K, reserved 1122304K
  class space    used 9321K, capacity 11302K, committed 11312K, reserved 1048576K
}
Event: 137.805 GC heap before
{Heap before GC invocations=18 (full 5):
 PSYoungGen      total 119296K, used 1167K [0x00000000f5580000, 0x00000000fe400000, 0x0000000100000000)
  eden space 93696K, 0% used [0x00000000f5580000,0x00000000f5580000,0x00000000fb100000)
  from space 25600K, 4% used [0x00000000fb100000,0x00000000fb223c28,0x00000000fca00000)
  to   space 26112K, 0% used [0x00000000fca80000,0x00000000fca80000,0x00000000fe400000)
 ParOldGen       total 110592K, used 55379K [0x00000000e0000000, 0x00000000e6c00000, 0x00000000f5580000)
  object space 110592K, 50% used [0x00000000e0000000,0x00000000e3614c20,0x00000000e6c00000)
 Metaspace       used 77585K, capacity 83508K, committed 83752K, reserved 1122304K
  class space    used 9321K, capacity 11302K, committed 11312K, reserved 1048576K
Event: 138.072 GC heap after
Heap after GC invocations=18 (full 5):
 PSYoungGen      total 119296K, used 0K [0x00000000f5580000, 0x00000000fe400000, 0x0000000100000000)
  eden space 93696K, 0% used [0x00000000f5580000,0x00000000f5580000,0x00000000fb100000)
  from space 25600K, 0% used [0x00000000fb100000,0x00000000fb100000,0x00000000fca00000)
  to   space 26112K, 0% used [0x00000000fca80000,0x00000000fca80000,0x00000000fe400000)
 ParOldGen       total 110592K, used 53776K [0x00000000e0000000, 0x00000000e6c00000, 0x00000000f5580000)
  object space 110592K, 48% used [0x00000000e0000000,0x00000000e3484340,0x00000000e6c00000)
 Metaspace       used 77585K, capacity 83508K, committed 83752K, reserved 1122304K
  class space    used 9321K, capacity 11302K, committed 11312K, reserved 1048576K
}
Event: 179.743 GC heap before
{Heap before GC invocations=19 (full 5):
 PSYoungGen      total 119296K, used 93696K [0x00000000f5580000, 0x00000000fe400000, 0x0000000100000000)
  eden space 93696K, 100% used [0x00000000f5580000,0x00000000fb100000,0x00000000fb100000)
  from space 25600K, 0% used [0x00000000fb100000,0x00000000fb100000,0x00000000fca00000)
  to   space 26112K, 0% used [0x00000000fca80000,0x00000000fca80000,0x00000000fe400000)
 ParOldGen       total 110592K, used 53776K [0x00000000e0000000, 0x00000000e6c00000, 0x00000000f5580000)
  object space 110592K, 48% used [0x00000000e0000000,0x00000000e3484340,0x00000000e6c00000)
 Metaspace       used 78664K, capacity 84648K, committed 84904K, reserved 1122304K
  class space    used 9366K, capacity 11339K, committed 11440K, reserved 1048576K
Event: 179.749 GC heap after
Heap after GC invocations=19 (full 5):
 PSYoungGen      total 119808K, used 1914K [0x00000000f5580000, 0x00000000fef00000, 0x0000000100000000)
  eden space 93696K, 0% used [0x00000000f5580000,0x00000000f5580000,0x00000000fb100000)
  from space 26112K, 7% used [0x00000000fca80000,0x00000000fcc5e8e8,0x00000000fe400000)
  to   space 26112K, 0% used [0x00000000fb100000,0x00000000fb100000,0x00000000fca80000)
 ParOldGen       total 110592K, used 53784K [0x00000000e0000000, 0x00000000e6c00000, 0x00000000f5580000)
  object space 110592K, 48% used [0x00000000e0000000,0x00000000e3486340,0x00000000e6c00000)
 Metaspace       used 78664K, capacity 84648K, committed 84904K, reserved 1122304K
  class space    used 9366K, capacity 11339K, committed 11440K, reserved 1048576K
}
Event: 197.824 GC heap before
{Heap before GC invocations=20 (full 5):
 PSYoungGen      total 119808K, used 35516K [0x00000000f5580000, 0x00000000fef00000, 0x0000000100000000)
  eden space 93696K, 35% used [0x00000000f5580000,0x00000000f76509b0,0x00000000fb100000)
  from space 26112K, 7% used [0x00000000fca80000,0x00000000fcc5e8e8,0x00000000fe400000)
  to   space 26112K, 0% used [0x00000000fb100000,0x00000000fb100000,0x00000000fca80000)
 ParOldGen       total 110592K, used 53784K [0x00000000e0000000, 0x00000000e6c00000, 0x00000000f5580000)
  object space 110592K, 48% used [0x00000000e0000000,0x00000000e3486340,0x00000000e6c00000)
 Metaspace       used 78950K, capacity 84980K, committed 85160K, reserved 1122304K
  class space    used 9368K, capacity 11341K, committed 11440K, reserved 1048576K
Event: 197.830 GC heap after
Heap after GC invocations=20 (full 5):
 PSYoungGen      total 119808K, used 2016K [0x00000000f5580000, 0x00000000fef00000, 0x0000000100000000)
  eden space 93696K, 0% used [0x00000000f5580000,0x00000000f5580000,0x00000000fb100000)
  from space 26112K, 7% used [0x00000000fb100000,0x00000000fb2f8000,0x00000000fca80000)
  to   space 26112K, 0% used [0x00000000fd580000,0x00000000fd580000,0x00000000fef00000)
 ParOldGen       total 110592K, used 53792K [0x00000000e0000000, 0x00000000e6c00000, 0x00000000f5580000)
  object space 110592K, 48% used [0x00000000e0000000,0x00000000e3488340,0x00000000e6c00000)
 Metaspace       used 78950K, capacity 84980K, committed 85160K, reserved 1122304K
  class space    used 9368K, capacity 11341K, committed 11440K, reserved 1048576K
}
Event: 197.830 GC heap before
{Heap before GC invocations=21 (full 6):
 PSYoungGen      total 119808K, used 2016K [0x00000000f5580000, 0x00000000fef00000, 0x0000000100000000)
  eden space 93696K, 0% used [0x00000000f5580000,0x00000000f5580000,0x00000000fb100000)
  from space 26112K, 7% used [0x00000000fb100000,0x00000000fb2f8000,0x00000000fca80000)
  to   space 26112K, 0% used [0x00000000fd580000,0x00000000fd580000,0x00000000fef00000)
 ParOldGen       total 110592K, used 53792K [0x00000000e0000000, 0x00000000e6c00000, 0x00000000f5580000)
  object space 110592K, 48% used [0x00000000e0000000,0x00000000e3488340,0x00000000e6c00000)
 Metaspace       used 78950K, capacity 84980K, committed 85160K, reserved 1122304K
  class space    used 9368K, capacity 11341K, committed 11440K, reserved 1048576K
Event: 198.059 GC heap after
Heap after GC invocations=21 (full 6):
 PSYoungGen      total 119808K, used 0K [0x00000000f5580000, 0x00000000fef00000, 0x0000000100000000)
  eden space 93696K, 0% used [0x00000000f5580000,0x00000000f5580000,0x00000000fb100000)
  from space 26112K, 0% used [0x00000000fb100000,0x00000000fb100000,0x00000000fca80000)
  to   space 26112K, 0% used [0x00000000fd580000,0x00000000fd580000,0x00000000fef00000)
 ParOldGen       total 110592K, used 54928K [0x00000000e0000000, 0x00000000e6c00000, 0x00000000f5580000)
  object space 110592K, 49% used [0x00000000e0000000,0x00000000e35a43e0,0x00000000e6c00000)
 Metaspace       used 78950K, capacity 84980K, committed 85160K, reserved 1122304K
  class space    used 9368K, capacity 11341K, committed 11440K, reserved 1048576K
}

Deoptimization events (10 events):
Event: 221.694 Thread 0x00000000164c4800 Uncommon trap: reason=class_check action=maybe_recompile pc=0x00000000041f28c4 method=org.eclipse.e4.core.internal.contexts.TrackableComputationExt.update(Lorg/eclipse/e4/core/internal/contexts/ContextChangeEvent;)Z @ 62
Event: 221.694 Thread 0x00000000164c4800 Uncommon trap: reason=class_check action=maybe_recompile pc=0x00000000041f8fcc method=org.eclipse.e4.core.internal.contexts.ContextObjectSupplier$ContextInjectionListener.update(Lorg/eclipse/e4/core/contexts/IEclipseContext;I[Ljava/lang/Object;)Z @ 173
Event: 221.694 Thread 0x00000000164c4800 Uncommon trap: reason=class_check action=maybe_recompile pc=0x00000000041f28c4 method=org.eclipse.e4.core.internal.contexts.TrackableComputationExt.update(Lorg/eclipse/e4/core/internal/contexts/ContextChangeEvent;)Z @ 62
Event: 221.694 Thread 0x00000000164c4800 Uncommon trap: reason=class_check action=maybe_recompile pc=0x00000000041f8fcc method=org.eclipse.e4.core.internal.contexts.ContextObjectSupplier$ContextInjectionListener.update(Lorg/eclipse/e4/core/contexts/IEclipseContext;I[Ljava/lang/Object;)Z @ 173
Event: 221.737 Thread 0x000000001c0f1800 Uncommon trap: reason=unstable_if action=reinterpret pc=0x0000000002379ea4 method=sun.nio.cs.SingleByte$Encoder.encode(C)I @ 13
Event: 221.748 Thread 0x00000000164c4800 Uncommon trap: reason=predicate action=maybe_recompile pc=0x00000000035bd010 method=java.util.concurrent.CopyOnWriteArrayList.indexOf(Ljava/lang/Object;[Ljava/lang/Object;II)I @ 41
Event: 221.750 Thread 0x00000000164c4800 Uncommon trap: reason=unstable_if action=reinterpret pc=0x000000000341e474 method=org.eclipse.core.internal.localstore.FileSystemResourceManager.getStoreRoot(Lorg/eclipse/core/resources/IResource;)Lorg/eclipse/core/internal/localstore/FileStoreRoot; @ 17
Event: 221.753 Thread 0x00000000164c4800 Uncommon trap: reason=unstable_if action=reinterpret pc=0x0000000003f337a4 method=org.eclipse.swt.graphics.Resource.dispose()V @ 15
Event: 222.291 Thread 0x00000000164c4800 Uncommon trap: reason=unstable_if action=reinterpret pc=0x0000000002fbc554 method=org.eclipse.osgi.internal.hooks.EclipseLazyStarter.shouldActivateFor(Ljava/lang/String;Lorg/eclipse/osgi/container/Module;Lorg/eclipse/osgi/container/ModuleRevision;Lorg/ecliµvÙ½Ëk@
Event: 222.367 Thread 0x00000000164c4800 Uncommon trap: reason=unstable_if action=reinterpret pc=0x0000000003db3b08 method=sun.reflect.UnsafeStaticObjectFieldAccessorImpl.set(Ljava/lang/Object;Ljava/lang/Object;)V @ 13

Internal exceptions (10 events):
Event: 139.042 Thread 0x00000000020ee000 Implicit null exception at 0x0000000003d0150a to 0x0000000003d01955
Event: 139.335 Thread 0x0000000015fd4000 Implicit null exception at 0x0000000003d39ed3 to 0x0000000003d3e9c5
Event: 141.737 Thread 0x00000000020ee000 Exception <a 'java/io/FileNotFoundException'> (0x00000000f725fcf8) thrown at [C:\re\workspace\8-2-build-windows-amd64-cygwin\jdk8u66\5298\hotspot\src\share\vm\prims\jni.cpp, line 709]
Event: 147.958 Thread 0x00000000020ee000 Implicit null exception at 0x0000000003c68cb7 to 0x0000000003c68fad
Event: 221.729 Thread 0x000000001c0ee800 Exception <a 'java/lang/InterruptedException'> (0x00000000f700e6f0) thrown at [C:\re\workspace\8-2-build-windows-amd64-cygwin\jdk8u66\5298\hotspot\src\share\vm\runtime\objectMonitor.cpp, line 1683]
Event: 222.342 Thread 0x0000000015fd8800 Exception <a 'java/lang/InterruptedException'> (0x00000000f597ec58) thrown at [C:\re\workspace\8-2-build-windows-amd64-cygwin\jdk8u66\5298\hotspot\src\share\vm\runtime\objectMonitor.cpp, line 1683]
Event: 222.367 Thread 0x00000000164c4800 Implicit null exception at 0x0000000003db3810 to 0x0000000003db3af5
Event: 222.367 Thread 0x0000000015eb8800 Exception <a 'java/lang/InterruptedException'> (0x00000000f73f9c48) thrown at [C:\re\workspace\8-2-build-windows-amd64-cygwin\jdk8u66\5298\hotspot\src\share\vm\runtime\objectMonitor.cpp, line 1683]
Event: 222.370 Thread 0x0000000015fd9000 Exception <a 'java/lang/InterruptedException'> (0x00000000f6b30488) thrown at [C:\re\workspace\8-2-build-windows-amd64-cygwin\jdk8u66\5298\hotspot\src\share\vm\runtime\objectMonitor.cpp, line 1683]
Event: 222.371 Thread 0x0000000015a77000 Exception <a 'java/lang/InterruptedException'> (0x00000000f760b900) thrown at [C:\re\workspace\8-2-build-windows-amd64-cygwin\jdk8u66\5298\hotspot\src\share\vm\runtime\objectMonitor.cpp, line 1683]

Events (10 events):
Event: 222.371 Thread 0x0000000015a77000 Thread exited: 0x0000000015a77000
Event: 222.372 Executing VM operation: RevokeBias
Event: 222.372 Executing VM operation: RevokeBias done
Event: 222.373 Thread 0x00000000164c4800 Thread exited: 0x00000000164c4800
Event: 222.374 loading class java/util/IdentityHashMap$KeyIterator
Event: 222.374 loading class java/util/IdentityHashMap$IdentityHashMapIterator
Event: 222.374 loading class java/util/IdentityHashMap$IdentityHashMapIterator done
Event: 222.374 loading class java/util/IdentityHashMap$KeyIterator done
Event: 222.374 Thread 0x00000000164bc800 Thread added: 0x00000000164bc800
Event: 222.375 Executing VM operation: Exit


Dynamic libraries:
0x0000000000400000 - 0x000000000044f000 	C:\Xilinx\SDK\2016.2\eclipse\win64.o\eclipse.exe
0x00007ffdd3510000 - 0x00007ffdd36bc000 	C:\Windows\SYSTEM32\ntdll.dll
0x00007ffdd33d0000 - 0x00007ffdd350e000 	C:\Windows\system32\KERNEL32.DLL
0x00007ffdd0a70000 - 0x00007ffdd0b85000 	C:\Windows\system32\KERNELBASE.dll
0x00007ffdd2720000 - 0x00007ffdd2897000 	C:\Windows\system32\USER32.dll
0x00007ffdce2b0000 - 0x00007ffdce52b000 	C:\Windows\WinSxS\amd64_microsoft.windows.common-controls_6595b64144ccf1df_6.0.9600.18006_none_623f33d3ecbe86e8\COMCTL32.dll
0x00007ffdd2e60000 - 0x00007ffdd2f0a000 	C:\Windows\system32\msvcrt.dll
0x00007ffdd30d0000 - 0x00007ffdd321f000 	C:\Windows\system32\GDI32.dll
0x00007ffdd2130000 - 0x00007ffdd2166000 	C:\Windows\system32\IMM32.DLL
0x00007ffdd2f10000 - 0x00007ffdd3062000 	C:\Windows\system32\MSCTF.dll
0x0000000072000000 - 0x0000000072012000 	C:\Xilinx\SDK\2016.2\eclipse\win64.o\plugins\org.eclipse.equinox.launcher.win32.win32.x86_64_1.1.300.v20150602-1417\eclipse_1611.dll
0x00007ffdd2da0000 - 0x00007ffdd2e4a000 	C:\Windows\system32\ADVAPI32.dll
0x00007ffdca720000 - 0x00007ffdca72a000 	C:\Windows\SYSTEM32\VERSION.dll
0x00007ffdd3220000 - 0x00007ffdd3279000 	C:\Windows\SYSTEM32\sechost.dll
0x00007ffdd28b0000 - 0x00007ffdd29f1000 	C:\Windows\system32\RPCRT4.dll
0x00007ffdcf2c0000 - 0x00007ffdcf3e9000 	C:\Windows\system32\uxtheme.dll
0x00007ffdd2170000 - 0x00007ffdd2381000 	C:\Windows\SYSTEM32\combase.dll
0x0000000059100000 - 0x0000000059989000 	C:\Xilinx\SDK\2016.2\tps\win64\jre\bin\server\jvm.dll
0x00007ffdcd720000 - 0x00007ffdcd729000 	C:\Windows\SYSTEM32\WSOCK32.dll
0x00007ffdce240000 - 0x00007ffdce262000 	C:\Windows\SYSTEM32\WINMM.dll
0x00007ffdd28a0000 - 0x00007ffdd28a7000 	C:\Windows\system32\PSAPI.DLL
0x000000005ac10000 - 0x000000005ace2000 	C:\Windows\SYSTEM32\MSVCR100.dll
0x00007ffdd3350000 - 0x00007ffdd33aa000 	C:\Windows\system32\WS2_32.dll
0x00007ffdce080000 - 0x00007ffdce0aa000 	C:\Windows\SYSTEM32\WINMMBASE.dll
0x00007ffdd2390000 - 0x00007ffdd2399000 	C:\Windows\system32\NSI.dll
0x00007ffdd0790000 - 0x00007ffdd07df000 	C:\Windows\SYSTEM32\cfgmgr32.dll
0x00007ffdcf470000 - 0x00007ffdcf498000 	C:\Windows\SYSTEM32\DEVOBJ.dll
0x0000000058fc0000 - 0x0000000058fcf000 	C:\Xilinx\SDK\2016.2\tps\win64\jre\bin\verify.dll
0x0000000058f90000 - 0x0000000058fb9000 	C:\Xilinx\SDK\2016.2\tps\win64\jre\bin\java.dll
0x0000000058f70000 - 0x0000000058f86000 	C:\Xilinx\SDK\2016.2\tps\win64\jre\bin\zip.dll
0x00007ffdd0b90000 - 0x00007ffdd20bb000 	C:\Windows\system32\SHELL32.dll
0x00007ffdd2c80000 - 0x00007ffdd2cd4000 	C:\Windows\system32\SHLWAPI.dll
0x00007ffdcebc0000 - 0x00007ffdcec72000 	C:\Windows\SYSTEM32\SHCORE.dll
0x00007ffdd0660000 - 0x00007ffdd0675000 	C:\Windows\SYSTEM32\profapi.dll
0x00007ffdcff40000 - 0x00007ffdcff60000 	C:\Windows\SYSTEM32\CRYPTSP.dll
0x00007ffdcfb00000 - 0x00007ffdcfb36000 	C:\Windows\system32\rsaenh.dll
0x00007ffdd0140000 - 0x00007ffdd0166000 	C:\Windows\SYSTEM32\bcrypt.dll
0x00007ffdcff10000 - 0x00007ffdcff31000 	C:\Windows\SYSTEM32\USERENV.dll
0x00007ffdd04c0000 - 0x00007ffdd0523000 	C:\Windows\system32\bcryptprimitives.dll
0x00007ffdd0530000 - 0x00007ffdd053b000 	C:\Windows\SYSTEM32\CRYPTBASE.dll
0x0000000058f50000 - 0x0000000058f6a000 	C:\Xilinx\SDK\2016.2\tps\win64\jre\bin\net.dll
0x00007ffdcfe90000 - 0x00007ffdcfee9000 	C:\Windows\system32\mswsock.dll
0x00007ffdcc4d0000 - 0x00007ffdcc4fa000 	C:\Windows\SYSTEM32\IPHLPAPI.DLL
0x00007ffdcc4b0000 - 0x00007ffdcc4ba000 	C:\Windows\SYSTEM32\WINNSI.DLL
0x00007ffdcc240000 - 0x00007ffdcc256000 	C:\Windows\SYSTEM32\dhcpcsvc6.DLL
0x00007ffdcc210000 - 0x00007ffdcc22a000 	C:\Windows\SYSTEM32\dhcpcsvc.DLL
0x0000000058f30000 - 0x0000000058f41000 	C:\Xilinx\SDK\2016.2\tps\win64\jre\bin\nio.dll
0x00007ffdd2580000 - 0x00007ffdd2714000 	C:\Windows\system32\ole32.dll
0x00007ffdcf4a0000 - 0x00007ffdcf4ab000 	C:\Windows\SYSTEM32\kernel.appcore.dll
0x00007ffdc1650000 - 0x00007ffdc1665000 	C:\Windows\system32\napinsp.dll
0x00007ffdc1680000 - 0x00007ffdc169a000 	C:\Windows\system32\pnrpnsp.dll
0x00007ffdccec0000 - 0x00007ffdccedb000 	C:\Windows\system32\NLAapi.dll
0x00007ffdcfc40000 - 0x00007ffdcfce4000 	C:\Windows\SYSTEM32\DNSAPI.dll
0x00007ffdc18b0000 - 0x00007ffdc18bd000 	C:\Windows\System32\winrnr.dll
0x00007ffdc16a0000 - 0x00007ffdc16b4000 	C:\Windows\system32\wshbth.dll
0x0000000063560000 - 0x0000000063569000 	C:\Program Files\National Instruments\Shared\mDNS Responder\nimdnsNSP.dll
0x0000000063550000 - 0x000000006355c000 	C:\Windows\SYSTEM32\nimdnsResponder.dll
0x000000005af50000 - 0x000000005aff3000 	C:\Windows\WinSxS\amd64_microsoft.vc90.crt_1fc8b3b9a1e18e3b_9.0.30729.8387_none_08e793bfa83a89b5\MSVCR90.dll
0x00007ffdc2740000 - 0x00007ffdc274a000 	C:\Windows\System32\rasadhlp.dll
0x00007ffdcc260000 - 0x00007ffdcc2cb000 	C:\Windows\System32\fwpuclnt.dll
0x00007ffdd2ce0000 - 0x00007ffdd2d96000 	C:\Windows\SYSTEM32\clbcatq.dll
0x0000000017f90000 - 0x0000000018038000 	C:\Users\Han Beul\.Xilinx\SDK\2016.2\org.eclipse.osgi\312\0\.cp\swt-win32-4527.dll
0x00007ffdd2a00000 - 0x00007ffdd2ac1000 	C:\Windows\system32\OLEAUT32.dll
0x00007ffdd3290000 - 0x00007ffdd3346000 	C:\Windows\system32\comdlg32.dll
0x00007ffdbf6b0000 - 0x00007ffdbf732000 	C:\Windows\SYSTEM32\WINSPOOL.DRV
0x00007ffdcb8a0000 - 0x00007ffdcb8b6000 	C:\Windows\SYSTEM32\USP10.dll
0x00007ffdcac20000 - 0x00007ffdcae89000 	C:\Windows\SYSTEM32\WININET.dll
0x00007ffdd07e0000 - 0x00007ffdd09bf000 	C:\Windows\system32\CRYPT32.dll
0x00007ffdca950000 - 0x00007ffdcac17000 	C:\Windows\SYSTEM32\iertutil.dll
0x00007ffdd0710000 - 0x00007ffdd0721000 	C:\Windows\system32\MSASN1.dll
0x00007ffdce9c0000 - 0x00007ffdce9e1000 	C:\Windows\system32\dwmapi.dll
0x00007ffdcc650000 - 0x00007ffdcc7cf000 	C:\Windows\SYSTEM32\propsys.dll
0x0000000016050000 - 0x000000001606e000 	C:\Users\Han Beul\.Xilinx\SDK\2016.2\org.eclipse.osgi\312\0\.cp\swt-gdip-win32-4527.dll
0x00007ffdbf390000 - 0x00007ffdbf540000 	C:\Windows\WinSxS\amd64_microsoft.windows.gdiplus_6595b64144ccf1df_1.1.9600.17415_none_932b3b5547500489\gdiplus.dll
0x00007ffdce810000 - 0x00007ffdce9be000 	C:\Windows\SYSTEM32\WindowsCodecs.dll
0x0000000180000000 - 0x0000000180012000 	C:\Users\Han Beul\.Xilinx\SDK\2016.2\org.eclipse.osgi\126\0\.cp\os\win32\x86_64\localfile_1_0_0.dll
0x00007ffdcd6b0000 - 0x00007ffdcd71a000 	C:\Windows\SYSTEM32\oleacc.dll
0x00007ffdcb770000 - 0x00007ffdcb777000 	C:\Windows\SYSTEM32\msimg32.dll
0x00007ffdcd850000 - 0x00007ffdcda3c000 	C:\Windows\SYSTEM32\DWrite.dll
0x00007ffdcd730000 - 0x00007ffdcd73a000 	C:\Xilinx\SDK\2016.2\lib\win64.o\librdi_jtag_settings.dll
0x00007ffdcb2e0000 - 0x00007ffdcb309000 	C:\Xilinx\SDK\2016.2\lib\win64.o\librdi_debug_dialog.dll
0x00007ffdca870000 - 0x00007ffdca917000 	C:\Windows\SYSTEM32\MSVCP110.dll
0x00007ffdca790000 - 0x00007ffdca864000 	C:\Windows\SYSTEM32\MSVCR110.dll
0x00007ffdc9120000 - 0x00007ffdc9144000 	C:\Xilinx\SDK\2016.2\lib\win64.o\libboost_filesystem.dll
0x00007ffd8ba60000 - 0x00007ffd8c4a0000 	C:\Xilinx\SDK\2016.2\lib\win64.o\librdi_common.dll
0x00007ffd8b860000 - 0x00007ffd8ba52000 	C:\Xilinx\SDK\2016.2\lib\win64.o\librdi_hsm.dll
0x00007ffdcb6b0000 - 0x00007ffdcb6b9000 	C:\Xilinx\SDK\2016.2\lib\win64.o\libboost_system.dll
0x00007ffd8b4f0000 - 0x00007ffd8b85e000 	C:\Xilinx\SDK\2016.2\lib\win64.o\libCOIN-all.dll
0x00007ffd8b2d0000 - 0x00007ffd8b4ef000 	C:\Xilinx\SDK\2016.2\lib\win64.o\libXil_lmgr11.dll
0x00007ffdcb2d0000 - 0x00007ffdcb2e0000 	C:\Xilinx\SDK\2016.2\lib\win64.o\libboost_date_time.dll
0x00007ffdc18f0000 - 0x00007ffdc1967000 	C:\Xilinx\SDK\2016.2\lib\win64.o\libboost_program_options.dll
0x00007ffdb8780000 - 0x00007ffdb8886000 	C:\Xilinx\SDK\2016.2\lib\win64.o\libboost_regex.dll
0x00007ffdc5990000 - 0x00007ffdc59a3000 	C:\Xilinx\SDK\2016.2\lib\win64.o\libboost_signals.dll
0x00007ffdc5970000 - 0x00007ffdc598d000 	C:\Xilinx\SDK\2016.2\lib\win64.o\libboost_thread.dll
0x00007ffdcb2c0000 - 0x00007ffdcb2cb000 	C:\Xilinx\SDK\2016.2\lib\win64.o\libboost_xilinx.dll
0x00007ffdc0b00000 - 0x00007ffdc0b80000 	C:\Xilinx\SDK\2016.2\lib\win64.o\libhdlpsolve.dll
0x00007ffdb82a0000 - 0x00007ffdb833a000 	C:\Xilinx\SDK\2016.2\lib\win64.o\libhdxml.dll
0x00007ffd8ae60000 - 0x00007ffd8b2c5e00 	C:\Xilinx\SDK\2016.2\lib\win64.o\libisl_iostreams.dll
0x00007ffdc3260000 - 0x00007ffdc328a000 	C:\Xilinx\SDK\2016.2\lib\win64.o\libisl_sysinfo.dll
0x00007ffdc45a0000 - 0x00007ffdc45b5000 	C:\Xilinx\SDK\2016.2\lib\win64.o\pthreadVC2.dll
0x00007ffdc2e00000 - 0x00007ffdc2e54000 	C:\Xilinx\SDK\2016.2\lib\win64.o\librdi_commonxillic.dll
0x00007ffd8ad30000 - 0x00007ffd8ae60000 	C:\Xilinx\SDK\2016.2\lib\win64.o\librdi_curl.dll
0x00007ffdc1b80000 - 0x00007ffdc1b98000 	C:\Xilinx\SDK\2016.2\lib\win64.o\librdiconfig.dll
0x00007ffdc11d0000 - 0x00007ffdc11f3000 	C:\Xilinx\SDK\2016.2\lib\win64.o\librdizlib.dll
0x0000000058fd0000 - 0x00000000590f7000 	C:\Xilinx\SDK\2016.2\lib\win64.o\tcl85t.dll
0x0000000024c60000 - 0x0000000024ec3000 	C:\Xilinx\SDK\2016.2\lib\win64.o\xerces-c_3_1.dll
0x00007ffdc9d40000 - 0x00007ffdc9e09000 	C:\Windows\SYSTEM32\WINHTTP.dll
0x00007ffdca470000 - 0x00007ffdca5f5000 	C:\Windows\SYSTEM32\urlmon.dll
0x00007ffdc9330000 - 0x00007ffdc9353000 	C:\Windows\SYSTEM32\VCOMP110.DLL
0x00007ffdc0ab0000 - 0x00007ffdc0af3000 	C:\Xilinx\SDK\2016.2\lib\win64.o\librdi_hdf.dll
0x00007ffd8aaa0000 - 0x00007ffd8ad21000 	C:\Xilinx\SDK\2016.2\lib\win64.o\librdi_ippcw.dll
0x00007ffdccd10000 - 0x00007ffdccd26000 	C:\Windows\SYSTEM32\NETAPI32.dll
0x00007ffdd0730000 - 0x00007ffdd0781000 	C:\Windows\system32\WINTRUST.dll
0x00007ffdc9c10000 - 0x00007ffdc9c1b000 	C:\Xilinx\SDK\2016.2\lib\win64.o\libboost_chrono.dll
0x00007ffdc0740000 - 0x00007ffdc0756000 	C:\Xilinx\SDK\2016.2\lib\win64.o\libboost_iostreams.dll
0x00007ffdbd0e0000 - 0x00007ffdbd103000 	C:\Xilinx\SDK\2016.2\lib\win64.o\libisl_iosutils.dll
0x00007ffdd00c0000 - 0x00007ffdd00cc000 	C:\Windows\SYSTEM32\netutils.dll
0x00007ffdd02a0000 - 0x00007ffdd02c6000 	C:\Windows\SYSTEM32\srvcli.dll
0x00007ffdccca0000 - 0x00007ffdcccb7000 	C:\Windows\SYSTEM32\wkscli.dll
0x00007ffdc90b0000 - 0x00007ffdc90b8000 	C:\Xilinx\SDK\2016.2\lib\win64.o\librdi_target_manager.dll
0x00007ffdb9340000 - 0x00007ffdb9351000 	C:\Users\Han Beul\.Xilinx\SDK\2016.2\org.eclipse.osgi\129\0\.cp\jWinHttp-1.0.0.dll
0x00007ffdc80b0000 - 0x00007ffdc80bf000 	C:\Xilinx\SDK\2016.2\lib\win64.o\librdi_repo_manager.dll
0x00007ffdc19b0000 - 0x00007ffdc19c6000 	C:\Xilinx\SDK\2016.2\eclipse\win64.o\plugins\org.eclipse.cdt.core.win32.x86_64_5.4.0.201509131935\os\win32\x86_64\spawner.dll
0x00007ffd7f560000 - 0x00007ffd7fd70000 	C:\Xilinx\SDK\2016.2\lib\win64.o\libXil_lmgr11FNP.dll
0x00007ffdc8430000 - 0x00007ffdc843c000 	C:\Windows\SYSTEM32\snmpapi.dll
0x00007ffdd23a0000 - 0x00007ffdd257a000 	C:\Windows\system32\SETUPAPI.dll
0x00007ffdd0490000 - 0x00007ffdd04be000 	C:\Windows\SYSTEM32\SspiCli.dll
0x00007ffdcb8d0000 - 0x00007ffdcb8d3000 	C:\Windows\SYSTEM32\icmp.Dll

VM Arguments:
jvm_args: -Dcom.xilinx.sdk.args.hwspec=C:/lab2_pwm/hw1_zybo.sdk/design_1_wrapper.hdf -Xms64m -Xmx512m & 
java_command: <unknown>
java_class_path (initial): C:\Xilinx\SDK\2016.2\eclipse\win64.o\\plugins/org.eclipse.equinox.launcher_1.3.100.v20150511-1540.jar
Launcher Type: generic

Environment Variables:
PATH=C:/Xilinx/SDK/2016.2/tps/win64/jre/bin/server;C:/Xilinx/SDK/2016.2/tps/win64/jre/bin;C:/Xilinx/SDK/2016.2/tps/win64/jre/lib/amd64;C:\Xilinx\SDK\2016.2\gnuwin\bin;C:\Xilinx\SDK\2016.2\gnu\microblaze\nt\bin;C:\Xilinx\SDK\2016.2\gnu\microblaze\linux_toolchain\nt64_le\bin;C:\Xilinx\SDK\2016.2\gnu\microblaze\linux_toolchain\nt64_be\bin;C:\Xilinx\SDK\2016.2\gnu\arm\nt\bin;C:\Xilinx\SDK\2016.2\gnu\aarch64\nt\aarch64-none\bin;C:\Xilinx\SDK\2016.2\gnu\aarch64\nt\aarch64-linux\bin;C:\Xilinx\SDK\2016.2\gnu\armr5\nt\gcc-arm-none-eabi\bin;C:\Xilinx\SDK\2016.2\gnu\aarch32\nt\gcc-arm-none-eabi\bin;C:\Xilinx\SDK\2016.2\gnu\aarch32\nt\gcc-arm-linux-gnueabi\bin;C:\Xilinx\SDK\2016.2\tps\win64\cmake-3.3.2\bin;;C:\Xilinx\SDK\2016.2\bin;C:\Xilinx\SDK\2016.2\lib\win64.o;C:\Xilinx\SDK\2016.2\tps\win64\jre\bin\server;C:\Xilinx\SDK\2016.2\tps\win64\jre\bin;C:\Xilinx\Vivado\2016.2\ids_lite\ISE\bin\nt64;C:\Xilinx\Vivado\2016.2\ids_lite\ISE\lib\nt64;C:\Xilinx\Vivado\2016.2\bin;C:\Xilinx\Vivado\2016.2\lib\win64.o;C:\Xilinx\Vivado\2016.2\tps\win64\jre\bin\server;C:\Xilinx\Vivado\2016.2\tps\win64\jre\bin;C:\Xilinx\Vivado_HLS\2016.2\bin;C:\ProgramData\Oracle\Java\javapath;C:\Windows\system32;C:\Windows;C:\Windows\System32\Wbem;C:\Windows\System32\WindowsPowerShell\v1.0\;C:\Program Files\MATLAB\R2016b\bin;C:\Modeltech_pe_edu_10.4a\win32pe_edu;c:\MinGW\bin;c:\MinGW\msys\1.0\;c:\MinGW\msys\1.0\bin;c:\lab2_pwm;
USERNAME=Han Beul
OS=Windows_NT
PROCESSOR_IDENTIFIER=Intel64 Family 6 Model 70 Stepping 1, GenuineIntel



---------------  S Y S T E M  ---------------

OS: Windows 8.1 , 64 bit Build 9600 (6.3.9600.17415)

CPU:total 4 (4 cores per cpu, 1 threads per core) family 6 model 70 stepping 1, cmov, cx8, fxsr, mmx, sse, sse2, sse3, ssse3, sse4.1, sse4.2, popcnt, avx, avx2, aes, clmul, erms, lzcnt, tsc, tscinvbit, bmi1, bmi2

Memory: 4k page, physical 4193780k(932828k free), swap 5331148k(1458720k free)

vm_info: Java HotSpot(TM) 64-Bit Server VM (25.66-b18) for windows-amd64 JRE (1.8.0_66-b18), built on Nov  9 2015 10:51:13 by "java_re" with MS VC++ 10.0 (VS2010)

time: Mon Dec 05 23:24:20 2016
elapsed time: 223 seconds (0d 0h 3m 43s)

