#
# A fatal error has been detected by the Java Runtime Environment:
#
#  Internal Error (0xc000000d), pid=664, tid=4884
#
# JRE version: Java(TM) SE Runtime Environment (8.0_66-b18) (build 1.8.0_66-b18)
# Java VM: Java HotSpot(TM) 64-Bit Server VM (25.66-b18 mixed mode windows-amd64 compressed oops)
# Problematic frame:
# C  [ntdll.dll+0x1021c0]
#
# Failed to write core dump. Minidumps are not enabled by default on client versions of Windows
#
# If you would like to submit a bug report, please visit:
#   http://bugreport.java.com/bugreport/crash.jsp
#

---------------  T H R E A D  ---------------

Current thread (0x0000000013617000):  VMThread [stack: 0x00000000146a0000,0x00000000147a0000] [id=4884]

siginfo: ExceptionCode=0xc000000d

Registers:
RAX=0x000000001479ec60, RBX=0xfffffffffffffffe, RCX=0x000000001479ec60, RDX=0x000000001479ec60
RSP=0x000000001479f1b0, RBP=0x00007ffdca797408, RSI=0x0000000000000000, RDI=0x0000000000000d50
R8 =0x0000000000000000, R9 =0x0000000000000000, R10=0x000000001479f2e8, R11=0x0000000000000000
R12=0x00000000002e20e0, R13=0x000000000039a0f0, R14=0x00000000002e21e8, R15=0x000000001479f328
RIP=0x00007ffdd36121c0, EFLAGS=0x0000000000000206

Top of Stack: (sp=0x000000001479f1b0)
0x000000001479f1b0:   0000000000000000 fffffffffffffffe
0x000000001479f1c0:   0000000000000000 0000000000000d50
0x000000001479f1d0:   00000000c000000d 0000000000000000
0x000000001479f1e0:   00007ffdd36121c0 0000000000000000
0x000000001479f1f0:   0000000000000000 0000000000000000
0x000000001479f200:   0000000000000000 0000000000000000
0x000000001479f210:   0000000000000000 0000000000000000
0x000000001479f220:   0000000000000000 0000000000000000
0x000000001479f230:   0000000000000000 0000000000000000
0x000000001479f240:   0000000000000000 0000000000000000
0x000000001479f250:   0000000000000000 0000000000000000
0x000000001479f260:   0000000000000000 0000000000000013
0x000000001479f270:   0000996164b8218f 0000000000000000
0x000000001479f280:   0000000000000120 00007ffdd35b47f9
0x000000001479f290:   00000000001f0000 0000000000000000
0x000000001479f2a0:   0000000000000120 0000000000000000 

Instructions: (pc=0x00007ffdd36121c0)
0x00007ffdd36121a0:   2f f9 ff c7 44 24 20 0d 00 00 c0 b9 57 00 00 00
0x00007ffdd36121b0:   e8 2b f0 f4 ff 90 48 8d 4c 24 20 e8 70 17 f5 ff
0x00007ffdd36121c0:   eb 00 48 8b 8c 24 c0 00 00 00 48 33 cc e8 ce 03
0x00007ffdd36121d0:   f8 ff 48 81 c4 d8 00 00 00 c3 40 55 48 83 ec 20 


Register to memory mapping:

RAX=0x000000001479ec60 is an unknown value
RBX=0xfffffffffffffffe is an unknown value
RCX=0x000000001479ec60 is an unknown value
RDX=0x000000001479ec60 is an unknown value
RSP=0x000000001479f1b0 is an unknown value
RBP=0x00007ffdca797408 is an unknown value
RSI=0x0000000000000000 is an unknown value
RDI=0x0000000000000d50 is an unknown value
R8 =0x0000000000000000 is an unknown value
R9 =0x0000000000000000 is an unknown value
R10=0x000000001479f2e8 is an unknown value
R11=0x0000000000000000 is an unknown value
R12=0x00000000002e20e0 is an unknown value
R13=0x000000000039a0f0 is an unknown value
R14=0x00000000002e21e8 is an unknown value
R15=0x000000001479f328 is an unknown value


Stack: [0x00000000146a0000,0x00000000147a0000],  sp=0x000000001479f1b0,  free space=1020k
Native frames: (J=compiled Java code, j=interpreted, Vv=VM code, C=native code)
C  [ntdll.dll+0x1021c0]
C  [ntdll.dll+0xa47f9]
C  [KERNEL32.DLL+0x399a]
C  [MSVCR110.dll+0x752d]
C  [MSVCR110.dll+0x73c6]
C  [MSVCR110.dll+0x14cca]
C  [MSVCR110.dll+0x13edc]
C  [MSVCR110.dll+0x239e]
C  [MSVCR110.dll+0xaf9e]
C  [MSVCP110.dll+0x397b9]
C  [librdi_common.dll+0x182316]
C  [librdi_common.dll+0x180fab]
C  [librdi_target_manager.dll+0x2400]
C  [librdi_target_manager.dll+0x2682]
C  [ntdll.dll+0x1c334]
C  [ntdll.dll+0x1b742]
C  [ntdll.dll+0x18448]
C  [KERNEL32.DLL+0x516a]
C  [MSVCR100.dll+0x20ccd]
V  [jvm.dll+0x210cc5]
V  [jvm.dll+0x249897]
V  [jvm.dll+0x248b36]
V  [jvm.dll+0x248fd1]
V  [jvm.dll+0x2491ee]
V  [jvm.dll+0x29a0fa]
C  [MSVCR100.dll+0x21d9f]
C  [MSVCR100.dll+0x21e3b]
C  [KERNEL32.DLL+0x13d2]
C  [ntdll.dll+0x15454]

VM_Operation (0x000000000013f4c0): Exit, mode: safepoint, requested by thread 0x000000000212e000


---------------  P R O C E S S  ---------------

Java Threads: ( => current thread )
  0x0000000018a87000 JavaThread "pool-1-thread-2" [_thread_blocked, id=4408, stack(0x000000001fdc0000,0x000000001fec0000)]
  0x0000000018a8a000 JavaThread "Set STDIO Tab defaults" [_thread_blocked, id=4416, stack(0x0000000028c00000,0x0000000028d00000)]
  0x0000000018a85800 JavaThread "pool-1-thread-1" [_thread_blocked, id=3228, stack(0x0000000028800000,0x0000000028900000)]
  0x0000000018a89800 JavaThread "Set STDIO Tab defaults" [_thread_blocked, id=2448, stack(0x00000000293d0000,0x00000000294d0000)]
  0x0000000018a85000 JavaThread "TCF Channel Transmitter" daemon [_thread_blocked, id=1592, stack(0x0000000028430000,0x0000000028530000)]
  0x0000000018a84000 JavaThread "TCF Channel Receiver" daemon [_thread_in_native, id=2972, stack(0x0000000027290000,0x0000000027390000)]
  0x0000000018a82000 JavaThread "Process monitor" daemon [_thread_in_native, id=2324, stack(0x0000000026a90000,0x0000000026b90000)]
  0x0000000018a82800 JavaThread "Input Stream Monitor" daemon [_thread_blocked, id=3760, stack(0x0000000026990000,0x0000000026a90000)]
  0x0000000018a81000 JavaThread "Output Stream Monitor" daemon [_thread_in_native, id=592, stack(0x0000000026890000,0x0000000026990000)]
  0x0000000018a80800 JavaThread "Output Stream Monitor" daemon [_thread_in_native, id=2988, stack(0x0000000026790000,0x0000000026890000)]
  0x000000001ecbd000 JavaThread "Thread-12" daemon [_thread_blocked, id=3156, stack(0x0000000024520000,0x0000000024620000)]
  0x000000001ecba800 JavaThread "TCF Locator DNS Lookup" daemon [_thread_blocked, id=3312, stack(0x0000000020970000,0x0000000020a70000)]
  0x000000001ecba000 JavaThread "TCF Locator Timer" daemon [_thread_blocked, id=3524, stack(0x0000000020870000,0x0000000020970000)]
  0x0000000016b84800 JavaThread "TCF Locator Receiver" daemon [_thread_in_native, id=1116, stack(0x0000000020760000,0x0000000020860000)]
  0x0000000016b83800 JavaThread "TCF Timer Dispatcher" daemon [_thread_blocked, id=4912, stack(0x0000000020530000,0x0000000020630000)]
  0x0000000016b81800 JavaThread "EMF Reference Cleaner" daemon [_thread_blocked, id=1384, stack(0x0000000018d00000,0x0000000018e00000)]
  0x00000000136ad800 JavaThread "Service Thread" daemon [_thread_blocked, id=4984, stack(0x0000000015380000,0x0000000015480000)]
  0x0000000013659000 JavaThread "C1 CompilerThread2" daemon [_thread_blocked, id=1352, stack(0x0000000014e80000,0x0000000014f80000)]
  0x0000000013656800 JavaThread "C2 CompilerThread1" daemon [_thread_blocked, id=4140, stack(0x0000000014d80000,0x0000000014e80000)]
  0x000000001364f800 JavaThread "C2 CompilerThread0" daemon [_thread_blocked, id=3656, stack(0x0000000014c80000,0x0000000014d80000)]
  0x000000001364d800 JavaThread "Attach Listener" daemon [_thread_blocked, id=5044, stack(0x0000000014b80000,0x0000000014c80000)]
  0x0000000013619000 JavaThread "Finalizer" daemon [_thread_blocked, id=960, stack(0x00000000148a0000,0x00000000149a0000)]
  0x0000000002220800 JavaThread "Reference Handler" daemon [_thread_blocked, id=4644, stack(0x00000000147a0000,0x00000000148a0000)]
  0x000000000212e000 JavaThread "main" [_thread_blocked, id=5112, stack(0x0000000000040000,0x0000000000140000)]

Other Threads:
=>0x0000000013617000 VMThread [stack: 0x00000000146a0000,0x00000000147a0000] [id=4884]

VM state:at safepoint (shutting down)

VM Mutex/Monitor currently owned by a thread:  ([mutex/lock_event])
[0x000000000212cea0] Threads_lock - owner thread: 0x0000000013617000

Heap:
 PSYoungGen      total 143360K, used 38940K [0x00000000f5580000, 0x0000000100000000, 0x0000000100000000)
  eden space 112128K, 34% used [0x00000000f5580000,0x00000000f7b87120,0x00000000fc300000)
  from space 31232K, 0% used [0x00000000fc300000,0x00000000fc300000,0x00000000fe180000)
  to   space 30720K, 0% used [0x00000000fe200000,0x00000000fe200000,0x0000000100000000)
 ParOldGen       total 118272K, used 59151K [0x00000000e0000000, 0x00000000e7380000, 0x00000000f5580000)
  object space 118272K, 50% used [0x00000000e0000000,0x00000000e39c3f90,0x00000000e7380000)
 Metaspace       used 81710K, capacity 88568K, committed 88832K, reserved 1126400K
  class space    used 9852K, capacity 12170K, committed 12288K, reserved 1048576K

Card table byte_map: [0x00000000115f0000,0x0000000011700000] byte_map_base: 0x0000000010ef0000

Marking Bits: (ParMarkBitMap*) 0x000000005990a5b0
 Begin Bits: [0x0000000011bb0000, 0x00000000123b0000)
 End Bits:   [0x00000000123b0000, 0x0000000012bb0000)

Polling page: 0x00000000002b0000

CodeCache: size=245760Kb used=28976Kb max_used=28987Kb free=216783Kb
 bounds [0x0000000002230000, 0x0000000003eb0000, 0x0000000011230000]
 total_blobs=8865 nmethods=7969 adapters=802
 compilation: enabled

Compilation events (10 events):
Event: 156.744 Thread 0x0000000013659000 nmethod 9616 0x000000000308b190 code [0x000000000308b340, 0x000000000308bce8]
Event: 156.744 Thread 0x0000000013659000 9617       3       org.eclipse.osgi.internal.container.AtomicLazyInitializer::getAndClear (9 bytes)
Event: 156.744 Thread 0x0000000013659000 nmethod 9617 0x0000000002efb6d0 code [0x0000000002efb840, 0x0000000002efba90]
Event: 156.744 Thread 0x0000000013659000 9618       3       java.util.concurrent.atomic.AtomicReference::getAndSet (12 bytes)
Event: 156.744 Thread 0x0000000013659000 nmethod 9618 0x000000000317e210 code [0x000000000317e360, 0x000000000317e4d0]
Event: 156.744 Thread 0x0000000013659000 9620       3       org.eclipse.osgi.internal.framework.EquinoxContainerAdaptor::invalidateWiring (186 bytes)
Event: 156.746 Thread 0x0000000013659000 nmethod 9620 0x0000000003b13350 code [0x0000000003b13720, 0x0000000003b16098]
Event: 156.746 Thread 0x0000000013659000 9621   !   3       org.eclipse.osgi.container.ModuleDatabase::getRevisionsTimestamp (25 bytes)
Event: 156.746 Thread 0x0000000013659000 nmethod 9621 0x0000000003089b90 code [0x0000000003089da0, 0x000000000308aad8]
Event: 156.746 Thread 0x0000000013659000 9622       3       org.eclipse.osgi.internal.framework.EquinoxContainerAdaptor::clearManifestCache (84 bytes)

GC Heap History (10 events):
Event: 8.690 GC heap before
{Heap before GC invocations=12 (full 3):
 PSYoungGen      total 146944K, used 120320K [0x00000000f5580000, 0x0000000100000000, 0x0000000100000000)
  eden space 120320K, 100% used [0x00000000f5580000,0x00000000fcb00000,0x00000000fcb00000)
  from space 26624K, 0% used [0x00000000fe600000,0x00000000fe600000,0x0000000100000000)
  to   space 27136K, 0% used [0x00000000fcb00000,0x00000000fcb00000,0x00000000fe580000)
 ParOldGen       total 118272K, used 42133K [0x00000000e0000000, 0x00000000e7380000, 0x00000000f5580000)
  object space 118272K, 35% used [0x00000000e0000000,0x00000000e29254e0,0x00000000e7380000)
 Metaspace       used 68788K, capacity 74242K, committed 74368K, reserved 1114112K
  class space    used 8323K, capacity 10110K, committed 10112K, reserved 1048576K
Event: 8.713 GC heap after
Heap after GC invocations=12 (full 3):
 PSYoungGen      total 143360K, used 22611K [0x00000000f5580000, 0x0000000100000000, 0x0000000100000000)
  eden space 120320K, 0% used [0x00000000f5580000,0x00000000f5580000,0x00000000fcb00000)
  from space 23040K, 98% used [0x00000000fcb00000,0x00000000fe114d58,0x00000000fe180000)
  to   space 29696K, 0% used [0x00000000fe300000,0x00000000fe300000,0x0000000100000000)
 ParOldGen       total 118272K, used 42141K [0x00000000e0000000, 0x00000000e7380000, 0x00000000f5580000)
  object space 118272K, 35% used [0x00000000e0000000,0x00000000e29274e0,0x00000000e7380000)
 Metaspace       used 68788K, capacity 74242K, committed 74368K, reserved 1114112K
  class space    used 8323K, capacity 10110K, committed 10112K, reserved 1048576K
}
Event: 62.632 GC heap before
{Heap before GC invocations=13 (full 3):
 PSYoungGen      total 143360K, used 88648K [0x00000000f5580000, 0x0000000100000000, 0x0000000100000000)
  eden space 120320K, 54% used [0x00000000f5580000,0x00000000f95fd318,0x00000000fcb00000)
  from space 23040K, 98% used [0x00000000fcb00000,0x00000000fe114d58,0x00000000fe180000)
  to   space 29696K, 0% used [0x00000000fe300000,0x00000000fe300000,0x0000000100000000)
 ParOldGen       total 118272K, used 42141K [0x00000000e0000000, 0x00000000e7380000, 0x00000000f5580000)
  object space 118272K, 35% used [0x00000000e0000000,0x00000000e29274e0,0x00000000e7380000)
 Metaspace       used 75665K, capacity 82052K, committed 82304K, reserved 1120256K
  class space    used 9180K, capacity 11304K, committed 11392K, reserved 1048576K
Event: 62.651 GC heap after
Heap after GC invocations=13 (full 3):
 PSYoungGen      total 141824K, used 20894K [0x00000000f5580000, 0x0000000100000000, 0x0000000100000000)
  eden space 112128K, 0% used [0x00000000f5580000,0x00000000f5580000,0x00000000fc300000)
  from space 29696K, 70% used [0x00000000fe300000,0x00000000ff767908,0x0000000100000000)
  to   space 31232K, 0% used [0x00000000fc300000,0x00000000fc300000,0x00000000fe180000)
 ParOldGen       total 118272K, used 42149K [0x00000000e0000000, 0x00000000e7380000, 0x00000000f5580000)
  object space 118272K, 35% used [0x00000000e0000000,0x00000000e29294e0,0x00000000e7380000)
 Metaspace       used 75665K, capacity 82052K, committed 82304K, reserved 1120256K
  class space    used 9180K, capacity 11304K, committed 11392K, reserved 1048576K
}
Event: 62.651 GC heap before
{Heap before GC invocations=14 (full 4):
 PSYoungGen      total 141824K, used 20894K [0x00000000f5580000, 0x0000000100000000, 0x0000000100000000)
  eden space 112128K, 0% used [0x00000000f5580000,0x00000000f5580000,0x00000000fc300000)
  from space 29696K, 70% used [0x00000000fe300000,0x00000000ff767908,0x0000000100000000)
  to   space 31232K, 0% used [0x00000000fc300000,0x00000000fc300000,0x00000000fe180000)
 ParOldGen       total 118272K, used 42149K [0x00000000e0000000, 0x00000000e7380000, 0x00000000f5580000)
  object space 118272K, 35% used [0x00000000e0000000,0x00000000e29294e0,0x00000000e7380000)
 Metaspace       used 75665K, capacity 82052K, committed 82304K, reserved 1120256K
  class space    used 9180K, capacity 11304K, committed 11392K, reserved 1048576K
Event: 63.002 GC heap after
Heap after GC invocations=14 (full 4):
 PSYoungGen      total 141824K, used 0K [0x00000000f5580000, 0x0000000100000000, 0x0000000100000000)
  eden space 112128K, 0% used [0x00000000f5580000,0x00000000f5580000,0x00000000fc300000)
  from space 29696K, 0% used [0x00000000fe300000,0x00000000fe300000,0x0000000100000000)
  to   space 31232K, 0% used [0x00000000fc300000,0x00000000fc300000,0x00000000fe180000)
 ParOldGen       total 118272K, used 58584K [0x00000000e0000000, 0x00000000e7380000, 0x00000000f5580000)
  object space 118272K, 49% used [0x00000000e0000000,0x00000000e39363a0,0x00000000e7380000)
 Metaspace       used 75665K, capacity 82052K, committed 82304K, reserved 1120256K
  class space    used 9180K, capacity 11304K, committed 11392K, reserved 1048576K
}
Event: 137.009 GC heap before
{Heap before GC invocations=15 (full 4):
 PSYoungGen      total 141824K, used 97724K [0x00000000f5580000, 0x0000000100000000, 0x0000000100000000)
  eden space 112128K, 87% used [0x00000000f5580000,0x00000000fb4ef2f0,0x00000000fc300000)
  from space 29696K, 0% used [0x00000000fe300000,0x00000000fe300000,0x0000000100000000)
  to   space 31232K, 0% used [0x00000000fc300000,0x00000000fc300000,0x00000000fe180000)
 ParOldGen       total 118272K, used 58584K [0x00000000e0000000, 0x00000000e7380000, 0x00000000f5580000)
  object space 118272K, 49% used [0x00000000e0000000,0x00000000e39363a0,0x00000000e7380000)
 Metaspace       used 80235K, capacity 86996K, committed 87040K, reserved 1124352K
  class space    used 9693K, capacity 12010K, committed 12032K, reserved 1048576K
Event: 137.018 GC heap after
Heap after GC invocations=15 (full 4):
 PSYoungGen      total 143360K, used 6131K [0x00000000f5580000, 0x0000000100000000, 0x0000000100000000)
  eden space 112128K, 0% used [0x00000000f5580000,0x00000000f5580000,0x00000000fc300000)
  from space 31232K, 19% used [0x00000000fc300000,0x00000000fc8fcee8,0x00000000fe180000)
  to   space 30720K, 0% used [0x00000000fe200000,0x00000000fe200000,0x0000000100000000)
 ParOldGen       total 118272K, used 58592K [0x00000000e0000000, 0x00000000e7380000, 0x00000000f5580000)
  object space 118272K, 49% used [0x00000000e0000000,0x00000000e39383a0,0x00000000e7380000)
 Metaspace       used 80235K, capacity 86996K, committed 87040K, reserved 1124352K
  class space    used 9693K, capacity 12010K, committed 12032K, reserved 1048576K
}
Event: 137.018 GC heap before
{Heap before GC invocations=16 (full 5):
 PSYoungGen      total 143360K, used 6131K [0x00000000f5580000, 0x0000000100000000, 0x0000000100000000)
  eden space 112128K, 0% used [0x00000000f5580000,0x00000000f5580000,0x00000000fc300000)
  from space 31232K, 19% used [0x00000000fc300000,0x00000000fc8fcee8,0x00000000fe180000)
  to   space 30720K, 0% used [0x00000000fe200000,0x00000000fe200000,0x0000000100000000)
 ParOldGen       total 118272K, used 58592K [0x00000000e0000000, 0x00000000e7380000, 0x00000000f5580000)
  object space 118272K, 49% used [0x00000000e0000000,0x00000000e39383a0,0x00000000e7380000)
 Metaspace       used 80235K, capacity 86996K, committed 87040K, reserved 1124352K
  class space    used 9693K, capacity 12010K, committed 12032K, reserved 1048576K
Event: 137.392 GC heap after
Heap after GC invocations=16 (full 5):
 PSYoungGen      total 143360K, used 0K [0x00000000f5580000, 0x0000000100000000, 0x0000000100000000)
  eden space 112128K, 0% used [0x00000000f5580000,0x00000000f5580000,0x00000000fc300000)
  from space 31232K, 0% used [0x00000000fc300000,0x00000000fc300000,0x00000000fe180000)
  to   space 30720K, 0% used [0x00000000fe200000,0x00000000fe200000,0x0000000100000000)
 ParOldGen       total 118272K, used 59151K [0x00000000e0000000, 0x00000000e7380000, 0x00000000f5580000)
  object space 118272K, 50% used [0x00000000e0000000,0x00000000e39c3f90,0x00000000e7380000)
 Metaspace       used 80235K, capacity 86996K, committed 87040K, reserved 1124352K
  class space    used 9693K, capacity 12010K, committed 12032K, reserved 1048576K
}

Deoptimization events (10 events):
Event: 156.027 Thread 0x000000000212e000 Uncommon trap: reason=bimorphic action=maybe_recompile pc=0x0000000003e03f90 method=org.eclipse.emf.ecore.impl.ETypedElementImpl.getEType()Lorg/eclipse/emf/ecore/EClassifier; @ 18
Event: 156.063 Thread 0x0000000016b82000 Uncommon trap: reason=unstable_if action=reinterpret pc=0x0000000003c032e8 method=org.eclipse.e4.ui.internal.workbench.swt.E4Application$1.syncExec(Ljava/lang/Runnable;)V @ 14
Event: 156.117 Thread 0x000000001ecbe800 Uncommon trap: reason=unstable_if action=reinterpret pc=0x00000000023ab264 method=sun.nio.cs.SingleByte$Encoder.encode(C)I @ 13
Event: 156.122 Thread 0x0000000015c85000 Uncommon trap: reason=predicate action=maybe_recompile pc=0x0000000003e752bc method=java.util.Arrays.fill([Ljava/lang/Object;Ljava/lang/Object;)V @ 10
Event: 156.129 Thread 0x0000000018a8b000 Uncommon trap: reason=predicate action=maybe_recompile pc=0x00000000035d46d0 method=java.util.concurrent.CopyOnWriteArrayList.indexOf(Ljava/lang/Object;[Ljava/lang/Object;II)I @ 41
Event: 156.131 Thread 0x0000000015c85000 Uncommon trap: reason=array_check action=maybe_recompile pc=0x0000000003e987d8 method=java.util.Arrays.fill([Ljava/lang/Object;Ljava/lang/Object;)V @ 13
Event: 156.131 Thread 0x0000000015c85000 Uncommon trap: reason=array_check action=maybe_recompile pc=0x0000000003e987d8 method=java.util.Arrays.fill([Ljava/lang/Object;Ljava/lang/Object;)V @ 13
Event: 156.131 Thread 0x0000000015c85000 Uncommon trap: reason=array_check action=maybe_recompile pc=0x0000000003e987d8 method=java.util.Arrays.fill([Ljava/lang/Object;Ljava/lang/Object;)V @ 13
Event: 156.131 Thread 0x0000000015c85000 Uncommon trap: reason=array_check action=maybe_recompile pc=0x0000000003e987d8 method=java.util.Arrays.fill([Ljava/lang/Object;Ljava/lang/Object;)V @ 13
Event: 156.672 Thread 0x0000000018a8b000 Uncommon trap: reason=unstable_if action=reinterpret pc=0x0000000002ab2078 method=org.eclipse.osgi.internal.hooks.EclipseLazyStarter.shouldActivateFor(Ljava/lang/String;Lorg/eclipse/osgi/container/Module;Lorg/eclipse/osgi/container/ModuleRevision;Lorg/ecliº²ËÚ€c@

Internal exceptions (10 events):
Event: 98.104 Thread 0x0000000018a87000 Exception <a 'java/io/FileNotFoundException'> (0x00000000f8f184f8) thrown at [C:\re\workspace\8-2-build-windows-amd64-cygwin\jdk8u66\5298\hotspot\src\share\vm\prims\jni.cpp, line 709]
Event: 103.364 Thread 0x0000000018a87000 Exception <a 'java/io/FileNotFoundException'> (0x00000000f8f31778) thrown at [C:\re\workspace\8-2-build-windows-amd64-cygwin\jdk8u66\5298\hotspot\src\share\vm\prims\jni.cpp, line 709]
Event: 123.960 Thread 0x000000001ecc0800 Exception <a 'java/io/FileNotFoundException'> (0x00000000fad497b8) thrown at [C:\re\workspace\8-2-build-windows-amd64-cygwin\jdk8u66\5298\hotspot\src\share\vm\prims\jni.cpp, line 709]
Event: 129.230 Thread 0x000000001ecc0800 Exception <a 'java/io/FileNotFoundException'> (0x00000000faec4ed0) thrown at [C:\re\workspace\8-2-build-windows-amd64-cygwin\jdk8u66\5298\hotspot\src\share\vm\prims\jni.cpp, line 709]
Event: 129.239 Thread 0x000000001ecc0800 Exception <a 'gnu/io/PortInUseException': Bad file descriptor in open> (0x00000000faed5ab8) thrown at [C:\re\workspace\8-2-build-windows-amd64-cygwin\jdk8u66\5298\hotspot\src\share\vm\prims\jni.cpp, line 735]
Event: 156.117 Thread 0x000000001ecbc000 Exception <a 'java/lang/InterruptedException'> (0x00000000f7479880) thrown at [C:\re\workspace\8-2-build-windows-amd64-cygwin\jdk8u66\5298\hotspot\src\share\vm\runtime\objectMonitor.cpp, line 1683]
Event: 156.713 Thread 0x0000000016b82000 Exception <a 'java/lang/InterruptedException'> (0x00000000f5a1f8f8) thrown at [C:\re\workspace\8-2-build-windows-amd64-cygwin\jdk8u66\5298\hotspot\src\share\vm\runtime\objectMonitor.cpp, line 1683]
Event: 156.733 Thread 0x0000000015c85000 Exception <a 'java/lang/InterruptedException'> (0x00000000f78454c0) thrown at [C:\re\workspace\8-2-build-windows-amd64-cygwin\jdk8u66\5298\hotspot\src\share\vm\runtime\objectMonitor.cpp, line 1683]
Event: 156.740 Thread 0x0000000016b83000 Exception <a 'java/lang/InterruptedException'> (0x00000000f57df1f8) thrown at [C:\re\workspace\8-2-build-windows-amd64-cygwin\jdk8u66\5298\hotspot\src\share\vm\runtime\objectMonitor.cpp, line 1683]
Event: 156.740 Thread 0x0000000016877800 Exception <a 'java/lang/InterruptedException'> (0x00000000f7ad18f8) thrown at [C:\re\workspace\8-2-build-windows-amd64-cygwin\jdk8u66\5298\hotspot\src\share\vm\runtime\objectMonitor.cpp, line 1683]

Events (10 events):
Event: 156.744 Executing VM operation: RevokeBias done
Event: 156.745 Thread 0x0000000018a8b000 Thread exited: 0x0000000018a8b000
Event: 156.745 loading class java/util/IdentityHashMap$KeyIterator
Event: 156.745 loading class java/util/IdentityHashMap$IdentityHashMapIterator
Event: 156.745 loading class java/util/IdentityHashMap$IdentityHashMapIterator done
Event: 156.745 loading class java/util/IdentityHashMap$KeyIterator done
Event: 156.745 Thread 0x0000000018a83800 Thread added: 0x0000000018a83800
Event: 156.746 Thread 0x0000000018a83800 Thread exited: 0x0000000018a83800
Event: 156.747 Thread 0x000000001364c000 Thread exited: 0x000000001364c000
Event: 156.747 Executing VM operation: Exit


Dynamic libraries:
0x0000000000400000 - 0x000000000044f000 	C:\Xilinx\SDK\2016.2\eclipse\win64.o\eclipse.exe
0x00007ffdd3510000 - 0x00007ffdd36bc000 	C:\Windows\SYSTEM32\ntdll.dll
0x00007ffdd33d0000 - 0x00007ffdd350e000 	C:\Windows\system32\KERNEL32.DLL
0x00007ffdd0a70000 - 0x00007ffdd0b85000 	C:\Windows\system32\KERNELBASE.dll
0x00007ffdd2720000 - 0x00007ffdd2897000 	C:\Windows\system32\USER32.dll
0x00007ffdce2b0000 - 0x00007ffdce52b000 	C:\Windows\WinSxS\amd64_microsoft.windows.common-controls_6595b64144ccf1df_6.0.9600.18006_none_623f33d3ecbe86e8\COMCTL32.dll
0x00007ffdd2e60000 - 0x00007ffdd2f0a000 	C:\Windows\system32\msvcrt.dll
0x00007ffdd30d0000 - 0x00007ffdd321f000 	C:\Windows\system32\GDI32.dll
0x00007ffdd2130000 - 0x00007ffdd2166000 	C:\Windows\system32\IMM32.DLL
0x00007ffdd2f10000 - 0x00007ffdd3062000 	C:\Windows\system32\MSCTF.dll
0x0000000072000000 - 0x0000000072012000 	C:\Xilinx\SDK\2016.2\eclipse\win64.o\plugins\org.eclipse.equinox.launcher.win32.win32.x86_64_1.1.300.v20150602-1417\eclipse_1611.dll
0x00007ffdd2da0000 - 0x00007ffdd2e4a000 	C:\Windows\system32\ADVAPI32.dll
0x00007ffdca720000 - 0x00007ffdca72a000 	C:\Windows\SYSTEM32\VERSION.dll
0x00007ffdd3220000 - 0x00007ffdd3279000 	C:\Windows\SYSTEM32\sechost.dll
0x00007ffdd28b0000 - 0x00007ffdd29f1000 	C:\Windows\system32\RPCRT4.dll
0x00007ffdcf2c0000 - 0x00007ffdcf3e9000 	C:\Windows\system32\uxtheme.dll
0x00007ffdd2170000 - 0x00007ffdd2381000 	C:\Windows\SYSTEM32\combase.dll
0x0000000059100000 - 0x0000000059989000 	C:\Xilinx\SDK\2016.2\tps\win64\jre\bin\server\jvm.dll
0x00007ffdcd720000 - 0x00007ffdcd729000 	C:\Windows\SYSTEM32\WSOCK32.dll
0x00007ffdce240000 - 0x00007ffdce262000 	C:\Windows\SYSTEM32\WINMM.dll
0x00007ffdd28a0000 - 0x00007ffdd28a7000 	C:\Windows\system32\PSAPI.DLL
0x000000005ac10000 - 0x000000005ace2000 	C:\Windows\SYSTEM32\MSVCR100.dll
0x00007ffdd3350000 - 0x00007ffdd33aa000 	C:\Windows\system32\WS2_32.dll
0x00007ffdce080000 - 0x00007ffdce0aa000 	C:\Windows\SYSTEM32\WINMMBASE.dll
0x00007ffdd2390000 - 0x00007ffdd2399000 	C:\Windows\system32\NSI.dll
0x00007ffdd0790000 - 0x00007ffdd07df000 	C:\Windows\SYSTEM32\cfgmgr32.dll
0x00007ffdcf470000 - 0x00007ffdcf498000 	C:\Windows\SYSTEM32\DEVOBJ.dll
0x0000000058fc0000 - 0x0000000058fcf000 	C:\Xilinx\SDK\2016.2\tps\win64\jre\bin\verify.dll
0x0000000058f90000 - 0x0000000058fb9000 	C:\Xilinx\SDK\2016.2\tps\win64\jre\bin\java.dll
0x0000000058f70000 - 0x0000000058f86000 	C:\Xilinx\SDK\2016.2\tps\win64\jre\bin\zip.dll
0x00007ffdd0b90000 - 0x00007ffdd20bb000 	C:\Windows\system32\SHELL32.dll
0x00007ffdd2c80000 - 0x00007ffdd2cd4000 	C:\Windows\system32\SHLWAPI.dll
0x00007ffdcebc0000 - 0x00007ffdcec72000 	C:\Windows\SYSTEM32\SHCORE.dll
0x00007ffdd0660000 - 0x00007ffdd0675000 	C:\Windows\SYSTEM32\profapi.dll
0x00007ffdcff40000 - 0x00007ffdcff60000 	C:\Windows\SYSTEM32\CRYPTSP.dll
0x00007ffdcfb00000 - 0x00007ffdcfb36000 	C:\Windows\system32\rsaenh.dll
0x00007ffdd0140000 - 0x00007ffdd0166000 	C:\Windows\SYSTEM32\bcrypt.dll
0x00007ffdcff10000 - 0x00007ffdcff31000 	C:\Windows\SYSTEM32\USERENV.dll
0x00007ffdd04c0000 - 0x00007ffdd0523000 	C:\Windows\system32\bcryptprimitives.dll
0x00007ffdd0530000 - 0x00007ffdd053b000 	C:\Windows\SYSTEM32\CRYPTBASE.dll
0x0000000058f50000 - 0x0000000058f6a000 	C:\Xilinx\SDK\2016.2\tps\win64\jre\bin\net.dll
0x00007ffdcfe90000 - 0x00007ffdcfee9000 	C:\Windows\system32\mswsock.dll
0x00007ffdcc4d0000 - 0x00007ffdcc4fa000 	C:\Windows\SYSTEM32\IPHLPAPI.DLL
0x00007ffdcc4b0000 - 0x00007ffdcc4ba000 	C:\Windows\SYSTEM32\WINNSI.DLL
0x00007ffdcc240000 - 0x00007ffdcc256000 	C:\Windows\SYSTEM32\dhcpcsvc6.DLL
0x00007ffdcc210000 - 0x00007ffdcc22a000 	C:\Windows\SYSTEM32\dhcpcsvc.DLL
0x0000000058f30000 - 0x0000000058f41000 	C:\Xilinx\SDK\2016.2\tps\win64\jre\bin\nio.dll
0x00007ffdd2580000 - 0x00007ffdd2714000 	C:\Windows\system32\ole32.dll
0x00007ffdcf4a0000 - 0x00007ffdcf4ab000 	C:\Windows\SYSTEM32\kernel.appcore.dll
0x00007ffdc1650000 - 0x00007ffdc1665000 	C:\Windows\system32\napinsp.dll
0x00007ffdc1680000 - 0x00007ffdc169a000 	C:\Windows\system32\pnrpnsp.dll
0x00007ffdccec0000 - 0x00007ffdccedb000 	C:\Windows\system32\NLAapi.dll
0x00007ffdcfc40000 - 0x00007ffdcfce4000 	C:\Windows\SYSTEM32\DNSAPI.dll
0x00007ffdc18b0000 - 0x00007ffdc18bd000 	C:\Windows\System32\winrnr.dll
0x00007ffdc16a0000 - 0x00007ffdc16b4000 	C:\Windows\system32\wshbth.dll
0x0000000063560000 - 0x0000000063569000 	C:\Program Files\National Instruments\Shared\mDNS Responder\nimdnsNSP.dll
0x0000000063550000 - 0x000000006355c000 	C:\Windows\SYSTEM32\nimdnsResponder.dll
0x000000005af50000 - 0x000000005aff3000 	C:\Windows\WinSxS\amd64_microsoft.vc90.crt_1fc8b3b9a1e18e3b_9.0.30729.8387_none_08e793bfa83a89b5\MSVCR90.dll
0x00007ffdc2740000 - 0x00007ffdc274a000 	C:\Windows\System32\rasadhlp.dll
0x00007ffdcc260000 - 0x00007ffdcc2cb000 	C:\Windows\System32\fwpuclnt.dll
0x00007ffdd2ce0000 - 0x00007ffdd2d96000 	C:\Windows\SYSTEM32\clbcatq.dll
0x0000000017a30000 - 0x0000000017ad8000 	C:\Users\Han Beul\.Xilinx\SDK\2016.2\org.eclipse.osgi\312\0\.cp\swt-win32-4527.dll
0x00007ffdd2a00000 - 0x00007ffdd2ac1000 	C:\Windows\system32\OLEAUT32.dll
0x00007ffdd3290000 - 0x00007ffdd3346000 	C:\Windows\system32\comdlg32.dll
0x00007ffdbf6b0000 - 0x00007ffdbf732000 	C:\Windows\SYSTEM32\WINSPOOL.DRV
0x00007ffdcb2f0000 - 0x00007ffdcb306000 	C:\Windows\SYSTEM32\USP10.dll
0x00007ffdcac20000 - 0x00007ffdcae89000 	C:\Windows\SYSTEM32\WININET.dll
0x00007ffdd07e0000 - 0x00007ffdd09bf000 	C:\Windows\system32\CRYPT32.dll
0x00007ffdca950000 - 0x00007ffdcac17000 	C:\Windows\SYSTEM32\iertutil.dll
0x00007ffdd0710000 - 0x00007ffdd0721000 	C:\Windows\system32\MSASN1.dll
0x00007ffdce9c0000 - 0x00007ffdce9e1000 	C:\Windows\system32\dwmapi.dll
0x00007ffdcc650000 - 0x00007ffdcc7cf000 	C:\Windows\SYSTEM32\propsys.dll
0x0000000017ae0000 - 0x0000000017afe000 	C:\Users\Han Beul\.Xilinx\SDK\2016.2\org.eclipse.osgi\312\0\.cp\swt-gdip-win32-4527.dll
0x00007ffdbf390000 - 0x00007ffdbf540000 	C:\Windows\WinSxS\amd64_microsoft.windows.gdiplus_6595b64144ccf1df_1.1.9600.17415_none_932b3b5547500489\gdiplus.dll
0x00007ffdce810000 - 0x00007ffdce9be000 	C:\Windows\SYSTEM32\WindowsCodecs.dll
0x0000000180000000 - 0x0000000180012000 	C:\Users\Han Beul\.Xilinx\SDK\2016.2\org.eclipse.osgi\126\0\.cp\os\win32\x86_64\localfile_1_0_0.dll
0x00007ffdcd6b0000 - 0x00007ffdcd71a000 	C:\Windows\SYSTEM32\oleacc.dll
0x00007ffdcb770000 - 0x00007ffdcb777000 	C:\Windows\SYSTEM32\msimg32.dll
0x00007ffdcd850000 - 0x00007ffdcda3c000 	C:\Windows\SYSTEM32\DWrite.dll
0x00007ffdcb8c0000 - 0x00007ffdcb8ca000 	C:\Xilinx\SDK\2016.2\lib\win64.o\librdi_jtag_settings.dll
0x00007ffdcb2c0000 - 0x00007ffdcb2e9000 	C:\Xilinx\SDK\2016.2\lib\win64.o\librdi_debug_dialog.dll
0x00007ffdca870000 - 0x00007ffdca917000 	C:\Windows\SYSTEM32\MSVCP110.dll
0x00007ffdca790000 - 0x00007ffdca864000 	C:\Windows\SYSTEM32\MSVCR110.dll
0x00007ffdc5980000 - 0x00007ffdc59a4000 	C:\Xilinx\SDK\2016.2\lib\win64.o\libboost_filesystem.dll
0x00007ffd8f310000 - 0x00007ffd8fd50000 	C:\Xilinx\SDK\2016.2\lib\win64.o\librdi_common.dll
0x00007ffd8f110000 - 0x00007ffd8f302000 	C:\Xilinx\SDK\2016.2\lib\win64.o\librdi_hsm.dll
0x00007ffdcb8b0000 - 0x00007ffdcb8b9000 	C:\Xilinx\SDK\2016.2\lib\win64.o\libboost_system.dll
0x00007ffd8eda0000 - 0x00007ffd8f10e000 	C:\Xilinx\SDK\2016.2\lib\win64.o\libCOIN-all.dll
0x00007ffd8eb80000 - 0x00007ffd8ed9f000 	C:\Xilinx\SDK\2016.2\lib\win64.o\libXil_lmgr11.dll
0x00007ffdcb8a0000 - 0x00007ffdcb8b0000 	C:\Xilinx\SDK\2016.2\lib\win64.o\libboost_date_time.dll
0x00007ffdc4680000 - 0x00007ffdc46f7000 	C:\Xilinx\SDK\2016.2\lib\win64.o\libboost_program_options.dll
0x00007ffdc18e0000 - 0x00007ffdc19e6000 	C:\Xilinx\SDK\2016.2\lib\win64.o\libboost_regex.dll
0x00007ffdc5960000 - 0x00007ffdc5973000 	C:\Xilinx\SDK\2016.2\lib\win64.o\libboost_signals.dll
0x00007ffdc4a20000 - 0x00007ffdc4a3d000 	C:\Xilinx\SDK\2016.2\lib\win64.o\libboost_thread.dll
0x00007ffdc9c10000 - 0x00007ffdc9c1b000 	C:\Xilinx\SDK\2016.2\lib\win64.o\libboost_xilinx.dll
0x00007ffdc45b0000 - 0x00007ffdc4630000 	C:\Xilinx\SDK\2016.2\lib\win64.o\libhdlpsolve.dll
0x00007ffdc0ae0000 - 0x00007ffdc0b7a000 	C:\Xilinx\SDK\2016.2\lib\win64.o\libhdxml.dll
0x00007ffd8dc50000 - 0x00007ffd8e0b5e00 	C:\Xilinx\SDK\2016.2\lib\win64.o\libisl_iostreams.dll
0x00007ffdc3290000 - 0x00007ffdc32ba000 	C:\Xilinx\SDK\2016.2\lib\win64.o\libisl_sysinfo.dll
0x00007ffdc4a00000 - 0x00007ffdc4a15000 	C:\Xilinx\SDK\2016.2\lib\win64.o\pthreadVC2.dll
0x00007ffdc2e00000 - 0x00007ffdc2e54000 	C:\Xilinx\SDK\2016.2\lib\win64.o\librdi_commonxillic.dll
0x00007ffdb8cf0000 - 0x00007ffdb8e20000 	C:\Xilinx\SDK\2016.2\lib\win64.o\librdi_curl.dll
0x00007ffdc3270000 - 0x00007ffdc3288000 	C:\Xilinx\SDK\2016.2\lib\win64.o\librdiconfig.dll
0x00007ffdc11d0000 - 0x00007ffdc11f3000 	C:\Xilinx\SDK\2016.2\lib\win64.o\librdizlib.dll
0x0000000058fd0000 - 0x00000000590f7000 	C:\Xilinx\SDK\2016.2\lib\win64.o\tcl85t.dll
0x00000000240b0000 - 0x0000000024313000 	C:\Xilinx\SDK\2016.2\lib\win64.o\xerces-c_3_1.dll
0x00007ffdc9d40000 - 0x00007ffdc9e09000 	C:\Windows\SYSTEM32\WINHTTP.dll
0x00007ffdca470000 - 0x00007ffdca5f5000 	C:\Windows\SYSTEM32\urlmon.dll
0x00007ffdc9330000 - 0x00007ffdc9353000 	C:\Windows\SYSTEM32\VCOMP110.DLL
0x00007ffdb9470000 - 0x00007ffdb94b3000 	C:\Xilinx\SDK\2016.2\lib\win64.o\librdi_hdf.dll
0x00007ffd8d9c0000 - 0x00007ffd8dc41000 	C:\Xilinx\SDK\2016.2\lib\win64.o\librdi_ippcw.dll
0x00007ffdccd10000 - 0x00007ffdccd26000 	C:\Windows\SYSTEM32\NETAPI32.dll
0x00007ffdd0730000 - 0x00007ffdd0781000 	C:\Windows\system32\WINTRUST.dll
0x00007ffdc90b0000 - 0x00007ffdc90bb000 	C:\Xilinx\SDK\2016.2\lib\win64.o\libboost_chrono.dll
0x00007ffdc3250000 - 0x00007ffdc3266000 	C:\Xilinx\SDK\2016.2\lib\win64.o\libboost_iostreams.dll
0x00007ffdc0ab0000 - 0x00007ffdc0ad3000 	C:\Xilinx\SDK\2016.2\lib\win64.o\libisl_iosutils.dll
0x00007ffdd00c0000 - 0x00007ffdd00cc000 	C:\Windows\SYSTEM32\netutils.dll
0x00007ffdd02a0000 - 0x00007ffdd02c6000 	C:\Windows\SYSTEM32\srvcli.dll
0x00007ffdccca0000 - 0x00007ffdcccb7000 	C:\Windows\SYSTEM32\wkscli.dll
0x00007ffdc80b0000 - 0x00007ffdc80b8000 	C:\Xilinx\SDK\2016.2\lib\win64.o\librdi_target_manager.dll
0x00007ffdb9400000 - 0x00007ffdb9411000 	C:\Users\Han Beul\.Xilinx\SDK\2016.2\org.eclipse.osgi\129\0\.cp\jWinHttp-1.0.0.dll
0x00007ffdc7c90000 - 0x00007ffdc7c9f000 	C:\Xilinx\SDK\2016.2\lib\win64.o\librdi_repo_manager.dll
0x0000000071080000 - 0x00000000710a6000 	C:\Xilinx\SDK\2016.2\eclipse\win64.o\plugins\gnu.io.rxtx.win32.x86_64_2.1.7.3_v20071015\os\win32\x86_64\rxtxSerial.dll
0x00007ffdb8c90000 - 0x00007ffdb8ca6000 	C:\Xilinx\SDK\2016.2\eclipse\win64.o\plugins\org.eclipse.cdt.core.win32.x86_64_5.4.0.201509131935\os\win32\x86_64\spawner.dll
0x00007ffd8b820000 - 0x00007ffd8c030000 	C:\Xilinx\SDK\2016.2\lib\win64.o\libXil_lmgr11FNP.dll
0x00007ffdc8430000 - 0x00007ffdc843c000 	C:\Windows\SYSTEM32\snmpapi.dll
0x00007ffdd23a0000 - 0x00007ffdd257a000 	C:\Windows\system32\SETUPAPI.dll
0x00007ffdd0490000 - 0x00007ffdd04be000 	C:\Windows\SYSTEM32\SspiCli.dll

VM Arguments:
jvm_args: -Dcom.xilinx.sdk.args.hwspec=C:/lab2_pwm/hw1_zybo.sdk/design_1_wrapper.hdf -Xms64m -Xmx512m & 
java_command: <unknown>
java_class_path (initial): C:\Xilinx\SDK\2016.2\eclipse\win64.o\\plugins/org.eclipse.equinox.launcher_1.3.100.v20150511-1540.jar
Launcher Type: generic

Environment Variables:
PATH=C:/Xilinx/SDK/2016.2/tps/win64/jre/bin/server;C:/Xilinx/SDK/2016.2/tps/win64/jre/bin;C:/Xilinx/SDK/2016.2/tps/win64/jre/lib/amd64;C:\Xilinx\SDK\2016.2\gnuwin\bin;C:\Xilinx\SDK\2016.2\gnu\microblaze\nt\bin;C:\Xilinx\SDK\2016.2\gnu\microblaze\linux_toolchain\nt64_le\bin;C:\Xilinx\SDK\2016.2\gnu\microblaze\linux_toolchain\nt64_be\bin;C:\Xilinx\SDK\2016.2\gnu\arm\nt\bin;C:\Xilinx\SDK\2016.2\gnu\aarch64\nt\aarch64-none\bin;C:\Xilinx\SDK\2016.2\gnu\aarch64\nt\aarch64-linux\bin;C:\Xilinx\SDK\2016.2\gnu\armr5\nt\gcc-arm-none-eabi\bin;C:\Xilinx\SDK\2016.2\gnu\aarch32\nt\gcc-arm-none-eabi\bin;C:\Xilinx\SDK\2016.2\gnu\aarch32\nt\gcc-arm-linux-gnueabi\bin;C:\Xilinx\SDK\2016.2\tps\win64\cmake-3.3.2\bin;;C:\Xilinx\SDK\2016.2\bin;C:\Xilinx\SDK\2016.2\lib\win64.o;C:\Xilinx\SDK\2016.2\tps\win64\jre\bin\server;C:\Xilinx\SDK\2016.2\tps\win64\jre\bin;C:\Xilinx\Vivado\2016.2\ids_lite\ISE\bin\nt64;C:\Xilinx\Vivado\2016.2\ids_lite\ISE\lib\nt64;C:\Xilinx\Vivado\2016.2\bin;C:\Xilinx\Vivado\2016.2\lib\win64.o;C:\Xilinx\Vivado\2016.2\tps\win64\jre\bin\server;C:\Xilinx\Vivado\2016.2\tps\win64\jre\bin;C:\Xilinx\Vivado_HLS\2016.2\bin;C:\ProgramData\Oracle\Java\javapath;C:\Windows\system32;C:\Windows;C:\Windows\System32\Wbem;C:\Windows\System32\WindowsPowerShell\v1.0\;C:\Program Files\MATLAB\R2016b\bin;C:\Modeltech_pe_edu_10.4a\win32pe_edu;c:\MinGW\bin;c:\MinGW\msys\1.0\;c:\MinGW\msys\1.0\bin;c:\lab2_pwm;
USERNAME=Han Beul
OS=Windows_NT
PROCESSOR_IDENTIFIER=Intel64 Family 6 Model 70 Stepping 1, GenuineIntel



---------------  S Y S T E M  ---------------

OS: Windows 8.1 , 64 bit Build 9600 (6.3.9600.17415)

CPU:total 4 (4 cores per cpu, 1 threads per core) family 6 model 70 stepping 1, cmov, cx8, fxsr, mmx, sse, sse2, sse3, ssse3, sse4.1, sse4.2, popcnt, avx, avx2, aes, clmul, erms, lzcnt, tsc, tscinvbit, bmi1, bmi2

Memory: 4k page, physical 4193780k(983320k free), swap 5331148k(1635240k free)

vm_info: Java HotSpot(TM) 64-Bit Server VM (25.66-b18) for windows-amd64 JRE (1.8.0_66-b18), built on Nov  9 2015 10:51:13 by "java_re" with MS VC++ 10.0 (VS2010)

time: Mon Dec 05 22:44:09 2016
elapsed time: 157 seconds (0d 0h 2m 37s)

