#
# A fatal error has been detected by the Java Runtime Environment:
#
#  Internal Error (0xc000000d), pid=2872, tid=4208
#
# JRE version: Java(TM) SE Runtime Environment (8.0_66-b18) (build 1.8.0_66-b18)
# Java VM: Java HotSpot(TM) 64-Bit Server VM (25.66-b18 mixed mode windows-amd64 compressed oops)
# Problematic frame:
# C  [ntdll.dll+0x1021c0]
#
# Failed to write core dump. Minidumps are not enabled by default on client versions of Windows
#
# If you would like to submit a bug report, please visit:
#   http://bugreport.java.com/bugreport/crash.jsp
#

---------------  T H R E A D  ---------------

Current thread (0x0000000013657000):  VMThread [stack: 0x00000000146f0000,0x00000000147f0000] [id=4208]

siginfo: ExceptionCode=0xc000000d

Registers:
RAX=0x00000000147eec60, RBX=0xfffffffffffffffe, RCX=0x00000000147eec60, RDX=0x00000000147eec60
RSP=0x00000000147ef1b0, RBP=0x00007ffdca797408, RSI=0x0000000000000000, RDI=0x0000000000000db4
R8 =0x0000000000000000, R9 =0x0000000000000000, R10=0x00000000147ef2e8, R11=0x0000000000000000
R12=0x0000000022d92af0, R13=0x00000000006d7000, R14=0x0000000022d92bf8, R15=0x00000000147ef328
RIP=0x00007ffdd36121c0, EFLAGS=0x0000000000000202

Top of Stack: (sp=0x00000000147ef1b0)
0x00000000147ef1b0:   0000000000000000 fffffffffffffffe
0x00000000147ef1c0:   0000000000000000 0000000000000db4
0x00000000147ef1d0:   00000000c000000d 0000000000000000
0x00000000147ef1e0:   00007ffdd36121c0 0000000000000000
0x00000000147ef1f0:   0000000000000000 0000000000000000
0x00000000147ef200:   0000000000000000 0000000000000000
0x00000000147ef210:   0000000000000000 0000000000000000
0x00000000147ef220:   0000000000000000 0000000000000000
0x00000000147ef230:   0000000000000000 0000000000000000
0x00000000147ef240:   0000000000000000 0000000000000000
0x00000000147ef250:   0000000000000000 0000000000000000
0x00000000147ef260:   0000000000000000 0000000000000013
0x00000000147ef270:   00000b1c4804f27b 0000000000000000
0x00000000147ef280:   0000000000000120 00007ffdd35b47f9
0x00000000147ef290:   0000000000380000 0000000000000000
0x00000000147ef2a0:   0000000000000120 0000000000000000 

Instructions: (pc=0x00007ffdd36121c0)
0x00007ffdd36121a0:   2f f9 ff c7 44 24 20 0d 00 00 c0 b9 57 00 00 00
0x00007ffdd36121b0:   e8 2b f0 f4 ff 90 48 8d 4c 24 20 e8 70 17 f5 ff
0x00007ffdd36121c0:   eb 00 48 8b 8c 24 c0 00 00 00 48 33 cc e8 ce 03
0x00007ffdd36121d0:   f8 ff 48 81 c4 d8 00 00 00 c3 40 55 48 83 ec 20 


Register to memory mapping:

RAX=0x00000000147eec60 is an unknown value
RBX=0xfffffffffffffffe is an unknown value
RCX=0x00000000147eec60 is an unknown value
RDX=0x00000000147eec60 is an unknown value
RSP=0x00000000147ef1b0 is an unknown value
RBP=0x00007ffdca797408 is an unknown value
RSI=0x0000000000000000 is an unknown value
RDI=0x0000000000000db4 is an unknown value
R8 =0x0000000000000000 is an unknown value
R9 =0x0000000000000000 is an unknown value
R10=0x00000000147ef2e8 is an unknown value
R11=0x0000000000000000 is an unknown value
R12=0x0000000022d92af0 is an unknown value
R13=0x00000000006d7000 is an unknown value
R14=0x0000000022d92bf8 is an unknown value
R15=0x00000000147ef328 is an unknown value


Stack: [0x00000000146f0000,0x00000000147f0000],  sp=0x00000000147ef1b0,  free space=1020k
Native frames: (J=compiled Java code, j=interpreted, Vv=VM code, C=native code)
C  [ntdll.dll+0x1021c0]
C  [ntdll.dll+0xa47f9]
C  [KERNEL32.DLL+0x399a]
C  [MSVCR110.dll+0x752d]
C  [MSVCR110.dll+0x73c6]
C  [MSVCR110.dll+0x14cca]
C  [MSVCR110.dll+0x13edc]
C  [MSVCR110.dll+0x239e]
C  [MSVCR110.dll+0xaf9e]
C  [MSVCP110.dll+0x397b9]
C  [librdi_common.dll+0x182316]
C  [librdi_common.dll+0x180fab]
C  [librdi_target_manager.dll+0x2400]
C  [librdi_target_manager.dll+0x2682]
C  [ntdll.dll+0x1c334]
C  [ntdll.dll+0x1b742]
C  [ntdll.dll+0x18448]
C  [KERNEL32.DLL+0x516a]
C  [MSVCR100.dll+0x20ccd]
V  [jvm.dll+0x210cc5]
V  [jvm.dll+0x249897]
V  [jvm.dll+0x248b36]
V  [jvm.dll+0x248fd1]
V  [jvm.dll+0x2491ee]
V  [jvm.dll+0x29a0fa]
C  [MSVCR100.dll+0x21d9f]
C  [MSVCR100.dll+0x21e3b]
C  [KERNEL32.DLL+0x13d2]
C  [ntdll.dll+0x15454]

VM_Operation (0x000000000013f4c0): Exit, mode: safepoint, requested by thread 0x000000000231e000


---------------  P R O C E S S  ---------------

Java Threads: ( => current thread )
  0x00000000158ed800 JavaThread "Spawner Reaper" daemon [_thread_in_native, id=4924, stack(0x000000001f780000,0x000000001f880000)]
  0x00000000160e4800 JavaThread "TCF Channel Transmitter" daemon [_thread_blocked, id=2448, stack(0x0000000025bc0000,0x0000000025cc0000)]
  0x00000000160e6000 JavaThread "TCF Channel Receiver" daemon [_thread_in_native, id=144, stack(0x0000000025880000,0x0000000025980000)]
  0x00000000160e7000 JavaThread "Process monitor" daemon [_thread_in_native, id=4056, stack(0x0000000025510000,0x0000000025610000)]
  0x00000000160e7800 JavaThread "Input Stream Monitor" daemon [_thread_blocked, id=4088, stack(0x0000000025410000,0x0000000025510000)]
  0x00000000160e5800 JavaThread "Output Stream Monitor" daemon [_thread_in_native, id=3212, stack(0x0000000025310000,0x0000000025410000)]
  0x0000000015ead800 JavaThread "Output Stream Monitor" daemon [_thread_in_native, id=4544, stack(0x0000000025210000,0x0000000025310000)]
  0x000000001c309800 JavaThread "Thread-13" daemon [_thread_blocked, id=1128, stack(0x00000000230c0000,0x00000000231c0000)]
  0x000000001c301800 JavaThread "TCF Locator DNS Lookup" daemon [_thread_blocked, id=3800, stack(0x000000001fe20000,0x000000001ff20000)]
  0x000000001c304800 JavaThread "TCF Locator Timer" daemon [_thread_blocked, id=4600, stack(0x000000001fa20000,0x000000001fb20000)]
  0x000000001c303000 JavaThread "TCF Locator Receiver" daemon [_thread_in_native, id=612, stack(0x000000001f920000,0x000000001fa20000)]
  0x0000000015eac800 JavaThread "TCF Timer Dispatcher" daemon [_thread_blocked, id=1008, stack(0x000000001fb20000,0x000000001fc20000)]
  0x0000000015ea9000 JavaThread "EMF Reference Cleaner" daemon [_thread_blocked, id=1352, stack(0x0000000017ac0000,0x0000000017bc0000)]
  0x0000000014fd8800 JavaThread "Service Thread" daemon [_thread_blocked, id=4400, stack(0x00000000153d0000,0x00000000154d0000)]
  0x0000000013697800 JavaThread "C1 CompilerThread2" daemon [_thread_blocked, id=5040, stack(0x0000000014ed0000,0x0000000014fd0000)]
  0x0000000013694000 JavaThread "C2 CompilerThread1" daemon [_thread_blocked, id=1876, stack(0x0000000014dd0000,0x0000000014ed0000)]
  0x0000000013691000 JavaThread "C2 CompilerThread0" daemon [_thread_blocked, id=2432, stack(0x0000000014cd0000,0x0000000014dd0000)]
  0x000000001368b000 JavaThread "Attach Listener" daemon [_thread_blocked, id=1044, stack(0x0000000014bd0000,0x0000000014cd0000)]
  0x000000001368a000 JavaThread "Signal Dispatcher" daemon [_thread_blocked, id=4948, stack(0x0000000014ad0000,0x0000000014bd0000)]
  0x00000000022d7000 JavaThread "Finalizer" daemon [_thread_blocked, id=928, stack(0x00000000148f0000,0x00000000149f0000)]
  0x00000000022ce800 JavaThread "Reference Handler" daemon [_thread_blocked, id=2888, stack(0x00000000147f0000,0x00000000148f0000)]
  0x000000000231e000 JavaThread "main" [_thread_blocked, id=5092, stack(0x0000000000040000,0x0000000000140000)]

Other Threads:
=>0x0000000013657000 VMThread [stack: 0x00000000146f0000,0x00000000147f0000] [id=4208]

VM state:at safepoint (shutting down)

VM Mutex/Monitor currently owned by a thread:  ([mutex/lock_event])
[0x000000000231d220] Threads_lock - owner thread: 0x0000000013657000

Heap:
 PSYoungGen      total 151552K, used 71368K [0x00000000f5580000, 0x0000000100000000, 0x0000000100000000)
  eden space 128512K, 55% used [0x00000000f5580000,0x00000000f9b32358,0x00000000fd300000)
  from space 23040K, 0% used [0x00000000fd300000,0x00000000fd300000,0x00000000fe980000)
  to   space 23040K, 0% used [0x00000000fe980000,0x00000000fe980000,0x0000000100000000)
 ParOldGen       total 88576K, used 55018K [0x00000000e0000000, 0x00000000e5680000, 0x00000000f5580000)
  object space 88576K, 62% used [0x00000000e0000000,0x00000000e35ba830,0x00000000e5680000)
 Metaspace       used 91951K, capacity 98894K, committed 99224K, reserved 1134592K
  class space    used 10990K, capacity 13337K, committed 13472K, reserved 1048576K

Card table byte_map: [0x00000000116e0000,0x00000000117f0000] byte_map_base: 0x0000000010fe0000

Marking Bits: (ParMarkBitMap*) 0x000000005990a5b0
 Begin Bits: [0x0000000011bf0000, 0x00000000123f0000)
 End Bits:   [0x00000000123f0000, 0x0000000012bf0000)

Polling page: 0x0000000000490000

CodeCache: size=245760Kb used=41654Kb max_used=41908Kb free=204105Kb
 bounds [0x0000000002320000, 0x0000000004c60000, 0x0000000011320000]
 total_blobs=12077 nmethods=11169 adapters=813
 compilation: enabled

Compilation events (10 events):
Event: 541.396 Thread 0x0000000013697800 13859   !   3       org.eclipse.osgi.storage.BundleInfo$Generation::clearManifestCache (30 bytes)
Event: 541.396 Thread 0x0000000013697800 nmethod 13859 0x0000000003931a50 code [0x0000000003931be0, 0x0000000003932228]
Event: 541.397 Thread 0x0000000013697800 13856       3       org.eclipse.osgi.internal.framework.EquinoxContainerAdaptor::invalidateWiring (186 bytes)
Event: 541.399 Thread 0x0000000013691000 nmethod 13848 0x00000000038b7d50 code [0x00000000038b7ee0, 0x00000000038b82d0]
Event: 541.400 Thread 0x0000000013697800 nmethod 13856 0x0000000003cd2010 code [0x0000000003cd23e0, 0x0000000003cd4d58]
Event: 541.400 Thread 0x0000000013697800 13850       3       org.eclipse.osgi.container.ModuleWiring::unload (6 bytes)
Event: 541.400 Thread 0x0000000013697800 nmethod 13850 0x0000000002480050 code [0x00000000024801c0, 0x0000000002480348]
Event: 541.400 Thread 0x0000000013697800 13851       3       org.eclipse.osgi.container.ModuleWiring::invalidate0 (52 bytes)
Event: 541.402 Thread 0x0000000013697800 nmethod 13851 0x00000000038b6f50 code [0x00000000038b7100, 0x00000000038b7aa8]
Event: 541.402 Thread 0x0000000013691000 13855       4       java.util.concurrent.locks.ReentrantReadWriteLock$Sync::tryReleaseShared (147 bytes)

GC Heap History (10 events):
Event: 362.802 GC heap before
{Heap before GC invocations=25 (full 8):
 PSYoungGen      total 146944K, used 8616K [0x00000000f5580000, 0x0000000100000000, 0x0000000100000000)
  eden space 122880K, 0% used [0x00000000f5580000,0x00000000f5580000,0x00000000fcd80000)
  from space 24064K, 35% used [0x00000000fcd80000,0x00000000fd5ea348,0x00000000fe500000)
  to   space 23040K, 0% used [0x00000000fe980000,0x00000000fe980000,0x0000000100000000)
 ParOldGen       total 88576K, used 59096K [0x00000000e0000000, 0x00000000e5680000, 0x00000000f5580000)
  object space 88576K, 66% used [0x00000000e0000000,0x00000000e39b6360,0x00000000e5680000)
 Metaspace       used 90083K, capacity 96930K, committed 97176K, reserved 1132544K
  class space    used 10831K, capacity 13169K, committed 13216K, reserved 1048576K
Event: 363.216 GC heap after
Heap after GC invocations=25 (full 8):
 PSYoungGen      total 146944K, used 0K [0x00000000f5580000, 0x0000000100000000, 0x0000000100000000)
  eden space 122880K, 0% used [0x00000000f5580000,0x00000000f5580000,0x00000000fcd80000)
  from space 24064K, 0% used [0x00000000fcd80000,0x00000000fcd80000,0x00000000fe500000)
  to   space 23040K, 0% used [0x00000000fe980000,0x00000000fe980000,0x0000000100000000)
 ParOldGen       total 88576K, used 65815K [0x00000000e0000000, 0x00000000e5680000, 0x00000000f5580000)
  object space 88576K, 74% used [0x00000000e0000000,0x00000000e4045fd8,0x00000000e5680000)
 Metaspace       used 90083K, capacity 96930K, committed 97176K, reserved 1132544K
  class space    used 10831K, capacity 13169K, committed 13216K, reserved 1048576K
}
Event: 431.981 GC heap before
{Heap before GC invocations=26 (full 8):
 PSYoungGen      total 146944K, used 29794K [0x00000000f5580000, 0x0000000100000000, 0x0000000100000000)
  eden space 122880K, 24% used [0x00000000f5580000,0x00000000f7298848,0x00000000fcd80000)
  from space 24064K, 0% used [0x00000000fcd80000,0x00000000fcd80000,0x00000000fe500000)
  to   space 23040K, 0% used [0x00000000fe980000,0x00000000fe980000,0x0000000100000000)
 ParOldGen       total 88576K, used 65815K [0x00000000e0000000, 0x00000000e5680000, 0x00000000f5580000)
  object space 88576K, 74% used [0x00000000e0000000,0x00000000e4045fd8,0x00000000e5680000)
 Metaspace       used 90796K, capacity 97956K, committed 98072K, reserved 1134592K
  class space    used 10899K, capacity 13279K, committed 13344K, reserved 1048576K
Event: 431.987 GC heap after
Heap after GC invocations=26 (full 8):
 PSYoungGen      total 151552K, used 1816K [0x00000000f5580000, 0x0000000100000000, 0x0000000100000000)
  eden space 128512K, 0% used [0x00000000f5580000,0x00000000f5580000,0x00000000fd300000)
  from space 23040K, 7% used [0x00000000fe980000,0x00000000feb460c0,0x0000000100000000)
  to   space 23040K, 0% used [0x00000000fd300000,0x00000000fd300000,0x00000000fe980000)
 ParOldGen       total 88576K, used 65823K [0x00000000e0000000, 0x00000000e5680000, 0x00000000f5580000)
  object space 88576K, 74% used [0x00000000e0000000,0x00000000e4047fd8,0x00000000e5680000)
 Metaspace       used 90796K, capacity 97956K, committed 98072K, reserved 1134592K
  class space    used 10899K, capacity 13279K, committed 13344K, reserved 1048576K
}
Event: 431.987 GC heap before
{Heap before GC invocations=27 (full 9):
 PSYoungGen      total 151552K, used 1816K [0x00000000f5580000, 0x0000000100000000, 0x0000000100000000)
  eden space 128512K, 0% used [0x00000000f5580000,0x00000000f5580000,0x00000000fd300000)
  from space 23040K, 7% used [0x00000000fe980000,0x00000000feb460c0,0x0000000100000000)
  to   space 23040K, 0% used [0x00000000fd300000,0x00000000fd300000,0x00000000fe980000)
 ParOldGen       total 88576K, used 65823K [0x00000000e0000000, 0x00000000e5680000, 0x00000000f5580000)
  object space 88576K, 74% used [0x00000000e0000000,0x00000000e4047fd8,0x00000000e5680000)
 Metaspace       used 90796K, capacity 97956K, committed 98072K, reserved 1134592K
  class space    used 10899K, capacity 13279K, committed 13344K, reserved 1048576K
Event: 432.322 GC heap after
Heap after GC invocations=27 (full 9):
 PSYoungGen      total 151552K, used 0K [0x00000000f5580000, 0x0000000100000000, 0x0000000100000000)
  eden space 128512K, 0% used [0x00000000f5580000,0x00000000f5580000,0x00000000fd300000)
  from space 23040K, 0% used [0x00000000fe980000,0x00000000fe980000,0x0000000100000000)
  to   space 23040K, 0% used [0x00000000fd300000,0x00000000fd300000,0x00000000fe980000)
 ParOldGen       total 88576K, used 65406K [0x00000000e0000000, 0x00000000e5680000, 0x00000000f5580000)
  object space 88576K, 73% used [0x00000000e0000000,0x00000000e3fdfa00,0x00000000e5680000)
 Metaspace       used 90796K, capacity 97956K, committed 98072K, reserved 1134592K
  class space    used 10899K, capacity 13279K, committed 13344K, reserved 1048576K
}
Event: 516.560 GC heap before
{Heap before GC invocations=28 (full 9):
 PSYoungGen      total 151552K, used 86536K [0x00000000f5580000, 0x0000000100000000, 0x0000000100000000)
  eden space 128512K, 67% used [0x00000000f5580000,0x00000000faa022e0,0x00000000fd300000)
  from space 23040K, 0% used [0x00000000fe980000,0x00000000fe980000,0x0000000100000000)
  to   space 23040K, 0% used [0x00000000fd300000,0x00000000fd300000,0x00000000fe980000)
 ParOldGen       total 88576K, used 65406K [0x00000000e0000000, 0x00000000e5680000, 0x00000000f5580000)
  object space 88576K, 73% used [0x00000000e0000000,0x00000000e3fdfa00,0x00000000e5680000)
 Metaspace       used 91200K, capacity 98276K, committed 98584K, reserved 1134592K
  class space    used 10919K, capacity 13279K, committed 13344K, reserved 1048576K
Event: 516.567 GC heap after
Heap after GC invocations=28 (full 9):
 PSYoungGen      total 151552K, used 1743K [0x00000000f5580000, 0x0000000100000000, 0x0000000100000000)
  eden space 128512K, 0% used [0x00000000f5580000,0x00000000f5580000,0x00000000fd300000)
  from space 23040K, 7% used [0x00000000fd300000,0x00000000fd4b3f78,0x00000000fe980000)
  to   space 23040K, 0% used [0x00000000fe980000,0x00000000fe980000,0x0000000100000000)
 ParOldGen       total 88576K, used 65406K [0x00000000e0000000, 0x00000000e5680000, 0x00000000f5580000)
  object space 88576K, 73% used [0x00000000e0000000,0x00000000e3fdfa00,0x00000000e5680000)
 Metaspace       used 91200K, capacity 98276K, committed 98584K, reserved 1134592K
  class space    used 10919K, capacity 13279K, committed 13344K, reserved 1048576K
}
Event: 516.567 GC heap before
{Heap before GC invocations=29 (full 10):
 PSYoungGen      total 151552K, used 1743K [0x00000000f5580000, 0x0000000100000000, 0x0000000100000000)
  eden space 128512K, 0% used [0x00000000f5580000,0x00000000f5580000,0x00000000fd300000)
  from space 23040K, 7% used [0x00000000fd300000,0x00000000fd4b3f78,0x00000000fe980000)
  to   space 23040K, 0% used [0x00000000fe980000,0x00000000fe980000,0x0000000100000000)
 ParOldGen       total 88576K, used 65406K [0x00000000e0000000, 0x00000000e5680000, 0x00000000f5580000)
  object space 88576K, 73% used [0x00000000e0000000,0x00000000e3fdfa00,0x00000000e5680000)
 Metaspace       used 91200K, capacity 98276K, committed 98584K, reserved 1134592K
  class space    used 10919K, capacity 13279K, committed 13344K, reserved 1048576K
Event: 516.884 GC heap after
Heap after GC invocations=29 (full 10):
 PSYoungGen      total 151552K, used 0K [0x00000000f5580000, 0x0000000100000000, 0x0000000100000000)
  eden space 128512K, 0% used [0x00000000f5580000,0x00000000f5580000,0x00000000fd300000)
  from space 23040K, 0% used [0x00000000fd300000,0x00000000fd300000,0x00000000fe980000)
  to   space 23040K, 0% used [0x00000000fe980000,0x00000000fe980000,0x0000000100000000)
 ParOldGen       total 88576K, used 55018K [0x00000000e0000000, 0x00000000e5680000, 0x00000000f5580000)
  object space 88576K, 62% used [0x00000000e0000000,0x00000000e35ba830,0x00000000e5680000)
 Metaspace       used 91167K, capacity 98224K, committed 98584K, reserved 1134592K
  class space    used 10913K, capacity 13267K, committed 13344K, reserved 1048576K
}

Deoptimization events (10 events):
Event: 540.714 Thread 0x00000000158f1000 Uncommon trap: reason=unstable_if action=reinterpret pc=0x000000000426a5a0 method=org.eclipse.ui.internal.UILockListener.isUI()Z @ 7
Event: 540.715 Thread 0x00000000158f1000 Uncommon trap: reason=unstable_if action=reinterpret pc=0x0000000002c8ff64 method=org.eclipse.swt.graphics.Resource.dispose()V @ 15
Event: 540.720 Thread 0x00000000158f1000 Uncommon trap: reason=bimorphic action=maybe_recompile pc=0x00000000036149e4 method=java.util.concurrent.CopyOnWriteArrayList.indexOf(Ljava/lang/Object;[Ljava/lang/Object;II)I @ 46
Event: 541.249 Thread 0x0000000015e8c000 Uncommon trap: reason=predicate action=maybe_recompile pc=0x0000000003abc29c method=java.util.Arrays.fill([Ljava/lang/Object;Ljava/lang/Object;)V @ 10
Event: 541.269 Thread 0x00000000158f1000 Uncommon trap: reason=unstable_if action=reinterpret pc=0x000000000302e7b8 method=org.eclipse.osgi.internal.hooks.EclipseLazyStarter.shouldActivateFor(Ljava/lang/String;Lorg/eclipse/osgi/container/Module;Lorg/eclipse/osgi/container/ModuleRevision;Lorg/ecli
Event: 541.305 Thread 0x00000000158f1000 Uncommon trap: reason=bimorphic action=maybe_recompile pc=0x00000000036149e4 method=java.util.concurrent.CopyOnWriteArrayList.indexOf(Ljava/lang/Object;[Ljava/lang/Object;II)I @ 46
Event: 541.305 Thread 0x00000000158f1000 Uncommon trap: reason=bimorphic action=maybe_recompile pc=0x00000000036149e4 method=java.util.concurrent.CopyOnWriteArrayList.indexOf(Ljava/lang/Object;[Ljava/lang/Object;II)I @ 46
Event: 541.305 Thread 0x00000000158f1000 Uncommon trap: reason=bimorphic action=maybe_recompile pc=0x00000000036149e4 method=java.util.concurrent.CopyOnWriteArrayList.indexOf(Ljava/lang/Object;[Ljava/lang/Object;II)I @ 46
Event: 541.320 Thread 0x00000000158f1000 Uncommon trap: reason=class_check action=maybe_recompile pc=0x0000000004235ae0 method=org.eclipse.core.internal.jobs.DeadlockDetector.lockReleased(Ljava/lang/Thread;Lorg/eclipse/core/runtime/jobs/ISchedulingRule;)V @ 169
Event: 541.388 Thread 0x00000000158f1000 Uncommon trap: reason=unstable_if action=reinterpret pc=0x000000000403d010 method=sun.reflect.UnsafeStaticObjectFieldAccessorImpl.set(Ljava/lang/Object;Ljava/lang/Object;)V @ 13

Internal exceptions (10 events):
Event: 540.408 Thread 0x000000000231e000 Implicit null exception at 0x0000000004b2d5ac to 0x0000000004b2f2e1
Event: 540.411 Thread 0x000000000231e000 Implicit null exception at 0x0000000002ae6934 to 0x0000000002ae69d1
Event: 540.456 Thread 0x000000000231e000 Implicit null exception at 0x0000000003b09544 to 0x0000000003b09d5d
Event: 540.705 Thread 0x000000001c307800 Exception <a 'java/lang/InterruptedException'> (0x00000000f944e868) thrown at [C:\re\workspace\8-2-build-windows-amd64-cygwin\jdk8u66\5298\hotspot\src\share\vm\runtime\objectMonitor.cpp, line 1683]
Event: 541.360 Thread 0x0000000015eae000 Exception <a 'java/lang/InterruptedException'> (0x00000000f90123c0) thrown at [C:\re\workspace\8-2-build-windows-amd64-cygwin\jdk8u66\5298\hotspot\src\share\vm\runtime\objectMonitor.cpp, line 1683]
Event: 541.388 Thread 0x00000000158f1000 Implicit null exception at 0x000000000403ccf7 to 0x000000000403cffd
Event: 541.389 Thread 0x0000000015e8c000 Exception <a 'java/lang/InterruptedException'> (0x00000000f9817650) thrown at [C:\re\workspace\8-2-build-windows-amd64-cygwin\jdk8u66\5298\hotspot\src\share\vm\runtime\objectMonitor.cpp, line 1683]
Event: 541.392 Thread 0x0000000015ea7800 Exception <a 'java/lang/InterruptedException'> (0x00000000f8e414c0) thrown at [C:\re\workspace\8-2-build-windows-amd64-cygwin\jdk8u66\5298\hotspot\src\share\vm\runtime\objectMonitor.cpp, line 1683]
Event: 541.393 Thread 0x0000000015e8d000 Exception <a 'java/lang/InterruptedException'> (0x00000000f9a90268) thrown at [C:\re\workspace\8-2-build-windows-amd64-cygwin\jdk8u66\5298\hotspot\src\share\vm\runtime\objectMonitor.cpp, line 1683]
Event: 541.402 Thread 0x00000000158f1000 Exception <a 'java/io/IOException'> (0x00000000f9b13b48) thrown at [C:\re\workspace\8-2-build-windows-amd64-cygwin\jdk8u66\5298\hotspot\src\share\vm\prims\jni.cpp, line 709]

Events (10 events):
Event: 541.400 Executing VM operation: RevokeBias done
Event: 541.400 Executing VM operation: RevokeBias
Event: 541.401 Executing VM operation: RevokeBias done
Event: 541.401 Executing VM operation: RevokeBias
Event: 541.401 Executing VM operation: RevokeBias done
Event: 541.401 Executing VM operation: RevokeBias
Event: 541.402 Executing VM operation: RevokeBias done
Event: 541.402 Thread 0x0000000013691000 flushing nmethod 0x0000000002c9db10
Event: 541.402 Thread 0x00000000158f1000 Thread exited: 0x00000000158f1000
Event: 541.403 Executing VM operation: Exit


Dynamic libraries:
0x0000000000400000 - 0x000000000044f000 	C:\Xilinx\SDK\2016.2\eclipse\win64.o\eclipse.exe
0x00007ffdd3510000 - 0x00007ffdd36bc000 	C:\Windows\SYSTEM32\ntdll.dll
0x00007ffdd33d0000 - 0x00007ffdd350e000 	C:\Windows\system32\KERNEL32.DLL
0x00007ffdd0a70000 - 0x00007ffdd0b85000 	C:\Windows\system32\KERNELBASE.dll
0x00007ffdd2720000 - 0x00007ffdd2897000 	C:\Windows\system32\USER32.dll
0x00007ffdce2b0000 - 0x00007ffdce52b000 	C:\Windows\WinSxS\amd64_microsoft.windows.common-controls_6595b64144ccf1df_6.0.9600.18006_none_623f33d3ecbe86e8\COMCTL32.dll
0x00007ffdd2e60000 - 0x00007ffdd2f0a000 	C:\Windows\system32\msvcrt.dll
0x00007ffdd30d0000 - 0x00007ffdd321f000 	C:\Windows\system32\GDI32.dll
0x00007ffdd2130000 - 0x00007ffdd2166000 	C:\Windows\system32\IMM32.DLL
0x00007ffdd2f10000 - 0x00007ffdd3062000 	C:\Windows\system32\MSCTF.dll
0x0000000072000000 - 0x0000000072012000 	C:\Xilinx\SDK\2016.2\eclipse\win64.o\plugins\org.eclipse.equinox.launcher.win32.win32.x86_64_1.1.300.v20150602-1417\eclipse_1611.dll
0x00007ffdd2da0000 - 0x00007ffdd2e4a000 	C:\Windows\system32\ADVAPI32.dll
0x00007ffdca720000 - 0x00007ffdca72a000 	C:\Windows\SYSTEM32\VERSION.dll
0x00007ffdd3220000 - 0x00007ffdd3279000 	C:\Windows\SYSTEM32\sechost.dll
0x00007ffdd28b0000 - 0x00007ffdd29f1000 	C:\Windows\system32\RPCRT4.dll
0x00007ffdcf2c0000 - 0x00007ffdcf3e9000 	C:\Windows\system32\uxtheme.dll
0x00007ffdd2170000 - 0x00007ffdd2381000 	C:\Windows\SYSTEM32\combase.dll
0x0000000059100000 - 0x0000000059989000 	C:\Xilinx\SDK\2016.2\tps\win64\jre\bin\server\jvm.dll
0x00007ffdcd720000 - 0x00007ffdcd729000 	C:\Windows\SYSTEM32\WSOCK32.dll
0x00007ffdce240000 - 0x00007ffdce262000 	C:\Windows\SYSTEM32\WINMM.dll
0x00007ffdd28a0000 - 0x00007ffdd28a7000 	C:\Windows\system32\PSAPI.DLL
0x000000005ac10000 - 0x000000005ace2000 	C:\Windows\SYSTEM32\MSVCR100.dll
0x00007ffdd3350000 - 0x00007ffdd33aa000 	C:\Windows\system32\WS2_32.dll
0x00007ffdce080000 - 0x00007ffdce0aa000 	C:\Windows\SYSTEM32\WINMMBASE.dll
0x00007ffdd2390000 - 0x00007ffdd2399000 	C:\Windows\system32\NSI.dll
0x00007ffdd0790000 - 0x00007ffdd07df000 	C:\Windows\SYSTEM32\cfgmgr32.dll
0x00007ffdcf470000 - 0x00007ffdcf498000 	C:\Windows\SYSTEM32\DEVOBJ.dll
0x0000000058fc0000 - 0x0000000058fcf000 	C:\Xilinx\SDK\2016.2\tps\win64\jre\bin\verify.dll
0x0000000058f90000 - 0x0000000058fb9000 	C:\Xilinx\SDK\2016.2\tps\win64\jre\bin\java.dll
0x0000000058f70000 - 0x0000000058f86000 	C:\Xilinx\SDK\2016.2\tps\win64\jre\bin\zip.dll
0x00007ffdd0b90000 - 0x00007ffdd20bb000 	C:\Windows\system32\SHELL32.dll
0x00007ffdd2c80000 - 0x00007ffdd2cd4000 	C:\Windows\system32\SHLWAPI.dll
0x00007ffdcebc0000 - 0x00007ffdcec72000 	C:\Windows\SYSTEM32\SHCORE.dll
0x00007ffdd0660000 - 0x00007ffdd0675000 	C:\Windows\SYSTEM32\profapi.dll
0x00007ffdcff40000 - 0x00007ffdcff60000 	C:\Windows\SYSTEM32\CRYPTSP.dll
0x00007ffdcfb00000 - 0x00007ffdcfb36000 	C:\Windows\system32\rsaenh.dll
0x00007ffdd0140000 - 0x00007ffdd0166000 	C:\Windows\SYSTEM32\bcrypt.dll
0x00007ffdcff10000 - 0x00007ffdcff31000 	C:\Windows\SYSTEM32\USERENV.dll
0x00007ffdd04c0000 - 0x00007ffdd0523000 	C:\Windows\system32\bcryptprimitives.dll
0x00007ffdd0530000 - 0x00007ffdd053b000 	C:\Windows\SYSTEM32\CRYPTBASE.dll
0x0000000058f50000 - 0x0000000058f6a000 	C:\Xilinx\SDK\2016.2\tps\win64\jre\bin\net.dll
0x00007ffdcfe90000 - 0x00007ffdcfee9000 	C:\Windows\system32\mswsock.dll
0x00007ffdcc4d0000 - 0x00007ffdcc4fa000 	C:\Windows\SYSTEM32\IPHLPAPI.DLL
0x00007ffdcc4b0000 - 0x00007ffdcc4ba000 	C:\Windows\SYSTEM32\WINNSI.DLL
0x00007ffdcc240000 - 0x00007ffdcc256000 	C:\Windows\SYSTEM32\dhcpcsvc6.DLL
0x00007ffdcc210000 - 0x00007ffdcc22a000 	C:\Windows\SYSTEM32\dhcpcsvc.DLL
0x0000000058f30000 - 0x0000000058f41000 	C:\Xilinx\SDK\2016.2\tps\win64\jre\bin\nio.dll
0x00007ffdd2580000 - 0x00007ffdd2714000 	C:\Windows\system32\ole32.dll
0x00007ffdcf4a0000 - 0x00007ffdcf4ab000 	C:\Windows\SYSTEM32\kernel.appcore.dll
0x00007ffdc1650000 - 0x00007ffdc1665000 	C:\Windows\system32\napinsp.dll
0x00007ffdc1680000 - 0x00007ffdc169a000 	C:\Windows\system32\pnrpnsp.dll
0x00007ffdccec0000 - 0x00007ffdccedb000 	C:\Windows\system32\NLAapi.dll
0x00007ffdcfc40000 - 0x00007ffdcfce4000 	C:\Windows\SYSTEM32\DNSAPI.dll
0x00007ffdc18b0000 - 0x00007ffdc18bd000 	C:\Windows\System32\winrnr.dll
0x00007ffdc16a0000 - 0x00007ffdc16b4000 	C:\Windows\system32\wshbth.dll
0x0000000063560000 - 0x0000000063569000 	C:\Program Files\National Instruments\Shared\mDNS Responder\nimdnsNSP.dll
0x0000000063550000 - 0x000000006355c000 	C:\Windows\SYSTEM32\nimdnsResponder.dll
0x000000005af50000 - 0x000000005aff3000 	C:\Windows\WinSxS\amd64_microsoft.vc90.crt_1fc8b3b9a1e18e3b_9.0.30729.8387_none_08e793bfa83a89b5\MSVCR90.dll
0x00007ffdc2740000 - 0x00007ffdc274a000 	C:\Windows\System32\rasadhlp.dll
0x00007ffdcc260000 - 0x00007ffdcc2cb000 	C:\Windows\System32\fwpuclnt.dll
0x00007ffdd2ce0000 - 0x00007ffdd2d96000 	C:\Windows\SYSTEM32\clbcatq.dll
0x0000000017fc0000 - 0x0000000018068000 	C:\Users\Han Beul\.Xilinx\SDK\2016.2\org.eclipse.osgi\312\0\.cp\swt-win32-4527.dll
0x00007ffdd2a00000 - 0x00007ffdd2ac1000 	C:\Windows\system32\OLEAUT32.dll
0x00007ffdd3290000 - 0x00007ffdd3346000 	C:\Windows\system32\comdlg32.dll
0x00007ffdbf6b0000 - 0x00007ffdbf732000 	C:\Windows\SYSTEM32\WINSPOOL.DRV
0x00007ffdcb8b0000 - 0x00007ffdcb8c6000 	C:\Windows\SYSTEM32\USP10.dll
0x00007ffdcac20000 - 0x00007ffdcae89000 	C:\Windows\SYSTEM32\WININET.dll
0x00007ffdd07e0000 - 0x00007ffdd09bf000 	C:\Windows\system32\CRYPT32.dll
0x00007ffdca950000 - 0x00007ffdcac17000 	C:\Windows\SYSTEM32\iertutil.dll
0x00007ffdd0710000 - 0x00007ffdd0721000 	C:\Windows\system32\MSASN1.dll
0x00007ffdce9c0000 - 0x00007ffdce9e1000 	C:\Windows\system32\dwmapi.dll
0x00007ffdcc650000 - 0x00007ffdcc7cf000 	C:\Windows\SYSTEM32\propsys.dll
0x00000000022e0000 - 0x00000000022fe000 	C:\Users\Han Beul\.Xilinx\SDK\2016.2\org.eclipse.osgi\312\0\.cp\swt-gdip-win32-4527.dll
0x00007ffdbf390000 - 0x00007ffdbf540000 	C:\Windows\WinSxS\amd64_microsoft.windows.gdiplus_6595b64144ccf1df_1.1.9600.17415_none_932b3b5547500489\gdiplus.dll
0x00007ffdce810000 - 0x00007ffdce9be000 	C:\Windows\SYSTEM32\WindowsCodecs.dll
0x0000000180000000 - 0x0000000180012000 	C:\Users\Han Beul\.Xilinx\SDK\2016.2\org.eclipse.osgi\126\0\.cp\os\win32\x86_64\localfile_1_0_0.dll
0x00007ffdcd6b0000 - 0x00007ffdcd71a000 	C:\Windows\SYSTEM32\oleacc.dll
0x00007ffdcb770000 - 0x00007ffdcb777000 	C:\Windows\SYSTEM32\msimg32.dll
0x00007ffdcd850000 - 0x00007ffdcda3c000 	C:\Windows\SYSTEM32\DWrite.dll
0x00007ffdcb8a0000 - 0x00007ffdcb8aa000 	C:\Xilinx\SDK\2016.2\lib\win64.o\librdi_jtag_settings.dll
0x00007ffdcb2e0000 - 0x00007ffdcb309000 	C:\Xilinx\SDK\2016.2\lib\win64.o\librdi_debug_dialog.dll
0x00007ffdca870000 - 0x00007ffdca917000 	C:\Windows\SYSTEM32\MSVCP110.dll
0x00007ffdca790000 - 0x00007ffdca864000 	C:\Windows\SYSTEM32\MSVCR110.dll
0x00007ffdc5980000 - 0x00007ffdc59a4000 	C:\Xilinx\SDK\2016.2\lib\win64.o\libboost_filesystem.dll
0x00007ffd8f310000 - 0x00007ffd8fd50000 	C:\Xilinx\SDK\2016.2\lib\win64.o\librdi_common.dll
0x00007ffd8f110000 - 0x00007ffd8f302000 	C:\Xilinx\SDK\2016.2\lib\win64.o\librdi_hsm.dll
0x00007ffdcb2d0000 - 0x00007ffdcb2d9000 	C:\Xilinx\SDK\2016.2\lib\win64.o\libboost_system.dll
0x00007ffd8eda0000 - 0x00007ffd8f10e000 	C:\Xilinx\SDK\2016.2\lib\win64.o\libCOIN-all.dll
0x00007ffd8eb80000 - 0x00007ffd8ed9f000 	C:\Xilinx\SDK\2016.2\lib\win64.o\libXil_lmgr11.dll
0x00007ffdcb2c0000 - 0x00007ffdcb2d0000 	C:\Xilinx\SDK\2016.2\lib\win64.o\libboost_date_time.dll
0x00007ffdc45b0000 - 0x00007ffdc4627000 	C:\Xilinx\SDK\2016.2\lib\win64.o\libboost_program_options.dll
0x00007ffdc18e0000 - 0x00007ffdc19e6000 	C:\Xilinx\SDK\2016.2\lib\win64.o\libboost_regex.dll
0x00007ffdc5960000 - 0x00007ffdc5973000 	C:\Xilinx\SDK\2016.2\lib\win64.o\libboost_signals.dll
0x00007ffdc4a20000 - 0x00007ffdc4a3d000 	C:\Xilinx\SDK\2016.2\lib\win64.o\libboost_thread.dll
0x00007ffdc9c10000 - 0x00007ffdc9c1b000 	C:\Xilinx\SDK\2016.2\lib\win64.o\libboost_xilinx.dll
0x00007ffdc0b00000 - 0x00007ffdc0b80000 	C:\Xilinx\SDK\2016.2\lib\win64.o\libhdlpsolve.dll
0x00007ffdb9420000 - 0x00007ffdb94ba000 	C:\Xilinx\SDK\2016.2\lib\win64.o\libhdxml.dll
0x00007ffd8dc50000 - 0x00007ffd8e0b5e00 	C:\Xilinx\SDK\2016.2\lib\win64.o\libisl_iostreams.dll
0x00007ffdc46d0000 - 0x00007ffdc46fa000 	C:\Xilinx\SDK\2016.2\lib\win64.o\libisl_sysinfo.dll
0x00007ffdc4a00000 - 0x00007ffdc4a15000 	C:\Xilinx\SDK\2016.2\lib\win64.o\pthreadVC2.dll
0x00007ffdc3260000 - 0x00007ffdc32b4000 	C:\Xilinx\SDK\2016.2\lib\win64.o\librdi_commonxillic.dll
0x00007ffdb8cf0000 - 0x00007ffdb8e20000 	C:\Xilinx\SDK\2016.2\lib\win64.o\librdi_curl.dll
0x00007ffdc2e40000 - 0x00007ffdc2e58000 	C:\Xilinx\SDK\2016.2\lib\win64.o\librdiconfig.dll
0x00007ffdc2e10000 - 0x00007ffdc2e33000 	C:\Xilinx\SDK\2016.2\lib\win64.o\librdizlib.dll
0x0000000058fd0000 - 0x00000000590f7000 	C:\Xilinx\SDK\2016.2\lib\win64.o\tcl85t.dll
0x0000000022480000 - 0x00000000226e3000 	C:\Xilinx\SDK\2016.2\lib\win64.o\xerces-c_3_1.dll
0x00007ffdc9d40000 - 0x00007ffdc9e09000 	C:\Windows\SYSTEM32\WINHTTP.dll
0x00007ffdca470000 - 0x00007ffdca5f5000 	C:\Windows\SYSTEM32\urlmon.dll
0x00007ffdc9330000 - 0x00007ffdc9353000 	C:\Windows\SYSTEM32\VCOMP110.DLL
0x00007ffdc0ab0000 - 0x00007ffdc0af3000 	C:\Xilinx\SDK\2016.2\lib\win64.o\librdi_hdf.dll
0x00007ffd8d9c0000 - 0x00007ffd8dc41000 	C:\Xilinx\SDK\2016.2\lib\win64.o\librdi_ippcw.dll
0x00007ffdccd10000 - 0x00007ffdccd26000 	C:\Windows\SYSTEM32\NETAPI32.dll
0x00007ffdd0730000 - 0x00007ffdd0781000 	C:\Windows\system32\WINTRUST.dll
0x00007ffdc90b0000 - 0x00007ffdc90bb000 	C:\Xilinx\SDK\2016.2\lib\win64.o\libboost_chrono.dll
0x00007ffdc1b60000 - 0x00007ffdc1b76000 	C:\Xilinx\SDK\2016.2\lib\win64.o\libboost_iostreams.dll
0x00007ffdc11d0000 - 0x00007ffdc11f3000 	C:\Xilinx\SDK\2016.2\lib\win64.o\libisl_iosutils.dll
0x00007ffdd00c0000 - 0x00007ffdd00cc000 	C:\Windows\SYSTEM32\netutils.dll
0x00007ffdd02a0000 - 0x00007ffdd02c6000 	C:\Windows\SYSTEM32\srvcli.dll
0x00007ffdccca0000 - 0x00007ffdcccb7000 	C:\Windows\SYSTEM32\wkscli.dll
0x00007ffdc80b0000 - 0x00007ffdc80b8000 	C:\Xilinx\SDK\2016.2\lib\win64.o\librdi_target_manager.dll
0x00007ffdbd0f0000 - 0x00007ffdbd101000 	C:\Users\Han Beul\.Xilinx\SDK\2016.2\org.eclipse.osgi\129\0\.cp\jWinHttp-1.0.0.dll
0x00007ffdc7c90000 - 0x00007ffdc7c9f000 	C:\Xilinx\SDK\2016.2\lib\win64.o\librdi_repo_manager.dll
0x00007ffdc4690000 - 0x00007ffdc46a6000 	C:\Xilinx\SDK\2016.2\eclipse\win64.o\plugins\org.eclipse.cdt.core.win32.x86_64_5.4.0.201509131935\os\win32\x86_64\spawner.dll
0x00007ffd8b820000 - 0x00007ffd8c030000 	C:\Xilinx\SDK\2016.2\lib\win64.o\libXil_lmgr11FNP.dll
0x00007ffdc8430000 - 0x00007ffdc843c000 	C:\Windows\SYSTEM32\snmpapi.dll
0x00007ffdd23a0000 - 0x00007ffdd257a000 	C:\Windows\system32\SETUPAPI.dll
0x00007ffdd0490000 - 0x00007ffdd04be000 	C:\Windows\SYSTEM32\SspiCli.dll
0x00007ffdcb8d0000 - 0x00007ffdcb8d3000 	C:\Windows\SYSTEM32\icmp.Dll

VM Arguments:
jvm_args: -Dcom.xilinx.sdk.args.hwspec=C:/lab2_pwm/hw1_zybo.sdk/design_1_wrapper.hdf -Xms64m -Xmx512m & 
java_command: <unknown>
java_class_path (initial): C:\Xilinx\SDK\2016.2\eclipse\win64.o\\plugins/org.eclipse.equinox.launcher_1.3.100.v20150511-1540.jar
Launcher Type: generic

Environment Variables:
PATH=C:/Xilinx/SDK/2016.2/tps/win64/jre/bin/server;C:/Xilinx/SDK/2016.2/tps/win64/jre/bin;C:/Xilinx/SDK/2016.2/tps/win64/jre/lib/amd64;C:\Xilinx\SDK\2016.2\gnuwin\bin;C:\Xilinx\SDK\2016.2\gnu\microblaze\nt\bin;C:\Xilinx\SDK\2016.2\gnu\microblaze\linux_toolchain\nt64_le\bin;C:\Xilinx\SDK\2016.2\gnu\microblaze\linux_toolchain\nt64_be\bin;C:\Xilinx\SDK\2016.2\gnu\arm\nt\bin;C:\Xilinx\SDK\2016.2\gnu\aarch64\nt\aarch64-none\bin;C:\Xilinx\SDK\2016.2\gnu\aarch64\nt\aarch64-linux\bin;C:\Xilinx\SDK\2016.2\gnu\armr5\nt\gcc-arm-none-eabi\bin;C:\Xilinx\SDK\2016.2\gnu\aarch32\nt\gcc-arm-none-eabi\bin;C:\Xilinx\SDK\2016.2\gnu\aarch32\nt\gcc-arm-linux-gnueabi\bin;C:\Xilinx\SDK\2016.2\tps\win64\cmake-3.3.2\bin;;C:\Xilinx\SDK\2016.2\bin;C:\Xilinx\SDK\2016.2\lib\win64.o;C:\Xilinx\SDK\2016.2\tps\win64\jre\bin\server;C:\Xilinx\SDK\2016.2\tps\win64\jre\bin;C:\Xilinx\Vivado\2016.2\ids_lite\ISE\bin\nt64;C:\Xilinx\Vivado\2016.2\ids_lite\ISE\lib\nt64;C:\Xilinx\Vivado\2016.2\bin;C:\Xilinx\Vivado\2016.2\lib\win64.o;C:\Xilinx\Vivado\2016.2\tps\win64\jre\bin\server;C:\Xilinx\Vivado\2016.2\tps\win64\jre\bin;C:\Xilinx\Vivado_HLS\2016.2\bin;C:\ProgramData\Oracle\Java\javapath;C:\Windows\system32;C:\Windows;C:\Windows\System32\Wbem;C:\Windows\System32\WindowsPowerShell\v1.0\;C:\Program Files\MATLAB\R2016b\bin;C:\Modeltech_pe_edu_10.4a\win32pe_edu;c:\MinGW\bin;c:\MinGW\msys\1.0\;c:\MinGW\msys\1.0\bin;c:\lab2_pwm;
USERNAME=Han Beul
OS=Windows_NT
PROCESSOR_IDENTIFIER=Intel64 Family 6 Model 70 Stepping 1, GenuineIntel



---------------  S Y S T E M  ---------------

OS: Windows 8.1 , 64 bit Build 9600 (6.3.9600.17415)

CPU:total 4 (4 cores per cpu, 1 threads per core) family 6 model 70 stepping 1, cmov, cx8, fxsr, mmx, sse, sse2, sse3, ssse3, sse4.1, sse4.2, popcnt, avx, avx2, aes, clmul, erms, lzcnt, tsc, tscinvbit, bmi1, bmi2

Memory: 4k page, physical 4193780k(779964k free), swap 5331148k(1592228k free)

vm_info: Java HotSpot(TM) 64-Bit Server VM (25.66-b18) for windows-amd64 JRE (1.8.0_66-b18), built on Nov  9 2015 10:51:13 by "java_re" with MS VC++ 10.0 (VS2010)

time: Mon Dec 05 22:36:10 2016
elapsed time: 542 seconds (0d 0h 9m 2s)

