#
# A fatal error has been detected by the Java Runtime Environment:
#
#  Internal Error (0xc000000d), pid=4228, tid=2064
#
# JRE version: Java(TM) SE Runtime Environment (8.0_66-b18) (build 1.8.0_66-b18)
# Java VM: Java HotSpot(TM) 64-Bit Server VM (25.66-b18 mixed mode windows-amd64 compressed oops)
# Problematic frame:
# C  [ntdll.dll+0x1021c0]
#
# Failed to write core dump. Minidumps are not enabled by default on client versions of Windows
#
# If you would like to submit a bug report, please visit:
#   http://bugreport.java.com/bugreport/crash.jsp
#

---------------  T H R E A D  ---------------

Current thread (0x0000000013637000):  VMThread [stack: 0x00000000146c0000,0x00000000147c0000] [id=2064]

siginfo: ExceptionCode=0xc000000d

Registers:
RAX=0x00000000147bee60, RBX=0xfffffffffffffffe, RCX=0x00000000147bee60, RDX=0x00000000147bee60
RSP=0x00000000147bf3b0, RBP=0x00007ffdca797408, RSI=0x0000000000000000, RDI=0x0000000000000750
R8 =0x0000000000000000, R9 =0x0000000000000000, R10=0x00000000147bf4e8, R11=0x0000000000000000
R12=0x0000000023d37800, R13=0x000000000029e460, R14=0x0000000023d37908, R15=0x00000000147bf528
RIP=0x00007ffdd36121c0, EFLAGS=0x0000000000000202

Top of Stack: (sp=0x00000000147bf3b0)
0x00000000147bf3b0:   0000000000000000 fffffffffffffffe
0x00000000147bf3c0:   0000000000000000 0000000000000750
0x00000000147bf3d0:   00000000c000000d 0000000000000000
0x00000000147bf3e0:   00007ffdd36121c0 0000000000000000
0x00000000147bf3f0:   0000000000000000 0000000000000000
0x00000000147bf400:   0000000000000000 0000000000000000
0x00000000147bf410:   0000000000000000 0000000000000000
0x00000000147bf420:   0000000000000000 0000000000000000
0x00000000147bf430:   0000000000000000 0000000000000000
0x00000000147bf440:   0000000000000000 0000000000000000
0x00000000147bf450:   0000000000000000 0000000000000000
0x00000000147bf460:   0000000000000000 0000000000000013
0x00000000147bf470:   0000ff8d06284d14 0000000000000000
0x00000000147bf480:   0000000000000120 00007ffdd35b47f9
0x00000000147bf490:   0000000000170000 0000000000000000
0x00000000147bf4a0:   0000000000000120 0000000000000000 

Instructions: (pc=0x00007ffdd36121c0)
0x00007ffdd36121a0:   2f f9 ff c7 44 24 20 0d 00 00 c0 b9 57 00 00 00
0x00007ffdd36121b0:   e8 2b f0 f4 ff 90 48 8d 4c 24 20 e8 70 17 f5 ff
0x00007ffdd36121c0:   eb 00 48 8b 8c 24 c0 00 00 00 48 33 cc e8 ce 03
0x00007ffdd36121d0:   f8 ff 48 81 c4 d8 00 00 00 c3 40 55 48 83 ec 20 


Register to memory mapping:

RAX=0x00000000147bee60 is an unknown value
RBX=0xfffffffffffffffe is an unknown value
RCX=0x00000000147bee60 is an unknown value
RDX=0x00000000147bee60 is an unknown value
RSP=0x00000000147bf3b0 is an unknown value
RBP=0x00007ffdca797408 is an unknown value
RSI=0x0000000000000000 is an unknown value
RDI=0x0000000000000750 is an unknown value
R8 =0x0000000000000000 is an unknown value
R9 =0x0000000000000000 is an unknown value
R10=0x00000000147bf4e8 is an unknown value
R11=0x0000000000000000 is an unknown value
R12=0x0000000023d37800 is an unknown value
R13=0x000000000029e460 is an unknown value
R14=0x0000000023d37908 is an unknown value
R15=0x00000000147bf528 is an unknown value


Stack: [0x00000000146c0000,0x00000000147c0000],  sp=0x00000000147bf3b0,  free space=1020k
Native frames: (J=compiled Java code, j=interpreted, Vv=VM code, C=native code)
C  [ntdll.dll+0x1021c0]
C  [ntdll.dll+0xa47f9]
C  [KERNEL32.DLL+0x399a]
C  [MSVCR110.dll+0x752d]
C  [MSVCR110.dll+0x73c6]
C  [MSVCR110.dll+0x14cca]
C  [MSVCR110.dll+0x13edc]
C  [MSVCR110.dll+0x239e]
C  [MSVCR110.dll+0xaf9e]
C  [MSVCP110.dll+0x397b9]
C  [librdi_common.dll+0x182316]
C  [librdi_common.dll+0x180fab]
C  [librdi_target_manager.dll+0x2400]
C  [librdi_target_manager.dll+0x2682]
C  [ntdll.dll+0x1c334]
C  [ntdll.dll+0x1b742]
C  [ntdll.dll+0x18448]
C  [KERNEL32.DLL+0x516a]
C  [MSVCR100.dll+0x20ccd]
V  [jvm.dll+0x210cc5]
V  [jvm.dll+0x249897]
V  [jvm.dll+0x248b36]
V  [jvm.dll+0x248fd1]
V  [jvm.dll+0x2491ee]
V  [jvm.dll+0x29a0fa]
C  [MSVCR100.dll+0x21d9f]
C  [MSVCR100.dll+0x21e3b]
C  [KERNEL32.DLL+0x13d2]
C  [ntdll.dll+0x15454]

VM_Operation (0x000000000013f4c0): Exit, mode: safepoint, requested by thread 0x00000000022fe000


---------------  P R O C E S S  ---------------

Java Threads: ( => current thread )
  0x000000001e532000 JavaThread "Thread-1" [_thread_blocked, id=1892, stack(0x0000000016050000,0x0000000016150000)]
  0x000000001e530000 JavaThread "pool-1-thread-1" [_thread_blocked, id=4536, stack(0x000000001ba60000,0x000000001bb60000)]
  0x000000001e539000 JavaThread "Set STDIO Tab defaults" [_thread_blocked, id=3468, stack(0x00000000279f0000,0x0000000027af0000)]
  0x000000001e535000 JavaThread "Set STDIO Tab defaults" [_thread_blocked, id=4852, stack(0x00000000278f0000,0x00000000279f0000)]
  0x000000001e530800 JavaThread "TCF Channel Transmitter" daemon [_thread_blocked, id=3688, stack(0x0000000026f20000,0x0000000027020000)]
  0x000000001e533800 JavaThread "TCF Channel Receiver" daemon [_thread_in_native, id=3956, stack(0x0000000026e20000,0x0000000026f20000)]
  0x0000000016fb6800 JavaThread "Process monitor" daemon [_thread_in_native, id=4596, stack(0x0000000026620000,0x0000000026720000)]
  0x0000000016fb2800 JavaThread "Input Stream Monitor" daemon [_thread_blocked, id=1464, stack(0x0000000026520000,0x0000000026620000)]
  0x0000000016fb5000 JavaThread "Output Stream Monitor" daemon [_thread_in_native, id=3364, stack(0x0000000026420000,0x0000000026520000)]
  0x0000000016fb5800 JavaThread "Output Stream Monitor" daemon [_thread_in_native, id=3144, stack(0x0000000026320000,0x0000000026420000)]
  0x0000000016faf000 JavaThread "Thread-12" daemon [_thread_blocked, id=3748, stack(0x00000000238a0000,0x00000000239a0000)]
  0x0000000016fa8000 JavaThread "TCF Locator DNS Lookup" daemon [_thread_blocked, id=4700, stack(0x0000000021f60000,0x0000000022060000)]
  0x0000000016fa9000 JavaThread "TCF Locator Timer" daemon [_thread_blocked, id=368, stack(0x0000000021e60000,0x0000000021f60000)]
  0x0000000015cd8000 JavaThread "TCF Locator Receiver" daemon [_thread_in_native, id=4856, stack(0x0000000021d60000,0x0000000021e60000)]
  0x0000000015cd5800 JavaThread "TCF Timer Dispatcher" daemon [_thread_blocked, id=2356, stack(0x0000000021b60000,0x0000000021c60000)]
  0x0000000015cd2000 JavaThread "EMF Reference Cleaner" daemon [_thread_blocked, id=3008, stack(0x0000000017d20000,0x0000000017e20000)]
  0x00000000136ce800 JavaThread "Service Thread" daemon [_thread_blocked, id=4148, stack(0x00000000153a0000,0x00000000154a0000)]
  0x0000000013679000 JavaThread "C1 CompilerThread2" daemon [_thread_blocked, id=612, stack(0x0000000014ea0000,0x0000000014fa0000)]
  0x0000000013672000 JavaThread "C2 CompilerThread1" daemon [_thread_blocked, id=4104, stack(0x0000000014da0000,0x0000000014ea0000)]
  0x000000001366e800 JavaThread "C2 CompilerThread0" daemon [_thread_blocked, id=3988, stack(0x0000000014ca0000,0x0000000014da0000)]
  0x000000001366c000 JavaThread "Attach Listener" daemon [_thread_blocked, id=744, stack(0x0000000014ba0000,0x0000000014ca0000)]
  0x000000001366b000 JavaThread "Signal Dispatcher" daemon [_thread_blocked, id=2832, stack(0x0000000014aa0000,0x0000000014ba0000)]
  0x0000000002217000 JavaThread "Finalizer" daemon [_thread_blocked, id=2964, stack(0x00000000148c0000,0x00000000149c0000)]
  0x000000000220e800 JavaThread "Reference Handler" daemon [_thread_blocked, id=3900, stack(0x00000000147c0000,0x00000000148c0000)]
  0x00000000022fe000 JavaThread "main" [_thread_blocked, id=4736, stack(0x0000000000040000,0x0000000000140000)]

Other Threads:
=>0x0000000013637000 VMThread [stack: 0x00000000146c0000,0x00000000147c0000] [id=2064]

VM state:at safepoint (shutting down)

VM Mutex/Monitor currently owned by a thread:  ([mutex/lock_event])
[0x00000000022fd8a0] Threads_lock - owner thread: 0x0000000013637000

Heap:
 PSYoungGen      total 138240K, used 62730K [0x00000000f5580000, 0x0000000100000000, 0x0000000100000000)
  eden space 108032K, 35% used [0x00000000f5580000,0x00000000f7b22e80,0x00000000fbf00000)
  from space 30208K, 80% used [0x00000000fe280000,0x00000000ffa1fd30,0x0000000100000000)
  to   space 33280K, 0% used [0x00000000fbf00000,0x00000000fbf00000,0x00000000fdf80000)
 ParOldGen       total 118272K, used 42185K [0x00000000e0000000, 0x00000000e7380000, 0x00000000f5580000)
  object space 118272K, 35% used [0x00000000e0000000,0x00000000e2932710,0x00000000e7380000)
 Metaspace       used 80695K, capacity 87230K, committed 87336K, reserved 1124352K
  class space    used 9757K, capacity 12062K, committed 12080K, reserved 1048576K

Card table byte_map: [0x00000000116c0000,0x00000000117d0000] byte_map_base: 0x0000000010fc0000

Marking Bits: (ParMarkBitMap*) 0x000000005990a5b0
 Begin Bits: [0x0000000011bd0000, 0x00000000123d0000)
 End Bits:   [0x00000000123d0000, 0x0000000012bd0000)

Polling page: 0x00000000003c0000

CodeCache: size=245760Kb used=27188Kb max_used=27665Kb free=218571Kb
 bounds [0x0000000002300000, 0x0000000003e40000, 0x0000000011300000]
 total_blobs=8415 nmethods=7523 adapters=800
 compilation: enabled

Compilation events (10 events):
Event: 124.252 Thread 0x0000000013679000 nmethod 9175 0x00000000024aa950 code [0x00000000024aaac0, 0x00000000024aac48]
Event: 124.252 Thread 0x0000000013679000 9176       3       org.eclipse.osgi.container.ModuleWiring::invalidate0 (52 bytes)
Event: 124.252 Thread 0x0000000013679000 nmethod 9176 0x000000000274e410 code [0x000000000274e5c0, 0x000000000274ef68]
Event: 124.252 Thread 0x0000000013679000 9177       3       org.eclipse.osgi.internal.container.AtomicLazyInitializer::getAndClear (9 bytes)
Event: 124.252 Thread 0x0000000013679000 nmethod 9177 0x000000000312edd0 code [0x000000000312ef40, 0x000000000312f190]
Event: 124.252 Thread 0x0000000013679000 9178       3       java.util.concurrent.atomic.AtomicReference::getAndSet (12 bytes)
Event: 124.252 Thread 0x0000000013679000 nmethod 9178 0x0000000002cd51d0 code [0x0000000002cd5320, 0x0000000002cd5490]
Event: 124.252 Thread 0x0000000013679000 9179       3       sun.misc.Unsafe::getAndSetObject (24 bytes)
Event: 124.252 Thread 0x0000000013679000 nmethod 9179 0x00000000037083d0 code [0x0000000003708540, 0x0000000003708750]
Event: 124.252 Thread 0x0000000013679000 9180       3       org.eclipse.osgi.internal.framework.EquinoxContainerAdaptor::invalidateWiring (186 bytes)

GC Heap History (10 events):
Event: 5.831 GC heap before
{Heap before GC invocations=9 (full 2):
 PSYoungGen      total 113664K, used 93696K [0x00000000f5580000, 0x00000000fd900000, 0x0000000100000000)
  eden space 93696K, 100% used [0x00000000f5580000,0x00000000fb100000,0x00000000fb100000)
  from space 19968K, 0% used [0x00000000fc580000,0x00000000fc580000,0x00000000fd900000)
  to   space 20480K, 0% used [0x00000000fb100000,0x00000000fb100000,0x00000000fc500000)
 ParOldGen       total 95232K, used 34904K [0x00000000e0000000, 0x00000000e5d00000, 0x00000000f5580000)
  object space 95232K, 36% used [0x00000000e0000000,0x00000000e22161a8,0x00000000e5d00000)
 Metaspace       used 50766K, capacity 54866K, committed 55080K, reserved 1097728K
  class space    used 6117K, capacity 7449K, committed 7472K, reserved 1048576K
Event: 5.852 GC heap after
Heap after GC invocations=9 (full 2):
 PSYoungGen      total 114176K, used 20467K [0x00000000f5580000, 0x0000000100000000, 0x0000000100000000)
  eden space 93696K, 0% used [0x00000000f5580000,0x00000000f5580000,0x00000000fb100000)
  from space 20480K, 99% used [0x00000000fb100000,0x00000000fc4fcd68,0x00000000fc500000)
  to   space 27136K, 0% used [0x00000000fe580000,0x00000000fe580000,0x0000000100000000)
 ParOldGen       total 95232K, used 40277K [0x00000000e0000000, 0x00000000e5d00000, 0x00000000f5580000)
  object space 95232K, 42% used [0x00000000e0000000,0x00000000e27556d8,0x00000000e5d00000)
 Metaspace       used 50766K, capacity 54866K, committed 55080K, reserved 1097728K
  class space    used 6117K, capacity 7449K, committed 7472K, reserved 1048576K
}
Event: 6.520 GC heap before
{Heap before GC invocations=10 (full 2):
 PSYoungGen      total 114176K, used 43912K [0x00000000f5580000, 0x0000000100000000, 0x0000000100000000)
  eden space 93696K, 25% used [0x00000000f5580000,0x00000000f6c65320,0x00000000fb100000)
  from space 20480K, 99% used [0x00000000fb100000,0x00000000fc4fcd68,0x00000000fc500000)
  to   space 27136K, 0% used [0x00000000fe580000,0x00000000fe580000,0x0000000100000000)
 ParOldGen       total 95232K, used 40277K [0x00000000e0000000, 0x00000000e5d00000, 0x00000000f5580000)
  object space 95232K, 42% used [0x00000000e0000000,0x00000000e27556d8,0x00000000e5d00000)
 Metaspace       used 55002K, capacity 59080K, committed 59160K, reserved 1099776K
  class space    used 6702K, capacity 8080K, committed 8112K, reserved 1048576K
Event: 6.535 GC heap after
Heap after GC invocations=10 (full 2):
 PSYoungGen      total 146432K, used 16841K [0x00000000f5580000, 0x0000000100000000, 0x0000000100000000)
  eden space 119296K, 0% used [0x00000000f5580000,0x00000000f5580000,0x00000000fca00000)
  from space 27136K, 62% used [0x00000000fe580000,0x00000000ff5f27f8,0x0000000100000000)
  to   space 27648K, 0% used [0x00000000fca00000,0x00000000fca00000,0x00000000fe500000)
 ParOldGen       total 95232K, used 40285K [0x00000000e0000000, 0x00000000e5d00000, 0x00000000f5580000)
  object space 95232K, 42% used [0x00000000e0000000,0x00000000e27576d8,0x00000000e5d00000)
 Metaspace       used 55002K, capacity 59080K, committed 59160K, reserved 1099776K
  class space    used 6702K, capacity 8080K, committed 8112K, reserved 1048576K
}
Event: 6.535 GC heap before
{Heap before GC invocations=11 (full 3):
 PSYoungGen      total 146432K, used 16841K [0x00000000f5580000, 0x0000000100000000, 0x0000000100000000)
  eden space 119296K, 0% used [0x00000000f5580000,0x00000000f5580000,0x00000000fca00000)
  from space 27136K, 62% used [0x00000000fe580000,0x00000000ff5f27f8,0x0000000100000000)
  to   space 27648K, 0% used [0x00000000fca00000,0x00000000fca00000,0x00000000fe500000)
 ParOldGen       total 95232K, used 40285K [0x00000000e0000000, 0x00000000e5d00000, 0x00000000f5580000)
  object space 95232K, 42% used [0x00000000e0000000,0x00000000e27576d8,0x00000000e5d00000)
 Metaspace       used 55002K, capacity 59080K, committed 59160K, reserved 1099776K
  class space    used 6702K, capacity 8080K, committed 8112K, reserved 1048576K
Event: 6.743 GC heap after
Heap after GC invocations=11 (full 3):
 PSYoungGen      total 146432K, used 0K [0x00000000f5580000, 0x0000000100000000, 0x0000000100000000)
  eden space 119296K, 0% used [0x00000000f5580000,0x00000000f5580000,0x00000000fca00000)
  from space 27136K, 0% used [0x00000000fe580000,0x00000000fe580000,0x0000000100000000)
  to   space 27648K, 0% used [0x00000000fca00000,0x00000000fca00000,0x00000000fe500000)
 ParOldGen       total 118272K, used 42169K [0x00000000e0000000, 0x00000000e7380000, 0x00000000f5580000)
  object space 118272K, 35% used [0x00000000e0000000,0x00000000e292e710,0x00000000e7380000)
 Metaspace       used 55002K, capacity 59080K, committed 59160K, reserved 1099776K
  class space    used 6702K, capacity 8080K, committed 8112K, reserved 1048576K
}
Event: 9.788 GC heap before
{Heap before GC invocations=12 (full 3):
 PSYoungGen      total 146432K, used 119296K [0x00000000f5580000, 0x0000000100000000, 0x0000000100000000)
  eden space 119296K, 100% used [0x00000000f5580000,0x00000000fca00000,0x00000000fca00000)
  from space 27136K, 0% used [0x00000000fe580000,0x00000000fe580000,0x0000000100000000)
  to   space 27648K, 0% used [0x00000000fca00000,0x00000000fca00000,0x00000000fe500000)
 ParOldGen       total 118272K, used 42169K [0x00000000e0000000, 0x00000000e7380000, 0x00000000f5580000)
  object space 118272K, 35% used [0x00000000e0000000,0x00000000e292e710,0x00000000e7380000)
 Metaspace       used 70435K, capacity 76186K, committed 76328K, reserved 1116160K
  class space    used 8550K, capacity 10483K, committed 10544K, reserved 1048576K
Event: 9.818 GC heap after
Heap after GC invocations=12 (full 3):
 PSYoungGen      total 144384K, used 24743K [0x00000000f5580000, 0x0000000100000000, 0x0000000100000000)
  eden space 119296K, 0% used [0x00000000f5580000,0x00000000f5580000,0x00000000fca00000)
  from space 25088K, 98% used [0x00000000fca00000,0x00000000fe229da0,0x00000000fe280000)
  to   space 30208K, 0% used [0x00000000fe280000,0x00000000fe280000,0x0000000100000000)
 ParOldGen       total 118272K, used 42177K [0x00000000e0000000, 0x00000000e7380000, 0x00000000f5580000)
  object space 118272K, 35% used [0x00000000e0000000,0x00000000e2930710,0x00000000e7380000)
 Metaspace       used 70435K, capacity 76186K, committed 76328K, reserved 1116160K
  class space    used 8550K, capacity 10483K, committed 10544K, reserved 1048576K
}
Event: 98.328 GC heap before
{Heap before GC invocations=13 (full 3):
 PSYoungGen      total 144384K, used 144039K [0x00000000f5580000, 0x0000000100000000, 0x0000000100000000)
  eden space 119296K, 100% used [0x00000000f5580000,0x00000000fca00000,0x00000000fca00000)
  from space 25088K, 98% used [0x00000000fca00000,0x00000000fe229da0,0x00000000fe280000)
  to   space 30208K, 0% used [0x00000000fe280000,0x00000000fe280000,0x0000000100000000)
 ParOldGen       total 118272K, used 42177K [0x00000000e0000000, 0x00000000e7380000, 0x00000000f5580000)
  object space 118272K, 35% used [0x00000000e0000000,0x00000000e2930710,0x00000000e7380000)
 Metaspace       used 79239K, capacity 85882K, committed 86184K, reserved 1124352K
  class space    used 9611K, capacity 11870K, committed 11952K, reserved 1048576K
Event: 98.352 GC heap after
Heap after GC invocations=13 (full 3):
 PSYoungGen      total 138240K, used 24191K [0x00000000f5580000, 0x0000000100000000, 0x0000000100000000)
  eden space 108032K, 0% used [0x00000000f5580000,0x00000000f5580000,0x00000000fbf00000)
  from space 30208K, 80% used [0x00000000fe280000,0x00000000ffa1fd30,0x0000000100000000)
  to   space 33280K, 0% used [0x00000000fbf00000,0x00000000fbf00000,0x00000000fdf80000)
 ParOldGen       total 118272K, used 42185K [0x00000000e0000000, 0x00000000e7380000, 0x00000000f5580000)
  object space 118272K, 35% used [0x00000000e0000000,0x00000000e2932710,0x00000000e7380000)
 Metaspace       used 79239K, capacity 85882K, committed 86184K, reserved 1124352K
  class space    used 9611K, capacity 11870K, committed 11952K, reserved 1048576K
}

Deoptimization events (10 events):
Event: 123.283 Thread 0x000000001e53a800 Uncommon trap: reason=class_check action=maybe_recompile pc=0x0000000003d3f964 method=org.eclipse.e4.core.internal.contexts.TrackableComputationExt.update(Lorg/eclipse/e4/core/internal/contexts/ContextChangeEvent;)Z @ 62
Event: 123.309 Thread 0x0000000015840800 Uncommon trap: reason=predicate action=maybe_recompile pc=0x0000000003cc607c method=java.util.Arrays.fill([Ljava/lang/Object;Ljava/lang/Object;)V @ 10
Event: 123.319 Thread 0x0000000015840800 Uncommon trap: reason=array_check action=maybe_recompile pc=0x0000000002eae518 method=java.util.Arrays.fill([Ljava/lang/Object;Ljava/lang/Object;)V @ 13
Event: 123.319 Thread 0x0000000015840800 Uncommon trap: reason=array_check action=maybe_recompile pc=0x0000000002eae518 method=java.util.Arrays.fill([Ljava/lang/Object;Ljava/lang/Object;)V @ 13
Event: 123.319 Thread 0x0000000015840800 Uncommon trap: reason=array_check action=maybe_recompile pc=0x0000000002eae518 method=java.util.Arrays.fill([Ljava/lang/Object;Ljava/lang/Object;)V @ 13
Event: 123.319 Thread 0x0000000015840800 Uncommon trap: reason=array_check action=maybe_recompile pc=0x0000000002eae518 method=java.util.Arrays.fill([Ljava/lang/Object;Ljava/lang/Object;)V @ 13
Event: 123.561 Thread 0x0000000016faa800 Uncommon trap: reason=unstable_if action=reinterpret pc=0x000000000247dd24 method=sun.nio.cs.SingleByte$Encoder.encode(C)I @ 13
Event: 124.140 Thread 0x000000001e53a800 Uncommon trap: reason=unstable_if action=reinterpret pc=0x0000000003347dec method=org.eclipse.osgi.internal.hooks.EclipseLazyStarter.shouldActivateFor(Ljava/lang/String;Lorg/eclipse/osgi/container/Module;Lorg/eclipse/osgi/container/ModuleRevision;Lorg/eclii¸QÁ\	_@
Event: 124.146 Thread 0x0000000015840800 Uncommon trap: reason=unstable_if action=reinterpret pc=0x0000000002febd8c method=org.eclipse.osgi.internal.framework.BundleContextImpl.dispatchEvent(Ljava/lang/Object;Ljava/lang/Object;ILjava/lang/Object;)V @ 16
Event: 124.157 Thread 0x000000001e53a800 Uncommon trap: reason=null_check action=maybe_recompile pc=0x0000000003ae825c method=com.xilinx.sdk.targetmanager.internal.json.XMDJSONProcess.issueCommand(Ljava/lang/String;)Lcom/xilinx/sdk/targetmanager/internal/IXMDResult; @ 3

Internal exceptions (10 events):
Event: 55.096 Thread 0x0000000016fb1000 Exception <a 'gnu/io/PortInUseException': Bad file descriptor in open> (0x00000000fbecfee8) thrown at [C:\re\workspace\8-2-build-windows-amd64-cygwin\jdk8u66\5298\hotspot\src\share\vm\prims\jni.cpp, line 735]
Event: 68.583 Thread 0x000000001e539800 Exception <a 'java/io/FileNotFoundException'> (0x00000000fc43f0d0) thrown at [C:\re\workspace\8-2-build-windows-amd64-cygwin\jdk8u66\5298\hotspot\src\share\vm\prims\jni.cpp, line 709]
Event: 73.852 Thread 0x000000001e539800 Exception <a 'java/io/FileNotFoundException'> (0x00000000fc458350) thrown at [C:\re\workspace\8-2-build-windows-amd64-cygwin\jdk8u66\5298\hotspot\src\share\vm\prims\jni.cpp, line 709]
Event: 123.560 Thread 0x0000000016fab000 Exception <a 'java/lang/InterruptedException'> (0x00000000f734cb50) thrown at [C:\re\workspace\8-2-build-windows-amd64-cygwin\jdk8u66\5298\hotspot\src\share\vm\runtime\objectMonitor.cpp, line 1683]
Event: 124.157 Thread 0x000000001e53a800 Implicit null exception at 0x0000000003ae7387 to 0x0000000003ae824d
Event: 124.157 Thread 0x000000001e53a800 Exception <a 'java/lang/NullPointerException'> (0x00000000f77297d0) thrown at [C:\re\workspace\8-2-build-windows-amd64-cygwin\jdk8u66\5298\hotspot\src\share\vm\prims\jvm.cpp, line 1390]
Event: 124.197 Thread 0x0000000015cd6800 Exception <a 'java/lang/InterruptedException'> (0x00000000f5aa5138) thrown at [C:\re\workspace\8-2-build-windows-amd64-cygwin\jdk8u66\5298\hotspot\src\share\vm\runtime\objectMonitor.cpp, line 1683]
Event: 124.239 Thread 0x0000000015840800 Exception <a 'java/lang/InterruptedException'> (0x00000000f77b0750) thrown at [C:\re\workspace\8-2-build-windows-amd64-cygwin\jdk8u66\5298\hotspot\src\share\vm\runtime\objectMonitor.cpp, line 1683]
Event: 124.247 Thread 0x0000000015cd1000 Exception <a 'java/lang/InterruptedException'> (0x00000000f6568220) thrown at [C:\re\workspace\8-2-build-windows-amd64-cygwin\jdk8u66\5298\hotspot\src\share\vm\runtime\objectMonitor.cpp, line 1683]
Event: 124.248 Thread 0x0000000015841800 Exception <a 'java/lang/InterruptedException'> (0x00000000f7a6d810) thrown at [C:\re\workspace\8-2-build-windows-amd64-cygwin\jdk8u66\5298\hotspot\src\share\vm\runtime\objectMonitor.cpp, line 1683]

Events (10 events):
Event: 124.249 Thread 0x0000000013679000 flushing nmethod 0x0000000003d624d0
Event: 124.250 Executing VM operation: RevokeBias
Event: 124.250 Executing VM operation: RevokeBias done
Event: 124.250 Thread 0x000000001e53a800 Thread exited: 0x000000001e53a800
Event: 124.251 loading class java/util/IdentityHashMap$KeyIterator
Event: 124.251 loading class java/util/IdentityHashMap$IdentityHashMapIterator
Event: 124.251 loading class java/util/IdentityHashMap$IdentityHashMapIterator done
Event: 124.252 loading class java/util/IdentityHashMap$KeyIterator done
Event: 124.252 Thread 0x000000001e532000 Thread added: 0x000000001e532000
Event: 124.252 Executing VM operation: Exit


Dynamic libraries:
0x0000000000400000 - 0x000000000044f000 	C:\Xilinx\SDK\2016.2\eclipse\win64.o\eclipse.exe
0x00007ffdd3510000 - 0x00007ffdd36bc000 	C:\Windows\SYSTEM32\ntdll.dll
0x00007ffdd33d0000 - 0x00007ffdd350e000 	C:\Windows\system32\KERNEL32.DLL
0x00007ffdd0a70000 - 0x00007ffdd0b85000 	C:\Windows\system32\KERNELBASE.dll
0x00007ffdd2720000 - 0x00007ffdd2897000 	C:\Windows\system32\USER32.dll
0x00007ffdce2b0000 - 0x00007ffdce52b000 	C:\Windows\WinSxS\amd64_microsoft.windows.common-controls_6595b64144ccf1df_6.0.9600.18006_none_623f33d3ecbe86e8\COMCTL32.dll
0x00007ffdd2e60000 - 0x00007ffdd2f0a000 	C:\Windows\system32\msvcrt.dll
0x00007ffdd30d0000 - 0x00007ffdd321f000 	C:\Windows\system32\GDI32.dll
0x00007ffdd2130000 - 0x00007ffdd2166000 	C:\Windows\system32\IMM32.DLL
0x00007ffdd2f10000 - 0x00007ffdd3062000 	C:\Windows\system32\MSCTF.dll
0x0000000072000000 - 0x0000000072012000 	C:\Xilinx\SDK\2016.2\eclipse\win64.o\plugins\org.eclipse.equinox.launcher.win32.win32.x86_64_1.1.300.v20150602-1417\eclipse_1611.dll
0x00007ffdd2da0000 - 0x00007ffdd2e4a000 	C:\Windows\system32\ADVAPI32.dll
0x00007ffdca720000 - 0x00007ffdca72a000 	C:\Windows\SYSTEM32\VERSION.dll
0x00007ffdd3220000 - 0x00007ffdd3279000 	C:\Windows\SYSTEM32\sechost.dll
0x00007ffdd28b0000 - 0x00007ffdd29f1000 	C:\Windows\system32\RPCRT4.dll
0x00007ffdcf2c0000 - 0x00007ffdcf3e9000 	C:\Windows\system32\uxtheme.dll
0x00007ffdd2170000 - 0x00007ffdd2381000 	C:\Windows\SYSTEM32\combase.dll
0x0000000059100000 - 0x0000000059989000 	C:\Xilinx\SDK\2016.2\tps\win64\jre\bin\server\jvm.dll
0x00007ffdcd720000 - 0x00007ffdcd729000 	C:\Windows\SYSTEM32\WSOCK32.dll
0x00007ffdce240000 - 0x00007ffdce262000 	C:\Windows\SYSTEM32\WINMM.dll
0x00007ffdd28a0000 - 0x00007ffdd28a7000 	C:\Windows\system32\PSAPI.DLL
0x000000005ac10000 - 0x000000005ace2000 	C:\Windows\SYSTEM32\MSVCR100.dll
0x00007ffdd3350000 - 0x00007ffdd33aa000 	C:\Windows\system32\WS2_32.dll
0x00007ffdce080000 - 0x00007ffdce0aa000 	C:\Windows\SYSTEM32\WINMMBASE.dll
0x00007ffdd2390000 - 0x00007ffdd2399000 	C:\Windows\system32\NSI.dll
0x00007ffdd0790000 - 0x00007ffdd07df000 	C:\Windows\SYSTEM32\cfgmgr32.dll
0x00007ffdcf470000 - 0x00007ffdcf498000 	C:\Windows\SYSTEM32\DEVOBJ.dll
0x0000000058fc0000 - 0x0000000058fcf000 	C:\Xilinx\SDK\2016.2\tps\win64\jre\bin\verify.dll
0x0000000058f90000 - 0x0000000058fb9000 	C:\Xilinx\SDK\2016.2\tps\win64\jre\bin\java.dll
0x0000000058f70000 - 0x0000000058f86000 	C:\Xilinx\SDK\2016.2\tps\win64\jre\bin\zip.dll
0x00007ffdd0b90000 - 0x00007ffdd20bb000 	C:\Windows\system32\SHELL32.dll
0x00007ffdd2c80000 - 0x00007ffdd2cd4000 	C:\Windows\system32\SHLWAPI.dll
0x00007ffdcebc0000 - 0x00007ffdcec72000 	C:\Windows\SYSTEM32\SHCORE.dll
0x00007ffdd0660000 - 0x00007ffdd0675000 	C:\Windows\SYSTEM32\profapi.dll
0x00007ffdcff40000 - 0x00007ffdcff60000 	C:\Windows\SYSTEM32\CRYPTSP.dll
0x00007ffdcfb00000 - 0x00007ffdcfb36000 	C:\Windows\system32\rsaenh.dll
0x00007ffdd0140000 - 0x00007ffdd0166000 	C:\Windows\SYSTEM32\bcrypt.dll
0x00007ffdcff10000 - 0x00007ffdcff31000 	C:\Windows\SYSTEM32\USERENV.dll
0x00007ffdd04c0000 - 0x00007ffdd0523000 	C:\Windows\system32\bcryptprimitives.dll
0x00007ffdd0530000 - 0x00007ffdd053b000 	C:\Windows\SYSTEM32\CRYPTBASE.dll
0x0000000058f50000 - 0x0000000058f6a000 	C:\Xilinx\SDK\2016.2\tps\win64\jre\bin\net.dll
0x00007ffdcfe90000 - 0x00007ffdcfee9000 	C:\Windows\system32\mswsock.dll
0x00007ffdcc4d0000 - 0x00007ffdcc4fa000 	C:\Windows\SYSTEM32\IPHLPAPI.DLL
0x00007ffdcc4b0000 - 0x00007ffdcc4ba000 	C:\Windows\SYSTEM32\WINNSI.DLL
0x00007ffdcc240000 - 0x00007ffdcc256000 	C:\Windows\SYSTEM32\dhcpcsvc6.DLL
0x00007ffdcc210000 - 0x00007ffdcc22a000 	C:\Windows\SYSTEM32\dhcpcsvc.DLL
0x0000000058f30000 - 0x0000000058f41000 	C:\Xilinx\SDK\2016.2\tps\win64\jre\bin\nio.dll
0x00007ffdd2580000 - 0x00007ffdd2714000 	C:\Windows\system32\ole32.dll
0x00007ffdcf4a0000 - 0x00007ffdcf4ab000 	C:\Windows\SYSTEM32\kernel.appcore.dll
0x00007ffdc1650000 - 0x00007ffdc1665000 	C:\Windows\system32\napinsp.dll
0x00007ffdc1680000 - 0x00007ffdc169a000 	C:\Windows\system32\pnrpnsp.dll
0x00007ffdccec0000 - 0x00007ffdccedb000 	C:\Windows\system32\NLAapi.dll
0x00007ffdcfc40000 - 0x00007ffdcfce4000 	C:\Windows\SYSTEM32\DNSAPI.dll
0x00007ffdc18b0000 - 0x00007ffdc18bd000 	C:\Windows\System32\winrnr.dll
0x00007ffdc16a0000 - 0x00007ffdc16b4000 	C:\Windows\system32\wshbth.dll
0x0000000063560000 - 0x0000000063569000 	C:\Program Files\National Instruments\Shared\mDNS Responder\nimdnsNSP.dll
0x0000000063550000 - 0x000000006355c000 	C:\Windows\SYSTEM32\nimdnsResponder.dll
0x000000005af50000 - 0x000000005aff3000 	C:\Windows\WinSxS\amd64_microsoft.vc90.crt_1fc8b3b9a1e18e3b_9.0.30729.8387_none_08e793bfa83a89b5\MSVCR90.dll
0x00007ffdc2740000 - 0x00007ffdc274a000 	C:\Windows\System32\rasadhlp.dll
0x00007ffdcc260000 - 0x00007ffdcc2cb000 	C:\Windows\System32\fwpuclnt.dll
0x00007ffdd2ce0000 - 0x00007ffdd2d96000 	C:\Windows\SYSTEM32\clbcatq.dll
0x0000000017a20000 - 0x0000000017ac8000 	C:\Users\Han Beul\.Xilinx\SDK\2016.2\org.eclipse.osgi\312\0\.cp\swt-win32-4527.dll
0x00007ffdd2a00000 - 0x00007ffdd2ac1000 	C:\Windows\system32\OLEAUT32.dll
0x00007ffdd3290000 - 0x00007ffdd3346000 	C:\Windows\system32\comdlg32.dll
0x00007ffdbf6b0000 - 0x00007ffdbf732000 	C:\Windows\SYSTEM32\WINSPOOL.DRV
0x00007ffdcb8b0000 - 0x00007ffdcb8c6000 	C:\Windows\SYSTEM32\USP10.dll
0x00007ffdcac20000 - 0x00007ffdcae89000 	C:\Windows\SYSTEM32\WININET.dll
0x00007ffdd07e0000 - 0x00007ffdd09bf000 	C:\Windows\system32\CRYPT32.dll
0x00007ffdca950000 - 0x00007ffdcac17000 	C:\Windows\SYSTEM32\iertutil.dll
0x00007ffdd0710000 - 0x00007ffdd0721000 	C:\Windows\system32\MSASN1.dll
0x00007ffdce9c0000 - 0x00007ffdce9e1000 	C:\Windows\system32\dwmapi.dll
0x00007ffdcc650000 - 0x00007ffdcc7cf000 	C:\Windows\SYSTEM32\propsys.dll
0x0000000017ad0000 - 0x0000000017aee000 	C:\Users\Han Beul\.Xilinx\SDK\2016.2\org.eclipse.osgi\312\0\.cp\swt-gdip-win32-4527.dll
0x00007ffdbf390000 - 0x00007ffdbf540000 	C:\Windows\WinSxS\amd64_microsoft.windows.gdiplus_6595b64144ccf1df_1.1.9600.17415_none_932b3b5547500489\gdiplus.dll
0x00007ffdce810000 - 0x00007ffdce9be000 	C:\Windows\SYSTEM32\WindowsCodecs.dll
0x0000000180000000 - 0x0000000180012000 	C:\Users\Han Beul\.Xilinx\SDK\2016.2\org.eclipse.osgi\126\0\.cp\os\win32\x86_64\localfile_1_0_0.dll
0x00007ffdcd6b0000 - 0x00007ffdcd71a000 	C:\Windows\SYSTEM32\oleacc.dll
0x00007ffdcb770000 - 0x00007ffdcb777000 	C:\Windows\SYSTEM32\msimg32.dll
0x00007ffdcd850000 - 0x00007ffdcda3c000 	C:\Windows\SYSTEM32\DWrite.dll
0x00007ffdcb8a0000 - 0x00007ffdcb8aa000 	C:\Xilinx\SDK\2016.2\lib\win64.o\librdi_jtag_settings.dll
0x00007ffdcb2e0000 - 0x00007ffdcb309000 	C:\Xilinx\SDK\2016.2\lib\win64.o\librdi_debug_dialog.dll
0x00007ffdca870000 - 0x00007ffdca917000 	C:\Windows\SYSTEM32\MSVCP110.dll
0x00007ffdca790000 - 0x00007ffdca864000 	C:\Windows\SYSTEM32\MSVCR110.dll
0x00007ffdc5980000 - 0x00007ffdc59a4000 	C:\Xilinx\SDK\2016.2\lib\win64.o\libboost_filesystem.dll
0x00007ffd8f310000 - 0x00007ffd8fd50000 	C:\Xilinx\SDK\2016.2\lib\win64.o\librdi_common.dll
0x00007ffd8f110000 - 0x00007ffd8f302000 	C:\Xilinx\SDK\2016.2\lib\win64.o\librdi_hsm.dll
0x00007ffdcb2d0000 - 0x00007ffdcb2d9000 	C:\Xilinx\SDK\2016.2\lib\win64.o\libboost_system.dll
0x00007ffd8eda0000 - 0x00007ffd8f10e000 	C:\Xilinx\SDK\2016.2\lib\win64.o\libCOIN-all.dll
0x00007ffd8eb80000 - 0x00007ffd8ed9f000 	C:\Xilinx\SDK\2016.2\lib\win64.o\libXil_lmgr11.dll
0x00007ffdcb2c0000 - 0x00007ffdcb2d0000 	C:\Xilinx\SDK\2016.2\lib\win64.o\libboost_date_time.dll
0x00007ffdc4680000 - 0x00007ffdc46f7000 	C:\Xilinx\SDK\2016.2\lib\win64.o\libboost_program_options.dll
0x00007ffdc18e0000 - 0x00007ffdc19e6000 	C:\Xilinx\SDK\2016.2\lib\win64.o\libboost_regex.dll
0x00007ffdc5960000 - 0x00007ffdc5973000 	C:\Xilinx\SDK\2016.2\lib\win64.o\libboost_signals.dll
0x00007ffdc4a20000 - 0x00007ffdc4a3d000 	C:\Xilinx\SDK\2016.2\lib\win64.o\libboost_thread.dll
0x00007ffdc9c10000 - 0x00007ffdc9c1b000 	C:\Xilinx\SDK\2016.2\lib\win64.o\libboost_xilinx.dll
0x00007ffdc45b0000 - 0x00007ffdc4630000 	C:\Xilinx\SDK\2016.2\lib\win64.o\libhdlpsolve.dll
0x00007ffdc0ae0000 - 0x00007ffdc0b7a000 	C:\Xilinx\SDK\2016.2\lib\win64.o\libhdxml.dll
0x00007ffd8dc50000 - 0x00007ffd8e0b5e00 	C:\Xilinx\SDK\2016.2\lib\win64.o\libisl_iostreams.dll
0x00007ffdc3290000 - 0x00007ffdc32ba000 	C:\Xilinx\SDK\2016.2\lib\win64.o\libisl_sysinfo.dll
0x00007ffdc4a00000 - 0x00007ffdc4a15000 	C:\Xilinx\SDK\2016.2\lib\win64.o\pthreadVC2.dll
0x00007ffdc2e00000 - 0x00007ffdc2e54000 	C:\Xilinx\SDK\2016.2\lib\win64.o\librdi_commonxillic.dll
0x00007ffdb8cf0000 - 0x00007ffdb8e20000 	C:\Xilinx\SDK\2016.2\lib\win64.o\librdi_curl.dll
0x00007ffdc3270000 - 0x00007ffdc3288000 	C:\Xilinx\SDK\2016.2\lib\win64.o\librdiconfig.dll
0x00007ffdc11d0000 - 0x00007ffdc11f3000 	C:\Xilinx\SDK\2016.2\lib\win64.o\librdizlib.dll
0x0000000058fd0000 - 0x00000000590f7000 	C:\Xilinx\SDK\2016.2\lib\win64.o\tcl85t.dll
0x00000000239f0000 - 0x0000000023c53000 	C:\Xilinx\SDK\2016.2\lib\win64.o\xerces-c_3_1.dll
0x00007ffdc9d40000 - 0x00007ffdc9e09000 	C:\Windows\SYSTEM32\WINHTTP.dll
0x00007ffdca470000 - 0x00007ffdca5f5000 	C:\Windows\SYSTEM32\urlmon.dll
0x00007ffdc9330000 - 0x00007ffdc9353000 	C:\Windows\SYSTEM32\VCOMP110.DLL
0x00007ffdb93f0000 - 0x00007ffdb9433000 	C:\Xilinx\SDK\2016.2\lib\win64.o\librdi_hdf.dll
0x00007ffd8d9c0000 - 0x00007ffd8dc41000 	C:\Xilinx\SDK\2016.2\lib\win64.o\librdi_ippcw.dll
0x00007ffdccd10000 - 0x00007ffdccd26000 	C:\Windows\SYSTEM32\NETAPI32.dll
0x00007ffdd0730000 - 0x00007ffdd0781000 	C:\Windows\system32\WINTRUST.dll
0x00007ffdc90b0000 - 0x00007ffdc90bb000 	C:\Xilinx\SDK\2016.2\lib\win64.o\libboost_chrono.dll
0x00007ffdc3250000 - 0x00007ffdc3266000 	C:\Xilinx\SDK\2016.2\lib\win64.o\libboost_iostreams.dll
0x00007ffdc0730000 - 0x00007ffdc0753000 	C:\Xilinx\SDK\2016.2\lib\win64.o\libisl_iosutils.dll
0x00007ffdd00c0000 - 0x00007ffdd00cc000 	C:\Windows\SYSTEM32\netutils.dll
0x00007ffdd02a0000 - 0x00007ffdd02c6000 	C:\Windows\SYSTEM32\srvcli.dll
0x00007ffdccca0000 - 0x00007ffdcccb7000 	C:\Windows\SYSTEM32\wkscli.dll
0x00007ffdc7e80000 - 0x00007ffdc7e88000 	C:\Xilinx\SDK\2016.2\lib\win64.o\librdi_target_manager.dll
0x00007ffdc1b60000 - 0x00007ffdc1b71000 	C:\Users\Han Beul\.Xilinx\SDK\2016.2\org.eclipse.osgi\129\0\.cp\jWinHttp-1.0.0.dll
0x00007ffdc6750000 - 0x00007ffdc675f000 	C:\Xilinx\SDK\2016.2\lib\win64.o\librdi_repo_manager.dll
0x0000000071080000 - 0x00000000710a6000 	C:\Xilinx\SDK\2016.2\eclipse\win64.o\plugins\gnu.io.rxtx.win32.x86_64_2.1.7.3_v20071015\os\win32\x86_64\rxtxSerial.dll
0x00007ffdb9340000 - 0x00007ffdb9356000 	C:\Xilinx\SDK\2016.2\eclipse\win64.o\plugins\org.eclipse.cdt.core.win32.x86_64_5.4.0.201509131935\os\win32\x86_64\spawner.dll
0x00007ffd8b820000 - 0x00007ffd8c030000 	C:\Xilinx\SDK\2016.2\lib\win64.o\libXil_lmgr11FNP.dll
0x00007ffdc8430000 - 0x00007ffdc843c000 	C:\Windows\SYSTEM32\snmpapi.dll
0x00007ffdd23a0000 - 0x00007ffdd257a000 	C:\Windows\system32\SETUPAPI.dll
0x00007ffdd0490000 - 0x00007ffdd04be000 	C:\Windows\SYSTEM32\SspiCli.dll

VM Arguments:
jvm_args: -Dcom.xilinx.sdk.args.hwspec=C:/lab2_pwm/hw1_zybo.sdk/design_1_wrapper.hdf -Xms64m -Xmx512m & 
java_command: <unknown>
java_class_path (initial): C:\Xilinx\SDK\2016.2\eclipse\win64.o\\plugins/org.eclipse.equinox.launcher_1.3.100.v20150511-1540.jar
Launcher Type: generic

Environment Variables:
PATH=C:/Xilinx/SDK/2016.2/tps/win64/jre/bin/server;C:/Xilinx/SDK/2016.2/tps/win64/jre/bin;C:/Xilinx/SDK/2016.2/tps/win64/jre/lib/amd64;C:\Xilinx\SDK\2016.2\gnuwin\bin;C:\Xilinx\SDK\2016.2\gnu\microblaze\nt\bin;C:\Xilinx\SDK\2016.2\gnu\microblaze\linux_toolchain\nt64_le\bin;C:\Xilinx\SDK\2016.2\gnu\microblaze\linux_toolchain\nt64_be\bin;C:\Xilinx\SDK\2016.2\gnu\arm\nt\bin;C:\Xilinx\SDK\2016.2\gnu\aarch64\nt\aarch64-none\bin;C:\Xilinx\SDK\2016.2\gnu\aarch64\nt\aarch64-linux\bin;C:\Xilinx\SDK\2016.2\gnu\armr5\nt\gcc-arm-none-eabi\bin;C:\Xilinx\SDK\2016.2\gnu\aarch32\nt\gcc-arm-none-eabi\bin;C:\Xilinx\SDK\2016.2\gnu\aarch32\nt\gcc-arm-linux-gnueabi\bin;C:\Xilinx\SDK\2016.2\tps\win64\cmake-3.3.2\bin;;C:\Xilinx\SDK\2016.2\bin;C:\Xilinx\SDK\2016.2\lib\win64.o;C:\Xilinx\SDK\2016.2\tps\win64\jre\bin\server;C:\Xilinx\SDK\2016.2\tps\win64\jre\bin;C:\Xilinx\Vivado\2016.2\ids_lite\ISE\bin\nt64;C:\Xilinx\Vivado\2016.2\ids_lite\ISE\lib\nt64;C:\Xilinx\Vivado\2016.2\bin;C:\Xilinx\Vivado\2016.2\lib\win64.o;C:\Xilinx\Vivado\2016.2\tps\win64\jre\bin\server;C:\Xilinx\Vivado\2016.2\tps\win64\jre\bin;C:\Xilinx\Vivado_HLS\2016.2\bin;C:\ProgramData\Oracle\Java\javapath;C:\Windows\system32;C:\Windows;C:\Windows\System32\Wbem;C:\Windows\System32\WindowsPowerShell\v1.0\;C:\Program Files\MATLAB\R2016b\bin;C:\Modeltech_pe_edu_10.4a\win32pe_edu;c:\MinGW\bin;c:\MinGW\msys\1.0\;c:\MinGW\msys\1.0\bin;c:\lab2_pwm;
USERNAME=Han Beul
OS=Windows_NT
PROCESSOR_IDENTIFIER=Intel64 Family 6 Model 70 Stepping 1, GenuineIntel



---------------  S Y S T E M  ---------------

OS: Windows 8.1 , 64 bit Build 9600 (6.3.9600.17415)

CPU:total 4 (4 cores per cpu, 1 threads per core) family 6 model 70 stepping 1, cmov, cx8, fxsr, mmx, sse, sse2, sse3, ssse3, sse4.1, sse4.2, popcnt, avx, avx2, aes, clmul, erms, lzcnt, tsc, tscinvbit, bmi1, bmi2

Memory: 4k page, physical 4193780k(980204k free), swap 5331148k(1621736k free)

vm_info: Java HotSpot(TM) 64-Bit Server VM (25.66-b18) for windows-amd64 JRE (1.8.0_66-b18), built on Nov  9 2015 10:51:13 by "java_re" with MS VC++ 10.0 (VS2010)

time: Mon Dec 05 22:46:18 2016
elapsed time: 125 seconds (0d 0h 2m 5s)

