#
# A fatal error has been detected by the Java Runtime Environment:
#
#  Internal Error (0xc000000d), pid=2272, tid=2064
#
# JRE version: Java(TM) SE Runtime Environment (8.0_66-b18) (build 1.8.0_66-b18)
# Java VM: Java HotSpot(TM) 64-Bit Server VM (25.66-b18 mixed mode windows-amd64 compressed oops)
# Problematic frame:
# C  [ntdll.dll+0x1021c0]
#
# Failed to write core dump. Minidumps are not enabled by default on client versions of Windows
#
# If you would like to submit a bug report, please visit:
#   http://bugreport.java.com/bugreport/crash.jsp
#

---------------  T H R E A D  ---------------

Current thread (0x0000000013557000):  VMThread [stack: 0x0000000014600000,0x0000000014700000] [id=2064]

siginfo: ExceptionCode=0xc000000d

Registers:
RAX=0x00000000146fec60, RBX=0xfffffffffffffffe, RCX=0x00000000146fec60, RDX=0x00000000146fec60
RSP=0x00000000146ff1b0, RBP=0x00007ffdca797408, RSI=0x0000000000000000, RDI=0x0000000000000d74
R8 =0x0000000000000000, R9 =0x0000000000000000, R10=0x00000000146ff2e8, R11=0x0000000000000000
R12=0x00000000001f1fb0, R13=0x000000000029bb50, R14=0x00000000001f20b8, R15=0x00000000146ff328
RIP=0x00007ffdd36121c0, EFLAGS=0x0000000000000206

Top of Stack: (sp=0x00000000146ff1b0)
0x00000000146ff1b0:   0000000000000000 fffffffffffffffe
0x00000000146ff1c0:   0000000000000000 0000000000000d74
0x00000000146ff1d0:   00000000c000000d 0000000000000000
0x00000000146ff1e0:   00007ffdd36121c0 0000000000000000
0x00000000146ff1f0:   0000000000000000 0000000000000000
0x00000000146ff200:   0000000000000000 0000000000000000
0x00000000146ff210:   0000000000000000 0000000000000000
0x00000000146ff220:   0000000000000000 0000000000000000
0x00000000146ff230:   0000000000000000 0000000000000000
0x00000000146ff240:   0000000000000000 0000000000000000
0x00000000146ff250:   0000000000000000 0000000000000000
0x00000000146ff260:   0000000000000000 0000000000000013
0x00000000146ff270:   0000cf4a1b3cbc68 0000000000000000
0x00000000146ff280:   0000000000000120 00007ffdd35b47f9
0x00000000146ff290:   0000000000170000 0000000000000000
0x00000000146ff2a0:   0000000000000120 0000000000000000 

Instructions: (pc=0x00007ffdd36121c0)
0x00007ffdd36121a0:   2f f9 ff c7 44 24 20 0d 00 00 c0 b9 57 00 00 00
0x00007ffdd36121b0:   e8 2b f0 f4 ff 90 48 8d 4c 24 20 e8 70 17 f5 ff
0x00007ffdd36121c0:   eb 00 48 8b 8c 24 c0 00 00 00 48 33 cc e8 ce 03
0x00007ffdd36121d0:   f8 ff 48 81 c4 d8 00 00 00 c3 40 55 48 83 ec 20 


Register to memory mapping:

RAX=0x00000000146fec60 is an unknown value
RBX=0xfffffffffffffffe is an unknown value
RCX=0x00000000146fec60 is an unknown value
RDX=0x00000000146fec60 is an unknown value
RSP=0x00000000146ff1b0 is an unknown value
RBP=0x00007ffdca797408 is an unknown value
RSI=0x0000000000000000 is an unknown value
RDI=0x0000000000000d74 is an unknown value
R8 =0x0000000000000000 is an unknown value
R9 =0x0000000000000000 is an unknown value
R10=0x00000000146ff2e8 is an unknown value
R11=0x0000000000000000 is an unknown value
R12=0x00000000001f1fb0 is an unknown value
R13=0x000000000029bb50 is an unknown value
R14=0x00000000001f20b8 is an unknown value
R15=0x00000000146ff328 is an unknown value


Stack: [0x0000000014600000,0x0000000014700000],  sp=0x00000000146ff1b0,  free space=1020k
Native frames: (J=compiled Java code, j=interpreted, Vv=VM code, C=native code)
C  [ntdll.dll+0x1021c0]
C  [ntdll.dll+0xa47f9]
C  [KERNEL32.DLL+0x399a]
C  [MSVCR110.dll+0x752d]
C  [MSVCR110.dll+0x73c6]
C  [MSVCR110.dll+0x14cca]
C  [MSVCR110.dll+0x13edc]
C  [MSVCR110.dll+0x239e]
C  [MSVCR110.dll+0xaf9e]
C  [MSVCP110.dll+0x397b9]
C  [librdi_common.dll+0x182316]
C  [librdi_common.dll+0x180fab]
C  [librdi_target_manager.dll+0x2400]
C  [librdi_target_manager.dll+0x2682]
C  [ntdll.dll+0x1c334]
C  [ntdll.dll+0x1b742]
C  [ntdll.dll+0x18448]
C  [KERNEL32.DLL+0x516a]
C  [MSVCR100.dll+0x20ccd]
V  [jvm.dll+0x210cc5]
V  [jvm.dll+0x249897]
V  [jvm.dll+0x248b36]
V  [jvm.dll+0x248fd1]
V  [jvm.dll+0x2491ee]
V  [jvm.dll+0x29a0fa]
C  [MSVCR100.dll+0x21d9f]
C  [MSVCR100.dll+0x21e3b]
C  [KERNEL32.DLL+0x13d2]
C  [ntdll.dll+0x15454]

VM_Operation (0x000000000013f4c0): Exit, mode: safepoint, requested by thread 0x00000000003ae000


---------------  P R O C E S S  ---------------

Java Threads: ( => current thread )
  0x000000001dd0e000 JavaThread "TCF Channel Transmitter" daemon [_thread_blocked, id=928, stack(0x0000000025190000,0x0000000025290000)]
  0x000000001dd0f000 JavaThread "TCF Channel Receiver" daemon [_thread_in_native, id=4556, stack(0x0000000024c80000,0x0000000024d80000)]
  0x000000001d653800 JavaThread "Process monitor" daemon [_thread_in_native, id=1112, stack(0x00000000248f0000,0x00000000249f0000)]
  0x000000001d653000 JavaThread "Input Stream Monitor" daemon [_thread_blocked, id=4748, stack(0x00000000247f0000,0x00000000248f0000)]
  0x000000001d64f000 JavaThread "Output Stream Monitor" daemon [_thread_in_native, id=4476, stack(0x00000000242c0000,0x00000000243c0000)]
  0x000000001d650800 JavaThread "Output Stream Monitor" daemon [_thread_in_native, id=3008, stack(0x0000000022560000,0x0000000022660000)]
  0x000000001d646000 JavaThread "Thread-12" daemon [_thread_blocked, id=4732, stack(0x0000000021fd0000,0x00000000220d0000)]
  0x00000000169a4800 JavaThread "TCF Locator DNS Lookup" daemon [_thread_blocked, id=2924, stack(0x000000001f9c0000,0x000000001fac0000)]
  0x00000000169a1000 JavaThread "TCF Locator Timer" daemon [_thread_blocked, id=4700, stack(0x000000001f8c0000,0x000000001f9c0000)]
  0x00000000169a3000 JavaThread "TCF Locator Receiver" daemon [_thread_in_native, id=4792, stack(0x000000001f7c0000,0x000000001f8c0000)]
  0x00000000169a0000 JavaThread "TCF Timer Dispatcher" daemon [_thread_blocked, id=4120, stack(0x000000001f5a0000,0x000000001f6a0000)]
  0x0000000016bef800 JavaThread "EMF Reference Cleaner" daemon [_thread_blocked, id=1984, stack(0x0000000017d50000,0x0000000017e50000)]
  0x00000000135ed800 JavaThread "Service Thread" daemon [_thread_blocked, id=5080, stack(0x00000000152f0000,0x00000000153f0000)]
  0x0000000013598000 JavaThread "C1 CompilerThread2" daemon [_thread_blocked, id=2444, stack(0x0000000014df0000,0x0000000014ef0000)]
  0x0000000013594000 JavaThread "C2 CompilerThread1" daemon [_thread_blocked, id=4392, stack(0x0000000014cf0000,0x0000000014df0000)]
  0x000000001358e000 JavaThread "C2 CompilerThread0" daemon [_thread_blocked, id=3620, stack(0x0000000014bf0000,0x0000000014cf0000)]
  0x000000001358b000 JavaThread "Attach Listener" daemon [_thread_blocked, id=2992, stack(0x0000000014af0000,0x0000000014bf0000)]
  0x000000001358a000 JavaThread "Signal Dispatcher" daemon [_thread_blocked, id=2648, stack(0x00000000149f0000,0x0000000014af0000)]
  0x0000000002147000 JavaThread "Finalizer" daemon [_thread_blocked, id=3584, stack(0x0000000014800000,0x0000000014900000)]
  0x000000000213e800 JavaThread "Reference Handler" daemon [_thread_blocked, id=3428, stack(0x0000000014700000,0x0000000014800000)]
  0x00000000003ae000 JavaThread "main" [_thread_blocked, id=3084, stack(0x0000000000040000,0x0000000000140000)]

Other Threads:
=>0x0000000013557000 VMThread [stack: 0x0000000014600000,0x0000000014700000] [id=2064]

VM state:at safepoint (shutting down)

VM Mutex/Monitor currently owned by a thread:  ([mutex/lock_event])
[0x00000000003acda0] Threads_lock - owner thread: 0x0000000013557000

Heap:
 PSYoungGen      total 114176K, used 28051K [0x00000000f5580000, 0x00000000fe780000, 0x0000000100000000)
  eden space 86528K, 23% used [0x00000000f5580000,0x00000000f6966530,0x00000000faa00000)
  from space 27648K, 27% used [0x00000000faa00000,0x00000000fb17e9d0,0x00000000fc500000)
  to   space 26624K, 0% used [0x00000000fcd80000,0x00000000fcd80000,0x00000000fe780000)
 ParOldGen       total 114176K, used 54650K [0x00000000e0000000, 0x00000000e6f80000, 0x00000000f5580000)
  object space 114176K, 47% used [0x00000000e0000000,0x00000000e355e838,0x00000000e6f80000)
 Metaspace       used 84236K, capacity 90260K, committed 90280K, reserved 1128448K
  class space    used 10087K, capacity 12204K, committed 12208K, reserved 1048576K

Card table byte_map: [0x0000000011520000,0x0000000011630000] byte_map_base: 0x0000000010e20000

Marking Bits: (ParMarkBitMap*) 0x000000005990a5b0
 Begin Bits: [0x0000000011ae0000, 0x00000000122e0000)
 End Bits:   [0x00000000122e0000, 0x0000000012ae0000)

Polling page: 0x00000000003e0000

CodeCache: size=245760Kb used=34150Kb max_used=34214Kb free=211609Kb
 bounds [0x0000000002160000, 0x0000000004310000, 0x0000000011160000]
 total_blobs=10129 nmethods=9229 adapters=807
 compilation: enabled

Compilation events (10 events):
Event: 242.815 Thread 0x0000000013598000 nmethod 11221 0x000000000382d450 code [0x000000000382d640, 0x000000000382e138]
Event: 242.816 Thread 0x0000000013598000 11223  s!   3       org.eclipse.osgi.storage.bundlefile.ZipBundleFile::close (64 bytes)
Event: 242.817 Thread 0x0000000013598000 nmethod 11223 0x0000000003405a50 code [0x0000000003405c20, 0x00000000034065b8]
Event: 242.818 Thread 0x0000000013598000 11222       3       java.util.zip.ZStreamRef::clear (6 bytes)
Event: 242.818 Thread 0x0000000013598000 nmethod 11222 0x000000000382d110 code [0x000000000382d260, 0x000000000382d3d0]
Event: 242.818 Thread 0x0000000013598000 11225       3       org.eclipse.osgi.container.Module::holdsTransitionEventLock (25 bytes)
Event: 242.819 Thread 0x0000000013598000 nmethod 11225 0x0000000003404fd0 code [0x0000000003405160, 0x0000000003405888]
Event: 242.819 Thread 0x0000000013598000 11234   !   3       org.eclipse.osgi.storage.BundleInfo$Generation::clearManifestCache (30 bytes)
Event: 242.819 Thread 0x0000000013598000 nmethod 11234 0x0000000003404510 code [0x00000000034046a0, 0x0000000003404ce8]
Event: 242.819 Thread 0x0000000013598000 11231       3       org.eclipse.osgi.internal.framework.EquinoxContainerAdaptor::invalidateWiring (186 bytes)

GC Heap History (10 events):
Event: 69.801 GC heap before
{Heap before GC invocations=16 (full 4):
 PSYoungGen      total 111616K, used 19017K [0x00000000f5580000, 0x00000000fdf00000, 0x0000000100000000)
  eden space 85504K, 0% used [0x00000000f5580000,0x00000000f5580000,0x00000000fa900000)
  from space 26112K, 72% used [0x00000000fc380000,0x00000000fd612578,0x00000000fdd00000)
  to   space 27136K, 0% used [0x00000000fa900000,0x00000000fa900000,0x00000000fc380000)
 ParOldGen       total 114176K, used 47171K [0x00000000e0000000, 0x00000000e6f80000, 0x00000000f5580000)
  object space 114176K, 41% used [0x00000000e0000000,0x00000000e2e10f78,0x00000000e6f80000)
 Metaspace       used 76231K, capacity 82126K, committed 82472K, reserved 1120256K
  class space    used 9221K, capacity 11228K, committed 11312K, reserved 1048576K
Event: 70.087 GC heap after
Heap after GC invocations=16 (full 4):
 PSYoungGen      total 111616K, used 0K [0x00000000f5580000, 0x00000000fdf00000, 0x0000000100000000)
  eden space 85504K, 0% used [0x00000000f5580000,0x00000000f5580000,0x00000000fa900000)
  from space 26112K, 0% used [0x00000000fc380000,0x00000000fc380000,0x00000000fdd00000)
  to   space 27136K, 0% used [0x00000000fa900000,0x00000000fa900000,0x00000000fc380000)
 ParOldGen       total 114176K, used 56965K [0x00000000e0000000, 0x00000000e6f80000, 0x00000000f5580000)
  object space 114176K, 49% used [0x00000000e0000000,0x00000000e37a1708,0x00000000e6f80000)
 Metaspace       used 76231K, capacity 82126K, committed 82472K, reserved 1120256K
  class space    used 9221K, capacity 11228K, committed 11312K, reserved 1048576K
}
Event: 137.644 GC heap before
{Heap before GC invocations=17 (full 4):
 PSYoungGen      total 111616K, used 62906K [0x00000000f5580000, 0x00000000fdf00000, 0x0000000100000000)
  eden space 85504K, 73% used [0x00000000f5580000,0x00000000f92ee8e8,0x00000000fa900000)
  from space 26112K, 0% used [0x00000000fc380000,0x00000000fc380000,0x00000000fdd00000)
  to   space 27136K, 0% used [0x00000000fa900000,0x00000000fa900000,0x00000000fc380000)
 ParOldGen       total 114176K, used 56965K [0x00000000e0000000, 0x00000000e6f80000, 0x00000000f5580000)
  object space 114176K, 49% used [0x00000000e0000000,0x00000000e37a1708,0x00000000e6f80000)
 Metaspace       used 77695K, capacity 83634K, committed 83752K, reserved 1122304K
  class space    used 9329K, capacity 11304K, committed 11312K, reserved 1048576K
Event: 137.648 GC heap after
Heap after GC invocations=17 (full 4):
 PSYoungGen      total 112640K, used 1611K [0x00000000f5580000, 0x00000000fe000000, 0x0000000100000000)
  eden space 85504K, 0% used [0x00000000f5580000,0x00000000f5580000,0x00000000fa900000)
  from space 27136K, 5% used [0x00000000fa900000,0x00000000faa92df0,0x00000000fc380000)
  to   space 27648K, 0% used [0x00000000fc500000,0x00000000fc500000,0x00000000fe000000)
 ParOldGen       total 114176K, used 56973K [0x00000000e0000000, 0x00000000e6f80000, 0x00000000f5580000)
  object space 114176K, 49% used [0x00000000e0000000,0x00000000e37a3708,0x00000000e6f80000)
 Metaspace       used 77695K, capacity 83634K, committed 83752K, reserved 1122304K
  class space    used 9329K, capacity 11304K, committed 11312K, reserved 1048576K
}
Event: 137.648 GC heap before
{Heap before GC invocations=18 (full 5):
 PSYoungGen      total 112640K, used 1611K [0x00000000f5580000, 0x00000000fe000000, 0x0000000100000000)
  eden space 85504K, 0% used [0x00000000f5580000,0x00000000f5580000,0x00000000fa900000)
  from space 27136K, 5% used [0x00000000fa900000,0x00000000faa92df0,0x00000000fc380000)
  to   space 27648K, 0% used [0x00000000fc500000,0x00000000fc500000,0x00000000fe000000)
 ParOldGen       total 114176K, used 56973K [0x00000000e0000000, 0x00000000e6f80000, 0x00000000f5580000)
  object space 114176K, 49% used [0x00000000e0000000,0x00000000e37a3708,0x00000000e6f80000)
 Metaspace       used 77695K, capacity 83634K, committed 83752K, reserved 1122304K
  class space    used 9329K, capacity 11304K, committed 11312K, reserved 1048576K
Event: 137.969 GC heap after
Heap after GC invocations=18 (full 5):
 PSYoungGen      total 112640K, used 0K [0x00000000f5580000, 0x00000000fe000000, 0x0000000100000000)
  eden space 85504K, 0% used [0x00000000f5580000,0x00000000f5580000,0x00000000fa900000)
  from space 27136K, 0% used [0x00000000fa900000,0x00000000fa900000,0x00000000fc380000)
  to   space 27648K, 0% used [0x00000000fc500000,0x00000000fc500000,0x00000000fe000000)
 ParOldGen       total 114176K, used 54634K [0x00000000e0000000, 0x00000000e6f80000, 0x00000000f5580000)
  object space 114176K, 47% used [0x00000000e0000000,0x00000000e355a838,0x00000000e6f80000)
 Metaspace       used 77695K, capacity 83634K, committed 83752K, reserved 1122304K
  class space    used 9329K, capacity 11304K, committed 11312K, reserved 1048576K
}
Event: 215.428 GC heap before
{Heap before GC invocations=19 (full 5):
 PSYoungGen      total 112640K, used 85504K [0x00000000f5580000, 0x00000000fe000000, 0x0000000100000000)
  eden space 85504K, 100% used [0x00000000f5580000,0x00000000fa900000,0x00000000fa900000)
  from space 27136K, 0% used [0x00000000fa900000,0x00000000fa900000,0x00000000fc380000)
  to   space 27648K, 0% used [0x00000000fc500000,0x00000000fc500000,0x00000000fe000000)
 ParOldGen       total 114176K, used 54634K [0x00000000e0000000, 0x00000000e6f80000, 0x00000000f5580000)
  object space 114176K, 47% used [0x00000000e0000000,0x00000000e355a838,0x00000000e6f80000)
 Metaspace       used 78825K, capacity 84860K, committed 85032K, reserved 1122304K
  class space    used 9398K, capacity 11472K, committed 11568K, reserved 1048576K
Event: 215.434 GC heap after
Heap after GC invocations=19 (full 5):
 PSYoungGen      total 114176K, used 3428K [0x00000000f5580000, 0x00000000feb00000, 0x0000000100000000)
  eden space 86528K, 0% used [0x00000000f5580000,0x00000000f5580000,0x00000000faa00000)
  from space 27648K, 12% used [0x00000000fc500000,0x00000000fc859168,0x00000000fe000000)
  to   space 27648K, 0% used [0x00000000faa00000,0x00000000faa00000,0x00000000fc500000)
 ParOldGen       total 114176K, used 54642K [0x00000000e0000000, 0x00000000e6f80000, 0x00000000f5580000)
  object space 114176K, 47% used [0x00000000e0000000,0x00000000e355c838,0x00000000e6f80000)
 Metaspace       used 78825K, capacity 84860K, committed 85032K, reserved 1122304K
  class space    used 9398K, capacity 11472K, committed 11568K, reserved 1048576K
}
Event: 241.612 GC heap before
{Heap before GC invocations=20 (full 5):
 PSYoungGen      total 114176K, used 89956K [0x00000000f5580000, 0x00000000feb00000, 0x0000000100000000)
  eden space 86528K, 100% used [0x00000000f5580000,0x00000000faa00000,0x00000000faa00000)
  from space 27648K, 12% used [0x00000000fc500000,0x00000000fc859168,0x00000000fe000000)
  to   space 27648K, 0% used [0x00000000faa00000,0x00000000faa00000,0x00000000fc500000)
 ParOldGen       total 114176K, used 54642K [0x00000000e0000000, 0x00000000e6f80000, 0x00000000f5580000)
  object space 114176K, 47% used [0x00000000e0000000,0x00000000e355c838,0x00000000e6f80000)
 Metaspace       used 83538K, capacity 89706K, committed 89768K, reserved 1126400K
  class space    used 10024K, capacity 12170K, committed 12208K, reserved 1048576K
Event: 241.626 GC heap after
Heap after GC invocations=20 (full 5):
 PSYoungGen      total 114176K, used 7674K [0x00000000f5580000, 0x00000000fe780000, 0x0000000100000000)
  eden space 86528K, 0% used [0x00000000f5580000,0x00000000f5580000,0x00000000faa00000)
  from space 27648K, 27% used [0x00000000faa00000,0x00000000fb17e9d0,0x00000000fc500000)
  to   space 26624K, 0% used [0x00000000fcd80000,0x00000000fcd80000,0x00000000fe780000)
 ParOldGen       total 114176K, used 54650K [0x00000000e0000000, 0x00000000e6f80000, 0x00000000f5580000)
  object space 114176K, 47% used [0x00000000e0000000,0x00000000e355e838,0x00000000e6f80000)
 Metaspace       used 83538K, capacity 89706K, committed 89768K, reserved 1126400K
  class space    used 10024K, capacity 12170K, committed 12208K, reserved 1048576K
}

Deoptimization events (10 events):
Event: 242.161 Thread 0x000000001d647800 Uncommon trap: reason=unstable_if action=reinterpret pc=0x0000000002cba1b0 method=java.lang.Character.isSurrogate(C)Z @ 3
Event: 242.173 Thread 0x000000001dd19800 Uncommon trap: reason=unstable_if action=reinterpret pc=0x0000000003e569c8 method=org.eclipse.ui.internal.UILockListener.isUI()Z @ 7
Event: 242.174 Thread 0x000000001dd19800 Uncommon trap: reason=unstable_if action=reinterpret pc=0x00000000040ceaa4 method=org.eclipse.swt.graphics.Resource.dispose()V @ 15
Event: 242.195 Thread 0x000000001dd19800 Uncommon trap: reason=bimorphic action=maybe_recompile pc=0x0000000002c347ac method=java.util.concurrent.CopyOnWriteArrayList.indexOf(Ljava/lang/Object;[Ljava/lang/Object;II)I @ 46
Event: 242.740 Thread 0x000000001dd19800 Uncommon trap: reason=unstable_if action=reinterpret pc=0x00000000030a7290 method=org.eclipse.osgi.internal.hooks.EclipseLazyStarter.shouldActivateFor(Ljava/lang/String;Lorg/eclipse/osgi/container/Module;Lorg/eclipse/osgi/container/ModuleRevision;Lorg/ecli÷ï âWn@
Event: 242.746 Thread 0x00000000157cb000 Uncommon trap: reason=unstable_if action=reinterpret pc=0x0000000002edc410 method=org.eclipse.osgi.internal.framework.BundleContextImpl.dispatchEvent(Ljava/lang/Object;Ljava/lang/Object;ILjava/lang/Object;)V @ 16
Event: 242.763 Thread 0x000000001dd19800 Uncommon trap: reason=bimorphic action=maybe_recompile pc=0x0000000002c347ac method=java.util.concurrent.CopyOnWriteArrayList.indexOf(Ljava/lang/Object;[Ljava/lang/Object;II)I @ 46
Event: 242.763 Thread 0x000000001dd19800 Uncommon trap: reason=bimorphic action=maybe_recompile pc=0x0000000002c347ac method=java.util.concurrent.CopyOnWriteArrayList.indexOf(Ljava/lang/Object;[Ljava/lang/Object;II)I @ 46
Event: 242.763 Thread 0x000000001dd19800 Uncommon trap: reason=bimorphic action=maybe_recompile pc=0x0000000002c347ac method=java.util.concurrent.CopyOnWriteArrayList.indexOf(Ljava/lang/Object;[Ljava/lang/Object;II)I @ 46
Event: 242.812 Thread 0x000000001dd19800 Uncommon trap: reason=unstable_if action=reinterpret pc=0x0000000003fd7800 method=sun.reflect.UnsafeStaticObjectFieldAccessorImpl.set(Ljava/lang/Object;Ljava/lang/Object;)V @ 13

Internal exceptions (10 events):
Event: 222.176 Thread 0x00000000003ae000 Implicit null exception at 0x000000000240d74c to 0x000000000240d79d
Event: 233.139 Thread 0x00000000003ae000 Implicit null exception at 0x000000000382c5ef to 0x000000000382dcbd
Event: 238.446 Thread 0x000000001dd1b000 Exception <a 'java/io/FileNotFoundException'> (0x00000000fa1b1c58) thrown at [C:\re\workspace\8-2-build-windows-amd64-cygwin\jdk8u66\5298\hotspot\src\share\vm\prims\jni.cpp, line 709]
Event: 241.609 Thread 0x00000000003ae000 Implicit null exception at 0x0000000002c5b993 to 0x0000000002c5ba2e
Event: 242.159 Thread 0x000000001d648000 Exception <a 'java/lang/InterruptedException'> (0x00000000f635dfb8) thrown at [C:\re\workspace\8-2-build-windows-amd64-cygwin\jdk8u66\5298\hotspot\src\share\vm\runtime\objectMonitor.cpp, line 1683]
Event: 242.791 Thread 0x00000000169a2800 Exception <a 'java/lang/InterruptedException'> (0x00000000f5dd1bf0) thrown at [C:\re\workspace\8-2-build-windows-amd64-cygwin\jdk8u66\5298\hotspot\src\share\vm\runtime\objectMonitor.cpp, line 1683]
Event: 242.812 Thread 0x000000001dd19800 Implicit null exception at 0x0000000003fd74b7 to 0x0000000003fd77ed
Event: 242.812 Thread 0x00000000157cb000 Exception <a 'java/lang/InterruptedException'> (0x00000000f66f2138) thrown at [C:\re\workspace\8-2-build-windows-amd64-cygwin\jdk8u66\5298\hotspot\src\share\vm\runtime\objectMonitor.cpp, line 1683]
Event: 242.815 Thread 0x000000001699e800 Exception <a 'java/lang/InterruptedException'> (0x00000000f5e34710) thrown at [C:\re\workspace\8-2-build-windows-amd64-cygwin\jdk8u66\5298\hotspot\src\share\vm\runtime\objectMonitor.cpp, line 1683]
Event: 242.816 Thread 0x00000000157cc000 Exception <a 'java/lang/InterruptedException'> (0x00000000f68fafd8) thrown at [C:\re\workspace\8-2-build-windows-amd64-cygwin\jdk8u66\5298\hotspot\src\share\vm\runtime\objectMonitor.cpp, line 1683]

Events (10 events):
Event: 242.817 Thread 0x0000000013598000 flushing nmethod 0x00000000040ac090
Event: 242.818 Thread 0x0000000013598000 flushing nmethod 0x00000000040ad510
Event: 242.818 Thread 0x000000001dd19800 Thread exited: 0x000000001dd19800
Event: 242.818 loading class java/util/IdentityHashMap$KeyIterator
Event: 242.818 loading class java/util/IdentityHashMap$IdentityHashMapIterator
Event: 242.819 loading class java/util/IdentityHashMap$IdentityHashMapIterator done
Event: 242.819 loading class java/util/IdentityHashMap$KeyIterator done
Event: 242.819 Thread 0x000000001dd0f800 Thread added: 0x000000001dd0f800
Event: 242.819 Thread 0x000000001dd0f800 Thread exited: 0x000000001dd0f800
Event: 242.820 Executing VM operation: Exit


Dynamic libraries:
0x0000000000400000 - 0x000000000044f000 	C:\Xilinx\SDK\2016.2\eclipse\win64.o\eclipse.exe
0x00007ffdd3510000 - 0x00007ffdd36bc000 	C:\Windows\SYSTEM32\ntdll.dll
0x00007ffdd33d0000 - 0x00007ffdd350e000 	C:\Windows\system32\KERNEL32.DLL
0x00007ffdd0a70000 - 0x00007ffdd0b85000 	C:\Windows\system32\KERNELBASE.dll
0x00007ffdd2720000 - 0x00007ffdd2897000 	C:\Windows\system32\USER32.dll
0x00007ffdce2b0000 - 0x00007ffdce52b000 	C:\Windows\WinSxS\amd64_microsoft.windows.common-controls_6595b64144ccf1df_6.0.9600.18006_none_623f33d3ecbe86e8\COMCTL32.dll
0x00007ffdd2e60000 - 0x00007ffdd2f0a000 	C:\Windows\system32\msvcrt.dll
0x00007ffdd30d0000 - 0x00007ffdd321f000 	C:\Windows\system32\GDI32.dll
0x00007ffdd2130000 - 0x00007ffdd2166000 	C:\Windows\system32\IMM32.DLL
0x00007ffdd2f10000 - 0x00007ffdd3062000 	C:\Windows\system32\MSCTF.dll
0x0000000072000000 - 0x0000000072012000 	C:\Xilinx\SDK\2016.2\eclipse\win64.o\plugins\org.eclipse.equinox.launcher.win32.win32.x86_64_1.1.300.v20150602-1417\eclipse_1611.dll
0x00007ffdd2da0000 - 0x00007ffdd2e4a000 	C:\Windows\system32\ADVAPI32.dll
0x00007ffdca720000 - 0x00007ffdca72a000 	C:\Windows\SYSTEM32\VERSION.dll
0x00007ffdd3220000 - 0x00007ffdd3279000 	C:\Windows\SYSTEM32\sechost.dll
0x00007ffdd28b0000 - 0x00007ffdd29f1000 	C:\Windows\system32\RPCRT4.dll
0x00007ffdcf2c0000 - 0x00007ffdcf3e9000 	C:\Windows\system32\uxtheme.dll
0x00007ffdd2170000 - 0x00007ffdd2381000 	C:\Windows\SYSTEM32\combase.dll
0x0000000059100000 - 0x0000000059989000 	C:\Xilinx\SDK\2016.2\tps\win64\jre\bin\server\jvm.dll
0x00007ffdcd720000 - 0x00007ffdcd729000 	C:\Windows\SYSTEM32\WSOCK32.dll
0x00007ffdce240000 - 0x00007ffdce262000 	C:\Windows\SYSTEM32\WINMM.dll
0x00007ffdd28a0000 - 0x00007ffdd28a7000 	C:\Windows\system32\PSAPI.DLL
0x000000005ac10000 - 0x000000005ace2000 	C:\Windows\SYSTEM32\MSVCR100.dll
0x00007ffdd3350000 - 0x00007ffdd33aa000 	C:\Windows\system32\WS2_32.dll
0x00007ffdce080000 - 0x00007ffdce0aa000 	C:\Windows\SYSTEM32\WINMMBASE.dll
0x00007ffdd2390000 - 0x00007ffdd2399000 	C:\Windows\system32\NSI.dll
0x00007ffdd0790000 - 0x00007ffdd07df000 	C:\Windows\SYSTEM32\cfgmgr32.dll
0x00007ffdcf470000 - 0x00007ffdcf498000 	C:\Windows\SYSTEM32\DEVOBJ.dll
0x0000000058fc0000 - 0x0000000058fcf000 	C:\Xilinx\SDK\2016.2\tps\win64\jre\bin\verify.dll
0x0000000058f90000 - 0x0000000058fb9000 	C:\Xilinx\SDK\2016.2\tps\win64\jre\bin\java.dll
0x0000000058f70000 - 0x0000000058f86000 	C:\Xilinx\SDK\2016.2\tps\win64\jre\bin\zip.dll
0x00007ffdd0b90000 - 0x00007ffdd20bb000 	C:\Windows\system32\SHELL32.dll
0x00007ffdd2c80000 - 0x00007ffdd2cd4000 	C:\Windows\system32\SHLWAPI.dll
0x00007ffdcebc0000 - 0x00007ffdcec72000 	C:\Windows\SYSTEM32\SHCORE.dll
0x00007ffdd0660000 - 0x00007ffdd0675000 	C:\Windows\SYSTEM32\profapi.dll
0x00007ffdcff40000 - 0x00007ffdcff60000 	C:\Windows\SYSTEM32\CRYPTSP.dll
0x00007ffdcfb00000 - 0x00007ffdcfb36000 	C:\Windows\system32\rsaenh.dll
0x00007ffdd0140000 - 0x00007ffdd0166000 	C:\Windows\SYSTEM32\bcrypt.dll
0x00007ffdcff10000 - 0x00007ffdcff31000 	C:\Windows\SYSTEM32\USERENV.dll
0x00007ffdd04c0000 - 0x00007ffdd0523000 	C:\Windows\system32\bcryptprimitives.dll
0x00007ffdd0530000 - 0x00007ffdd053b000 	C:\Windows\SYSTEM32\CRYPTBASE.dll
0x0000000058f50000 - 0x0000000058f6a000 	C:\Xilinx\SDK\2016.2\tps\win64\jre\bin\net.dll
0x00007ffdcfe90000 - 0x00007ffdcfee9000 	C:\Windows\system32\mswsock.dll
0x00007ffdcc4d0000 - 0x00007ffdcc4fa000 	C:\Windows\SYSTEM32\IPHLPAPI.DLL
0x00007ffdcc4b0000 - 0x00007ffdcc4ba000 	C:\Windows\SYSTEM32\WINNSI.DLL
0x00007ffdcc240000 - 0x00007ffdcc256000 	C:\Windows\SYSTEM32\dhcpcsvc6.DLL
0x00007ffdcc210000 - 0x00007ffdcc22a000 	C:\Windows\SYSTEM32\dhcpcsvc.DLL
0x0000000058f30000 - 0x0000000058f41000 	C:\Xilinx\SDK\2016.2\tps\win64\jre\bin\nio.dll
0x00007ffdd2580000 - 0x00007ffdd2714000 	C:\Windows\system32\ole32.dll
0x00007ffdcf4a0000 - 0x00007ffdcf4ab000 	C:\Windows\SYSTEM32\kernel.appcore.dll
0x00007ffdc1650000 - 0x00007ffdc1665000 	C:\Windows\system32\napinsp.dll
0x00007ffdc1680000 - 0x00007ffdc169a000 	C:\Windows\system32\pnrpnsp.dll
0x00007ffdccec0000 - 0x00007ffdccedb000 	C:\Windows\system32\NLAapi.dll
0x00007ffdcfc40000 - 0x00007ffdcfce4000 	C:\Windows\SYSTEM32\DNSAPI.dll
0x00007ffdc18b0000 - 0x00007ffdc18bd000 	C:\Windows\System32\winrnr.dll
0x00007ffdc16a0000 - 0x00007ffdc16b4000 	C:\Windows\system32\wshbth.dll
0x0000000063560000 - 0x0000000063569000 	C:\Program Files\National Instruments\Shared\mDNS Responder\nimdnsNSP.dll
0x0000000063550000 - 0x000000006355c000 	C:\Windows\SYSTEM32\nimdnsResponder.dll
0x000000005af50000 - 0x000000005aff3000 	C:\Windows\WinSxS\amd64_microsoft.vc90.crt_1fc8b3b9a1e18e3b_9.0.30729.8387_none_08e793bfa83a89b5\MSVCR90.dll
0x00007ffdc2740000 - 0x00007ffdc274a000 	C:\Windows\System32\rasadhlp.dll
0x00007ffdcc260000 - 0x00007ffdcc2cb000 	C:\Windows\System32\fwpuclnt.dll
0x00007ffdd2ce0000 - 0x00007ffdd2d96000 	C:\Windows\SYSTEM32\clbcatq.dll
0x0000000017a50000 - 0x0000000017af8000 	C:\Users\Han Beul\.Xilinx\SDK\2016.2\org.eclipse.osgi\312\0\.cp\swt-win32-4527.dll
0x00007ffdd2a00000 - 0x00007ffdd2ac1000 	C:\Windows\system32\OLEAUT32.dll
0x00007ffdd3290000 - 0x00007ffdd3346000 	C:\Windows\system32\comdlg32.dll
0x00007ffdbf6b0000 - 0x00007ffdbf732000 	C:\Windows\SYSTEM32\WINSPOOL.DRV
0x00007ffdc9130000 - 0x00007ffdc9146000 	C:\Windows\SYSTEM32\USP10.dll
0x00007ffdcac20000 - 0x00007ffdcae89000 	C:\Windows\SYSTEM32\WININET.dll
0x00007ffdd07e0000 - 0x00007ffdd09bf000 	C:\Windows\system32\CRYPT32.dll
0x00007ffdca950000 - 0x00007ffdcac17000 	C:\Windows\SYSTEM32\iertutil.dll
0x00007ffdd0710000 - 0x00007ffdd0721000 	C:\Windows\system32\MSASN1.dll
0x00007ffdce9c0000 - 0x00007ffdce9e1000 	C:\Windows\system32\dwmapi.dll
0x00007ffdcc650000 - 0x00007ffdcc7cf000 	C:\Windows\SYSTEM32\propsys.dll
0x0000000017220000 - 0x000000001723e000 	C:\Users\Han Beul\.Xilinx\SDK\2016.2\org.eclipse.osgi\312\0\.cp\swt-gdip-win32-4527.dll
0x00007ffdbf390000 - 0x00007ffdbf540000 	C:\Windows\WinSxS\amd64_microsoft.windows.gdiplus_6595b64144ccf1df_1.1.9600.17415_none_932b3b5547500489\gdiplus.dll
0x00007ffdce810000 - 0x00007ffdce9be000 	C:\Windows\SYSTEM32\WindowsCodecs.dll
0x0000000180000000 - 0x0000000180012000 	C:\Users\Han Beul\.Xilinx\SDK\2016.2\org.eclipse.osgi\126\0\.cp\os\win32\x86_64\localfile_1_0_0.dll
0x00007ffdcd6b0000 - 0x00007ffdcd71a000 	C:\Windows\SYSTEM32\oleacc.dll
0x00007ffdcb770000 - 0x00007ffdcb777000 	C:\Windows\SYSTEM32\msimg32.dll
0x00007ffdcd850000 - 0x00007ffdcda3c000 	C:\Windows\SYSTEM32\DWrite.dll
0x00007ffdcb6b0000 - 0x00007ffdcb6ba000 	C:\Xilinx\SDK\2016.2\lib\win64.o\librdi_jtag_settings.dll
0x00007ffdc5980000 - 0x00007ffdc59a9000 	C:\Xilinx\SDK\2016.2\lib\win64.o\librdi_debug_dialog.dll
0x00007ffdca870000 - 0x00007ffdca917000 	C:\Windows\SYSTEM32\MSVCP110.dll
0x00007ffdca790000 - 0x00007ffdca864000 	C:\Windows\SYSTEM32\MSVCR110.dll
0x00007ffdc4a10000 - 0x00007ffdc4a34000 	C:\Xilinx\SDK\2016.2\lib\win64.o\libboost_filesystem.dll
0x00007ffd8c2b0000 - 0x00007ffd8ccf0000 	C:\Xilinx\SDK\2016.2\lib\win64.o\librdi_common.dll
0x00007ffd8c0b0000 - 0x00007ffd8c2a2000 	C:\Xilinx\SDK\2016.2\lib\win64.o\librdi_hsm.dll
0x00007ffdcb2e0000 - 0x00007ffdcb2e9000 	C:\Xilinx\SDK\2016.2\lib\win64.o\libboost_system.dll
0x00007ffd8bd40000 - 0x00007ffd8c0ae000 	C:\Xilinx\SDK\2016.2\lib\win64.o\libCOIN-all.dll
0x00007ffd8bb20000 - 0x00007ffd8bd3f000 	C:\Xilinx\SDK\2016.2\lib\win64.o\libXil_lmgr11.dll
0x00007ffdc9c10000 - 0x00007ffdc9c20000 	C:\Xilinx\SDK\2016.2\lib\win64.o\libboost_date_time.dll
0x00007ffdc4680000 - 0x00007ffdc46f7000 	C:\Xilinx\SDK\2016.2\lib\win64.o\libboost_program_options.dll
0x00007ffdc18e0000 - 0x00007ffdc19e6000 	C:\Xilinx\SDK\2016.2\lib\win64.o\libboost_regex.dll
0x00007ffdc5960000 - 0x00007ffdc5973000 	C:\Xilinx\SDK\2016.2\lib\win64.o\libboost_signals.dll
0x00007ffdc45d0000 - 0x00007ffdc45ed000 	C:\Xilinx\SDK\2016.2\lib\win64.o\libboost_thread.dll
0x00007ffdc91c0000 - 0x00007ffdc91cb000 	C:\Xilinx\SDK\2016.2\lib\win64.o\libboost_xilinx.dll
0x00007ffdc0b00000 - 0x00007ffdc0b80000 	C:\Xilinx\SDK\2016.2\lib\win64.o\libhdlpsolve.dll
0x00007ffdb9770000 - 0x00007ffdb980a000 	C:\Xilinx\SDK\2016.2\lib\win64.o\libhdxml.dll
0x00007ffd8aeb0000 - 0x00007ffd8b315e00 	C:\Xilinx\SDK\2016.2\lib\win64.o\libisl_iostreams.dll
0x00007ffdc45a0000 - 0x00007ffdc45ca000 	C:\Xilinx\SDK\2016.2\lib\win64.o\libisl_sysinfo.dll
0x00007ffdc32a0000 - 0x00007ffdc32b5000 	C:\Xilinx\SDK\2016.2\lib\win64.o\pthreadVC2.dll
0x00007ffdc2e00000 - 0x00007ffdc2e54000 	C:\Xilinx\SDK\2016.2\lib\win64.o\librdi_commonxillic.dll
0x00007ffdb8cf0000 - 0x00007ffdb8e20000 	C:\Xilinx\SDK\2016.2\lib\win64.o\librdi_curl.dll
0x00007ffdc3280000 - 0x00007ffdc3298000 	C:\Xilinx\SDK\2016.2\lib\win64.o\librdiconfig.dll
0x00007ffdc3250000 - 0x00007ffdc3273000 	C:\Xilinx\SDK\2016.2\lib\win64.o\librdizlib.dll
0x0000000058fd0000 - 0x00000000590f7000 	C:\Xilinx\SDK\2016.2\lib\win64.o\tcl85t.dll
0x0000000021a60000 - 0x0000000021cc3000 	C:\Xilinx\SDK\2016.2\lib\win64.o\xerces-c_3_1.dll
0x00007ffdc9d40000 - 0x00007ffdc9e09000 	C:\Windows\SYSTEM32\WINHTTP.dll
0x00007ffdca470000 - 0x00007ffdca5f5000 	C:\Windows\SYSTEM32\urlmon.dll
0x00007ffdc9330000 - 0x00007ffdc9353000 	C:\Windows\SYSTEM32\VCOMP110.DLL
0x00007ffdc0ab0000 - 0x00007ffdc0af3000 	C:\Xilinx\SDK\2016.2\lib\win64.o\librdi_hdf.dll
0x00007ffd8ac20000 - 0x00007ffd8aea1000 	C:\Xilinx\SDK\2016.2\lib\win64.o\librdi_ippcw.dll
0x00007ffdccd10000 - 0x00007ffdccd26000 	C:\Windows\SYSTEM32\NETAPI32.dll
0x00007ffdd0730000 - 0x00007ffdd0781000 	C:\Windows\system32\WINTRUST.dll
0x00007ffdc9120000 - 0x00007ffdc912b000 	C:\Xilinx\SDK\2016.2\lib\win64.o\libboost_chrono.dll
0x00007ffdc1b80000 - 0x00007ffdc1b96000 	C:\Xilinx\SDK\2016.2\lib\win64.o\libboost_iostreams.dll
0x00007ffdc11d0000 - 0x00007ffdc11f3000 	C:\Xilinx\SDK\2016.2\lib\win64.o\libisl_iosutils.dll
0x00007ffdd00c0000 - 0x00007ffdd00cc000 	C:\Windows\SYSTEM32\netutils.dll
0x00007ffdd02a0000 - 0x00007ffdd02c6000 	C:\Windows\SYSTEM32\srvcli.dll
0x00007ffdccca0000 - 0x00007ffdcccb7000 	C:\Windows\SYSTEM32\wkscli.dll
0x00007ffdc90b0000 - 0x00007ffdc90b8000 	C:\Xilinx\SDK\2016.2\lib\win64.o\librdi_target_manager.dll
0x00007ffdbd0f0000 - 0x00007ffdbd101000 	C:\Users\Han Beul\.Xilinx\SDK\2016.2\org.eclipse.osgi\129\0\.cp\jWinHttp-1.0.0.dll
0x00007ffdc80b0000 - 0x00007ffdc80bf000 	C:\Xilinx\SDK\2016.2\lib\win64.o\librdi_repo_manager.dll
0x00007ffdb9460000 - 0x00007ffdb9476000 	C:\Xilinx\SDK\2016.2\eclipse\win64.o\plugins\org.eclipse.cdt.core.win32.x86_64_5.4.0.201509131935\os\win32\x86_64\spawner.dll
0x00007ffd7f4c0000 - 0x00007ffd7fcd0000 	C:\Xilinx\SDK\2016.2\lib\win64.o\libXil_lmgr11FNP.dll
0x00007ffdc8430000 - 0x00007ffdc843c000 	C:\Windows\SYSTEM32\snmpapi.dll
0x00007ffdd23a0000 - 0x00007ffdd257a000 	C:\Windows\system32\SETUPAPI.dll
0x00007ffdd0490000 - 0x00007ffdd04be000 	C:\Windows\SYSTEM32\SspiCli.dll
0x00007ffdcb8d0000 - 0x00007ffdcb8d3000 	C:\Windows\SYSTEM32\icmp.Dll

VM Arguments:
jvm_args: -Dcom.xilinx.sdk.args.hwspec=C:/lab2_pwm/hw1_zybo.sdk/design_1_wrapper.hdf -Xms64m -Xmx512m & 
java_command: <unknown>
java_class_path (initial): C:\Xilinx\SDK\2016.2\eclipse\win64.o\\plugins/org.eclipse.equinox.launcher_1.3.100.v20150511-1540.jar
Launcher Type: generic

Environment Variables:
PATH=C:/Xilinx/SDK/2016.2/tps/win64/jre/bin/server;C:/Xilinx/SDK/2016.2/tps/win64/jre/bin;C:/Xilinx/SDK/2016.2/tps/win64/jre/lib/amd64;C:\Xilinx\SDK\2016.2\gnuwin\bin;C:\Xilinx\SDK\2016.2\gnu\microblaze\nt\bin;C:\Xilinx\SDK\2016.2\gnu\microblaze\linux_toolchain\nt64_le\bin;C:\Xilinx\SDK\2016.2\gnu\microblaze\linux_toolchain\nt64_be\bin;C:\Xilinx\SDK\2016.2\gnu\arm\nt\bin;C:\Xilinx\SDK\2016.2\gnu\aarch64\nt\aarch64-none\bin;C:\Xilinx\SDK\2016.2\gnu\aarch64\nt\aarch64-linux\bin;C:\Xilinx\SDK\2016.2\gnu\armr5\nt\gcc-arm-none-eabi\bin;C:\Xilinx\SDK\2016.2\gnu\aarch32\nt\gcc-arm-none-eabi\bin;C:\Xilinx\SDK\2016.2\gnu\aarch32\nt\gcc-arm-linux-gnueabi\bin;C:\Xilinx\SDK\2016.2\tps\win64\cmake-3.3.2\bin;;C:\Xilinx\SDK\2016.2\bin;C:\Xilinx\SDK\2016.2\lib\win64.o;C:\Xilinx\SDK\2016.2\tps\win64\jre\bin\server;C:\Xilinx\SDK\2016.2\tps\win64\jre\bin;C:\Xilinx\Vivado\2016.2\ids_lite\ISE\bin\nt64;C:\Xilinx\Vivado\2016.2\ids_lite\ISE\lib\nt64;C:\Xilinx\Vivado\2016.2\bin;C:\Xilinx\Vivado\2016.2\lib\win64.o;C:\Xilinx\Vivado\2016.2\tps\win64\jre\bin\server;C:\Xilinx\Vivado\2016.2\tps\win64\jre\bin;C:\Xilinx\Vivado_HLS\2016.2\bin;C:\ProgramData\Oracle\Java\javapath;C:\Windows\system32;C:\Windows;C:\Windows\System32\Wbem;C:\Windows\System32\WindowsPowerShell\v1.0\;C:\Program Files\MATLAB\R2016b\bin;C:\Modeltech_pe_edu_10.4a\win32pe_edu;c:\MinGW\bin;c:\MinGW\msys\1.0\;c:\MinGW\msys\1.0\bin;c:\lab2_pwm;
USERNAME=Han Beul
OS=Windows_NT
PROCESSOR_IDENTIFIER=Intel64 Family 6 Model 70 Stepping 1, GenuineIntel



---------------  S Y S T E M  ---------------

OS: Windows 8.1 , 64 bit Build 9600 (6.3.9600.17415)

CPU:total 4 (4 cores per cpu, 1 threads per core) family 6 model 70 stepping 1, cmov, cx8, fxsr, mmx, sse, sse2, sse3, ssse3, sse4.1, sse4.2, popcnt, avx, avx2, aes, clmul, erms, lzcnt, tsc, tscinvbit, bmi1, bmi2

Memory: 4k page, physical 4193780k(963264k free), swap 5628020k(1287884k free)

vm_info: Java HotSpot(TM) 64-Bit Server VM (25.66-b18) for windows-amd64 JRE (1.8.0_66-b18), built on Nov  9 2015 10:51:13 by "java_re" with MS VC++ 10.0 (VS2010)

time: Mon Dec 12 18:27:45 2016
elapsed time: 243 seconds (0d 0h 4m 3s)

