#
# A fatal error has been detected by the Java Runtime Environment:
#
#  Internal Error (0xc000000d), pid=3344, tid=4788
#
# JRE version: Java(TM) SE Runtime Environment (8.0_66-b18) (build 1.8.0_66-b18)
# Java VM: Java HotSpot(TM) 64-Bit Server VM (25.66-b18 mixed mode windows-amd64 compressed oops)
# Problematic frame:
# C  [ntdll.dll+0x1021c0]
#
# Failed to write core dump. Minidumps are not enabled by default on client versions of Windows
#
# If you would like to submit a bug report, please visit:
#   http://bugreport.java.com/bugreport/crash.jsp
#

---------------  T H R E A D  ---------------

Current thread (0x0000000013577000):  VMThread [stack: 0x0000000014610000,0x0000000014710000] [id=4788]

siginfo: ExceptionCode=0xc000000d

Registers:
RAX=0x0000000000000000, RBX=0xfffffffffffffffe, RCX=0x0000000000000002, RDX=0x0000000000320db0
RSP=0x000000001470f1b0, RBP=0x00007ffdca797408, RSI=0x0000000000000000, RDI=0x00000000000006bc
R8 =0x000000001470ed01, R9 =0x0000000000000030, R10=0x00007ffdd354b9c8, R11=0x0000000000000000
R12=0x000000002681b630, R13=0x0000000000397a80, R14=0x000000002681b738, R15=0x000000001470f328
RIP=0x00007ffdd36121c0, EFLAGS=0x0000000000000206

Top of Stack: (sp=0x000000001470f1b0)
0x000000001470f1b0:   0000000000000000 fffffffffffffffe
0x000000001470f1c0:   0000000000000000 00000000000006bc
0x000000001470f1d0:   00000000c000000d 0000000000000000
0x000000001470f1e0:   00007ffdd36121c0 0000000000000000
0x000000001470f1f0:   0000000000000000 0000000000000000
0x000000001470f200:   0000000000000000 0000000000000000
0x000000001470f210:   0000000000000000 0000000000000000
0x000000001470f220:   0000000000000000 0000000000000000
0x000000001470f230:   0000000000000000 0000000000000000
0x000000001470f240:   0000000000000000 0000000000000000
0x000000001470f250:   0000000000000000 0000000000000000
0x000000001470f260:   0000000000000000 0000000000000013
0x000000001470f270:   0000b473b19ce8f8 0000000000000000
0x000000001470f280:   0000000000000120 00007ffdd35b47f9
0x000000001470f290:   00000000001f0000 0000000000000000
0x000000001470f2a0:   0000000000000120 00007ffd00000000 

Instructions: (pc=0x00007ffdd36121c0)
0x00007ffdd36121a0:   2f f9 ff c7 44 24 20 0d 00 00 c0 b9 57 00 00 00
0x00007ffdd36121b0:   e8 2b f0 f4 ff 90 48 8d 4c 24 20 e8 70 17 f5 ff
0x00007ffdd36121c0:   eb 00 48 8b 8c 24 c0 00 00 00 48 33 cc e8 ce 03
0x00007ffdd36121d0:   f8 ff 48 81 c4 d8 00 00 00 c3 40 55 48 83 ec 20 


Register to memory mapping:

RAX=0x0000000000000000 is an unknown value
RBX=0xfffffffffffffffe is an unknown value
RCX=0x0000000000000002 is an unknown value
RDX=0x0000000000320db0 is an unknown value
RSP=0x000000001470f1b0 is an unknown value
RBP=0x00007ffdca797408 is an unknown value
RSI=0x0000000000000000 is an unknown value
RDI=0x00000000000006bc is an unknown value
R8 =0x000000001470ed01 is an unknown value
R9 =0x0000000000000030 is an unknown value
R10=0x00007ffdd354b9c8 is an unknown value
R11=0x0000000000000000 is an unknown value
R12=0x000000002681b630 is an unknown value
R13=0x0000000000397a80 is an unknown value
R14=0x000000002681b738 is an unknown value
R15=0x000000001470f328 is an unknown value


Stack: [0x0000000014610000,0x0000000014710000],  sp=0x000000001470f1b0,  free space=1020k
Native frames: (J=compiled Java code, j=interpreted, Vv=VM code, C=native code)
C  [ntdll.dll+0x1021c0]
C  [ntdll.dll+0xa47f9]
C  [KERNEL32.DLL+0x399a]
C  [MSVCR110.dll+0x752d]
C  [MSVCR110.dll+0x73c6]
C  [MSVCR110.dll+0x14cca]
C  [MSVCR110.dll+0x13edc]
C  [MSVCR110.dll+0x239e]
C  [MSVCR110.dll+0xaf9e]
C  [MSVCP110.dll+0x397b9]
C  [librdi_common.dll+0x182316]
C  [librdi_common.dll+0x180fab]
C  [librdi_target_manager.dll+0x2400]
C  [librdi_target_manager.dll+0x2682]
C  [ntdll.dll+0x1c334]
C  [ntdll.dll+0x1b742]
C  [ntdll.dll+0x18448]
C  [KERNEL32.DLL+0x516a]
C  [MSVCR100.dll+0x20ccd]
V  [jvm.dll+0x210cc5]
V  [jvm.dll+0x249897]
V  [jvm.dll+0x248b36]
V  [jvm.dll+0x248fd1]
V  [jvm.dll+0x2491ee]
V  [jvm.dll+0x29a0fa]
C  [MSVCR100.dll+0x21d9f]
C  [MSVCR100.dll+0x21e3b]
C  [KERNEL32.DLL+0x13d2]
C  [ntdll.dll+0x15454]

VM_Operation (0x000000000013f4c0): Exit, mode: safepoint, requested by thread 0x000000000201e000


---------------  P R O C E S S  ---------------

Java Threads: ( => current thread )
  0x000000001a4e2800 JavaThread "Spawner Reaper" daemon [_thread_in_native, id=4692, stack(0x00000000257c0000,0x00000000258c0000)]
  0x000000001a4ea000 JavaThread "Set STDIO Tab defaults" [_thread_blocked, id=2868, stack(0x0000000027e60000,0x0000000027f60000)]
  0x000000001a4de800 JavaThread "TCF Channel Transmitter" daemon [_thread_blocked, id=2832, stack(0x0000000023da0000,0x0000000023ea0000)]
  0x0000000015ff9800 JavaThread "TCF Channel Receiver" daemon [_thread_in_native, id=4296, stack(0x0000000023af0000,0x0000000023bf0000)]
  0x000000001a961000 JavaThread "Process monitor" daemon [_thread_in_native, id=2064, stack(0x00000000235f0000,0x00000000236f0000)]
  0x000000001a964000 JavaThread "Input Stream Monitor" daemon [_thread_blocked, id=3900, stack(0x0000000023260000,0x0000000023360000)]
  0x000000001a962000 JavaThread "Output Stream Monitor" daemon [_thread_in_native, id=4104, stack(0x0000000022c00000,0x0000000022d00000)]
  0x000000001a95d800 JavaThread "Output Stream Monitor" daemon [_thread_in_native, id=4228, stack(0x0000000022930000,0x0000000022a30000)]
  0x000000001a95c000 JavaThread "Thread-11" daemon [_thread_blocked, id=3988, stack(0x00000000203b0000,0x00000000204b0000)]
  0x000000001a959000 JavaThread "TCF Locator DNS Lookup" daemon [_thread_blocked, id=264, stack(0x000000001f4c0000,0x000000001f5c0000)]
  0x0000000015ffc800 JavaThread "TCF Locator Timer" daemon [_thread_blocked, id=2816, stack(0x000000001f3c0000,0x000000001f4c0000)]
  0x0000000015ffc000 JavaThread "TCF Locator Receiver" daemon [_thread_in_native, id=3264, stack(0x000000001f2c0000,0x000000001f3c0000)]
  0x0000000015ffa800 JavaThread "TCF Timer Dispatcher" daemon [_thread_blocked, id=4568, stack(0x000000001f0a0000,0x000000001f1a0000)]
  0x0000000015ff7800 JavaThread "EMF Reference Cleaner" daemon [_thread_blocked, id=3732, stack(0x0000000017cf0000,0x0000000017df0000)]
  0x000000001360d800 JavaThread "Service Thread" daemon [_thread_blocked, id=3644, stack(0x00000000152f0000,0x00000000153f0000)]
  0x00000000135b9000 JavaThread "C1 CompilerThread2" daemon [_thread_blocked, id=4300, stack(0x0000000014df0000,0x0000000014ef0000)]
  0x00000000135b6000 JavaThread "C2 CompilerThread1" daemon [_thread_blocked, id=2208, stack(0x0000000014cf0000,0x0000000014df0000)]
  0x00000000135ad800 JavaThread "C2 CompilerThread0" daemon [_thread_blocked, id=3600, stack(0x0000000014bf0000,0x0000000014cf0000)]
  0x00000000135ab000 JavaThread "Attach Listener" daemon [_thread_blocked, id=700, stack(0x0000000014af0000,0x0000000014bf0000)]
  0x0000000002237000 JavaThread "Finalizer" daemon [_thread_blocked, id=2240, stack(0x0000000014810000,0x0000000014910000)]
  0x000000000222e800 JavaThread "Reference Handler" daemon [_thread_blocked, id=3484, stack(0x0000000014710000,0x0000000014810000)]
  0x000000000201e000 JavaThread "main" [_thread_blocked, id=3096, stack(0x0000000000040000,0x0000000000140000)]

Other Threads:
=>0x0000000013577000 VMThread [stack: 0x0000000014610000,0x0000000014710000] [id=4788]

VM state:at safepoint (shutting down)

VM Mutex/Monitor currently owned by a thread:  ([mutex/lock_event])
[0x000000000201d6a0] Threads_lock - owner thread: 0x0000000013577000

Heap:
 PSYoungGen      total 132608K, used 23206K [0x00000000f5580000, 0x0000000100000000, 0x0000000100000000)
  eden space 90624K, 21% used [0x00000000f5580000,0x00000000f68aecf8,0x00000000fae00000)
  from space 41984K, 8% used [0x00000000fd600000,0x00000000fd97ab58,0x00000000fff00000)
  to   space 40960K, 0% used [0x00000000fae00000,0x00000000fae00000,0x00000000fd600000)
 ParOldGen       total 116224K, used 65846K [0x00000000e0000000, 0x00000000e7180000, 0x00000000f5580000)
  object space 116224K, 56% used [0x00000000e0000000,0x00000000e404db40,0x00000000e7180000)
 Metaspace       used 89332K, capacity 96524K, committed 96792K, reserved 1132544K
  class space    used 10607K, capacity 13040K, committed 13088K, reserved 1048576K

Card table byte_map: [0x0000000011600000,0x0000000011710000] byte_map_base: 0x0000000010f00000

Marking Bits: (ParMarkBitMap*) 0x000000005990a5b0
 Begin Bits: [0x0000000011b10000, 0x0000000012310000)
 End Bits:   [0x0000000012310000, 0x0000000012b10000)

Polling page: 0x00000000002c0000

CodeCache: size=245760Kb used=42473Kb max_used=42814Kb free=203286Kb
 bounds [0x0000000002240000, 0x0000000004c60000, 0x0000000011240000]
 total_blobs=12465 nmethods=11559 adapters=813
 compilation: enabled

Compilation events (10 events):
Event: 299.581 Thread 0x00000000135b9000 nmethod 14195 0x000000000371e5d0 code [0x000000000371e9a0, 0x0000000003721318]
Event: 299.581 Thread 0x00000000135b9000 14196   !   3       org.eclipse.osgi.container.ModuleDatabase::getRevisionsTimestamp (25 bytes)
Event: 299.581 Thread 0x00000000135b9000 nmethod 14196 0x000000000302fe50 code [0x0000000003030060, 0x0000000003030d98]
Event: 299.581 Thread 0x00000000135b9000 14197       3       org.eclipse.osgi.internal.framework.EquinoxContainerAdaptor::clearManifestCache (84 bytes)
Event: 299.581 Thread 0x00000000135b6000 nmethod 14200 0x00000000036fc250 code [0x00000000036fc3a0, 0x00000000036fc468]
Event: 299.582 Thread 0x00000000135b9000 nmethod 14197 0x0000000003624850 code [0x0000000003624aa0, 0x00000000036261b8]
Event: 299.582 Thread 0x00000000135b9000 14198   !   3       org.eclipse.osgi.storage.BundleInfo$Generation::clearManifestCache (30 bytes)
Event: 299.583 Thread 0x00000000135b9000 nmethod 14198 0x0000000002c0bf50 code [0x0000000002c0c0e0, 0x0000000002c0c728]
Event: 299.583 Thread 0x00000000135b9000 14194       3       sun.misc.Unsafe::getAndSetObject (24 bytes)
Event: 299.583 Thread 0x00000000135b9000 nmethod 14194 0x0000000003d39150 code [0x0000000003d392c0, 0x0000000003d394d0]

GC Heap History (10 events):
Event: 130.114 GC heap before
{Heap before GC invocations=20 (full 5):
 PSYoungGen      total 92672K, used 1656K [0x00000000f5580000, 0x0000000100000000, 0x0000000100000000)
  eden space 90624K, 0% used [0x00000000f5580000,0x00000000f5580000,0x00000000fae00000)
  from space 2048K, 80% used [0x00000000fae00000,0x00000000faf9e0c0,0x00000000fb000000)
  to   space 42496K, 0% used [0x00000000fd680000,0x00000000fd680000,0x0000000100000000)
 ParOldGen       total 116224K, used 61644K [0x00000000e0000000, 0x00000000e7180000, 0x00000000f5580000)
  object space 116224K, 53% used [0x00000000e0000000,0x00000000e3c33368,0x00000000e7180000)
 Metaspace       used 82353K, capacity 88374K, committed 88472K, reserved 1126400K
  class space    used 9792K, capacity 11870K, committed 11936K, reserved 1048576K
Event: 130.478 GC heap after
Heap after GC invocations=20 (full 5):
 PSYoungGen      total 92672K, used 0K [0x00000000f5580000, 0x0000000100000000, 0x0000000100000000)
  eden space 90624K, 0% used [0x00000000f5580000,0x00000000f5580000,0x00000000fae00000)
  from space 2048K, 0% used [0x00000000fae00000,0x00000000fae00000,0x00000000fb000000)
  to   space 42496K, 0% used [0x00000000fd680000,0x00000000fd680000,0x0000000100000000)
 ParOldGen       total 116224K, used 62857K [0x00000000e0000000, 0x00000000e7180000, 0x00000000f5580000)
  object space 116224K, 54% used [0x00000000e0000000,0x00000000e3d62760,0x00000000e7180000)
 Metaspace       used 82353K, capacity 88374K, committed 88472K, reserved 1126400K
  class space    used 9792K, capacity 11870K, committed 11936K, reserved 1048576K
}
Event: 200.434 GC heap before
{Heap before GC invocations=21 (full 5):
 PSYoungGen      total 92672K, used 37157K [0x00000000f5580000, 0x0000000100000000, 0x0000000100000000)
  eden space 90624K, 41% used [0x00000000f5580000,0x00000000f79c9638,0x00000000fae00000)
  from space 2048K, 0% used [0x00000000fae00000,0x00000000fae00000,0x00000000fb000000)
  to   space 42496K, 0% used [0x00000000fd680000,0x00000000fd680000,0x0000000100000000)
 ParOldGen       total 116224K, used 62857K [0x00000000e0000000, 0x00000000e7180000, 0x00000000f5580000)
  object space 116224K, 54% used [0x00000000e0000000,0x00000000e3d62760,0x00000000e7180000)
 Metaspace       used 85140K, capacity 91784K, committed 92056K, reserved 1128448K
  class space    used 10156K, capacity 12430K, committed 12448K, reserved 1048576K
Event: 200.448 GC heap after
Heap after GC invocations=21 (full 5):
 PSYoungGen      total 132096K, used 3695K [0x00000000f5580000, 0x0000000100000000, 0x0000000100000000)
  eden space 89600K, 0% used [0x00000000f5580000,0x00000000f5580000,0x00000000fad00000)
  from space 42496K, 8% used [0x00000000fd680000,0x00000000fda1be78,0x0000000100000000)
  to   space 42496K, 0% used [0x00000000fad00000,0x00000000fad00000,0x00000000fd680000)
 ParOldGen       total 116224K, used 62865K [0x00000000e0000000, 0x00000000e7180000, 0x00000000f5580000)
  object space 116224K, 54% used [0x00000000e0000000,0x00000000e3d64760,0x00000000e7180000)
 Metaspace       used 85140K, capacity 91784K, committed 92056K, reserved 1128448K
  class space    used 10156K, capacity 12430K, committed 12448K, reserved 1048576K
}
Event: 200.448 GC heap before
{Heap before GC invocations=22 (full 6):
 PSYoungGen      total 132096K, used 3695K [0x00000000f5580000, 0x0000000100000000, 0x0000000100000000)
  eden space 89600K, 0% used [0x00000000f5580000,0x00000000f5580000,0x00000000fad00000)
  from space 42496K, 8% used [0x00000000fd680000,0x00000000fda1be78,0x0000000100000000)
  to   space 42496K, 0% used [0x00000000fad00000,0x00000000fad00000,0x00000000fd680000)
 ParOldGen       total 116224K, used 62865K [0x00000000e0000000, 0x00000000e7180000, 0x00000000f5580000)
  object space 116224K, 54% used [0x00000000e0000000,0x00000000e3d64760,0x00000000e7180000)
 Metaspace       used 85140K, capacity 91784K, committed 92056K, reserved 1128448K
  class space    used 10156K, capacity 12430K, committed 12448K, reserved 1048576K
Event: 200.811 GC heap after
Heap after GC invocations=22 (full 6):
 PSYoungGen      total 132096K, used 0K [0x00000000f5580000, 0x0000000100000000, 0x0000000100000000)
  eden space 89600K, 0% used [0x00000000f5580000,0x00000000f5580000,0x00000000fad00000)
  from space 42496K, 0% used [0x00000000fd680000,0x00000000fd680000,0x0000000100000000)
  to   space 42496K, 0% used [0x00000000fad00000,0x00000000fad00000,0x00000000fd680000)
 ParOldGen       total 116224K, used 65830K [0x00000000e0000000, 0x00000000e7180000, 0x00000000f5580000)
  object space 116224K, 56% used [0x00000000e0000000,0x00000000e4049b40,0x00000000e7180000)
 Metaspace       used 85140K, capacity 91784K, committed 92056K, reserved 1128448K
  class space    used 10156K, capacity 12430K, committed 12448K, reserved 1048576K
}
Event: 265.004 GC heap before
{Heap before GC invocations=23 (full 6):
 PSYoungGen      total 132096K, used 89600K [0x00000000f5580000, 0x0000000100000000, 0x0000000100000000)
  eden space 89600K, 100% used [0x00000000f5580000,0x00000000fad00000,0x00000000fad00000)
  from space 42496K, 0% used [0x00000000fd680000,0x00000000fd680000,0x0000000100000000)
  to   space 42496K, 0% used [0x00000000fad00000,0x00000000fad00000,0x00000000fd680000)
 ParOldGen       total 116224K, used 65830K [0x00000000e0000000, 0x00000000e7180000, 0x00000000f5580000)
  object space 116224K, 56% used [0x00000000e0000000,0x00000000e4049b40,0x00000000e7180000)
 Metaspace       used 86868K, capacity 93810K, committed 94104K, reserved 1130496K
  class space    used 10332K, capacity 12657K, committed 12704K, reserved 1048576K
Event: 265.010 GC heap after
Heap after GC invocations=23 (full 6):
 PSYoungGen      total 93184K, used 3306K [0x00000000f5580000, 0x00000000fff00000, 0x0000000100000000)
  eden space 89600K, 0% used [0x00000000f5580000,0x00000000f5580000,0x00000000fad00000)
  from space 3584K, 92% used [0x00000000fad00000,0x00000000fb03a988,0x00000000fb080000)
  to   space 41984K, 0% used [0x00000000fd600000,0x00000000fd600000,0x00000000fff00000)
 ParOldGen       total 116224K, used 65838K [0x00000000e0000000, 0x00000000e7180000, 0x00000000f5580000)
  object space 116224K, 56% used [0x00000000e0000000,0x00000000e404bb40,0x00000000e7180000)
 Metaspace       used 86868K, capacity 93810K, committed 94104K, reserved 1130496K
  class space    used 10332K, capacity 12657K, committed 12704K, reserved 1048576K
}
Event: 298.150 GC heap before
{Heap before GC invocations=24 (full 6):
 PSYoungGen      total 93184K, used 92906K [0x00000000f5580000, 0x00000000fff00000, 0x0000000100000000)
  eden space 89600K, 100% used [0x00000000f5580000,0x00000000fad00000,0x00000000fad00000)
  from space 3584K, 92% used [0x00000000fad00000,0x00000000fb03a988,0x00000000fb080000)
  to   space 41984K, 0% used [0x00000000fd600000,0x00000000fd600000,0x00000000fff00000)
 ParOldGen       total 116224K, used 65838K [0x00000000e0000000, 0x00000000e7180000, 0x00000000f5580000)
  object space 116224K, 56% used [0x00000000e0000000,0x00000000e404bb40,0x00000000e7180000)
 Metaspace       used 88476K, capacity 95844K, committed 96024K, reserved 1132544K
  class space    used 10525K, capacity 13008K, committed 13088K, reserved 1048576K
Event: 298.163 GC heap after
Heap after GC invocations=24 (full 6):
 PSYoungGen      total 132608K, used 3562K [0x00000000f5580000, 0x0000000100000000, 0x0000000100000000)
  eden space 90624K, 0% used [0x00000000f5580000,0x00000000f5580000,0x00000000fae00000)
  from space 41984K, 8% used [0x00000000fd600000,0x00000000fd97ab58,0x00000000fff00000)
  to   space 40960K, 0% used [0x00000000fae00000,0x00000000fae00000,0x00000000fd600000)
 ParOldGen       total 116224K, used 65846K [0x00000000e0000000, 0x00000000e7180000, 0x00000000f5580000)
  object space 116224K, 56% used [0x00000000e0000000,0x00000000e404db40,0x00000000e7180000)
 Metaspace       used 88476K, capacity 95844K, committed 96024K, reserved 1132544K
  class space    used 10525K, capacity 13008K, committed 13088K, reserved 1048576K
}

Deoptimization events (10 events):
Event: 298.869 Thread 0x000000001a958000 Uncommon trap: reason=unstable_if action=reinterpret pc=0x00000000023b9424 method=sun.nio.cs.SingleByte$Encoder.encode(C)I @ 13
Event: 298.869 Thread 0x000000001a958000 Uncommon trap: reason=unstable_if action=reinterpret pc=0x00000000034e0794 method=java.nio.charset.CharsetEncoder.encode(Ljava/nio/CharBuffer;Ljava/nio/ByteBuffer;Z)Ljava/nio/charset/CoderResult; @ 105
Event: 298.905 Thread 0x000000001a4e0000 Uncommon trap: reason=predicate action=maybe_recompile pc=0x0000000004087f50 method=java.util.concurrent.CopyOnWriteArrayList.indexOf(Ljava/lang/Object;[Ljava/lang/Object;II)I @ 41
Event: 298.906 Thread 0x000000001a4e0000 Uncommon trap: reason=unstable_if action=reinterpret pc=0x00000000045801c0 method=org.eclipse.ui.internal.UILockListener.isUI()Z @ 7
Event: 298.906 Thread 0x000000001a4e0000 Uncommon trap: reason=unstable_if action=reinterpret pc=0x00000000031a1bb8 method=org.eclipse.osgi.internal.hooks.EclipseLazyStarter.shouldActivateFor(Ljava/lang/String;Lorg/eclipse/osgi/container/Module;Lorg/eclipse/osgi/container/ModuleRevision;Lorg/ecliê<
åÆr@
Event: 298.909 Thread 0x000000001a4e0000 Uncommon trap: reason=unstable_if action=reinterpret pc=0x00000000048271a4 method=org.eclipse.swt.graphics.Resource.dispose()V @ 15
Event: 299.468 Thread 0x000000001589a000 Uncommon trap: reason=unstable_if action=reinterpret pc=0x0000000002f37580 method=org.eclipse.osgi.internal.framework.BundleContextImpl.dispatchEvent(Ljava/lang/Object;Ljava/lang/Object;ILjava/lang/Object;)V @ 16
Event: 299.488 Thread 0x000000001a4e0000 Uncommon trap: reason=null_check action=maybe_recompile pc=0x00000000032c3d6c method=com.xilinx.sdk.targetmanager.internal.json.XMDJSONProcess.issueCommand(Ljava/lang/String;)Lcom/xilinx/sdk/targetmanager/internal/IXMDResult; @ 3
Event: 299.541 Thread 0x000000001a962800 Uncommon trap: reason=unstable_if action=reinterpret pc=0x000000000489c51c method=org.eclipse.core.internal.jobs.JobManager.nextJob()Lorg/eclipse/core/runtime/jobs/Job; @ 80
Event: 299.541 Thread 0x000000001a966800 Uncommon trap: reason=unstable_if action=reinterpret pc=0x0000000004893028 method=org.eclipse.core.internal.jobs.JobManager.nextJob()Lorg/eclipse/core/runtime/jobs/Job; @ 80

Internal exceptions (10 events):
Event: 295.331 Thread 0x000000000201e000 Exception <a 'java/io/IOException'> (0x00000000f9464448) thrown at [C:\re\workspace\8-2-build-windows-amd64-cygwin\jdk8u66\5298\hotspot\src\share\vm\prims\jni.cpp, line 709]
Event: 298.357 Thread 0x000000000201e000 Exception <a 'java/lang/NullPointerException'> (0x00000000f59f3890) thrown at [C:\re\workspace\8-2-build-windows-amd64-cygwin\jdk8u66\5298\hotspot\src\share\vm\interpreter\linkResolver.cpp, line 1280]
Event: 298.868 Thread 0x000000001a957800 Exception <a 'java/lang/InterruptedException'> (0x00000000f617f590) thrown at [C:\re\workspace\8-2-build-windows-amd64-cygwin\jdk8u66\5298\hotspot\src\share\vm\runtime\objectMonitor.cpp, line 1683]
Event: 299.488 Thread 0x000000001a4e0000 Implicit null exception at 0x00000000032c3044 to 0x00000000032c3d5d
Event: 299.488 Thread 0x000000001a4e0000 Exception <a 'java/lang/NullPointerException'> (0x00000000f64faea8) thrown at [C:\re\workspace\8-2-build-windows-amd64-cygwin\jdk8u66\5298\hotspot\src\share\vm\prims\jvm.cpp, line 1390]
Event: 299.540 Thread 0x0000000015ff6800 Exception <a 'java/lang/InterruptedException'> (0x00000000f5a092e0) thrown at [C:\re\workspace\8-2-build-windows-amd64-cygwin\jdk8u66\5298\hotspot\src\share\vm\runtime\objectMonitor.cpp, line 1683]
Event: 299.570 Thread 0x000000001589a000 Exception <a 'java/lang/InterruptedException'> (0x00000000f661cec8) thrown at [C:\re\workspace\8-2-build-windows-amd64-cygwin\jdk8u66\5298\hotspot\src\share\vm\runtime\objectMonitor.cpp, line 1683]
Event: 299.577 Thread 0x0000000015ff9000 Exception <a 'java/lang/InterruptedException'> (0x00000000f59ffa78) thrown at [C:\re\workspace\8-2-build-windows-amd64-cygwin\jdk8u66\5298\hotspot\src\share\vm\runtime\objectMonitor.cpp, line 1683]
Event: 299.577 Thread 0x000000001630a000 Exception <a 'java/lang/InterruptedException'> (0x00000000f6819270) thrown at [C:\re\workspace\8-2-build-windows-amd64-cygwin\jdk8u66\5298\hotspot\src\share\vm\runtime\objectMonitor.cpp, line 1683]
Event: 299.584 Thread 0x000000001a4e0000 Exception <a 'java/io/IOException'> (0x00000000f6898400) thrown at [C:\re\workspace\8-2-build-windows-amd64-cygwin\jdk8u66\5298\hotspot\src\share\vm\prims\jni.cpp, line 709]

Events (10 events):
Event: 299.583 loading class java/util/IdentityHashMap$IdentityHashMapIterator done
Event: 299.583 loading class java/util/IdentityHashMap$KeyIterator done
Event: 299.583 Thread 0x000000001a4e0000 Thread added: 0x000000001a4e0000
Event: 299.583 Executing VM operation: RevokeBias
Event: 299.583 Executing VM operation: RevokeBias done
Event: 299.584 Executing VM operation: RevokeBias
Event: 299.584 Executing VM operation: RevokeBias done
Event: 299.584 Thread 0x000000001a4e0000 Thread exited: 0x000000001a4e0000
Event: 299.585 Thread 0x00000000135aa000 Thread exited: 0x00000000135aa000
Event: 299.585 Executing VM operation: Exit


Dynamic libraries:
0x0000000000400000 - 0x000000000044f000 	C:\Xilinx\SDK\2016.2\eclipse\win64.o\eclipse.exe
0x00007ffdd3510000 - 0x00007ffdd36bc000 	C:\Windows\SYSTEM32\ntdll.dll
0x00007ffdd33d0000 - 0x00007ffdd350e000 	C:\Windows\system32\KERNEL32.DLL
0x00007ffdd0a70000 - 0x00007ffdd0b85000 	C:\Windows\system32\KERNELBASE.dll
0x00007ffdd2720000 - 0x00007ffdd2897000 	C:\Windows\system32\USER32.dll
0x00007ffdce2b0000 - 0x00007ffdce52b000 	C:\Windows\WinSxS\amd64_microsoft.windows.common-controls_6595b64144ccf1df_6.0.9600.18006_none_623f33d3ecbe86e8\COMCTL32.dll
0x00007ffdd2e60000 - 0x00007ffdd2f0a000 	C:\Windows\system32\msvcrt.dll
0x00007ffdd30d0000 - 0x00007ffdd321f000 	C:\Windows\system32\GDI32.dll
0x00007ffdd2130000 - 0x00007ffdd2166000 	C:\Windows\system32\IMM32.DLL
0x00007ffdd2f10000 - 0x00007ffdd3062000 	C:\Windows\system32\MSCTF.dll
0x0000000072000000 - 0x0000000072012000 	C:\Xilinx\SDK\2016.2\eclipse\win64.o\plugins\org.eclipse.equinox.launcher.win32.win32.x86_64_1.1.300.v20150602-1417\eclipse_1611.dll
0x00007ffdd2da0000 - 0x00007ffdd2e4a000 	C:\Windows\system32\ADVAPI32.dll
0x00007ffdca720000 - 0x00007ffdca72a000 	C:\Windows\SYSTEM32\VERSION.dll
0x00007ffdd3220000 - 0x00007ffdd3279000 	C:\Windows\SYSTEM32\sechost.dll
0x00007ffdd28b0000 - 0x00007ffdd29f1000 	C:\Windows\system32\RPCRT4.dll
0x00007ffdcf2c0000 - 0x00007ffdcf3e9000 	C:\Windows\system32\uxtheme.dll
0x00007ffdd2170000 - 0x00007ffdd2381000 	C:\Windows\SYSTEM32\combase.dll
0x0000000059100000 - 0x0000000059989000 	C:\Xilinx\SDK\2016.2\tps\win64\jre\bin\server\jvm.dll
0x00007ffdcd720000 - 0x00007ffdcd729000 	C:\Windows\SYSTEM32\WSOCK32.dll
0x00007ffdce240000 - 0x00007ffdce262000 	C:\Windows\SYSTEM32\WINMM.dll
0x00007ffdd28a0000 - 0x00007ffdd28a7000 	C:\Windows\system32\PSAPI.DLL
0x000000005ac10000 - 0x000000005ace2000 	C:\Windows\SYSTEM32\MSVCR100.dll
0x00007ffdd3350000 - 0x00007ffdd33aa000 	C:\Windows\system32\WS2_32.dll
0x00007ffdce080000 - 0x00007ffdce0aa000 	C:\Windows\SYSTEM32\WINMMBASE.dll
0x00007ffdd2390000 - 0x00007ffdd2399000 	C:\Windows\system32\NSI.dll
0x00007ffdd0790000 - 0x00007ffdd07df000 	C:\Windows\SYSTEM32\cfgmgr32.dll
0x00007ffdcf470000 - 0x00007ffdcf498000 	C:\Windows\SYSTEM32\DEVOBJ.dll
0x0000000058fc0000 - 0x0000000058fcf000 	C:\Xilinx\SDK\2016.2\tps\win64\jre\bin\verify.dll
0x0000000058f90000 - 0x0000000058fb9000 	C:\Xilinx\SDK\2016.2\tps\win64\jre\bin\java.dll
0x0000000058f70000 - 0x0000000058f86000 	C:\Xilinx\SDK\2016.2\tps\win64\jre\bin\zip.dll
0x00007ffdd0b90000 - 0x00007ffdd20bb000 	C:\Windows\system32\SHELL32.dll
0x00007ffdd2c80000 - 0x00007ffdd2cd4000 	C:\Windows\system32\SHLWAPI.dll
0x00007ffdcebc0000 - 0x00007ffdcec72000 	C:\Windows\SYSTEM32\SHCORE.dll
0x00007ffdd0660000 - 0x00007ffdd0675000 	C:\Windows\SYSTEM32\profapi.dll
0x00007ffdcff40000 - 0x00007ffdcff60000 	C:\Windows\SYSTEM32\CRYPTSP.dll
0x00007ffdcfb00000 - 0x00007ffdcfb36000 	C:\Windows\system32\rsaenh.dll
0x00007ffdd0140000 - 0x00007ffdd0166000 	C:\Windows\SYSTEM32\bcrypt.dll
0x00007ffdcff10000 - 0x00007ffdcff31000 	C:\Windows\SYSTEM32\USERENV.dll
0x00007ffdd04c0000 - 0x00007ffdd0523000 	C:\Windows\system32\bcryptprimitives.dll
0x00007ffdd0530000 - 0x00007ffdd053b000 	C:\Windows\SYSTEM32\CRYPTBASE.dll
0x0000000058f50000 - 0x0000000058f6a000 	C:\Xilinx\SDK\2016.2\tps\win64\jre\bin\net.dll
0x00007ffdcfe90000 - 0x00007ffdcfee9000 	C:\Windows\system32\mswsock.dll
0x00007ffdcc4d0000 - 0x00007ffdcc4fa000 	C:\Windows\SYSTEM32\IPHLPAPI.DLL
0x00007ffdcc4b0000 - 0x00007ffdcc4ba000 	C:\Windows\SYSTEM32\WINNSI.DLL
0x00007ffdcc240000 - 0x00007ffdcc256000 	C:\Windows\SYSTEM32\dhcpcsvc6.DLL
0x00007ffdcc210000 - 0x00007ffdcc22a000 	C:\Windows\SYSTEM32\dhcpcsvc.DLL
0x0000000058f30000 - 0x0000000058f41000 	C:\Xilinx\SDK\2016.2\tps\win64\jre\bin\nio.dll
0x00007ffdd2580000 - 0x00007ffdd2714000 	C:\Windows\system32\ole32.dll
0x00007ffdcf4a0000 - 0x00007ffdcf4ab000 	C:\Windows\SYSTEM32\kernel.appcore.dll
0x00007ffdc1650000 - 0x00007ffdc1665000 	C:\Windows\system32\napinsp.dll
0x00007ffdc1680000 - 0x00007ffdc169a000 	C:\Windows\system32\pnrpnsp.dll
0x00007ffdccec0000 - 0x00007ffdccedb000 	C:\Windows\system32\NLAapi.dll
0x00007ffdcfc40000 - 0x00007ffdcfce4000 	C:\Windows\SYSTEM32\DNSAPI.dll
0x00007ffdc18b0000 - 0x00007ffdc18bd000 	C:\Windows\System32\winrnr.dll
0x00007ffdc16a0000 - 0x00007ffdc16b4000 	C:\Windows\system32\wshbth.dll
0x0000000063560000 - 0x0000000063569000 	C:\Program Files\National Instruments\Shared\mDNS Responder\nimdnsNSP.dll
0x0000000063550000 - 0x000000006355c000 	C:\Windows\SYSTEM32\nimdnsResponder.dll
0x000000005af50000 - 0x000000005aff3000 	C:\Windows\WinSxS\amd64_microsoft.vc90.crt_1fc8b3b9a1e18e3b_9.0.30729.8387_none_08e793bfa83a89b5\MSVCR90.dll
0x00007ffdc2740000 - 0x00007ffdc274a000 	C:\Windows\System32\rasadhlp.dll
0x00007ffdcc260000 - 0x00007ffdcc2cb000 	C:\Windows\System32\fwpuclnt.dll
0x00007ffdd2ce0000 - 0x00007ffdd2d96000 	C:\Windows\SYSTEM32\clbcatq.dll
0x00000000179f0000 - 0x0000000017a98000 	C:\Users\Han Beul\.Xilinx\SDK\2016.2\org.eclipse.osgi\312\0\.cp\swt-win32-4527.dll
0x00007ffdd2a00000 - 0x00007ffdd2ac1000 	C:\Windows\system32\OLEAUT32.dll
0x00007ffdd3290000 - 0x00007ffdd3346000 	C:\Windows\system32\comdlg32.dll
0x00007ffdbf6b0000 - 0x00007ffdbf732000 	C:\Windows\SYSTEM32\WINSPOOL.DRV
0x00007ffdcb8b0000 - 0x00007ffdcb8c6000 	C:\Windows\SYSTEM32\USP10.dll
0x00007ffdcac20000 - 0x00007ffdcae89000 	C:\Windows\SYSTEM32\WININET.dll
0x00007ffdd07e0000 - 0x00007ffdd09bf000 	C:\Windows\system32\CRYPT32.dll
0x00007ffdca950000 - 0x00007ffdcac17000 	C:\Windows\SYSTEM32\iertutil.dll
0x00007ffdd0710000 - 0x00007ffdd0721000 	C:\Windows\system32\MSASN1.dll
0x00007ffdce9c0000 - 0x00007ffdce9e1000 	C:\Windows\system32\dwmapi.dll
0x00007ffdcc650000 - 0x00007ffdcc7cf000 	C:\Windows\SYSTEM32\propsys.dll
0x0000000017ad0000 - 0x0000000017aee000 	C:\Users\Han Beul\.Xilinx\SDK\2016.2\org.eclipse.osgi\312\0\.cp\swt-gdip-win32-4527.dll
0x00007ffdbf390000 - 0x00007ffdbf540000 	C:\Windows\WinSxS\amd64_microsoft.windows.gdiplus_6595b64144ccf1df_1.1.9600.17415_none_932b3b5547500489\gdiplus.dll
0x00007ffdce810000 - 0x00007ffdce9be000 	C:\Windows\SYSTEM32\WindowsCodecs.dll
0x0000000180000000 - 0x0000000180012000 	C:\Users\Han Beul\.Xilinx\SDK\2016.2\org.eclipse.osgi\126\0\.cp\os\win32\x86_64\localfile_1_0_0.dll
0x00007ffdcd6b0000 - 0x00007ffdcd71a000 	C:\Windows\SYSTEM32\oleacc.dll
0x00007ffdcb770000 - 0x00007ffdcb777000 	C:\Windows\SYSTEM32\msimg32.dll
0x00007ffdcd450000 - 0x00007ffdcd48e000 	C:\Windows\system32\mlang.dll
0x00007ffdcb8a0000 - 0x00007ffdcb8aa000 	C:\Xilinx\SDK\2016.2\lib\win64.o\librdi_jtag_settings.dll
0x00007ffdcb2e0000 - 0x00007ffdcb309000 	C:\Xilinx\SDK\2016.2\lib\win64.o\librdi_debug_dialog.dll
0x00007ffdca870000 - 0x00007ffdca917000 	C:\Windows\SYSTEM32\MSVCP110.dll
0x00007ffdca790000 - 0x00007ffdca864000 	C:\Windows\SYSTEM32\MSVCR110.dll
0x00007ffdc5980000 - 0x00007ffdc59a4000 	C:\Xilinx\SDK\2016.2\lib\win64.o\libboost_filesystem.dll
0x00007ffd8f310000 - 0x00007ffd8fd50000 	C:\Xilinx\SDK\2016.2\lib\win64.o\librdi_common.dll
0x00007ffd8f110000 - 0x00007ffd8f302000 	C:\Xilinx\SDK\2016.2\lib\win64.o\librdi_hsm.dll
0x00007ffdcb2d0000 - 0x00007ffdcb2d9000 	C:\Xilinx\SDK\2016.2\lib\win64.o\libboost_system.dll
0x00007ffd8eda0000 - 0x00007ffd8f10e000 	C:\Xilinx\SDK\2016.2\lib\win64.o\libCOIN-all.dll
0x00007ffd8eb80000 - 0x00007ffd8ed9f000 	C:\Xilinx\SDK\2016.2\lib\win64.o\libXil_lmgr11.dll
0x00007ffdcb2c0000 - 0x00007ffdcb2d0000 	C:\Xilinx\SDK\2016.2\lib\win64.o\libboost_date_time.dll
0x00007ffdc4680000 - 0x00007ffdc46f7000 	C:\Xilinx\SDK\2016.2\lib\win64.o\libboost_program_options.dll
0x00007ffdc18e0000 - 0x00007ffdc19e6000 	C:\Xilinx\SDK\2016.2\lib\win64.o\libboost_regex.dll
0x00007ffdc5960000 - 0x00007ffdc5973000 	C:\Xilinx\SDK\2016.2\lib\win64.o\libboost_signals.dll
0x00007ffdc4a20000 - 0x00007ffdc4a3d000 	C:\Xilinx\SDK\2016.2\lib\win64.o\libboost_thread.dll
0x00007ffdc9c10000 - 0x00007ffdc9c1b000 	C:\Xilinx\SDK\2016.2\lib\win64.o\libboost_xilinx.dll
0x00007ffdc45b0000 - 0x00007ffdc4630000 	C:\Xilinx\SDK\2016.2\lib\win64.o\libhdlpsolve.dll
0x00007ffdc0ae0000 - 0x00007ffdc0b7a000 	C:\Xilinx\SDK\2016.2\lib\win64.o\libhdxml.dll
0x00007ffd8dc50000 - 0x00007ffd8e0b5e00 	C:\Xilinx\SDK\2016.2\lib\win64.o\libisl_iostreams.dll
0x00007ffdc3290000 - 0x00007ffdc32ba000 	C:\Xilinx\SDK\2016.2\lib\win64.o\libisl_sysinfo.dll
0x00007ffdc4a00000 - 0x00007ffdc4a15000 	C:\Xilinx\SDK\2016.2\lib\win64.o\pthreadVC2.dll
0x00007ffdc2e00000 - 0x00007ffdc2e54000 	C:\Xilinx\SDK\2016.2\lib\win64.o\librdi_commonxillic.dll
0x00007ffdb8cf0000 - 0x00007ffdb8e20000 	C:\Xilinx\SDK\2016.2\lib\win64.o\librdi_curl.dll
0x00007ffdc3270000 - 0x00007ffdc3288000 	C:\Xilinx\SDK\2016.2\lib\win64.o\librdiconfig.dll
0x00007ffdc11d0000 - 0x00007ffdc11f3000 	C:\Xilinx\SDK\2016.2\lib\win64.o\librdizlib.dll
0x0000000058fd0000 - 0x00000000590f7000 	C:\Xilinx\SDK\2016.2\lib\win64.o\tcl85t.dll
0x000000001fa40000 - 0x000000001fca3000 	C:\Xilinx\SDK\2016.2\lib\win64.o\xerces-c_3_1.dll
0x00007ffdc9d40000 - 0x00007ffdc9e09000 	C:\Windows\SYSTEM32\WINHTTP.dll
0x00007ffdca470000 - 0x00007ffdca5f5000 	C:\Windows\SYSTEM32\urlmon.dll
0x00007ffdc9330000 - 0x00007ffdc9353000 	C:\Windows\SYSTEM32\VCOMP110.DLL
0x00007ffdb9470000 - 0x00007ffdb94b3000 	C:\Xilinx\SDK\2016.2\lib\win64.o\librdi_hdf.dll
0x00007ffd8d9c0000 - 0x00007ffd8dc41000 	C:\Xilinx\SDK\2016.2\lib\win64.o\librdi_ippcw.dll
0x00007ffdccd10000 - 0x00007ffdccd26000 	C:\Windows\SYSTEM32\NETAPI32.dll
0x00007ffdd0730000 - 0x00007ffdd0781000 	C:\Windows\system32\WINTRUST.dll
0x00007ffdc90b0000 - 0x00007ffdc90bb000 	C:\Xilinx\SDK\2016.2\lib\win64.o\libboost_chrono.dll
0x00007ffdc3250000 - 0x00007ffdc3266000 	C:\Xilinx\SDK\2016.2\lib\win64.o\libboost_iostreams.dll
0x00007ffdc0ab0000 - 0x00007ffdc0ad3000 	C:\Xilinx\SDK\2016.2\lib\win64.o\libisl_iosutils.dll
0x00007ffdd00c0000 - 0x00007ffdd00cc000 	C:\Windows\SYSTEM32\netutils.dll
0x00007ffdd02a0000 - 0x00007ffdd02c6000 	C:\Windows\SYSTEM32\srvcli.dll
0x00007ffdccca0000 - 0x00007ffdcccb7000 	C:\Windows\SYSTEM32\wkscli.dll
0x00007ffdc80b0000 - 0x00007ffdc80b8000 	C:\Xilinx\SDK\2016.2\lib\win64.o\librdi_target_manager.dll
0x00007ffdcd850000 - 0x00007ffdcda3c000 	C:\Windows\SYSTEM32\DWrite.dll
0x00007ffdbd0f0000 - 0x00007ffdbd101000 	C:\Users\Han Beul\.Xilinx\SDK\2016.2\org.eclipse.osgi\129\0\.cp\jWinHttp-1.0.0.dll
0x00007ffdc7c90000 - 0x00007ffdc7c9f000 	C:\Xilinx\SDK\2016.2\lib\win64.o\librdi_repo_manager.dll
0x00007ffdb9400000 - 0x00007ffdb9416000 	C:\Xilinx\SDK\2016.2\eclipse\win64.o\plugins\org.eclipse.cdt.core.win32.x86_64_5.4.0.201509131935\os\win32\x86_64\spawner.dll
0x0000000071080000 - 0x00000000710a6000 	C:\Xilinx\SDK\2016.2\eclipse\win64.o\plugins\gnu.io.rxtx.win32.x86_64_2.1.7.3_v20071015\os\win32\x86_64\rxtxSerial.dll
0x00007ffdd23a0000 - 0x00007ffdd257a000 	C:\Windows\system32\SETUPAPI.dll
0x00007ffdcf200000 - 0x00007ffdcf28e000 	C:\Windows\SYSTEM32\apphelp.dll
0x00007ffdc0980000 - 0x00007ffdc09fb000 	C:\Windows\System32\dlnashext.dll

VM Arguments:
jvm_args: -Dcom.xilinx.sdk.args.hwspec=C:/lab2_pwm/hw1_zybo.sdk/design_1_wrapper.hdf -Xms64m -Xmx512m & 
java_command: <unknown>
java_class_path (initial): C:\Xilinx\SDK\2016.2\eclipse\win64.o\\plugins/org.eclipse.equinox.launcher_1.3.100.v20150511-1540.jar
Launcher Type: generic

Environment Variables:
PATH=C:/Xilinx/SDK/2016.2/tps/win64/jre/bin/server;C:/Xilinx/SDK/2016.2/tps/win64/jre/bin;C:/Xilinx/SDK/2016.2/tps/win64/jre/lib/amd64;C:\Xilinx\SDK\2016.2\gnuwin\bin;C:\Xilinx\SDK\2016.2\gnu\microblaze\nt\bin;C:\Xilinx\SDK\2016.2\gnu\microblaze\linux_toolchain\nt64_le\bin;C:\Xilinx\SDK\2016.2\gnu\microblaze\linux_toolchain\nt64_be\bin;C:\Xilinx\SDK\2016.2\gnu\arm\nt\bin;C:\Xilinx\SDK\2016.2\gnu\aarch64\nt\aarch64-none\bin;C:\Xilinx\SDK\2016.2\gnu\aarch64\nt\aarch64-linux\bin;C:\Xilinx\SDK\2016.2\gnu\armr5\nt\gcc-arm-none-eabi\bin;C:\Xilinx\SDK\2016.2\gnu\aarch32\nt\gcc-arm-none-eabi\bin;C:\Xilinx\SDK\2016.2\gnu\aarch32\nt\gcc-arm-linux-gnueabi\bin;C:\Xilinx\SDK\2016.2\tps\win64\cmake-3.3.2\bin;;C:\Xilinx\SDK\2016.2\bin;C:\Xilinx\SDK\2016.2\lib\win64.o;C:\Xilinx\SDK\2016.2\tps\win64\jre\bin\server;C:\Xilinx\SDK\2016.2\tps\win64\jre\bin;C:\Xilinx\Vivado\2016.2\ids_lite\ISE\bin\nt64;C:\Xilinx\Vivado\2016.2\ids_lite\ISE\lib\nt64;C:\Xilinx\Vivado\2016.2\bin;C:\Xilinx\Vivado\2016.2\lib\win64.o;C:\Xilinx\Vivado\2016.2\tps\win64\jre\bin\server;C:\Xilinx\Vivado\2016.2\tps\win64\jre\bin;C:\Xilinx\Vivado_HLS\2016.2\bin;C:\ProgramData\Oracle\Java\javapath;C:\Windows\system32;C:\Windows;C:\Windows\System32\Wbem;C:\Windows\System32\WindowsPowerShell\v1.0\;C:\Program Files\MATLAB\R2016b\bin;C:\Modeltech_pe_edu_10.4a\win32pe_edu;c:\MinGW\bin;c:\MinGW\msys\1.0\;c:\MinGW\msys\1.0\bin;c:\lab2_pwm;
USERNAME=Han Beul
OS=Windows_NT
PROCESSOR_IDENTIFIER=Intel64 Family 6 Model 70 Stepping 1, GenuineIntel



---------------  S Y S T E M  ---------------

OS: Windows 8.1 , 64 bit Build 9600 (6.3.9600.17415)

CPU:total 4 (4 cores per cpu, 1 threads per core) family 6 model 70 stepping 1, cmov, cx8, fxsr, mmx, sse, sse2, sse3, ssse3, sse4.1, sse4.2, popcnt, avx, avx2, aes, clmul, erms, lzcnt, tsc, tscinvbit, bmi1, bmi2

Memory: 4k page, physical 4193780k(902268k free), swap 5331148k(1536440k free)

vm_info: Java HotSpot(TM) 64-Bit Server VM (25.66-b18) for windows-amd64 JRE (1.8.0_66-b18), built on Nov  9 2015 10:51:13 by "java_re" with MS VC++ 10.0 (VS2010)

time: Mon Dec 05 22:41:28 2016
elapsed time: 300 seconds (0d 0h 5m 0s)

