#
# A fatal error has been detected by the Java Runtime Environment:
#
#  Internal Error (0xc000000d), pid=4320, tid=3388
#
# JRE version: Java(TM) SE Runtime Environment (8.0_66-b18) (build 1.8.0_66-b18)
# Java VM: Java HotSpot(TM) 64-Bit Server VM (25.66-b18 mixed mode windows-amd64 compressed oops)
# Problematic frame:
# C  [ntdll.dll+0x1021c0]
#
# Failed to write core dump. Minidumps are not enabled by default on client versions of Windows
#
# If you would like to submit a bug report, please visit:
#   http://bugreport.java.com/bugreport/crash.jsp
#

---------------  T H R E A D  ---------------

Current thread (0x0000000013697000):  VMThread [stack: 0x0000000014730000,0x0000000014830000] [id=3388]

siginfo: ExceptionCode=0xc000000d

Registers:
RAX=0x000000001482ec60, RBX=0xfffffffffffffffe, RCX=0x000000001482ec60, RDX=0x000000001482ec60
RSP=0x000000001482f1b0, RBP=0x00007ffdca797408, RSI=0x0000000000000000, RDI=0x0000000000000e94
R8 =0x0000000000000000, R9 =0x0000000000000000, R10=0x000000001482f2e8, R11=0x0000000000000000
R12=0x00000000001c2210, R13=0x000000000026f600, R14=0x00000000001c2318, R15=0x000000001482f328
RIP=0x00007ffdd36121c0, EFLAGS=0x0000000000000206

Top of Stack: (sp=0x000000001482f1b0)
0x000000001482f1b0:   0000000000000000 fffffffffffffffe
0x000000001482f1c0:   0000000000000000 0000000000000e94
0x000000001482f1d0:   00000000c000000d 0000000000000000
0x000000001482f1e0:   00007ffdd36121c0 0000000000000000
0x000000001482f1f0:   0000000000000000 0000000000000000
0x000000001482f200:   0000000000000000 0000000000000000
0x000000001482f210:   0000000000000000 0000000000000000
0x000000001482f220:   0000000000000000 0000000000000000
0x000000001482f230:   0000000000000000 0000000000000000
0x000000001482f240:   0000000000000000 0000000000000000
0x000000001482f250:   0000000000000000 0000000000000000
0x000000001482f260:   0000000000000000 0000000000000013
0x000000001482f270:   0000bdb7e06f0cdf 0000000000000000
0x000000001482f280:   0000000000000120 00007ffdd35b47f9
0x000000001482f290:   0000000000170000 0000000000000000
0x000000001482f2a0:   0000000000000120 0000000000000000 

Instructions: (pc=0x00007ffdd36121c0)
0x00007ffdd36121a0:   2f f9 ff c7 44 24 20 0d 00 00 c0 b9 57 00 00 00
0x00007ffdd36121b0:   e8 2b f0 f4 ff 90 48 8d 4c 24 20 e8 70 17 f5 ff
0x00007ffdd36121c0:   eb 00 48 8b 8c 24 c0 00 00 00 48 33 cc e8 ce 03
0x00007ffdd36121d0:   f8 ff 48 81 c4 d8 00 00 00 c3 40 55 48 83 ec 20 


Register to memory mapping:

RAX=0x000000001482ec60 is an unknown value
RBX=0xfffffffffffffffe is an unknown value
RCX=0x000000001482ec60 is an unknown value
RDX=0x000000001482ec60 is an unknown value
RSP=0x000000001482f1b0 is an unknown value
RBP=0x00007ffdca797408 is an unknown value
RSI=0x0000000000000000 is an unknown value
RDI=0x0000000000000e94 is an unknown value
R8 =0x0000000000000000 is an unknown value
R9 =0x0000000000000000 is an unknown value
R10=0x000000001482f2e8 is an unknown value
R11=0x0000000000000000 is an unknown value
R12=0x00000000001c2210 is an unknown value
R13=0x000000000026f600 is an unknown value
R14=0x00000000001c2318 is an unknown value
R15=0x000000001482f328 is an unknown value


Stack: [0x0000000014730000,0x0000000014830000],  sp=0x000000001482f1b0,  free space=1020k
Native frames: (J=compiled Java code, j=interpreted, Vv=VM code, C=native code)
C  [ntdll.dll+0x1021c0]
C  [ntdll.dll+0xa47f9]
C  [KERNEL32.DLL+0x399a]
C  [MSVCR110.dll+0x752d]
C  [MSVCR110.dll+0x73c6]
C  [MSVCR110.dll+0x14cca]
C  [MSVCR110.dll+0x13edc]
C  [MSVCR110.dll+0x239e]
C  [MSVCR110.dll+0xaf9e]
C  [MSVCP110.dll+0x397b9]
C  [librdi_common.dll+0x182316]
C  [librdi_common.dll+0x180fab]
C  [librdi_target_manager.dll+0x2400]
C  [librdi_target_manager.dll+0x2682]
C  [ntdll.dll+0x1c334]
C  [ntdll.dll+0x1b742]
C  [ntdll.dll+0x18448]
C  [KERNEL32.DLL+0x516a]
C  [MSVCR100.dll+0x20ccd]
V  [jvm.dll+0x210cc5]
V  [jvm.dll+0x249897]
V  [jvm.dll+0x248b36]
V  [jvm.dll+0x248fd1]
V  [jvm.dll+0x2491ee]
V  [jvm.dll+0x29a0fa]
C  [MSVCR100.dll+0x21d9f]
C  [MSVCR100.dll+0x21e3b]
C  [KERNEL32.DLL+0x13d2]
C  [ntdll.dll+0x15454]

VM_Operation (0x000000000013f4c0): Exit, mode: safepoint, requested by thread 0x000000000225e000


---------------  P R O C E S S  ---------------

Java Threads: ( => current thread )
  0x000000001de95000 JavaThread "TCF Channel Transmitter" daemon [_thread_blocked, id=2952, stack(0x0000000026730000,0x0000000026830000)]
  0x000000001de96800 JavaThread "TCF Channel Receiver" daemon [_thread_in_native, id=100, stack(0x0000000025fb0000,0x00000000260b0000)]
  0x0000000015c88000 JavaThread "Process monitor" daemon [_thread_in_native, id=4572, stack(0x0000000026430000,0x0000000026530000)]
  0x0000000015c84800 JavaThread "Input Stream Monitor" daemon [_thread_blocked, id=3060, stack(0x0000000026330000,0x0000000026430000)]
  0x0000000015c87800 JavaThread "Output Stream Monitor" daemon [_thread_in_native, id=3444, stack(0x0000000026230000,0x0000000026330000)]
  0x0000000015c86800 JavaThread "Output Stream Monitor" daemon [_thread_in_native, id=3656, stack(0x0000000026130000,0x0000000026230000)]
  0x0000000015c81800 JavaThread "Thread-12" daemon [_thread_blocked, id=3832, stack(0x0000000023940000,0x0000000023a40000)]
  0x0000000016e84000 JavaThread "TCF Locator DNS Lookup" daemon [_thread_blocked, id=4984, stack(0x0000000021090000,0x0000000021190000)]
  0x0000000016e85800 JavaThread "TCF Locator Timer" daemon [_thread_blocked, id=4224, stack(0x0000000020f90000,0x0000000021090000)]
  0x0000000016e83800 JavaThread "TCF Locator Receiver" daemon [_thread_in_native, id=4280, stack(0x0000000020e90000,0x0000000020f90000)]
  0x0000000016e7f000 JavaThread "TCF Timer Dispatcher" daemon [_thread_blocked, id=1012, stack(0x000000001fff0000,0x00000000200f0000)]
  0x0000000015c39800 JavaThread "EMF Reference Cleaner" daemon [_thread_blocked, id=4360, stack(0x0000000017cf0000,0x0000000017df0000)]
  0x0000000015043800 JavaThread "Service Thread" daemon [_thread_blocked, id=4936, stack(0x0000000015410000,0x0000000015510000)]
  0x00000000136db000 JavaThread "C1 CompilerThread2" daemon [_thread_blocked, id=3688, stack(0x0000000014f10000,0x0000000015010000)]
  0x00000000136d2000 JavaThread "C2 CompilerThread1" daemon [_thread_blocked, id=2688, stack(0x0000000014e10000,0x0000000014f10000)]
  0x00000000136cf000 JavaThread "C2 CompilerThread0" daemon [_thread_blocked, id=3860, stack(0x0000000014d10000,0x0000000014e10000)]
  0x00000000136cc800 JavaThread "Attach Listener" daemon [_thread_blocked, id=4764, stack(0x0000000014c10000,0x0000000014d10000)]
  0x00000000136cb000 JavaThread "Signal Dispatcher" daemon [_thread_blocked, id=3612, stack(0x0000000014b10000,0x0000000014c10000)]
  0x0000000002357000 JavaThread "Finalizer" daemon [_thread_blocked, id=4884, stack(0x0000000014930000,0x0000000014a30000)]
  0x000000000234e800 JavaThread "Reference Handler" daemon [_thread_blocked, id=4576, stack(0x0000000014830000,0x0000000014930000)]
  0x000000000225e000 JavaThread "main" [_thread_blocked, id=2448, stack(0x0000000000040000,0x0000000000140000)]

Other Threads:
=>0x0000000013697000 VMThread [stack: 0x0000000014730000,0x0000000014830000] [id=3388]

VM state:at safepoint (shutting down)

VM Mutex/Monitor currently owned by a thread:  ([mutex/lock_event])
[0x000000000225cfa0] Threads_lock - owner thread: 0x0000000013697000

Heap:
 PSYoungGen      total 81408K, used 34502K [0x00000000f5580000, 0x00000000fa600000, 0x0000000100000000)
  eden space 80384K, 42% used [0x00000000f5580000,0x00000000f7731b60,0x00000000fa400000)
  from space 1024K, 0% used [0x00000000fa400000,0x00000000fa400000,0x00000000fa500000)
  to   space 1024K, 0% used [0x00000000fa500000,0x00000000fa500000,0x00000000fa600000)
 ParOldGen       total 117760K, used 42863K [0x00000000e0000000, 0x00000000e7300000, 0x00000000f5580000)
  object space 117760K, 36% used [0x00000000e0000000,0x00000000e29dbe58,0x00000000e7300000)
 Metaspace       used 77248K, capacity 83130K, committed 83496K, reserved 1122304K
  class space    used 9242K, capacity 11234K, committed 11312K, reserved 1048576K

Card table byte_map: [0x0000000011720000,0x0000000011830000] byte_map_base: 0x0000000011020000

Marking Bits: (ParMarkBitMap*) 0x000000005990a5b0
 Begin Bits: [0x0000000011c30000, 0x0000000012430000)
 End Bits:   [0x0000000012430000, 0x0000000012c30000)

Polling page: 0x00000000003b0000

CodeCache: size=245760Kb used=30415Kb max_used=30911Kb free=215344Kb
 bounds [0x0000000002360000, 0x00000000041d0000, 0x0000000011360000]
 total_blobs=9122 nmethods=8243 adapters=787
 compilation: enabled

Compilation events (10 events):
Event: 108803.652 Thread 0x00000000136db000 nmethod 10589 0x0000000002c03810 code [0x0000000002c039a0, 0x0000000002c03f48]
Event: 108803.653 Thread 0x00000000136db000 10588       1       java.util.concurrent.atomic.AtomicLong::get (5 bytes)
Event: 108803.653 Thread 0x00000000136db000 nmethod 10588 0x00000000024be250 code [0x00000000024be3a0, 0x00000000024be4b0]
Event: 108803.653 Thread 0x00000000136db000 10585   !   3       org.eclipse.osgi.container.ModuleDatabase::getRevisionsTimestamp (25 bytes)
Event: 108803.654 Thread 0x00000000136db000 nmethod 10585 0x0000000003e65bd0 code [0x0000000003e65de0, 0x0000000003e66b18]
Event: 108803.654 Thread 0x00000000136db000 10586       3       org.eclipse.osgi.internal.framework.EquinoxContainerAdaptor::clearManifestCache (84 bytes)
Event: 108803.655 Thread 0x00000000136db000 nmethod 10586 0x0000000002e02c10 code [0x0000000002e02e60, 0x0000000002e04578]
Event: 108803.655 Thread 0x00000000136db000 10587   !   3       org.eclipse.osgi.storage.BundleInfo$Generation::clearManifestCache (30 bytes)
Event: 108803.655 Thread 0x00000000136db000 nmethod 10587 0x0000000002d48c90 code [0x0000000002d48e20, 0x0000000002d49468]
Event: 108803.655 Thread 0x00000000136db000 10579       3       org.eclipse.osgi.container.ModuleWiring::unload (6 bytes)

GC Heap History (10 events):
Event: 108672.177 GC heap before
{Heap before GC invocations=3634 (full 1813):
 PSYoungGen      total 81408K, used 160K [0x00000000f5580000, 0x00000000fa580000, 0x0000000100000000)
  eden space 80384K, 0% used [0x00000000f5580000,0x00000000f5580000,0x00000000fa400000)
  from space 1024K, 15% used [0x00000000fa400000,0x00000000fa428000,0x00000000fa500000)
  to   space 512K, 0% used [0x00000000fa500000,0x00000000fa500000,0x00000000fa580000)
 ParOldGen       total 117760K, used 42863K [0x00000000e0000000, 0x00000000e7300000, 0x00000000f5580000)
  object space 117760K, 36% used [0x00000000e0000000,0x00000000e29dbe58,0x00000000e7300000)
 Metaspace       used 76209K, capacity 82254K, committed 82472K, reserved 1120256K
  class space    used 9129K, capacity 11199K, committed 11312K, reserved 1048576K
Event: 108672.287 GC heap after
Heap after GC invocations=3634 (full 1813):
 PSYoungGen      total 81408K, used 0K [0x00000000f5580000, 0x00000000fa580000, 0x0000000100000000)
  eden space 80384K, 0% used [0x00000000f5580000,0x00000000f5580000,0x00000000fa400000)
  from space 1024K, 0% used [0x00000000fa400000,0x00000000fa400000,0x00000000fa500000)
  to   space 512K, 0% used [0x00000000fa500000,0x00000000fa500000,0x00000000fa580000)
 ParOldGen       total 117760K, used 42863K [0x00000000e0000000, 0x00000000e7300000, 0x00000000f5580000)
  object space 117760K, 36% used [0x00000000e0000000,0x00000000e29dbe58,0x00000000e7300000)
 Metaspace       used 76209K, capacity 82254K, committed 82472K, reserved 1120256K
  class space    used 9129K, capacity 11199K, committed 11312K, reserved 1048576K
}
Event: 108732.184 GC heap before
{Heap before GC invocations=3635 (full 1813):
 PSYoungGen      total 81408K, used 8482K [0x00000000f5580000, 0x00000000fa580000, 0x0000000100000000)
  eden space 80384K, 10% used [0x00000000f5580000,0x00000000f5dc8bb0,0x00000000fa400000)
  from space 1024K, 0% used [0x00000000fa400000,0x00000000fa400000,0x00000000fa500000)
  to   space 512K, 0% used [0x00000000fa500000,0x00000000fa500000,0x00000000fa580000)
 ParOldGen       total 117760K, used 42863K [0x00000000e0000000, 0x00000000e7300000, 0x00000000f5580000)
  object space 117760K, 36% used [0x00000000e0000000,0x00000000e29dbe58,0x00000000e7300000)
 Metaspace       used 76210K, capacity 82254K, committed 82472K, reserved 1120256K
  class space    used 9129K, capacity 11199K, committed 11312K, reserved 1048576K
Event: 108732.196 GC heap after
Heap after GC invocations=3635 (full 1813):
 PSYoungGen      total 80896K, used 480K [0x00000000f5580000, 0x00000000fa600000, 0x0000000100000000)
  eden space 80384K, 0% used [0x00000000f5580000,0x00000000f5580000,0x00000000fa400000)
  from space 512K, 93% used [0x00000000fa500000,0x00000000fa578000,0x00000000fa580000)
  to   space 1024K, 0% used [0x00000000fa400000,0x00000000fa400000,0x00000000fa500000)
 ParOldGen       total 117760K, used 42863K [0x00000000e0000000, 0x00000000e7300000, 0x00000000f5580000)
  object space 117760K, 36% used [0x00000000e0000000,0x00000000e29dbe58,0x00000000e7300000)
 Metaspace       used 76210K, capacity 82254K, committed 82472K, reserved 1120256K
  class space    used 9129K, capacity 11199K, committed 11312K, reserved 1048576K
}
Event: 108732.196 GC heap before
{Heap before GC invocations=3636 (full 1814):
 PSYoungGen      total 80896K, used 480K [0x00000000f5580000, 0x00000000fa600000, 0x0000000100000000)
  eden space 80384K, 0% used [0x00000000f5580000,0x00000000f5580000,0x00000000fa400000)
  from space 512K, 93% used [0x00000000fa500000,0x00000000fa578000,0x00000000fa580000)
  to   space 1024K, 0% used [0x00000000fa400000,0x00000000fa400000,0x00000000fa500000)
 ParOldGen       total 117760K, used 42863K [0x00000000e0000000, 0x00000000e7300000, 0x00000000f5580000)
  object space 117760K, 36% used [0x00000000e0000000,0x00000000e29dbe58,0x00000000e7300000)
 Metaspace       used 76210K, capacity 82254K, committed 82472K, reserved 1120256K
  class space    used 9129K, capacity 11199K, committed 11312K, reserved 1048576K
Event: 108732.294 GC heap after
Heap after GC invocations=3636 (full 1814):
 PSYoungGen      total 80896K, used 0K [0x00000000f5580000, 0x00000000fa600000, 0x0000000100000000)
  eden space 80384K, 0% used [0x00000000f5580000,0x00000000f5580000,0x00000000fa400000)
  from space 512K, 0% used [0x00000000fa500000,0x00000000fa500000,0x00000000fa580000)
  to   space 1024K, 0% used [0x00000000fa400000,0x00000000fa400000,0x00000000fa500000)
 ParOldGen       total 117760K, used 43013K [0x00000000e0000000, 0x00000000e7300000, 0x00000000f5580000)
  object space 117760K, 36% used [0x00000000e0000000,0x00000000e2a017d0,0x00000000e7300000)
 Metaspace       used 76210K, capacity 82254K, committed 82472K, reserved 1120256K
  class space    used 9129K, capacity 11199K, committed 11312K, reserved 1048576K
}
Event: 108792.203 GC heap before
{Heap before GC invocations=3637 (full 1814):
 PSYoungGen      total 80896K, used 3055K [0x00000000f5580000, 0x00000000fa600000, 0x0000000100000000)
  eden space 80384K, 3% used [0x00000000f5580000,0x00000000f587bf28,0x00000000fa400000)
  from space 512K, 0% used [0x00000000fa500000,0x00000000fa500000,0x00000000fa580000)
  to   space 1024K, 0% used [0x00000000fa400000,0x00000000fa400000,0x00000000fa500000)
 ParOldGen       total 117760K, used 43013K [0x00000000e0000000, 0x00000000e7300000, 0x00000000f5580000)
  object space 117760K, 36% used [0x00000000e0000000,0x00000000e2a017d0,0x00000000e7300000)
 Metaspace       used 76210K, capacity 82254K, committed 82472K, reserved 1120256K
  class space    used 9129K, capacity 11199K, committed 11312K, reserved 1048576K
Event: 108792.207 GC heap after
Heap after GC invocations=3637 (full 1814):
 PSYoungGen      total 81408K, used 128K [0x00000000f5580000, 0x00000000fa600000, 0x0000000100000000)
  eden space 80384K, 0% used [0x00000000f5580000,0x00000000f5580000,0x00000000fa400000)
  from space 1024K, 12% used [0x00000000fa400000,0x00000000fa420000,0x00000000fa500000)
  to   space 1024K, 0% used [0x00000000fa500000,0x00000000fa500000,0x00000000fa600000)
 ParOldGen       total 117760K, used 43013K [0x00000000e0000000, 0x00000000e7300000, 0x00000000f5580000)
  object space 117760K, 36% used [0x00000000e0000000,0x00000000e2a017d0,0x00000000e7300000)
 Metaspace       used 76210K, capacity 82254K, committed 82472K, reserved 1120256K
  class space    used 9129K, capacity 11199K, committed 11312K, reserved 1048576K
}
Event: 108792.207 GC heap before
{Heap before GC invocations=3638 (full 1815):
 PSYoungGen      total 81408K, used 128K [0x00000000f5580000, 0x00000000fa600000, 0x0000000100000000)
  eden space 80384K, 0% used [0x00000000f5580000,0x00000000f5580000,0x00000000fa400000)
  from space 1024K, 12% used [0x00000000fa400000,0x00000000fa420000,0x00000000fa500000)
  to   space 1024K, 0% used [0x00000000fa500000,0x00000000fa500000,0x00000000fa600000)
 ParOldGen       total 117760K, used 43013K [0x00000000e0000000, 0x00000000e7300000, 0x00000000f5580000)
  object space 117760K, 36% used [0x00000000e0000000,0x00000000e2a017d0,0x00000000e7300000)
 Metaspace       used 76210K, capacity 82254K, committed 82472K, reserved 1120256K
  class space    used 9129K, capacity 11199K, committed 11312K, reserved 1048576K
Event: 108792.327 GC heap after
Heap after GC invocations=3638 (full 1815):
 PSYoungGen      total 81408K, used 0K [0x00000000f5580000, 0x00000000fa600000, 0x0000000100000000)
  eden space 80384K, 0% used [0x00000000f5580000,0x00000000f5580000,0x00000000fa400000)
  from space 1024K, 0% used [0x00000000fa400000,0x00000000fa400000,0x00000000fa500000)
  to   space 1024K, 0% used [0x00000000fa500000,0x00000000fa500000,0x00000000fa600000)
 ParOldGen       total 117760K, used 42863K [0x00000000e0000000, 0x00000000e7300000, 0x00000000f5580000)
  object space 117760K, 36% used [0x00000000e0000000,0x00000000e29dbe58,0x00000000e7300000)
 Metaspace       used 76210K, capacity 82254K, committed 82472K, reserved 1120256K
  class space    used 9129K, capacity 11199K, committed 11312K, reserved 1048576K
}

Deoptimization events (10 events):
Event: 108802.869 Thread 0x000000001de97000 Uncommon trap: reason=unstable_if action=reinterpret pc=0x0000000003a554a4 method=com.sun.org.apache.xerces.internal.dom.ParentNode.getChildNodes()Lorg/w3c/dom/NodeList; @ 4
Event: 108802.869 Thread 0x000000001de97000 Uncommon trap: reason=unstable_if action=reinterpret pc=0x0000000003f7dfe0 method=sun.nio.cs.StreamDecoder.close()V @ 11
Event: 108803.424 Thread 0x000000001de97000 Uncommon trap: reason=unstable_if action=reinterpret pc=0x00000000032e0d8c method=org.eclipse.osgi.internal.hooks.EclipseLazyStarter.shouldActivateFor(Ljava/lang/String;Lorg/eclipse/osgi/container/Module;Lorg/eclipse/osgi/container/ModuleRevision;Lorg/ecli7ÿ´—6ê˙@
Event: 108803.426 Thread 0x000000001de97000 Uncommon trap: reason=class_check action=maybe_recompile pc=0x0000000003b213ec method=org.eclipse.swt.widgets.Display.asyncExec(Ljava/lang/Runnable;)V @ 23
Event: 108803.427 Thread 0x000000001de97000 Uncommon trap: reason=class_check action=maybe_recompile pc=0x0000000003b213ec method=org.eclipse.swt.widgets.Display.asyncExec(Ljava/lang/Runnable;)V @ 23
Event: 108803.489 Thread 0x000000001de97000 Uncommon trap: reason=bimorphic action=maybe_recompile pc=0x00000000033964b8 method=org.eclipse.core.internal.resources.Resource.checkAccessibleAndLocal(I)Lorg/eclipse/core/internal/resources/ResourceInfo; @ 15
Event: 108803.491 Thread 0x0000000016616800 Uncommon trap: reason=unstable_if action=reinterpret pc=0x0000000004133144 method=org.eclipse.osgi.internal.framework.BundleContextImpl.dispatchEvent(Ljava/lang/Object;Ljava/lang/Object;ILjava/lang/Object;)V @ 16
Event: 108803.530 Thread 0x0000000016e85000 Uncommon trap: reason=unstable_if action=reinterpret pc=0x0000000003f92314 method=org.eclipse.tcf.EventQueue.run()V @ 13
Event: 108803.646 Thread 0x000000001de97000 Uncommon trap: reason=unstable_if action=reinterpret pc=0x0000000002f11748 method=java.util.concurrent.locks.ReentrantLock$NonfairSync.lock()V @ 6
Event: 108803.646 Thread 0x000000001de97000 Uncommon trap: reason=unstable_if action=reinterpret pc=0x0000000002e87ec0 method=java.util.concurrent.locks.ReentrantLock$Sync.tryRelease(I)Z @ 28

Internal exceptions (10 events):
Event: 108801.262 Thread 0x000000000225e000 Implicit null exception at 0x0000000002cbbfa1 to 0x0000000002cbc179
Event: 108802.216 Thread 0x000000001de98800 Implicit null exception at 0x0000000003705f91 to 0x000000000370626d
Event: 108802.305 Thread 0x000000001de98800 Implicit null exception at 0x0000000003e034bd to 0x0000000003e06139
Event: 108802.472 Thread 0x000000001de98000 Implicit null exception at 0x0000000002d81396 to 0x0000000002d8327d
Event: 108802.634 Thread 0x000000000225e000 Implicit null exception at 0x0000000002999a95 to 0x000000000299c63d
Event: 108802.785 Thread 0x0000000015c7b800 Exception <a 'java/lang/InterruptedException'> (0x00000000f715df90) thrown at [C:\re\workspace\8-2-build-windows-amd64-cygwin\jdk8u66\5298\hotspot\src\share\vm\runtime\objectMonitor.cpp, line 1683]
Event: 108803.561 Thread 0x0000000016e80800 Exception <a 'java/lang/InterruptedException'> (0x00000000f5a65d80) thrown at [C:\re\workspace\8-2-build-windows-amd64-cygwin\jdk8u66\5298\hotspot\src\share\vm\runtime\objectMonitor.cpp, line 1683]
Event: 108803.612 Thread 0x0000000016616800 Exception <a 'java/lang/InterruptedException'> (0x00000000f74bdf28) thrown at [C:\re\workspace\8-2-build-windows-amd64-cygwin\jdk8u66\5298\hotspot\src\share\vm\runtime\objectMonitor.cpp, line 1683]
Event: 108803.646 Thread 0x0000000016e81000 Exception <a 'java/lang/InterruptedException'> (0x00000000f6427218) thrown at [C:\re\workspace\8-2-build-windows-amd64-cygwin\jdk8u66\5298\hotspot\src\share\vm\runtime\objectMonitor.cpp, line 1683]
Event: 108803.651 Thread 0x0000000015998000 Exception <a 'java/lang/InterruptedException'> (0x00000000f76bdfc0) thrown at [C:\re\workspace\8-2-build-windows-amd64-cygwin\jdk8u66\5298\hotspot\src\share\vm\runtime\objectMonitor.cpp, line 1683]

Events (10 events):
Event: 108803.653 Thread 0x00000000136db000 flushing nmethod 0x00000000040b7e90
Event: 108803.653 loading class java/util/IdentityHashMap$KeySet
Event: 108803.654 loading class java/util/IdentityHashMap$KeySet done
Event: 108803.654 loading class java/util/IdentityHashMap$KeyIterator
Event: 108803.654 loading class java/util/IdentityHashMap$IdentityHashMapIterator
Event: 108803.654 loading class java/util/IdentityHashMap$IdentityHashMapIterator done
Event: 108803.654 loading class java/util/IdentityHashMap$KeyIterator done
Event: 108803.654 Thread 0x000000001de93800 Thread added: 0x000000001de93800
Event: 108803.655 Thread 0x000000001de93800 Thread exited: 0x000000001de93800
Event: 108803.655 Executing VM operation: Exit


Dynamic libraries:
0x0000000000400000 - 0x000000000044f000 	C:\Xilinx\SDK\2016.2\eclipse\win64.o\eclipse.exe
0x00007ffdd3510000 - 0x00007ffdd36bc000 	C:\Windows\SYSTEM32\ntdll.dll
0x00007ffdd33d0000 - 0x00007ffdd350e000 	C:\Windows\system32\KERNEL32.DLL
0x00007ffdd0a70000 - 0x00007ffdd0b85000 	C:\Windows\system32\KERNELBASE.dll
0x00007ffdd2720000 - 0x00007ffdd2897000 	C:\Windows\system32\USER32.dll
0x00007ffdce2b0000 - 0x00007ffdce52b000 	C:\Windows\WinSxS\amd64_microsoft.windows.common-controls_6595b64144ccf1df_6.0.9600.18006_none_623f33d3ecbe86e8\COMCTL32.dll
0x00007ffdd2e60000 - 0x00007ffdd2f0a000 	C:\Windows\system32\msvcrt.dll
0x00007ffdd30d0000 - 0x00007ffdd321f000 	C:\Windows\system32\GDI32.dll
0x00007ffdd2130000 - 0x00007ffdd2166000 	C:\Windows\system32\IMM32.DLL
0x00007ffdd2f10000 - 0x00007ffdd3062000 	C:\Windows\system32\MSCTF.dll
0x0000000072000000 - 0x0000000072012000 	C:\Xilinx\SDK\2016.2\eclipse\win64.o\plugins\org.eclipse.equinox.launcher.win32.win32.x86_64_1.1.300.v20150602-1417\eclipse_1611.dll
0x00007ffdd2da0000 - 0x00007ffdd2e4a000 	C:\Windows\system32\ADVAPI32.dll
0x00007ffdca720000 - 0x00007ffdca72a000 	C:\Windows\SYSTEM32\VERSION.dll
0x00007ffdd3220000 - 0x00007ffdd3279000 	C:\Windows\SYSTEM32\sechost.dll
0x00007ffdd28b0000 - 0x00007ffdd29f1000 	C:\Windows\system32\RPCRT4.dll
0x00007ffdcf2c0000 - 0x00007ffdcf3e9000 	C:\Windows\system32\uxtheme.dll
0x00007ffdd2170000 - 0x00007ffdd2381000 	C:\Windows\SYSTEM32\combase.dll
0x0000000059100000 - 0x0000000059989000 	C:\Xilinx\SDK\2016.2\tps\win64\jre\bin\server\jvm.dll
0x00007ffdcd720000 - 0x00007ffdcd729000 	C:\Windows\SYSTEM32\WSOCK32.dll
0x00007ffdce240000 - 0x00007ffdce262000 	C:\Windows\SYSTEM32\WINMM.dll
0x00007ffdd28a0000 - 0x00007ffdd28a7000 	C:\Windows\system32\PSAPI.DLL
0x000000005ac10000 - 0x000000005ace2000 	C:\Windows\SYSTEM32\MSVCR100.dll
0x00007ffdd3350000 - 0x00007ffdd33aa000 	C:\Windows\system32\WS2_32.dll
0x00007ffdce080000 - 0x00007ffdce0aa000 	C:\Windows\SYSTEM32\WINMMBASE.dll
0x00007ffdd2390000 - 0x00007ffdd2399000 	C:\Windows\system32\NSI.dll
0x00007ffdd0790000 - 0x00007ffdd07df000 	C:\Windows\SYSTEM32\cfgmgr32.dll
0x00007ffdcf470000 - 0x00007ffdcf498000 	C:\Windows\SYSTEM32\DEVOBJ.dll
0x0000000058fc0000 - 0x0000000058fcf000 	C:\Xilinx\SDK\2016.2\tps\win64\jre\bin\verify.dll
0x0000000058f90000 - 0x0000000058fb9000 	C:\Xilinx\SDK\2016.2\tps\win64\jre\bin\java.dll
0x0000000058f70000 - 0x0000000058f86000 	C:\Xilinx\SDK\2016.2\tps\win64\jre\bin\zip.dll
0x00007ffdd0b90000 - 0x00007ffdd20bb000 	C:\Windows\system32\SHELL32.dll
0x00007ffdd2c80000 - 0x00007ffdd2cd4000 	C:\Windows\system32\SHLWAPI.dll
0x00007ffdcebc0000 - 0x00007ffdcec72000 	C:\Windows\SYSTEM32\SHCORE.dll
0x00007ffdd0660000 - 0x00007ffdd0675000 	C:\Windows\SYSTEM32\profapi.dll
0x00007ffdcff40000 - 0x00007ffdcff60000 	C:\Windows\SYSTEM32\CRYPTSP.dll
0x00007ffdcfb00000 - 0x00007ffdcfb36000 	C:\Windows\system32\rsaenh.dll
0x00007ffdd0140000 - 0x00007ffdd0166000 	C:\Windows\SYSTEM32\bcrypt.dll
0x00007ffdcff10000 - 0x00007ffdcff31000 	C:\Windows\SYSTEM32\USERENV.dll
0x00007ffdd04c0000 - 0x00007ffdd0523000 	C:\Windows\system32\bcryptprimitives.dll
0x00007ffdd0530000 - 0x00007ffdd053b000 	C:\Windows\SYSTEM32\CRYPTBASE.dll
0x0000000058f50000 - 0x0000000058f6a000 	C:\Xilinx\SDK\2016.2\tps\win64\jre\bin\net.dll
0x00007ffdcfe90000 - 0x00007ffdcfee9000 	C:\Windows\system32\mswsock.dll
0x00007ffdcc4d0000 - 0x00007ffdcc4fa000 	C:\Windows\SYSTEM32\IPHLPAPI.DLL
0x00007ffdcc4b0000 - 0x00007ffdcc4ba000 	C:\Windows\SYSTEM32\WINNSI.DLL
0x00007ffdcc240000 - 0x00007ffdcc256000 	C:\Windows\SYSTEM32\dhcpcsvc6.DLL
0x00007ffdcc210000 - 0x00007ffdcc22a000 	C:\Windows\SYSTEM32\dhcpcsvc.DLL
0x0000000058f30000 - 0x0000000058f41000 	C:\Xilinx\SDK\2016.2\tps\win64\jre\bin\nio.dll
0x00007ffdd2580000 - 0x00007ffdd2714000 	C:\Windows\system32\ole32.dll
0x00007ffdcf4a0000 - 0x00007ffdcf4ab000 	C:\Windows\SYSTEM32\kernel.appcore.dll
0x00007ffdc1650000 - 0x00007ffdc1665000 	C:\Windows\system32\napinsp.dll
0x00007ffdc1680000 - 0x00007ffdc169a000 	C:\Windows\system32\pnrpnsp.dll
0x00007ffdccec0000 - 0x00007ffdccedb000 	C:\Windows\system32\NLAapi.dll
0x00007ffdcfc40000 - 0x00007ffdcfce4000 	C:\Windows\SYSTEM32\DNSAPI.dll
0x00007ffdc18b0000 - 0x00007ffdc18bd000 	C:\Windows\System32\winrnr.dll
0x00007ffdc16a0000 - 0x00007ffdc16b4000 	C:\Windows\system32\wshbth.dll
0x0000000063560000 - 0x0000000063569000 	C:\Program Files\National Instruments\Shared\mDNS Responder\nimdnsNSP.dll
0x0000000063550000 - 0x000000006355c000 	C:\Windows\SYSTEM32\nimdnsResponder.dll
0x000000005af50000 - 0x000000005aff3000 	C:\Windows\WinSxS\amd64_microsoft.vc90.crt_1fc8b3b9a1e18e3b_9.0.30729.8387_none_08e793bfa83a89b5\MSVCR90.dll
0x00007ffdc2740000 - 0x00007ffdc274a000 	C:\Windows\System32\rasadhlp.dll
0x00007ffdcc260000 - 0x00007ffdcc2cb000 	C:\Windows\System32\fwpuclnt.dll
0x00007ffdd2ce0000 - 0x00007ffdd2d96000 	C:\Windows\SYSTEM32\clbcatq.dll
0x00000000179f0000 - 0x0000000017a98000 	C:\Users\Han Beul\.Xilinx\SDK\2016.2\org.eclipse.osgi\312\0\.cp\swt-win32-4527.dll
0x00007ffdd2a00000 - 0x00007ffdd2ac1000 	C:\Windows\system32\OLEAUT32.dll
0x00007ffdd3290000 - 0x00007ffdd3346000 	C:\Windows\system32\comdlg32.dll
0x00007ffdbf6b0000 - 0x00007ffdbf732000 	C:\Windows\SYSTEM32\WINSPOOL.DRV
0x00007ffdc9130000 - 0x00007ffdc9146000 	C:\Windows\SYSTEM32\USP10.dll
0x00007ffdcac20000 - 0x00007ffdcae89000 	C:\Windows\SYSTEM32\WININET.dll
0x00007ffdd07e0000 - 0x00007ffdd09bf000 	C:\Windows\system32\CRYPT32.dll
0x00007ffdca950000 - 0x00007ffdcac17000 	C:\Windows\SYSTEM32\iertutil.dll
0x00007ffdd0710000 - 0x00007ffdd0721000 	C:\Windows\system32\MSASN1.dll
0x00007ffdce9c0000 - 0x00007ffdce9e1000 	C:\Windows\system32\dwmapi.dll
0x00007ffdcc650000 - 0x00007ffdcc7cf000 	C:\Windows\SYSTEM32\propsys.dll
0x0000000017ad0000 - 0x0000000017aee000 	C:\Users\Han Beul\.Xilinx\SDK\2016.2\org.eclipse.osgi\312\0\.cp\swt-gdip-win32-4527.dll
0x00007ffdbf390000 - 0x00007ffdbf540000 	C:\Windows\WinSxS\amd64_microsoft.windows.gdiplus_6595b64144ccf1df_1.1.9600.17415_none_932b3b5547500489\gdiplus.dll
0x00007ffdce810000 - 0x00007ffdce9be000 	C:\Windows\SYSTEM32\WindowsCodecs.dll
0x0000000180000000 - 0x0000000180012000 	C:\Users\Han Beul\.Xilinx\SDK\2016.2\org.eclipse.osgi\126\0\.cp\os\win32\x86_64\localfile_1_0_0.dll
0x00007ffdcd6b0000 - 0x00007ffdcd71a000 	C:\Windows\SYSTEM32\oleacc.dll
0x00007ffdcb770000 - 0x00007ffdcb777000 	C:\Windows\SYSTEM32\msimg32.dll
0x00007ffdcd850000 - 0x00007ffdcda3c000 	C:\Windows\SYSTEM32\DWrite.dll
0x00007ffdc9c10000 - 0x00007ffdc9c1a000 	C:\Xilinx\SDK\2016.2\lib\win64.o\librdi_jtag_settings.dll
0x00007ffdc5980000 - 0x00007ffdc59a9000 	C:\Xilinx\SDK\2016.2\lib\win64.o\librdi_debug_dialog.dll
0x00007ffdca870000 - 0x00007ffdca917000 	C:\Windows\SYSTEM32\MSVCP110.dll
0x00007ffdca790000 - 0x00007ffdca864000 	C:\Windows\SYSTEM32\MSVCR110.dll
0x00007ffdc4a10000 - 0x00007ffdc4a34000 	C:\Xilinx\SDK\2016.2\lib\win64.o\libboost_filesystem.dll
0x00007ffd8c2b0000 - 0x00007ffd8ccf0000 	C:\Xilinx\SDK\2016.2\lib\win64.o\librdi_common.dll
0x00007ffd8c0b0000 - 0x00007ffd8c2a2000 	C:\Xilinx\SDK\2016.2\lib\win64.o\librdi_hsm.dll
0x00007ffdc91c0000 - 0x00007ffdc91c9000 	C:\Xilinx\SDK\2016.2\lib\win64.o\libboost_system.dll
0x00007ffd8bd40000 - 0x00007ffd8c0ae000 	C:\Xilinx\SDK\2016.2\lib\win64.o\libCOIN-all.dll
0x00007ffd8bb20000 - 0x00007ffd8bd3f000 	C:\Xilinx\SDK\2016.2\lib\win64.o\libXil_lmgr11.dll
0x00007ffdc9120000 - 0x00007ffdc9130000 	C:\Xilinx\SDK\2016.2\lib\win64.o\libboost_date_time.dll
0x00007ffdc4680000 - 0x00007ffdc46f7000 	C:\Xilinx\SDK\2016.2\lib\win64.o\libboost_program_options.dll
0x00007ffdc18e0000 - 0x00007ffdc19e6000 	C:\Xilinx\SDK\2016.2\lib\win64.o\libboost_regex.dll
0x00007ffdc5960000 - 0x00007ffdc5973000 	C:\Xilinx\SDK\2016.2\lib\win64.o\libboost_signals.dll
0x00007ffdc45d0000 - 0x00007ffdc45ed000 	C:\Xilinx\SDK\2016.2\lib\win64.o\libboost_thread.dll
0x00007ffdc90b0000 - 0x00007ffdc90bb000 	C:\Xilinx\SDK\2016.2\lib\win64.o\libboost_xilinx.dll
0x00007ffdc0b00000 - 0x00007ffdc0b80000 	C:\Xilinx\SDK\2016.2\lib\win64.o\libhdlpsolve.dll
0x00007ffdb9420000 - 0x00007ffdb94ba000 	C:\Xilinx\SDK\2016.2\lib\win64.o\libhdxml.dll
0x00007ffd8abf0000 - 0x00007ffd8b055e00 	C:\Xilinx\SDK\2016.2\lib\win64.o\libisl_iostreams.dll
0x00007ffdc45a0000 - 0x00007ffdc45ca000 	C:\Xilinx\SDK\2016.2\lib\win64.o\libisl_sysinfo.dll
0x00007ffdc32a0000 - 0x00007ffdc32b5000 	C:\Xilinx\SDK\2016.2\lib\win64.o\pthreadVC2.dll
0x00007ffdc2e00000 - 0x00007ffdc2e54000 	C:\Xilinx\SDK\2016.2\lib\win64.o\librdi_commonxillic.dll
0x00007ffdb8cf0000 - 0x00007ffdb8e20000 	C:\Xilinx\SDK\2016.2\lib\win64.o\librdi_curl.dll
0x00007ffdc3280000 - 0x00007ffdc3298000 	C:\Xilinx\SDK\2016.2\lib\win64.o\librdiconfig.dll
0x00007ffdc3250000 - 0x00007ffdc3273000 	C:\Xilinx\SDK\2016.2\lib\win64.o\librdizlib.dll
0x0000000058fd0000 - 0x00000000590f7000 	C:\Xilinx\SDK\2016.2\lib\win64.o\tcl85t.dll
0x0000000022fd0000 - 0x0000000023233000 	C:\Xilinx\SDK\2016.2\lib\win64.o\xerces-c_3_1.dll
0x00007ffdc9d40000 - 0x00007ffdc9e09000 	C:\Windows\SYSTEM32\WINHTTP.dll
0x00007ffdca470000 - 0x00007ffdca5f5000 	C:\Windows\SYSTEM32\urlmon.dll
0x00007ffdc9330000 - 0x00007ffdc9353000 	C:\Windows\SYSTEM32\VCOMP110.DLL
0x00007ffdc0ab0000 - 0x00007ffdc0af3000 	C:\Xilinx\SDK\2016.2\lib\win64.o\librdi_hdf.dll
0x00007ffd8a960000 - 0x00007ffd8abe1000 	C:\Xilinx\SDK\2016.2\lib\win64.o\librdi_ippcw.dll
0x00007ffdccd10000 - 0x00007ffdccd26000 	C:\Windows\SYSTEM32\NETAPI32.dll
0x00007ffdd0730000 - 0x00007ffdd0781000 	C:\Windows\system32\WINTRUST.dll
0x00007ffdc8e60000 - 0x00007ffdc8e6b000 	C:\Xilinx\SDK\2016.2\lib\win64.o\libboost_chrono.dll
0x00007ffdc1b80000 - 0x00007ffdc1b96000 	C:\Xilinx\SDK\2016.2\lib\win64.o\libboost_iostreams.dll
0x00007ffdc0730000 - 0x00007ffdc0753000 	C:\Xilinx\SDK\2016.2\lib\win64.o\libisl_iosutils.dll
0x00007ffdd00c0000 - 0x00007ffdd00cc000 	C:\Windows\SYSTEM32\netutils.dll
0x00007ffdd02a0000 - 0x00007ffdd02c6000 	C:\Windows\SYSTEM32\srvcli.dll
0x00007ffdccca0000 - 0x00007ffdcccb7000 	C:\Windows\SYSTEM32\wkscli.dll
0x00007ffdc80b0000 - 0x00007ffdc80b8000 	C:\Xilinx\SDK\2016.2\lib\win64.o\librdi_target_manager.dll
0x00007ffdbd0f0000 - 0x00007ffdbd101000 	C:\Users\Han Beul\.Xilinx\SDK\2016.2\org.eclipse.osgi\129\0\.cp\jWinHttp-1.0.0.dll
0x00007ffdc6750000 - 0x00007ffdc675f000 	C:\Xilinx\SDK\2016.2\lib\win64.o\librdi_repo_manager.dll
0x00007ffd7f4c0000 - 0x00007ffd7fcd0000 	C:\Xilinx\SDK\2016.2\lib\win64.o\libXil_lmgr11FNP.dll
0x00007ffdc8430000 - 0x00007ffdc843c000 	C:\Windows\SYSTEM32\snmpapi.dll
0x00007ffdd23a0000 - 0x00007ffdd257a000 	C:\Windows\system32\SETUPAPI.dll
0x00007ffdd0490000 - 0x00007ffdd04be000 	C:\Windows\SYSTEM32\SspiCli.dll
0x00007ffdcb8d0000 - 0x00007ffdcb8d3000 	C:\Windows\SYSTEM32\icmp.Dll
0x00007ffdce0b0000 - 0x00007ffdce239000 	C:\Windows\SYSTEM32\dbghelp.dll

VM Arguments:
jvm_args: -Dcom.xilinx.sdk.args.hwspec=C:/lab2_pwm/hw1_zybo.sdk/design_1_wrapper.hdf -Xms64m -Xmx512m & 
java_command: <unknown>
java_class_path (initial): C:\Xilinx\SDK\2016.2\eclipse\win64.o\\plugins/org.eclipse.equinox.launcher_1.3.100.v20150511-1540.jar
Launcher Type: generic

Environment Variables:
PATH=C:/Xilinx/SDK/2016.2/tps/win64/jre/bin/server;C:/Xilinx/SDK/2016.2/tps/win64/jre/bin;C:/Xilinx/SDK/2016.2/tps/win64/jre/lib/amd64;C:\Xilinx\SDK\2016.2\gnuwin\bin;C:\Xilinx\SDK\2016.2\gnu\microblaze\nt\bin;C:\Xilinx\SDK\2016.2\gnu\microblaze\linux_toolchain\nt64_le\bin;C:\Xilinx\SDK\2016.2\gnu\microblaze\linux_toolchain\nt64_be\bin;C:\Xilinx\SDK\2016.2\gnu\arm\nt\bin;C:\Xilinx\SDK\2016.2\gnu\aarch64\nt\aarch64-none\bin;C:\Xilinx\SDK\2016.2\gnu\aarch64\nt\aarch64-linux\bin;C:\Xilinx\SDK\2016.2\gnu\armr5\nt\gcc-arm-none-eabi\bin;C:\Xilinx\SDK\2016.2\gnu\aarch32\nt\gcc-arm-none-eabi\bin;C:\Xilinx\SDK\2016.2\gnu\aarch32\nt\gcc-arm-linux-gnueabi\bin;C:\Xilinx\SDK\2016.2\tps\win64\cmake-3.3.2\bin;;C:\Xilinx\SDK\2016.2\bin;C:\Xilinx\SDK\2016.2\lib\win64.o;C:\Xilinx\SDK\2016.2\tps\win64\jre\bin\server;C:\Xilinx\SDK\2016.2\tps\win64\jre\bin;C:\Xilinx\Vivado\2016.2\ids_lite\ISE\bin\nt64;C:\Xilinx\Vivado\2016.2\ids_lite\ISE\lib\nt64;C:\Xilinx\Vivado\2016.2\bin;C:\Xilinx\Vivado\2016.2\lib\win64.o;C:\Xilinx\Vivado\2016.2\tps\win64\jre\bin\server;C:\Xilinx\Vivado\2016.2\tps\win64\jre\bin;C:\Xilinx\Vivado_HLS\2016.2\bin;C:\ProgramData\Oracle\Java\javapath;C:\Windows\system32;C:\Windows;C:\Windows\System32\Wbem;C:\Windows\System32\WindowsPowerShell\v1.0\;C:\Program Files\MATLAB\R2016b\bin;C:\Modeltech_pe_edu_10.4a\win32pe_edu;c:\MinGW\bin;c:\MinGW\msys\1.0\;c:\MinGW\msys\1.0\bin;c:\lab2_pwm;
USERNAME=Han Beul
OS=Windows_NT
PROCESSOR_IDENTIFIER=Intel64 Family 6 Model 70 Stepping 1, GenuineIntel



---------------  S Y S T E M  ---------------

OS: Windows 8.1 , 64 bit Build 9600 (6.3.9600.17415)

CPU:total 4 (4 cores per cpu, 1 threads per core) family 6 model 70 stepping 1, cmov, cx8, fxsr, mmx, sse, sse2, sse3, ssse3, sse4.1, sse4.2, popcnt, avx, avx2, aes, clmul, erms, lzcnt, tsc, tscinvbit, bmi1, bmi2

Memory: 4k page, physical 4193780k(1206560k free), swap 5628020k(1371940k free)

vm_info: Java HotSpot(TM) 64-Bit Server VM (25.66-b18) for windows-amd64 JRE (1.8.0_66-b18), built on Nov  9 2015 10:51:13 by "java_re" with MS VC++ 10.0 (VS2010)

time: Mon Dec 12 18:23:33 2016
elapsed time: 108804 seconds (1d 6h 13m 24s)

