#-----------------------------------------------------------
# Webtalk v2016.2 (64-bit)
# SW Build 1577090 on Thu Jun  2 16:32:40 MDT 2016
# 
# Start of session at: Mon Dec 05 22:36:08 2016
# Process ID: 2164
# Current directory: C:/lab2_pwm/hw1_zybo.sdk/webtalk
# Command line: wbtcv.exe -mode batch -source sdk_webtalk.tcl
# Log file: C:/lab2_pwm/hw1_zybo.sdk/webtalk/webtalk.log
# Journal file: C:/lab2_pwm/hw1_zybo.sdk/webtalk\webtalk.jou
#-----------------------------------------------------------
source sdk_webtalk.tcl
# webtalk_init -webtalk_dir C:\\lab2_pwm\\hw1_zybo.sdk\\webtalk
# webtalk_register_client -client project
# webtalk_add_data -client project -key date_generated -value "Mon Dec 5 22:36:07 2016" -context "software_version_and_target_device"
# webtalk_add_data -client project -key product_version -value "SDK v2016.2" -context "software_version_and_target_device"
# webtalk_add_data -client project -key build_version -value "2016.2" -context "software_version_and_target_device"
# webtalk_add_data -client project -key os_platform -value "amd64" -context "software_version_and_target_device"
# webtalk_add_data -client project -key registration_id -value "" -context "software_version_and_target_device"
# webtalk_add_data -client project -key tool_flow -value "SDK" -context "software_version_and_target_device"
# webtalk_add_data -client project -key beta -value "false" -context "software_version_and_target_device"
# webtalk_add_data -client project -key route_design -value "NA" -context "software_version_and_target_device"
# webtalk_add_data -client project -key target_family -value "NA" -context "software_version_and_target_device"
# webtalk_add_data -client project -key target_device -value "NA" -context "software_version_and_target_device"
# webtalk_add_data -client project -key target_package -value "NA" -context "software_version_and_target_device"
# webtalk_add_data -client project -key target_speed -value "NA" -context "software_version_and_target_device"
# webtalk_add_data -client project -key random_id -value "7vtteqtu3ob70m2g190a3eejq2" -context "software_version_and_target_device"
# webtalk_add_data -client project -key project_id -value "2016.2_14" -context "software_version_and_target_device"
# webtalk_add_data -client project -key project_iteration -value "14" -context "software_version_and_target_device"
# webtalk_add_data -client project -key os_name -value "" -context "user_environment"
# webtalk_add_data -client project -key os_release -value "" -context "user_environment"
# webtalk_add_data -client project -key cpu_name -value "" -context "user_environment"
# webtalk_add_data -client project -key cpu_speed -value "" -context "user_environment"
# webtalk_add_data -client project -key total_processors -value "" -context "user_environment"
# webtalk_add_data -client project -key system_ram -value "" -context "user_environment"
# webtalk_register_client -client sdk
# webtalk_add_data -client sdk -key uid -value "1480994859509" -context "sdk\\\\hardware/1480994859509"
# webtalk_add_data -client sdk -key isZynq -value "true" -context "sdk\\\\hardware/1480994859509"
# webtalk_add_data -client sdk -key Processors -value "2" -context "sdk\\\\hardware/1480994859509"
# webtalk_add_data -client sdk -key VivadoVersion -value "2016.2" -context "sdk\\\\hardware/1480994859509"
# webtalk_add_data -client sdk -key Arch -value "zynq" -context "sdk\\\\hardware/1480994859509"
# webtalk_add_data -client sdk -key Device -value "7z010" -context "sdk\\\\hardware/1480994859509"
# webtalk_add_data -client sdk -key IsHandoff -value "true" -context "sdk\\\\hardware/1480994859509"
# webtalk_add_data -client sdk -key uid -value "1480995153804" -context "sdk\\\\bsp/1480995153804"
# webtalk_add_data -client sdk -key hwid -value "1476588990699" -context "sdk\\\\bsp/1480995153804"
# webtalk_add_data -client sdk -key os -value "standalone" -context "sdk\\\\bsp/1480995153804"
# webtalk_add_data -client sdk -key apptemplate -value "hello_world" -context "sdk\\\\bsp/1480995153804"
# webtalk_add_data -client sdk -key uid -value "1480995157394" -context "sdk\\\\application/1480995157394"
# webtalk_add_data -client sdk -key hwid -value "1476588990699" -context "sdk\\\\application/1480995157394"
# webtalk_add_data -client sdk -key bspid -value "1480995153804" -context "sdk\\\\application/1480995157394"
# webtalk_add_data -client sdk -key newbsp -value "true" -context "sdk\\\\application/1480995157394"
# webtalk_add_data -client sdk -key os -value "standalone" -context "sdk\\\\application/1480995157394"
# webtalk_add_data -client sdk -key apptemplate -value "hello_world" -context "sdk\\\\application/1480995157394"
# webtalk_transmit -clientid 3352137472 -regid "" -xml C:\\lab2_pwm\\hw1_zybo.sdk\\webtalk\\usage_statistics_ext_sdk.xml -html C:\\lab2_pwm\\hw1_zybo.sdk\\webtalk\\usage_statistics_ext_sdk.html -wdm C:\\lab2_pwm\\hw1_zybo.sdk\\webtalk\\sdk_webtalk.wdm -intro "<H3>SDK Usage Report</H3><BR>"
webtalk_transmit: Time (s): cpu = 00:00:00 ; elapsed = 00:00:07 . Memory (MB): peak = 49.063 ; gain = 0.000
# webtalk_terminate
INFO: [Common 17-206] Exiting Webtalk at Mon Dec 05 22:36:17 2016...
