#
# A fatal error has been detected by the Java Runtime Environment:
#
#  EXCEPTION_UNCAUGHT_CXX_EXCEPTION (0xe06d7363) at pc=0x00007fff43df871c, pid=3976, tid=1336
#
# JRE version: Java(TM) SE Runtime Environment (8.0_66-b18) (build 1.8.0_66-b18)
# Java VM: Java HotSpot(TM) 64-Bit Server VM (25.66-b18 mixed mode windows-amd64 compressed oops)
# Problematic frame:
# C  [KERNELBASE.dll+0x871c]
#
# Failed to write core dump. Minidumps are not enabled by default on client versions of Windows
#
# If you would like to submit a bug report, please visit:
#   http://bugreport.java.com/bugreport/crash.jsp
#

---------------  T H R E A D  ---------------

Current thread (0x00000000136b7000):  VMThread [stack: 0x0000000014740000,0x0000000014840000] [id=1336]

siginfo: ExceptionCode=0xe06d7363, ExceptionInformation=0x0000000019930520 0x000000001483f388 0x00007fff2cd92cb8 0x00007fff2cce0000 

Registers:
RAX=0x00007fff4691fcf9, RBX=0x00007fff2cd92cb8, RCX=0x00002b1d17e113a8, RDX=0x00007fff4691ac51
RSP=0x000000001483f1d0, RBP=0x000000001483f310, RSI=0x00000000ffffffff, RDI=0x000000002775d2f0
R8 =0x0000000000000014, R9 =0x000000001483f111, R10=0x00007fff4690d5dd, R11=0x000000001483ede0
R12=0x0000000000000001, R13=0x0000000000000008, R14=0x0000000000000000, R15=0xffffffffffffffff
RIP=0x00007fff43df871c, EFLAGS=0x0000000000000202

Top of Stack: (sp=0x000000001483f1d0)
0x000000001483f1d0:   00000000006202fc 00007fff2cd92cb8
0x000000001483f1e0:   00000000ffffffff 000000002775d2f0
0x000000001483f1f0:   00000001e06d7363 0000000000000000
0x000000001483f200:   00007fff43df871c 0000000000000004
0x000000001483f210:   0000000019930520 000000001483f388
0x000000001483f220:   00007fff2cd92cb8 00007fff2cce0000
0x000000001483f230:   0000000000000000 0000000023bfab70
0x000000001483f240:   0000000000000000 0000000000000000
0x000000001483f250:   0000000000000000 000000001483f4c0
0x000000001483f260:   ffffffffffffffff 0000000000000001
0x000000001483f270:   0000000000008008 0000000000000000
0x000000001483f280:   ffffffffffffffff 0000000000000000
0x000000001483f290:   0000281712ad02a2 000000002775d2f0
0x000000001483f2a0:   00000000ffffffff 00007fff2cd3e92c
0x000000001483f2b0:   00007fff2cd92cb8 000000001483f320
0x000000001483f2c0:   0000000000000001 0000000000000000 

Instructions: (pc=0x00007fff43df871c)
0x00007fff43df86fc:   44 3b c0 44 0f 47 c0 44 89 44 24 38 49 c1 e0 03
0x00007fff43df870c:   e8 33 8f ff ff 48 8d 4c 24 20 ff 15 54 0f 10 00
0x00007fff43df871c:   48 8b 8c 24 c0 00 00 00 48 33 cc e8 14 8d ff ff
0x00007fff43df872c:   48 81 c4 d8 00 00 00 c3 90 90 90 90 90 90 90 90 


Register to memory mapping:

RAX=0x00007fff4691fcf9 is an unknown value
RBX=0x00007fff2cd92cb8 is an unknown value
RCX=0x00002b1d17e113a8 is an unknown value
RDX=0x00007fff4691ac51 is an unknown value
RSP=0x000000001483f1d0 is an unknown value
RBP=0x000000001483f310 is an unknown value
RSI=0x00000000ffffffff is an unallocated location in the heap
RDI=0x000000002775d2f0 is an unknown value
R8 =0x0000000000000014 is an unknown value
R9 =0x000000001483f111 is an unknown value
R10=0x00007fff4690d5dd is an unknown value
R11=0x000000001483ede0 is an unknown value
R12=0x0000000000000001 is an unknown value
R13=0x0000000000000008 is an unknown value
R14=0x0000000000000000 is an unknown value
R15=0xffffffffffffffff is an unknown value


Stack: [0x0000000014740000,0x0000000014840000],  sp=0x000000001483f1d0,  free space=1020k
Native frames: (J=compiled Java code, j=interpreted, Vv=VM code, C=native code)
C  [KERNELBASE.dll+0x871c]
C  [MSVCR110.dll+0x5e92c]
C  [MSVCR110.dll+0x1315c]
C  [MSVCR110.dll+0x136a9]
C  [MSVCR110.dll+0x13e9c]
C  [MSVCR110.dll+0x239e]
C  [MSVCR110.dll+0xaf9e]
C  [MSVCP110.dll+0x397b9]
C  [librdi_common.dll+0x182316]
C  [librdi_common.dll+0x180fab]
C  [librdi_target_manager.dll+0x2400]
C  [librdi_target_manager.dll+0x2682]
C  [ntdll.dll+0x1c334]
C  [ntdll.dll+0x1b742]
C  [ntdll.dll+0x18448]
C  [KERNEL32.DLL+0x516a]
C  [MSVCR100.dll+0x20ccd]
V  [jvm.dll+0x210cc5]
V  [jvm.dll+0x249897]
V  [jvm.dll+0x248b36]
V  [jvm.dll+0x248fd1]
V  [jvm.dll+0x2491ee]
V  [jvm.dll+0x29a0fa]
C  [MSVCR100.dll+0x21d9f]
C  [MSVCR100.dll+0x21e3b]
C  [KERNEL32.DLL+0x13d2]
C  [ntdll.dll+0x15454]

VM_Operation (0x000000000013f4c0): Exit, mode: safepoint, requested by thread 0x00000000022ce000


---------------  P R O C E S S  ---------------

Java Threads: ( => current thread )
  0x00000000160e8800 JavaThread "Spawner Reaper" daemon [_thread_in_native, id=2364, stack(0x0000000023520000,0x0000000023620000)]
  0x00000000160ed000 JavaThread "pool-2-thread-5" [_thread_blocked, id=5068, stack(0x00000000283b0000,0x00000000284b0000)]
  0x00000000160eb000 JavaThread "pool-2-thread-4" [_thread_blocked, id=3860, stack(0x00000000284b0000,0x00000000285b0000)]
  0x00000000160e4000 JavaThread "pool-2-thread-3" [_thread_blocked, id=3084, stack(0x00000000282b0000,0x00000000283b0000)]
  0x00000000160e6800 JavaThread "pool-2-thread-2" [_thread_blocked, id=4940, stack(0x00000000281b0000,0x00000000282b0000)]
  0x00000000196a6800 JavaThread "pool-2-thread-1" [_thread_blocked, id=3184, stack(0x0000000027cb0000,0x0000000027db0000)]
  0x00000000196a5800 JavaThread "Thread-113" daemon [_thread_blocked, id=2952, stack(0x0000000029f00000,0x000000002a000000)]
  0x00000000196a2000 JavaThread "Set STDIO Tab defaults" [_thread_blocked, id=5012, stack(0x0000000029800000,0x0000000029900000)]
  0x000000001969d800 JavaThread "Set STDIO Tab defaults" [_thread_blocked, id=2868, stack(0x0000000028a30000,0x0000000028b30000)]
  0x000000001ac79800 JavaThread "TCF Channel Transmitter" daemon [_thread_blocked, id=2100, stack(0x000000001b5a0000,0x000000001b6a0000)]
  0x000000001ac7c800 JavaThread "TCF Channel Receiver" daemon [_thread_in_native, id=616, stack(0x000000001b4a0000,0x000000001b5a0000)]
  0x000000001ac7c000 JavaThread "Process monitor" daemon [_thread_in_native, id=3172, stack(0x0000000024560000,0x0000000024660000)]
  0x000000001ac7b000 JavaThread "Input Stream Monitor" daemon [_thread_blocked, id=2756, stack(0x0000000024460000,0x0000000024560000)]
  0x000000001ac79000 JavaThread "Output Stream Monitor" daemon [_thread_in_native, id=2636, stack(0x0000000024360000,0x0000000024460000)]
  0x000000001ac78000 JavaThread "Output Stream Monitor" daemon [_thread_in_native, id=4760, stack(0x0000000024260000,0x0000000024360000)]
  0x000000001ac73000 JavaThread "TCF Locator DNS Lookup" daemon [_thread_blocked, id=384, stack(0x00000000204a0000,0x00000000205a0000)]
  0x000000001ac70800 JavaThread "TCF Locator Timer" daemon [_thread_blocked, id=1236, stack(0x00000000203a0000,0x00000000204a0000)]
  0x0000000016ca7800 JavaThread "TCF Locator Receiver" daemon [_thread_in_native, id=3356, stack(0x00000000202a0000,0x00000000203a0000)]
  0x0000000016ca4000 JavaThread "TCF Timer Dispatcher" daemon [_thread_blocked, id=5060, stack(0x000000001f670000,0x000000001f770000)]
  0x00000000165b9000 JavaThread "EMF Reference Cleaner" daemon [_thread_blocked, id=2192, stack(0x0000000017ea0000,0x0000000017fa0000)]
  0x0000000015048800 JavaThread "Service Thread" daemon [_thread_blocked, id=4180, stack(0x0000000015420000,0x0000000015520000)]
  0x00000000136f6000 JavaThread "C1 CompilerThread2" daemon [_thread_blocked, id=352, stack(0x0000000014f20000,0x0000000015020000)]
  0x00000000136f2800 JavaThread "C2 CompilerThread1" daemon [_thread_blocked, id=4908, stack(0x0000000014e20000,0x0000000014f20000)]
  0x00000000136ee800 JavaThread "C2 CompilerThread0" daemon [_thread_blocked, id=3240, stack(0x0000000014d20000,0x0000000014e20000)]
  0x00000000136ed000 JavaThread "Attach Listener" daemon [_thread_blocked, id=5112, stack(0x0000000014c20000,0x0000000014d20000)]
  0x00000000136eb800 JavaThread "Signal Dispatcher" daemon [_thread_blocked, id=808, stack(0x0000000014b20000,0x0000000014c20000)]
  0x0000000002247000 JavaThread "Finalizer" daemon [_thread_blocked, id=620, stack(0x0000000014940000,0x0000000014a40000)]
  0x000000000223e800 JavaThread "Reference Handler" daemon [_thread_blocked, id=1520, stack(0x0000000014840000,0x0000000014940000)]
  0x00000000022ce000 JavaThread "main" [_thread_blocked, id=3040, stack(0x0000000000040000,0x0000000000140000)]

Other Threads:
=>0x00000000136b7000 VMThread [stack: 0x0000000014740000,0x0000000014840000] [id=1336]

VM state:at safepoint (shutting down)

VM Mutex/Monitor currently owned by a thread:  ([mutex/lock_event])
[0x00000000022cd020] Threads_lock - owner thread: 0x00000000136b7000

Heap:
 PSYoungGen      total 114688K, used 51851K [0x00000000f5580000, 0x00000000ff700000, 0x0000000100000000)
  eden space 114176K, 45% used [0x00000000f5580000,0x00000000f8822de0,0x00000000fc500000)
  from space 512K, 0% used [0x00000000fc500000,0x00000000fc500000,0x00000000fc580000)
  to   space 25600K, 0% used [0x00000000fde00000,0x00000000fde00000,0x00000000ff700000)
 ParOldGen       total 104960K, used 54543K [0x00000000e0000000, 0x00000000e6680000, 0x00000000f5580000)
  object space 104960K, 51% used [0x00000000e0000000,0x00000000e3543e60,0x00000000e6680000)
 Metaspace       used 94517K, capacity 102322K, committed 102568K, reserved 1138688K
  class space    used 11122K, capacity 13670K, committed 13744K, reserved 1048576K

Card table byte_map: [0x0000000011690000,0x00000000117a0000] byte_map_base: 0x0000000010f90000

Marking Bits: (ParMarkBitMap*) 0x0000000052eca5b0
 Begin Bits: [0x0000000011c50000, 0x0000000012450000)
 End Bits:   [0x0000000012450000, 0x0000000012c50000)

Polling page: 0x0000000000820000

CodeCache: size=245760Kb used=50471Kb max_used=50702Kb free=195288Kb
 bounds [0x00000000022d0000, 0x00000000054b0000, 0x00000000112d0000]
 total_blobs=14509 nmethods=13596 adapters=818
 compilation: enabled

Compilation events (10 events):
Event: 782.136 Thread 0x00000000136f6000 17089  s!   3       org.eclipse.osgi.storage.bundlefile.ZipBundleFile::close (64 bytes)
Event: 782.138 Thread 0x00000000136f6000 nmethod 17089 0x0000000003979bd0 code [0x0000000003979da0, 0x000000000397a738]
Event: 782.143 Thread 0x00000000136f6000 17091       3       org.eclipse.osgi.storage.bundlefile.MRUBundleFileList::removeInternal (37 bytes)
Event: 782.144 Thread 0x00000000136f6000 nmethod 17091 0x00000000033edc90 code [0x00000000033ede00, 0x00000000033ee270]
Event: 782.147 Thread 0x00000000136f6000 17092   !   3       org.eclipse.osgi.storage.BundleInfo$Generation::close (34 bytes)
Event: 782.147 Thread 0x00000000136f6000 nmethod 17092 0x00000000033ed590 code [0x00000000033ed700, 0x00000000033edb28]
Event: 782.149 Thread 0x00000000136f2800 17094       4       org.eclipse.osgi.container.ModuleDatabase::readUnlock (11 bytes)
Event: 782.150 Thread 0x00000000136f6000 17095       3       org.eclipse.osgi.container.Module::holdsTransitionEventLock (25 bytes)
Event: 782.151 Thread 0x00000000136f6000 nmethod 17095 0x00000000033ecb10 code [0x00000000033ecca0, 0x00000000033ed3c8]
Event: 782.154 Thread 0x00000000136f6000 17103       3       org.eclipse.osgi.internal.framework.EquinoxContainerAdaptor::clearManifestCache (84 bytes)

GC Heap History (10 events):
Event: 600.034 GC heap before
{Heap before GC invocations=34 (full 9):
 PSYoungGen      total 115712K, used 1449K [0x00000000f5580000, 0x00000000ffa00000, 0x0000000100000000)
  eden space 114176K, 0% used [0x00000000f5580000,0x00000000f5580000,0x00000000fc500000)
  from space 1536K, 94% used [0x00000000fc500000,0x00000000fc66a4d0,0x00000000fc680000)
  to   space 27136K, 0% used [0x00000000fdf80000,0x00000000fdf80000,0x00000000ffa00000)
 ParOldGen       total 104960K, used 56169K [0x00000000e0000000, 0x00000000e6680000, 0x00000000f5580000)
  object space 104960K, 53% used [0x00000000e0000000,0x00000000e36da758,0x00000000e6680000)
 Metaspace       used 93333K, capacity 101318K, committed 101544K, reserved 1136640K
  class space    used 11003K, capacity 13472K, committed 13488K, reserved 1048576K
Event: 600.403 GC heap after
Heap after GC invocations=34 (full 9):
 PSYoungGen      total 115712K, used 0K [0x00000000f5580000, 0x00000000ffa00000, 0x0000000100000000)
  eden space 114176K, 0% used [0x00000000f5580000,0x00000000f5580000,0x00000000fc500000)
  from space 1536K, 0% used [0x00000000fc500000,0x00000000fc500000,0x00000000fc680000)
  to   space 27136K, 0% used [0x00000000fdf80000,0x00000000fdf80000,0x00000000ffa00000)
 ParOldGen       total 104960K, used 55178K [0x00000000e0000000, 0x00000000e6680000, 0x00000000f5580000)
  object space 104960K, 52% used [0x00000000e0000000,0x00000000e35e28a8,0x00000000e6680000)
 Metaspace       used 93329K, capacity 101312K, committed 101544K, reserved 1136640K
  class space    used 11003K, capacity 13471K, committed 13488K, reserved 1048576K
}
Event: 660.034 GC heap before
{Heap before GC invocations=35 (full 9):
 PSYoungGen      total 115712K, used 57387K [0x00000000f5580000, 0x00000000ffa00000, 0x0000000100000000)
  eden space 114176K, 50% used [0x00000000f5580000,0x00000000f8d8ad18,0x00000000fc500000)
  from space 1536K, 0% used [0x00000000fc500000,0x00000000fc500000,0x00000000fc680000)
  to   space 27136K, 0% used [0x00000000fdf80000,0x00000000fdf80000,0x00000000ffa00000)
 ParOldGen       total 104960K, used 55178K [0x00000000e0000000, 0x00000000e6680000, 0x00000000f5580000)
  object space 104960K, 52% used [0x00000000e0000000,0x00000000e35e28a8,0x00000000e6680000)
 Metaspace       used 93516K, capacity 101452K, committed 101800K, reserved 1138688K
  class space    used 11004K, capacity 13473K, committed 13488K, reserved 1048576K
Event: 660.042 GC heap after
Heap after GC invocations=35 (full 9):
 PSYoungGen      total 139264K, used 2391K [0x00000000f5580000, 0x00000000ff800000, 0x0000000100000000)
  eden space 114176K, 0% used [0x00000000f5580000,0x00000000f5580000,0x00000000fc500000)
  from space 25088K, 9% used [0x00000000fdf80000,0x00000000fe1d5c70,0x00000000ff800000)
  to   space 26112K, 0% used [0x00000000fc500000,0x00000000fc500000,0x00000000fde80000)
 ParOldGen       total 104960K, used 55186K [0x00000000e0000000, 0x00000000e6680000, 0x00000000f5580000)
  object space 104960K, 52% used [0x00000000e0000000,0x00000000e35e48a8,0x00000000e6680000)
 Metaspace       used 93516K, capacity 101452K, committed 101800K, reserved 1138688K
  class space    used 11004K, capacity 13473K, committed 13488K, reserved 1048576K
}
Event: 660.042 GC heap before
{Heap before GC invocations=36 (full 10):
 PSYoungGen      total 139264K, used 2391K [0x00000000f5580000, 0x00000000ff800000, 0x0000000100000000)
  eden space 114176K, 0% used [0x00000000f5580000,0x00000000f5580000,0x00000000fc500000)
  from space 25088K, 9% used [0x00000000fdf80000,0x00000000fe1d5c70,0x00000000ff800000)
  to   space 26112K, 0% used [0x00000000fc500000,0x00000000fc500000,0x00000000fde80000)
 ParOldGen       total 104960K, used 55186K [0x00000000e0000000, 0x00000000e6680000, 0x00000000f5580000)
  object space 104960K, 52% used [0x00000000e0000000,0x00000000e35e48a8,0x00000000e6680000)
 Metaspace       used 93516K, capacity 101452K, committed 101800K, reserved 1138688K
  class space    used 11004K, capacity 13473K, committed 13488K, reserved 1048576K
Event: 660.372 GC heap after
Heap after GC invocations=36 (full 10):
 PSYoungGen      total 139264K, used 0K [0x00000000f5580000, 0x00000000ff800000, 0x0000000100000000)
  eden space 114176K, 0% used [0x00000000f5580000,0x00000000f5580000,0x00000000fc500000)
  from space 25088K, 0% used [0x00000000fdf80000,0x00000000fdf80000,0x00000000ff800000)
  to   space 26112K, 0% used [0x00000000fc500000,0x00000000fc500000,0x00000000fde80000)
 ParOldGen       total 104960K, used 55037K [0x00000000e0000000, 0x00000000e6680000, 0x00000000f5580000)
  object space 104960K, 52% used [0x00000000e0000000,0x00000000e35bf738,0x00000000e6680000)
 Metaspace       used 93516K, capacity 101452K, committed 101800K, reserved 1138688K
  class space    used 11004K, capacity 13473K, committed 13488K, reserved 1048576K
}
Event: 720.044 GC heap before
{Heap before GC invocations=37 (full 10):
 PSYoungGen      total 139264K, used 2394K [0x00000000f5580000, 0x00000000ff800000, 0x0000000100000000)
  eden space 114176K, 2% used [0x00000000f5580000,0x00000000f57d6848,0x00000000fc500000)
  from space 25088K, 0% used [0x00000000fdf80000,0x00000000fdf80000,0x00000000ff800000)
  to   space 26112K, 0% used [0x00000000fc500000,0x00000000fc500000,0x00000000fde80000)
 ParOldGen       total 104960K, used 55037K [0x00000000e0000000, 0x00000000e6680000, 0x00000000f5580000)
  object space 104960K, 52% used [0x00000000e0000000,0x00000000e35bf738,0x00000000e6680000)
 Metaspace       used 93525K, capacity 101452K, committed 101800K, reserved 1138688K
  class space    used 11004K, capacity 13473K, committed 13488K, reserved 1048576K
Event: 720.049 GC heap after
Heap after GC invocations=37 (full 10):
 PSYoungGen      total 114688K, used 192K [0x00000000f5580000, 0x00000000ff700000, 0x0000000100000000)
  eden space 114176K, 0% used [0x00000000f5580000,0x00000000f5580000,0x00000000fc500000)
  from space 512K, 37% used [0x00000000fc500000,0x00000000fc530000,0x00000000fc580000)
  to   space 25600K, 0% used [0x00000000fde00000,0x00000000fde00000,0x00000000ff700000)
 ParOldGen       total 104960K, used 55045K [0x00000000e0000000, 0x00000000e6680000, 0x00000000f5580000)
  object space 104960K, 52% used [0x00000000e0000000,0x00000000e35c1738,0x00000000e6680000)
 Metaspace       used 93525K, capacity 101452K, committed 101800K, reserved 1138688K
  class space    used 11004K, capacity 13473K, committed 13488K, reserved 1048576K
}
Event: 720.049 GC heap before
{Heap before GC invocations=38 (full 11):
 PSYoungGen      total 114688K, used 192K [0x00000000f5580000, 0x00000000ff700000, 0x0000000100000000)
  eden space 114176K, 0% used [0x00000000f5580000,0x00000000f5580000,0x00000000fc500000)
  from space 512K, 37% used [0x00000000fc500000,0x00000000fc530000,0x00000000fc580000)
  to   space 25600K, 0% used [0x00000000fde00000,0x00000000fde00000,0x00000000ff700000)
 ParOldGen       total 104960K, used 55045K [0x00000000e0000000, 0x00000000e6680000, 0x00000000f5580000)
  object space 104960K, 52% used [0x00000000e0000000,0x00000000e35c1738,0x00000000e6680000)
 Metaspace       used 93525K, capacity 101452K, committed 101800K, reserved 1138688K
  class space    used 11004K, capacity 13473K, committed 13488K, reserved 1048576K
Event: 720.278 GC heap after
Heap after GC invocations=38 (full 11):
 PSYoungGen      total 114688K, used 0K [0x00000000f5580000, 0x00000000ff700000, 0x0000000100000000)
  eden space 114176K, 0% used [0x00000000f5580000,0x00000000f5580000,0x00000000fc500000)
  from space 512K, 0% used [0x00000000fc500000,0x00000000fc500000,0x00000000fc580000)
  to   space 25600K, 0% used [0x00000000fde00000,0x00000000fde00000,0x00000000ff700000)
 ParOldGen       total 104960K, used 54543K [0x00000000e0000000, 0x00000000e6680000, 0x00000000f5580000)
  object space 104960K, 51% used [0x00000000e0000000,0x00000000e3543e60,0x00000000e6680000)
 Metaspace       used 93525K, capacity 101452K, committed 101800K, reserved 1138688K
  class space    used 11004K, capacity 13473K, committed 13488K, reserved 1048576K
}

Deoptimization events (10 events):
Event: 781.490 Thread 0x0000000015b28800 Uncommon trap: reason=array_check action=maybe_recompile pc=0x0000000004c544f8 method=java.util.Arrays.fill([Ljava/lang/Object;Ljava/lang/Object;)V @ 13
Event: 781.490 Thread 0x0000000015b28800 Uncommon trap: reason=array_check action=maybe_recompile pc=0x0000000004c544f8 method=java.util.Arrays.fill([Ljava/lang/Object;Ljava/lang/Object;)V @ 13
Event: 781.509 Thread 0x00000000160ec800 Uncommon trap: reason=predicate action=maybe_recompile pc=0x00000000043e69d0 method=java.util.concurrent.CopyOnWriteArrayList.indexOf(Ljava/lang/Object;[Ljava/lang/Object;II)I @ 41
Event: 781.509 Thread 0x00000000160ec800 Uncommon trap: reason=unstable_if action=reinterpret pc=0x00000000049e8adc method=org.eclipse.ui.internal.UILockListener.isUI()Z @ 7
Event: 781.510 Thread 0x00000000160ec800 Uncommon trap: reason=unstable_if action=reinterpret pc=0x000000000298d35c method=org.eclipse.osgi.internal.hooks.EclipseLazyStarter.shouldActivateFor(Ljava/lang/String;Lorg/eclipse/osgi/container/Module;Lorg/eclipse/osgi/container/ModuleRevision;Lorg/ecliMlˆ@
Event: 781.515 Thread 0x00000000160ec800 Uncommon trap: reason=unstable_if action=reinterpret pc=0x0000000004831fe4 method=org.eclipse.swt.graphics.Resource.dispose()V @ 15
Event: 782.062 Thread 0x00000000160ec800 Uncommon trap: reason=class_check action=maybe_recompile pc=0x00000000034c986c method=org.eclipse.swt.widgets.Display.asyncExec(Ljava/lang/Runnable;)V @ 23
Event: 782.062 Thread 0x00000000160ec800 Uncommon trap: reason=class_check action=maybe_recompile pc=0x00000000034c986c method=org.eclipse.swt.widgets.Display.asyncExec(Ljava/lang/Runnable;)V @ 23
Event: 782.108 Thread 0x000000001ac76800 Uncommon trap: reason=unstable_if action=reinterpret pc=0x000000000348514c method=org.eclipse.core.internal.jobs.JobManager.nextJob()Lorg/eclipse/core/runtime/jobs/Job; @ 80
Event: 782.126 Thread 0x00000000160ec800 Uncommon trap: reason=unstable_if action=reinterpret pc=0x00000000030c1a14 method=sun.reflect.UnsafeStaticObjectFieldAccessorImpl.set(Ljava/lang/Object;Ljava/lang/Object;)V @ 13

Internal exceptions (10 events):
Event: 780.859 Thread 0x00000000022ce000 Implicit null exception at 0x0000000005085a77 to 0x0000000005085ead
Event: 781.100 Thread 0x00000000022ce000 Implicit null exception at 0x0000000004974a84 to 0x00000000049752e5
Event: 781.399 Thread 0x00000000022ce000 Implicit null exception at 0x000000000290fed5 to 0x0000000002912ac5
Event: 781.476 Thread 0x00000000196a2800 Exception <a 'java/lang/InterruptedException'> (0x00000000f81e7828) thrown at [C:\re\workspace\8-2-build-windows-amd64-cygwin\jdk8u66\5298\hotspot\src\share\vm\runtime\objectMonitor.cpp, line 1683]
Event: 782.107 Thread 0x0000000016ca6000 Exception <a 'java/lang/InterruptedException'> (0x00000000f7df1cc0) thrown at [C:\re\workspace\8-2-build-windows-amd64-cygwin\jdk8u66\5298\hotspot\src\share\vm\runtime\objectMonitor.cpp, line 1683]
Event: 782.126 Thread 0x00000000160ec800 Implicit null exception at 0x00000000030c1617 to 0x00000000030c1a01
Event: 782.126 Thread 0x0000000015b28800 Exception <a 'java/lang/InterruptedException'> (0x00000000f85387a0) thrown at [C:\re\workspace\8-2-build-windows-amd64-cygwin\jdk8u66\5298\hotspot\src\share\vm\runtime\objectMonitor.cpp, line 1683]
Event: 782.147 Thread 0x0000000016ca5800 Exception <a 'java/lang/InterruptedException'> (0x00000000f5960e18) thrown at [C:\re\workspace\8-2-build-windows-amd64-cygwin\jdk8u66\5298\hotspot\src\share\vm\runtime\objectMonitor.cpp, line 1683]
Event: 782.148 Thread 0x0000000016221000 Exception <a 'java/lang/InterruptedException'> (0x00000000f8768ea0) thrown at [C:\re\workspace\8-2-build-windows-amd64-cygwin\jdk8u66\5298\hotspot\src\share\vm\runtime\objectMonitor.cpp, line 1683]
Event: 782.155 Thread 0x00000000160ee800 Exception <a 'java/io/IOException'> (0x00000000f8809038) thrown at [C:\re\workspace\8-2-build-windows-amd64-cygwin\jdk8u66\5298\hotspot\src\share\vm\prims\jni.cpp, line 709]

Events (10 events):
Event: 782.154 loading class java/util/IdentityHashMap$IdentityHashMapIterator
Event: 782.154 loading class java/util/IdentityHashMap$IdentityHashMapIterator done
Event: 782.154 loading class java/util/IdentityHashMap$KeyIterator done
Event: 782.154 Thread 0x00000000160ee800 Thread added: 0x00000000160ee800
Event: 782.154 Executing VM operation: RevokeBias
Event: 782.154 Executing VM operation: RevokeBias done
Event: 782.154 Executing VM operation: RevokeBias
Event: 782.154 Executing VM operation: RevokeBias done
Event: 782.155 Thread 0x00000000160ee800 Thread exited: 0x00000000160ee800
Event: 782.156 Executing VM operation: Exit


Dynamic libraries:
0x0000000000400000 - 0x000000000044f000 	C:\Xilinx\SDK\2016.2\eclipse\win64.o\eclipse.exe
0x00007fff468e0000 - 0x00007fff46a8c000 	C:\Windows\SYSTEM32\ntdll.dll
0x00007fff44ad0000 - 0x00007fff44c0e000 	C:\Windows\system32\KERNEL32.DLL
0x00007fff43df0000 - 0x00007fff43f05000 	C:\Windows\system32\KERNELBASE.dll
0x00007fff44530000 - 0x00007fff446a7000 	C:\Windows\system32\USER32.dll
0x00007fff41680000 - 0x00007fff418fb000 	C:\Windows\WinSxS\amd64_microsoft.windows.common-controls_6595b64144ccf1df_6.0.9600.18006_none_623f33d3ecbe86e8\COMCTL32.dll
0x00007fff442d0000 - 0x00007fff4437a000 	C:\Windows\system32\msvcrt.dll
0x00007fff46370000 - 0x00007fff464bf000 	C:\Windows\system32\GDI32.dll
0x00007fff44870000 - 0x00007fff448a6000 	C:\Windows\system32\IMM32.DLL
0x00007fff43fc0000 - 0x00007fff44112000 	C:\Windows\system32\MSCTF.dll
0x0000000072000000 - 0x0000000072012000 	C:\Xilinx\SDK\2016.2\eclipse\win64.o\plugins\org.eclipse.equinox.launcher.win32.win32.x86_64_1.1.300.v20150602-1417\eclipse_1611.dll
0x00007fff464c0000 - 0x00007fff4656a000 	C:\Windows\system32\ADVAPI32.dll
0x00007fff3da00000 - 0x00007fff3da0a000 	C:\Windows\SYSTEM32\VERSION.dll
0x00007fff444d0000 - 0x00007fff44529000 	C:\Windows\SYSTEM32\sechost.dll
0x00007fff44380000 - 0x00007fff444c1000 	C:\Windows\system32\RPCRT4.dll
0x00007fff426a0000 - 0x00007fff427c9000 	C:\Windows\system32\uxtheme.dll
0x00007fff448b0000 - 0x00007fff44ac1000 	C:\Windows\SYSTEM32\combase.dll
0x00000000526c0000 - 0x0000000052f49000 	C:\Xilinx\SDK\2016.2\tps\win64\jre\bin\server\jvm.dll
0x00007fff32d00000 - 0x00007fff32d09000 	C:\Windows\SYSTEM32\WSOCK32.dll
0x00007fff415d0000 - 0x00007fff415f2000 	C:\Windows\SYSTEM32\WINMM.dll
0x00007fff46350000 - 0x00007fff46357000 	C:\Windows\system32\PSAPI.DLL
0x00000000547d0000 - 0x00000000548a2000 	C:\Windows\SYSTEM32\MSVCR100.dll
0x00007fff44dc0000 - 0x00007fff44e1a000 	C:\Windows\system32\WS2_32.dll
0x00007fff415a0000 - 0x00007fff415ca000 	C:\Windows\SYSTEM32\WINMMBASE.dll
0x00007fff46360000 - 0x00007fff46369000 	C:\Windows\system32\NSI.dll
0x00007fff43f10000 - 0x00007fff43f5f000 	C:\Windows\SYSTEM32\cfgmgr32.dll
0x00007fff42820000 - 0x00007fff42848000 	C:\Windows\SYSTEM32\DEVOBJ.dll
0x0000000054690000 - 0x000000005469f000 	C:\Xilinx\SDK\2016.2\tps\win64\jre\bin\verify.dll
0x0000000054660000 - 0x0000000054689000 	C:\Xilinx\SDK\2016.2\tps\win64\jre\bin\java.dll
0x0000000054640000 - 0x0000000054656000 	C:\Xilinx\SDK\2016.2\tps\win64\jre\bin\zip.dll
0x00007fff44e20000 - 0x00007fff4634b000 	C:\Windows\system32\SHELL32.dll
0x00007fff46810000 - 0x00007fff46864000 	C:\Windows\system32\SHLWAPI.dll
0x00007fff41f90000 - 0x00007fff42042000 	C:\Windows\SYSTEM32\SHCORE.dll
0x00007fff43a30000 - 0x00007fff43a45000 	C:\Windows\SYSTEM32\profapi.dll
0x00007fff432a0000 - 0x00007fff432c0000 	C:\Windows\SYSTEM32\CRYPTSP.dll
0x00007fff42ec0000 - 0x00007fff42ef6000 	C:\Windows\system32\rsaenh.dll
0x00007fff434f0000 - 0x00007fff43516000 	C:\Windows\SYSTEM32\bcrypt.dll
0x00007fff42fd0000 - 0x00007fff42ff1000 	C:\Windows\SYSTEM32\USERENV.dll
0x00007fff43830000 - 0x00007fff43893000 	C:\Windows\system32\bcryptprimitives.dll
0x00007fff438a0000 - 0x00007fff438ab000 	C:\Windows\SYSTEM32\CRYPTBASE.dll
0x0000000054620000 - 0x000000005463a000 	C:\Xilinx\SDK\2016.2\tps\win64\jre\bin\net.dll
0x00007fff43240000 - 0x00007fff43299000 	C:\Windows\system32\mswsock.dll
0x00007fff3f850000 - 0x00007fff3f87a000 	C:\Windows\SYSTEM32\IPHLPAPI.DLL
0x00007fff3f830000 - 0x00007fff3f83a000 	C:\Windows\SYSTEM32\WINNSI.DLL
0x00007fff3f530000 - 0x00007fff3f546000 	C:\Windows\SYSTEM32\dhcpcsvc6.DLL
0x00007fff3f5b0000 - 0x00007fff3f5ca000 	C:\Windows\SYSTEM32\dhcpcsvc.DLL
0x0000000054600000 - 0x0000000054611000 	C:\Xilinx\SDK\2016.2\tps\win64\jre\bin\nio.dll
0x00007fff44130000 - 0x00007fff442c4000 	C:\Windows\system32\ole32.dll
0x00007fff42870000 - 0x00007fff4287b000 	C:\Windows\SYSTEM32\kernel.appcore.dll
0x00007fff31380000 - 0x00007fff31395000 	C:\Windows\system32\napinsp.dll
0x00007fff313a0000 - 0x00007fff313ba000 	C:\Windows\system32\pnrpnsp.dll
0x00007fff40260000 - 0x00007fff4027b000 	C:\Windows\system32\NLAapi.dll
0x00007fff43040000 - 0x00007fff430e4000 	C:\Windows\SYSTEM32\DNSAPI.dll
0x00007fff313c0000 - 0x00007fff313cd000 	C:\Windows\System32\winrnr.dll
0x00007fff313d0000 - 0x00007fff313e4000 	C:\Windows\system32\wshbth.dll
0x0000000063560000 - 0x0000000063569000 	C:\Program Files\National Instruments\Shared\mDNS Responder\nimdnsNSP.dll
0x0000000063550000 - 0x000000006355c000 	C:\Windows\SYSTEM32\nimdnsResponder.dll
0x00000000553a0000 - 0x0000000055443000 	C:\Windows\WinSxS\amd64_microsoft.vc90.crt_1fc8b3b9a1e18e3b_9.0.30729.8387_none_08e793bfa83a89b5\MSVCR90.dll
0x00007fff34600000 - 0x00007fff3460a000 	C:\Windows\System32\rasadhlp.dll
0x00007fff3f5e0000 - 0x00007fff3f64b000 	C:\Windows\System32\fwpuclnt.dll
0x00007fff44c10000 - 0x00007fff44cc6000 	C:\Windows\SYSTEM32\clbcatq.dll
0x00000000170a0000 - 0x0000000017148000 	C:\Users\Han Beul\.Xilinx\SDK\2016.2\org.eclipse.osgi\312\0\.cp\swt-win32-4527.dll
0x00007fff44cf0000 - 0x00007fff44db1000 	C:\Windows\system32\OLEAUT32.dll
0x00007fff46750000 - 0x00007fff46806000 	C:\Windows\system32\comdlg32.dll
0x00007fff34f50000 - 0x00007fff34fd2000 	C:\Windows\SYSTEM32\WINSPOOL.DRV
0x00007fff3da80000 - 0x00007fff3da96000 	C:\Windows\SYSTEM32\USP10.dll
0x00007fff3e450000 - 0x00007fff3e6b9000 	C:\Windows\SYSTEM32\WININET.dll
0x00007fff43b00000 - 0x00007fff43cdf000 	C:\Windows\system32\CRYPT32.dll
0x00007fff3e180000 - 0x00007fff3e447000 	C:\Windows\SYSTEM32\iertutil.dll
0x00007fff43ae0000 - 0x00007fff43af1000 	C:\Windows\system32\MSASN1.dll
0x00007fff41d90000 - 0x00007fff41db1000 	C:\Windows\system32\dwmapi.dll
0x00007fff3fa70000 - 0x00007fff3fbef000 	C:\Windows\SYSTEM32\propsys.dll
0x0000000002110000 - 0x000000000212e000 	C:\Users\Han Beul\.Xilinx\SDK\2016.2\org.eclipse.osgi\312\0\.cp\swt-gdip-win32-4527.dll
0x00007fff34cd0000 - 0x00007fff34e80000 	C:\Windows\WinSxS\amd64_microsoft.windows.gdiplus_6595b64144ccf1df_1.1.9600.17415_none_932b3b5547500489\gdiplus.dll
0x00007fff41be0000 - 0x00007fff41d8e000 	C:\Windows\SYSTEM32\WindowsCodecs.dll
0x0000000180000000 - 0x0000000180012000 	C:\Users\Han Beul\.Xilinx\SDK\2016.2\org.eclipse.osgi\126\0\.cp\os\win32\x86_64\localfile_1_0_0.dll
0x00007fff40ae0000 - 0x00007fff40b4a000 	C:\Windows\SYSTEM32\oleacc.dll
0x00007fff3eb40000 - 0x00007fff3eb47000 	C:\Windows\SYSTEM32\msimg32.dll
0x00007fff40bb0000 - 0x00007fff40d9c000 	C:\Windows\SYSTEM32\DWrite.dll
0x00007fff3d080000 - 0x00007fff3d091000 	C:\Users\Han Beul\.Xilinx\SDK\2016.2\org.eclipse.osgi\129\0\.cp\jWinHttp-1.0.0.dll
0x00007fff3cf60000 - 0x00007fff3d029000 	C:\Windows\SYSTEM32\WINHTTP.dll
0x00007fff40290000 - 0x00007fff4029f000 	C:\Xilinx\SDK\2016.2\lib\win64.o\librdi_repo_manager.dll
0x00007fff3e780000 - 0x00007fff3e7aa000 	C:\Xilinx\SDK\2016.2\lib\win64.o\libisl_sysinfo.dll
0x00007fff040a0000 - 0x00007fff04ae0000 	C:\Xilinx\SDK\2016.2\lib\win64.o\librdi_common.dll
0x00007fff3b3f0000 - 0x00007fff3b444000 	C:\Xilinx\SDK\2016.2\lib\win64.o\librdi_commonxillic.dll
0x00007fff05870000 - 0x00007fff05a62000 	C:\Xilinx\SDK\2016.2\lib\win64.o\librdi_hsm.dll
0x00007fff2cdc0000 - 0x00007fff2ce67000 	C:\Windows\SYSTEM32\MSVCP110.dll
0x00007fff2cce0000 - 0x00007fff2cdb4000 	C:\Windows\SYSTEM32\MSVCR110.dll
0x00007fff03d30000 - 0x00007fff0409e000 	C:\Xilinx\SDK\2016.2\lib\win64.o\libCOIN-all.dll
0x00007fff03b10000 - 0x00007fff03d2f000 	C:\Xilinx\SDK\2016.2\lib\win64.o\libXil_lmgr11.dll
0x00007fff3fa40000 - 0x00007fff3fa50000 	C:\Xilinx\SDK\2016.2\lib\win64.o\libboost_date_time.dll
0x00007fff3b580000 - 0x00007fff3b5a4000 	C:\Xilinx\SDK\2016.2\lib\win64.o\libboost_filesystem.dll
0x00007fff39bb0000 - 0x00007fff39c27000 	C:\Xilinx\SDK\2016.2\lib\win64.o\libboost_program_options.dll
0x00007fff2cab0000 - 0x00007fff2cbb6000 	C:\Xilinx\SDK\2016.2\lib\win64.o\libboost_regex.dll
0x00007fff3cca0000 - 0x00007fff3ccb3000 	C:\Xilinx\SDK\2016.2\lib\win64.o\libboost_signals.dll
0x00007fff3e770000 - 0x00007fff3e779000 	C:\Xilinx\SDK\2016.2\lib\win64.o\libboost_system.dll
0x00007fff3b4a0000 - 0x00007fff3b4bd000 	C:\Xilinx\SDK\2016.2\lib\win64.o\libboost_thread.dll
0x00007fff3d040000 - 0x00007fff3d04b000 	C:\Xilinx\SDK\2016.2\lib\win64.o\libboost_xilinx.dll
0x00007fff393b0000 - 0x00007fff39430000 	C:\Xilinx\SDK\2016.2\lib\win64.o\libhdlpsolve.dll
0x00007fff30c00000 - 0x00007fff30c9a000 	C:\Xilinx\SDK\2016.2\lib\win64.o\libhdxml.dll
0x00007fff036a0000 - 0x00007fff03b05e00 	C:\Xilinx\SDK\2016.2\lib\win64.o\libisl_iostreams.dll
0x00007fff3b3d0000 - 0x00007fff3b3e5000 	C:\Xilinx\SDK\2016.2\lib\win64.o\pthreadVC2.dll
0x00007fff0c740000 - 0x00007fff0c870000 	C:\Xilinx\SDK\2016.2\lib\win64.o\librdi_curl.dll
0x00007fff3b370000 - 0x00007fff3b388000 	C:\Xilinx\SDK\2016.2\lib\win64.o\librdiconfig.dll
0x00007fff39380000 - 0x00007fff393a3000 	C:\Xilinx\SDK\2016.2\lib\win64.o\librdizlib.dll
0x00000000546a0000 - 0x00000000547c7000 	C:\Xilinx\SDK\2016.2\lib\win64.o\tcl85t.dll
0x0000000023920000 - 0x0000000023b83000 	C:\Xilinx\SDK\2016.2\lib\win64.o\xerces-c_3_1.dll
0x00007fff3d350000 - 0x00007fff3d4d5000 	C:\Windows\SYSTEM32\urlmon.dll
0x00007fff2ad70000 - 0x00007fff2ad93000 	C:\Windows\SYSTEM32\VCOMP110.DLL
0x00007fff36170000 - 0x00007fff361b3000 	C:\Xilinx\SDK\2016.2\lib\win64.o\librdi_hdf.dll
0x00007fff03410000 - 0x00007fff03691000 	C:\Xilinx\SDK\2016.2\lib\win64.o\librdi_ippcw.dll
0x00007fff40020000 - 0x00007fff40036000 	C:\Windows\SYSTEM32\NETAPI32.dll
0x00007fff43ce0000 - 0x00007fff43d31000 	C:\Windows\system32\WINTRUST.dll
0x00007fff3ba80000 - 0x00007fff3ba8b000 	C:\Xilinx\SDK\2016.2\lib\win64.o\libboost_chrono.dll
0x00007fff39360000 - 0x00007fff39376000 	C:\Xilinx\SDK\2016.2\lib\win64.o\libboost_iostreams.dll
0x00007fff38950000 - 0x00007fff38973000 	C:\Xilinx\SDK\2016.2\lib\win64.o\libisl_iosutils.dll
0x00007fff42c70000 - 0x00007fff42c7c000 	C:\Windows\SYSTEM32\netutils.dll
0x00007fff43610000 - 0x00007fff43636000 	C:\Windows\SYSTEM32\srvcli.dll
0x00007fff400e0000 - 0x00007fff400f7000 	C:\Windows\SYSTEM32\wkscli.dll
0x00007fff402a0000 - 0x00007fff402b6000 	C:\Xilinx\SDK\2016.2\eclipse\win64.o\plugins\org.eclipse.cdt.core.win32.x86_64_5.4.0.201509131935\os\win32\x86_64\spawner.dll
0x0000000071080000 - 0x00000000710a6000 	C:\Xilinx\SDK\2016.2\eclipse\win64.o\plugins\gnu.io.rxtx.win32.x86_64_2.1.7.3_v20071015\os\win32\x86_64\rxtxSerial.dll
0x00007fff3e740000 - 0x00007fff3e74a000 	C:\Xilinx\SDK\2016.2\lib\win64.o\librdi_jtag_settings.dll
0x00007fff3e710000 - 0x00007fff3e739000 	C:\Xilinx\SDK\2016.2\lib\win64.o\librdi_debug_dialog.dll
0x00007fff3e700000 - 0x00007fff3e708000 	C:\Xilinx\SDK\2016.2\lib\win64.o\librdi_target_manager.dll
0x00007ffef8680000 - 0x00007ffef8e90000 	C:\Xilinx\SDK\2016.2\lib\win64.o\libXil_lmgr11FNP.dll
0x00007fff38070000 - 0x00007fff3807c000 	C:\Windows\SYSTEM32\snmpapi.dll
0x00007fff46570000 - 0x00007fff4674a000 	C:\Windows\system32\SETUPAPI.dll
0x00007fff43800000 - 0x00007fff4382e000 	C:\Windows\SYSTEM32\SspiCli.dll

VM Arguments:
jvm_args: -Dcom.xilinx.sdk.args.hwspec=C:/project_1/project_1.sdk/design_1_wrapper.hdf -Xms64m -Xmx512m & 
java_command: <unknown>
java_class_path (initial): C:\Xilinx\SDK\2016.2\eclipse\win64.o\\plugins/org.eclipse.equinox.launcher_1.3.100.v20150511-1540.jar
Launcher Type: generic

Environment Variables:
PATH=C:/Xilinx/SDK/2016.2/tps/win64/jre/bin/server;C:/Xilinx/SDK/2016.2/tps/win64/jre/bin;C:/Xilinx/SDK/2016.2/tps/win64/jre/lib/amd64;C:\Xilinx\SDK\2016.2\gnuwin\bin;C:\Xilinx\SDK\2016.2\gnu\microblaze\nt\bin;C:\Xilinx\SDK\2016.2\gnu\microblaze\linux_toolchain\nt64_le\bin;C:\Xilinx\SDK\2016.2\gnu\microblaze\linux_toolchain\nt64_be\bin;C:\Xilinx\SDK\2016.2\gnu\arm\nt\bin;C:\Xilinx\SDK\2016.2\gnu\aarch64\nt\aarch64-none\bin;C:\Xilinx\SDK\2016.2\gnu\aarch64\nt\aarch64-linux\bin;C:\Xilinx\SDK\2016.2\gnu\armr5\nt\gcc-arm-none-eabi\bin;C:\Xilinx\SDK\2016.2\gnu\aarch32\nt\gcc-arm-none-eabi\bin;C:\Xilinx\SDK\2016.2\gnu\aarch32\nt\gcc-arm-linux-gnueabi\bin;C:\Xilinx\SDK\2016.2\tps\win64\cmake-3.3.2\bin;;C:\Xilinx\SDK\2016.2\bin;C:\Xilinx\SDK\2016.2\lib\win64.o;C:\Xilinx\SDK\2016.2\tps\win64\jre\bin\server;C:\Xilinx\SDK\2016.2\tps\win64\jre\bin;C:\Xilinx\Vivado\2016.2\ids_lite\ISE\bin\nt64;C:\Xilinx\Vivado\2016.2\ids_lite\ISE\lib\nt64;C:\Xilinx\Vivado\2016.2\bin;C:\Xilinx\Vivado\2016.2\lib\win64.o;C:\Xilinx\Vivado\2016.2\tps\win64\jre\bin\server;C:\Xilinx\Vivado\2016.2\tps\win64\jre\bin;C:\Xilinx\Vivado_HLS\2016.2\bin;C:\ProgramData\Oracle\Java\javapath;C:\Windows\system32;C:\Windows;C:\Windows\System32\Wbem;C:\Windows\System32\WindowsPowerShell\v1.0\;C:\Program Files\MATLAB\R2016b\bin;C:\Modeltech_pe_edu_10.4a\win32pe_edu;c:\MinGW\bin;c:\MinGW\msys\1.0\;c:\MinGW\msys\1.0\bin;c:\project_1;
USERNAME=Han Beul
OS=Windows_NT
PROCESSOR_IDENTIFIER=Intel64 Family 6 Model 70 Stepping 1, GenuineIntel



---------------  S Y S T E M  ---------------

OS: Windows 8.1 , 64 bit Build 9600 (6.3.9600.17415)

CPU:total 4 (4 cores per cpu, 1 threads per core) family 6 model 70 stepping 1, cmov, cx8, fxsr, mmx, sse, sse2, sse3, ssse3, sse4.1, sse4.2, popcnt, avx, avx2, aes, clmul, erms, lzcnt, tsc, tscinvbit, bmi1, bmi2

Memory: 4k page, physical 4193780k(1022448k free), swap 4914676k(1116860k free)

vm_info: Java HotSpot(TM) 64-Bit Server VM (25.66-b18) for windows-amd64 JRE (1.8.0_66-b18), built on Nov  9 2015 10:51:13 by "java_re" with MS VC++ 10.0 (VS2010)

time: Tue Oct 18 20:30:56 2016
elapsed time: 782 seconds (0d 0h 13m 2s)

