#
# A fatal error has been detected by the Java Runtime Environment:
#
#  EXCEPTION_UNCAUGHT_CXX_EXCEPTION (0xe06d7363) at pc=0x00007fff43df871c, pid=3092, tid=1760
#
# JRE version: Java(TM) SE Runtime Environment (8.0_66-b18) (build 1.8.0_66-b18)
# Java VM: Java HotSpot(TM) 64-Bit Server VM (25.66-b18 mixed mode windows-amd64 compressed oops)
# Problematic frame:
# C  [KERNELBASE.dll+0x871c]
#
# Failed to write core dump. Minidumps are not enabled by default on client versions of Windows
#
# If you would like to submit a bug report, please visit:
#   http://bugreport.java.com/bugreport/crash.jsp
#

---------------  T H R E A D  ---------------

Current thread (0x0000000013627000):  VMThread [stack: 0x00000000146c0000,0x00000000147c0000] [id=1760]

siginfo: ExceptionCode=0xe06d7363, ExceptionInformation=0x0000000019930520 0x00000000147bf588 0x00007fff2cd92cb8 0x00007fff2cce0000 

Registers:
RAX=0x00007fff4691fcf9, RBX=0x00007fff2cd92cb8, RCX=0x000063322fa62f5f, RDX=0x00007fff4691ac51
RSP=0x00000000147bf3d0, RBP=0x00000000147bf510, RSI=0x00000000ffffffff, RDI=0x0000000000300760
R8 =0x0000000000000014, R9 =0x00000000147bf311, R10=0x00007fff4690d5dd, R11=0x00000000147befe0
R12=0x0000000000000001, R13=0x0000000000000008, R14=0x0000000000000000, R15=0xffffffffffffffff
RIP=0x00007fff43df871c, EFLAGS=0x0000000000000206

Top of Stack: (sp=0x00000000147bf3d0)
0x00000000147bf3d0:   0000000000260000 00007fff2cd92cb8
0x00000000147bf3e0:   00000000ffffffff 0000000000300760
0x00000000147bf3f0:   00000001e06d7363 0000000000000000
0x00000000147bf400:   00007fff43df871c 0000000000000004
0x00000000147bf410:   0000000019930520 00000000147bf588
0x00000000147bf420:   00007fff2cd92cb8 00007fff2cce0000
0x00000000147bf430:   0000000000000000 00000000002c1850
0x00000000147bf440:   0000000000000000 0000000000000000
0x00000000147bf450:   0000000000000000 00000000147bf6c0
0x00000000147bf460:   ffffffffffffffff 0000000000000001
0x00000000147bf470:   0000000000008008 0000000000000000
0x00000000147bf480:   ffffffffffffffff 0000000000000000
0x00000000147bf490:   00006fb62aea35db 0000000000300760
0x00000000147bf4a0:   00000000ffffffff 00007fff2cd3e92c
0x00000000147bf4b0:   00007fff2cd92cb8 00000000147bf520
0x00000000147bf4c0:   0000000000000001 0000000000000000 

Instructions: (pc=0x00007fff43df871c)
0x00007fff43df86fc:   44 3b c0 44 0f 47 c0 44 89 44 24 38 49 c1 e0 03
0x00007fff43df870c:   e8 33 8f ff ff 48 8d 4c 24 20 ff 15 54 0f 10 00
0x00007fff43df871c:   48 8b 8c 24 c0 00 00 00 48 33 cc e8 14 8d ff ff
0x00007fff43df872c:   48 81 c4 d8 00 00 00 c3 90 90 90 90 90 90 90 90 


Register to memory mapping:

RAX=0x00007fff4691fcf9 is an unknown value
RBX=0x00007fff2cd92cb8 is an unknown value
RCX=0x000063322fa62f5f is an unknown value
RDX=0x00007fff4691ac51 is an unknown value
RSP=0x00000000147bf3d0 is an unknown value
RBP=0x00000000147bf510 is an unknown value
RSI=0x00000000ffffffff is an unallocated location in the heap
RDI=0x0000000000300760 is an unknown value
R8 =0x0000000000000014 is an unknown value
R9 =0x00000000147bf311 is an unknown value
R10=0x00007fff4690d5dd is an unknown value
R11=0x00000000147befe0 is an unknown value
R12=0x0000000000000001 is an unknown value
R13=0x0000000000000008 is an unknown value
R14=0x0000000000000000 is an unknown value
R15=0xffffffffffffffff is an unknown value


Stack: [0x00000000146c0000,0x00000000147c0000],  sp=0x00000000147bf3d0,  free space=1020k
Native frames: (J=compiled Java code, j=interpreted, Vv=VM code, C=native code)
C  [KERNELBASE.dll+0x871c]
C  [MSVCR110.dll+0x5e92c]
C  [MSVCR110.dll+0x1315c]
C  [MSVCR110.dll+0x136a9]
C  [MSVCR110.dll+0x13e9c]
C  [MSVCR110.dll+0x239e]
C  [MSVCR110.dll+0xaf9e]
C  [MSVCP110.dll+0x397b9]
C  [librdi_common.dll+0x182316]
C  [librdi_common.dll+0x180fab]
C  [librdi_target_manager.dll+0x2400]
C  [librdi_target_manager.dll+0x2682]
C  [ntdll.dll+0x1c334]
C  [ntdll.dll+0x1b742]
C  [ntdll.dll+0x18448]
C  [KERNEL32.DLL+0x516a]
C  [MSVCR100.dll+0x20ccd]
V  [jvm.dll+0x210cc5]
V  [jvm.dll+0x249897]
V  [jvm.dll+0x248b36]
V  [jvm.dll+0x248fd1]
V  [jvm.dll+0x2491ee]
V  [jvm.dll+0x29a0fa]
C  [MSVCR100.dll+0x21d9f]
C  [MSVCR100.dll+0x21e3b]
C  [KERNEL32.DLL+0x13d2]
C  [ntdll.dll+0x15454]

VM_Operation (0x000000000013f4c0): Exit, mode: safepoint, requested by thread 0x00000000021ee000


---------------  P R O C E S S  ---------------

Java Threads: ( => current thread )
  0x00000000186d5000 JavaThread "pool-2-thread-1" [_thread_blocked, id=1920, stack(0x0000000026e60000,0x0000000026f60000)]
  0x00000000186d3000 JavaThread "Thread-34" daemon [_thread_blocked, id=2324, stack(0x0000000027d70000,0x0000000027e70000)]
  0x000000001e5d4800 JavaThread "Set STDIO Tab defaults" [_thread_blocked, id=4180, stack(0x000000001ab30000,0x000000001ac30000)]
  0x000000001e5d0000 JavaThread "TCF Channel Transmitter" daemon [_thread_blocked, id=4808, stack(0x0000000026a30000,0x0000000026b30000)]
  0x000000001e5d3000 JavaThread "TCF Channel Receiver" daemon [_thread_in_native, id=2584, stack(0x0000000026690000,0x0000000026790000)]
  0x000000001e5d1000 JavaThread "Process monitor" daemon [_thread_in_native, id=5048, stack(0x0000000026390000,0x0000000026490000)]
  0x000000001e5cc800 JavaThread "Input Stream Monitor" daemon [_thread_blocked, id=2940, stack(0x0000000026290000,0x0000000026390000)]
  0x000000001e5cf800 JavaThread "Output Stream Monitor" daemon [_thread_in_native, id=3468, stack(0x0000000026190000,0x0000000026290000)]
  0x000000001e5cd000 JavaThread "Output Stream Monitor" daemon [_thread_in_native, id=4012, stack(0x0000000026090000,0x0000000026190000)]
  0x000000001e5c8000 JavaThread "TCF Locator DNS Lookup" daemon [_thread_blocked, id=3732, stack(0x0000000020490000,0x0000000020590000)]
  0x0000000016986800 JavaThread "TCF Locator Timer" daemon [_thread_blocked, id=2576, stack(0x0000000020390000,0x0000000020490000)]
  0x0000000016983000 JavaThread "TCF Locator Receiver" daemon [_thread_in_native, id=2732, stack(0x0000000020290000,0x0000000020390000)]
  0x0000000016982000 JavaThread "TCF Timer Dispatcher" daemon [_thread_blocked, id=628, stack(0x0000000020090000,0x0000000020190000)]
  0x0000000016a98000 JavaThread "EMF Reference Cleaner" daemon [_thread_blocked, id=1020, stack(0x0000000017d40000,0x0000000017e40000)]
  0x0000000014fd0800 JavaThread "Service Thread" daemon [_thread_blocked, id=3512, stack(0x00000000153a0000,0x00000000154a0000)]
  0x0000000013669000 JavaThread "C1 CompilerThread2" daemon [_thread_blocked, id=4620, stack(0x0000000014ea0000,0x0000000014fa0000)]
  0x0000000013665800 JavaThread "C2 CompilerThread1" daemon [_thread_blocked, id=1784, stack(0x0000000014da0000,0x0000000014ea0000)]
  0x000000001365e000 JavaThread "C2 CompilerThread0" daemon [_thread_blocked, id=3376, stack(0x0000000014ca0000,0x0000000014da0000)]
  0x000000001365d000 JavaThread "Attach Listener" daemon [_thread_blocked, id=484, stack(0x0000000014ba0000,0x0000000014ca0000)]
  0x000000001365b800 JavaThread "Signal Dispatcher" daemon [_thread_blocked, id=320, stack(0x0000000014aa0000,0x0000000014ba0000)]
  0x0000000013629800 JavaThread "Finalizer" daemon [_thread_blocked, id=1260, stack(0x00000000148c0000,0x00000000149c0000)]
  0x0000000013628800 JavaThread "Reference Handler" daemon [_thread_blocked, id=3312, stack(0x00000000147c0000,0x00000000148c0000)]
  0x00000000021ee000 JavaThread "main" [_thread_blocked, id=3728, stack(0x0000000000040000,0x0000000000140000)]

Other Threads:
=>0x0000000013627000 VMThread [stack: 0x00000000146c0000,0x00000000147c0000] [id=1760]

VM state:at safepoint (shutting down)

VM Mutex/Monitor currently owned by a thread:  ([mutex/lock_event])
[0x00000000021ed7a0] Threads_lock - owner thread: 0x0000000013627000

Heap:
 PSYoungGen      total 115200K, used 23499K [0x00000000f5580000, 0x00000000fe900000, 0x0000000100000000)
  eden space 88064K, 18% used [0x00000000f5580000,0x00000000f6572128,0x00000000fab80000)
  from space 27136K, 26% used [0x00000000fab80000,0x00000000fb280d60,0x00000000fc600000)
  to   space 26624K, 0% used [0x00000000fcf00000,0x00000000fcf00000,0x00000000fe900000)
 ParOldGen       total 111104K, used 60690K [0x00000000e0000000, 0x00000000e6c80000, 0x00000000f5580000)
  object space 111104K, 54% used [0x00000000e0000000,0x00000000e3b44a10,0x00000000e6c80000)
 Metaspace       used 89603K, capacity 97056K, committed 97280K, reserved 1132544K
  class space    used 11008K, capacity 13500K, committed 13568K, reserved 1048576K

Card table byte_map: [0x00000000116b0000,0x00000000117c0000] byte_map_base: 0x0000000010fb0000

Marking Bits: (ParMarkBitMap*) 0x0000000052eca5b0
 Begin Bits: [0x0000000011bc0000, 0x00000000123c0000)
 End Bits:   [0x00000000123c0000, 0x0000000012bc0000)

Polling page: 0x00000000003c0000

CodeCache: size=245760Kb used=30964Kb max_used=31640Kb free=214795Kb
 bounds [0x00000000022f0000, 0x0000000004210000, 0x00000000112f0000]
 total_blobs=9255 nmethods=8355 adapters=808
 compilation: enabled

Compilation events (10 events):
Event: 186.657 Thread 0x0000000013669000 nmethod 10244 0x0000000003403d50 code [0x0000000003403ec0, 0x0000000003404048]
Event: 186.657 Thread 0x0000000013669000 10245       3       org.eclipse.osgi.container.ModuleWiring::invalidate0 (52 bytes)
Event: 186.658 Thread 0x0000000013669000 nmethod 10245 0x00000000035c03d0 code [0x00000000035c0580, 0x00000000035c0f28]
Event: 186.658 Thread 0x0000000013669000 10251       3       org.eclipse.osgi.internal.framework.EquinoxContainerAdaptor::clearManifestCache (84 bytes)
Event: 186.659 Thread 0x0000000013669000 nmethod 10251 0x0000000003fcf350 code [0x0000000003fcf5a0, 0x0000000003fd0cb8]
Event: 186.659 Thread 0x0000000013669000 10252   !   3       org.eclipse.osgi.storage.BundleInfo$Generation::clearManifestCache (30 bytes)
Event: 186.659 Thread 0x0000000013669000 nmethod 10252 0x00000000036a0950 code [0x00000000036a0ae0, 0x00000000036a1128]
Event: 186.659 Thread 0x0000000013669000 10246       3       org.eclipse.osgi.internal.container.AtomicLazyInitializer::getAndClear (9 bytes)
Event: 186.659 Thread 0x0000000013669000 nmethod 10246 0x0000000002512c50 code [0x0000000002512dc0, 0x0000000002513010]
Event: 186.659 Thread 0x0000000013669000 10247       3       java.util.concurrent.atomic.AtomicReference::getAndSet (12 bytes)

GC Heap History (10 events):
Event: 65.987 GC heap before
{Heap before GC invocations=16 (full 4):
 PSYoungGen      total 110592K, used 22987K [0x00000000f5580000, 0x00000000fe280000, 0x0000000100000000)
  eden space 84480K, 0% used [0x00000000f5580000,0x00000000f5580000,0x00000000fa800000)
  from space 26112K, 88% used [0x00000000fc400000,0x00000000fda72f68,0x00000000fdd80000)
  to   space 28672K, 0% used [0x00000000fa800000,0x00000000fa800000,0x00000000fc400000)
 ParOldGen       total 111104K, used 42260K [0x00000000e0000000, 0x00000000e6c80000, 0x00000000f5580000)
  object space 111104K, 38% used [0x00000000e0000000,0x00000000e29450f8,0x00000000e6c80000)
 Metaspace       used 77030K, capacity 83768K, committed 84096K, reserved 1122304K
  class space    used 9373K, capacity 11551K, committed 11648K, reserved 1048576K
Event: 66.295 GC heap after
Heap after GC invocations=16 (full 4):
 PSYoungGen      total 110592K, used 0K [0x00000000f5580000, 0x00000000fe280000, 0x0000000100000000)
  eden space 84480K, 0% used [0x00000000f5580000,0x00000000f5580000,0x00000000fa800000)
  from space 26112K, 0% used [0x00000000fc400000,0x00000000fc400000,0x00000000fdd80000)
  to   space 28672K, 0% used [0x00000000fa800000,0x00000000fa800000,0x00000000fc400000)
 ParOldGen       total 111104K, used 57029K [0x00000000e0000000, 0x00000000e6c80000, 0x00000000f5580000)
  object space 111104K, 51% used [0x00000000e0000000,0x00000000e37b1610,0x00000000e6c80000)
 Metaspace       used 77030K, capacity 83768K, committed 84096K, reserved 1122304K
  class space    used 9373K, capacity 11551K, committed 11648K, reserved 1048576K
}
Event: 125.954 GC heap before
{Heap before GC invocations=17 (full 4):
 PSYoungGen      total 110592K, used 81801K [0x00000000f5580000, 0x00000000fe280000, 0x0000000100000000)
  eden space 84480K, 96% used [0x00000000f5580000,0x00000000fa562500,0x00000000fa800000)
  from space 26112K, 0% used [0x00000000fc400000,0x00000000fc400000,0x00000000fdd80000)
  to   space 28672K, 0% used [0x00000000fa800000,0x00000000fa800000,0x00000000fc400000)
 ParOldGen       total 111104K, used 57029K [0x00000000e0000000, 0x00000000e6c80000, 0x00000000f5580000)
  object space 111104K, 51% used [0x00000000e0000000,0x00000000e37b1610,0x00000000e6c80000)
 Metaspace       used 81701K, capacity 89020K, committed 89216K, reserved 1126400K
  class space    used 9986K, capacity 12339K, committed 12416K, reserved 1048576K
Event: 125.963 GC heap after
Heap after GC invocations=17 (full 4):
 PSYoungGen      total 113152K, used 6764K [0x00000000f5580000, 0x00000000fe180000, 0x0000000100000000)
  eden space 84480K, 0% used [0x00000000f5580000,0x00000000f5580000,0x00000000fa800000)
  from space 28672K, 23% used [0x00000000fa800000,0x00000000fae9b190,0x00000000fc400000)
  to   space 28160K, 0% used [0x00000000fc600000,0x00000000fc600000,0x00000000fe180000)
 ParOldGen       total 111104K, used 57037K [0x00000000e0000000, 0x00000000e6c80000, 0x00000000f5580000)
  object space 111104K, 51% used [0x00000000e0000000,0x00000000e37b3610,0x00000000e6c80000)
 Metaspace       used 81701K, capacity 89020K, committed 89216K, reserved 1126400K
  class space    used 9986K, capacity 12339K, committed 12416K, reserved 1048576K
}
Event: 125.963 GC heap before
{Heap before GC invocations=18 (full 5):
 PSYoungGen      total 113152K, used 6764K [0x00000000f5580000, 0x00000000fe180000, 0x0000000100000000)
  eden space 84480K, 0% used [0x00000000f5580000,0x00000000f5580000,0x00000000fa800000)
  from space 28672K, 23% used [0x00000000fa800000,0x00000000fae9b190,0x00000000fc400000)
  to   space 28160K, 0% used [0x00000000fc600000,0x00000000fc600000,0x00000000fe180000)
 ParOldGen       total 111104K, used 57037K [0x00000000e0000000, 0x00000000e6c80000, 0x00000000f5580000)
  object space 111104K, 51% used [0x00000000e0000000,0x00000000e37b3610,0x00000000e6c80000)
 Metaspace       used 81701K, capacity 89020K, committed 89216K, reserved 1126400K
  class space    used 9986K, capacity 12339K, committed 12416K, reserved 1048576K
Event: 126.338 GC heap after
Heap after GC invocations=18 (full 5):
 PSYoungGen      total 113152K, used 0K [0x00000000f5580000, 0x00000000fe180000, 0x0000000100000000)
  eden space 84480K, 0% used [0x00000000f5580000,0x00000000f5580000,0x00000000fa800000)
  from space 28672K, 0% used [0x00000000fa800000,0x00000000fa800000,0x00000000fc400000)
  to   space 28160K, 0% used [0x00000000fc600000,0x00000000fc600000,0x00000000fe180000)
 ParOldGen       total 111104K, used 60543K [0x00000000e0000000, 0x00000000e6c80000, 0x00000000f5580000)
  object space 111104K, 54% used [0x00000000e0000000,0x00000000e3b1ff58,0x00000000e6c80000)
 Metaspace       used 81701K, capacity 89020K, committed 89216K, reserved 1126400K
  class space    used 9986K, capacity 12339K, committed 12416K, reserved 1048576K
}
Event: 163.901 GC heap before
{Heap before GC invocations=19 (full 5):
 PSYoungGen      total 113152K, used 84480K [0x00000000f5580000, 0x00000000fe180000, 0x0000000100000000)
  eden space 84480K, 100% used [0x00000000f5580000,0x00000000fa800000,0x00000000fa800000)
  from space 28672K, 0% used [0x00000000fa800000,0x00000000fa800000,0x00000000fc400000)
  to   space 28160K, 0% used [0x00000000fc600000,0x00000000fc600000,0x00000000fe180000)
 ParOldGen       total 111104K, used 60672K [0x00000000e0000000, 0x00000000e6c80000, 0x00000000f5580000)
  object space 111104K, 54% used [0x00000000e0000000,0x00000000e3b40090,0x00000000e6c80000)
 Metaspace       used 88240K, capacity 95786K, committed 96128K, reserved 1132544K
  class space    used 10901K, capacity 13335K, committed 13440K, reserved 1048576K
Event: 163.923 GC heap after
Heap after GC invocations=19 (full 5):
 PSYoungGen      total 116224K, used 12429K [0x00000000f5580000, 0x00000000fe800000, 0x0000000100000000)
  eden space 88064K, 0% used [0x00000000f5580000,0x00000000f5580000,0x00000000fab80000)
  from space 28160K, 44% used [0x00000000fc600000,0x00000000fd223430,0x00000000fe180000)
  to   space 27136K, 0% used [0x00000000fab80000,0x00000000fab80000,0x00000000fc600000)
 ParOldGen       total 111104K, used 60680K [0x00000000e0000000, 0x00000000e6c80000, 0x00000000f5580000)
  object space 111104K, 54% used [0x00000000e0000000,0x00000000e3b42090,0x00000000e6c80000)
 Metaspace       used 88240K, capacity 95786K, committed 96128K, reserved 1132544K
  class space    used 10901K, capacity 13335K, committed 13440K, reserved 1048576K
}
Event: 181.610 GC heap before
{Heap before GC invocations=20 (full 5):
 PSYoungGen      total 116224K, used 100493K [0x00000000f5580000, 0x00000000fe800000, 0x0000000100000000)
  eden space 88064K, 100% used [0x00000000f5580000,0x00000000fab80000,0x00000000fab80000)
  from space 28160K, 44% used [0x00000000fc600000,0x00000000fd223430,0x00000000fe180000)
  to   space 27136K, 0% used [0x00000000fab80000,0x00000000fab80000,0x00000000fc600000)
 ParOldGen       total 111104K, used 60682K [0x00000000e0000000, 0x00000000e6c80000, 0x00000000f5580000)
  object space 111104K, 54% used [0x00000000e0000000,0x00000000e3b42a10,0x00000000e6c80000)
 Metaspace       used 88900K, capacity 96312K, committed 96384K, reserved 1132544K
  class space    used 10940K, capacity 13404K, committed 13440K, reserved 1048576K
Event: 181.620 GC heap after
Heap after GC invocations=20 (full 5):
 PSYoungGen      total 115200K, used 7171K [0x00000000f5580000, 0x00000000fe900000, 0x0000000100000000)
  eden space 88064K, 0% used [0x00000000f5580000,0x00000000f5580000,0x00000000fab80000)
  from space 27136K, 26% used [0x00000000fab80000,0x00000000fb280d60,0x00000000fc600000)
  to   space 26624K, 0% used [0x00000000fcf00000,0x00000000fcf00000,0x00000000fe900000)
 ParOldGen       total 111104K, used 60690K [0x00000000e0000000, 0x00000000e6c80000, 0x00000000f5580000)
  object space 111104K, 54% used [0x00000000e0000000,0x00000000e3b44a10,0x00000000e6c80000)
 Metaspace       used 88900K, capacity 96312K, committed 96384K, reserved 1132544K
  class space    used 10940K, capacity 13404K, committed 13440K, reserved 1048576K
}

Deoptimization events (10 events):
Event: 181.937 Thread 0x00000000021ee000 Uncommon trap: reason=bimorphic action=maybe_recompile pc=0x00000000031bff90 method=org.eclipse.emf.common.util.BasicEMap.get(Ljava/lang/Object;)Ljava/lang/Object; @ 8
Event: 181.937 Thread 0x00000000021ee000 Uncommon trap: reason=bimorphic action=maybe_recompile pc=0x00000000031bff90 method=org.eclipse.emf.common.util.BasicEMap.get(Ljava/lang/Object;)Ljava/lang/Object; @ 8
Event: 181.983 Thread 0x0000000016983800 Uncommon trap: reason=unstable_if action=reinterpret pc=0x0000000003f918ec method=org.eclipse.e4.ui.internal.workbench.swt.E4Application$1.syncExec(Ljava/lang/Runnable;)V @ 14
Event: 181.983 Thread 0x0000000016983800 Uncommon trap: reason=unstable_if action=reinterpret pc=0x0000000003d02928 method=org.eclipse.e4.ui.internal.workbench.swt.E4Application$1.syncExec(Ljava/lang/Runnable;)V @ 14
Event: 182.018 Thread 0x00000000186d7800 Uncommon trap: reason=unstable_if action=reinterpret pc=0x0000000003d74034 method=org.eclipse.equinox.internal.event.EventHandlerTracker.getHandlers(Ljava/lang/String;)Ljava/util/Set; @ 28
Event: 182.021 Thread 0x00000000186d7800 Uncommon trap: reason=class_check action=maybe_recompile pc=0x0000000004186678 method=org.eclipse.e4.core.internal.contexts.TrackableComputationExt.update(Lorg/eclipse/e4/core/internal/contexts/ContextChangeEvent;)Z @ 62
Event: 182.021 Thread 0x00000000186d7800 Uncommon trap: reason=class_check action=maybe_recompile pc=0x0000000004186678 method=org.eclipse.e4.core.internal.contexts.TrackableComputationExt.update(Lorg/eclipse/e4/core/internal/contexts/ContextChangeEvent;)Z @ 62
Event: 185.966 Thread 0x00000000186d1800 Uncommon trap: reason=unstable_if action=reinterpret pc=0x000000000246d5a4 method=sun.nio.cs.SingleByte$Encoder.encode(C)I @ 13
Event: 186.577 Thread 0x00000000186d7800 Uncommon trap: reason=unstable_if action=reinterpret pc=0x00000000029d0a1c method=org.eclipse.osgi.internal.hooks.EclipseLazyStarter.shouldActivateFor(Ljava/lang/String;Lorg/eclipse/osgi/container/Module;Lorg/eclipse/osgi/container/ModuleRevision;Lorg/ecliñìr}«Sg@
Event: 186.615 Thread 0x0000000015be1800 Uncommon trap: reason=unstable_if action=reinterpret pc=0x0000000003042e10 method=org.eclipse.osgi.internal.framework.BundleContextImpl.dispatchEvent(Ljava/lang/Object;Ljava/lang/Object;ILjava/lang/Object;)V @ 16

Internal exceptions (10 events):
Event: 162.615 Thread 0x00000000186d4800 Exception <a 'java/io/IOException'> (0x00000000f76036b0) thrown at [C:\re\workspace\8-2-build-windows-amd64-cygwin\jdk8u66\5298\hotspot\src\share\vm\prims\jni.cpp, line 709]
Event: 163.606 Thread 0x00000000021ee000 Implicit null exception at 0x000000000257c30c to 0x000000000257c35d
Event: 178.451 Thread 0x00000000186d6000 Exception <a 'java/io/FileNotFoundException'> (0x00000000f9c9aa50) thrown at [C:\re\workspace\8-2-build-windows-amd64-cygwin\jdk8u66\5298\hotspot\src\share\vm\prims\jni.cpp, line 709]
Event: 181.473 Thread 0x00000000021ee000 Implicit null exception at 0x0000000002e23693 to 0x0000000002e23a8d
Event: 181.559 Thread 0x00000000021ee000 Implicit null exception at 0x00000000040d8d47 to 0x00000000040daf11
Event: 185.964 Thread 0x000000001e5d4000 Exception <a 'java/lang/InterruptedException'> (0x00000000f5fbe860) thrown at [C:\re\workspace\8-2-build-windows-amd64-cygwin\jdk8u66\5298\hotspot\src\share\vm\runtime\objectMonitor.cpp, line 1683]
Event: 186.617 Thread 0x0000000016983800 Exception <a 'java/lang/InterruptedException'> (0x00000000f58b30d0) thrown at [C:\re\workspace\8-2-build-windows-amd64-cygwin\jdk8u66\5298\hotspot\src\share\vm\runtime\objectMonitor.cpp, line 1683]
Event: 186.638 Thread 0x0000000015be1800 Exception <a 'java/lang/InterruptedException'> (0x00000000f630d750) thrown at [C:\re\workspace\8-2-build-windows-amd64-cygwin\jdk8u66\5298\hotspot\src\share\vm\runtime\objectMonitor.cpp, line 1683]
Event: 186.655 Thread 0x0000000016980800 Exception <a 'java/lang/InterruptedException'> (0x00000000f58ad178) thrown at [C:\re\workspace\8-2-build-windows-amd64-cygwin\jdk8u66\5298\hotspot\src\share\vm\runtime\objectMonitor.cpp, line 1683]
Event: 186.656 Thread 0x0000000015cf7800 Exception <a 'java/lang/InterruptedException'> (0x00000000f6503f58) thrown at [C:\re\workspace\8-2-build-windows-amd64-cygwin\jdk8u66\5298\hotspot\src\share\vm\runtime\objectMonitor.cpp, line 1683]

Events (10 events):
Event: 186.657 Executing VM operation: RevokeBias
Event: 186.657 Executing VM operation: RevokeBias done
Event: 186.658 Thread 0x00000000186d7800 Thread exited: 0x00000000186d7800
Event: 186.658 loading class java/util/IdentityHashMap$KeyIterator
Event: 186.658 loading class java/util/IdentityHashMap$IdentityHashMapIterator
Event: 186.658 loading class java/util/IdentityHashMap$IdentityHashMapIterator done
Event: 186.658 loading class java/util/IdentityHashMap$KeyIterator done
Event: 186.658 Thread 0x00000000186d3800 Thread added: 0x00000000186d3800
Event: 186.659 Thread 0x00000000186d3800 Thread exited: 0x00000000186d3800
Event: 186.659 Executing VM operation: Exit


Dynamic libraries:
0x0000000000400000 - 0x000000000044f000 	C:\Xilinx\SDK\2016.2\eclipse\win64.o\eclipse.exe
0x00007fff468e0000 - 0x00007fff46a8c000 	C:\Windows\SYSTEM32\ntdll.dll
0x00007fff44ad0000 - 0x00007fff44c0e000 	C:\Windows\system32\KERNEL32.DLL
0x00007fff43df0000 - 0x00007fff43f05000 	C:\Windows\system32\KERNELBASE.dll
0x00007fff44530000 - 0x00007fff446a7000 	C:\Windows\system32\USER32.dll
0x00007fff41680000 - 0x00007fff418fb000 	C:\Windows\WinSxS\amd64_microsoft.windows.common-controls_6595b64144ccf1df_6.0.9600.18006_none_623f33d3ecbe86e8\COMCTL32.dll
0x00007fff442d0000 - 0x00007fff4437a000 	C:\Windows\system32\msvcrt.dll
0x00007fff46370000 - 0x00007fff464bf000 	C:\Windows\system32\GDI32.dll
0x00007fff44870000 - 0x00007fff448a6000 	C:\Windows\system32\IMM32.DLL
0x00007fff43fc0000 - 0x00007fff44112000 	C:\Windows\system32\MSCTF.dll
0x0000000072000000 - 0x0000000072012000 	C:\Xilinx\SDK\2016.2\eclipse\win64.o\plugins\org.eclipse.equinox.launcher.win32.win32.x86_64_1.1.300.v20150602-1417\eclipse_1611.dll
0x00007fff464c0000 - 0x00007fff4656a000 	C:\Windows\system32\ADVAPI32.dll
0x00007fff3da00000 - 0x00007fff3da0a000 	C:\Windows\SYSTEM32\VERSION.dll
0x00007fff444d0000 - 0x00007fff44529000 	C:\Windows\SYSTEM32\sechost.dll
0x00007fff44380000 - 0x00007fff444c1000 	C:\Windows\system32\RPCRT4.dll
0x00007fff426a0000 - 0x00007fff427c9000 	C:\Windows\system32\uxtheme.dll
0x00007fff448b0000 - 0x00007fff44ac1000 	C:\Windows\SYSTEM32\combase.dll
0x00000000526c0000 - 0x0000000052f49000 	C:\Xilinx\SDK\2016.2\tps\win64\jre\bin\server\jvm.dll
0x00007fff32d00000 - 0x00007fff32d09000 	C:\Windows\SYSTEM32\WSOCK32.dll
0x00007fff415d0000 - 0x00007fff415f2000 	C:\Windows\SYSTEM32\WINMM.dll
0x00007fff46350000 - 0x00007fff46357000 	C:\Windows\system32\PSAPI.DLL
0x00000000547d0000 - 0x00000000548a2000 	C:\Windows\SYSTEM32\MSVCR100.dll
0x00007fff44dc0000 - 0x00007fff44e1a000 	C:\Windows\system32\WS2_32.dll
0x00007fff415a0000 - 0x00007fff415ca000 	C:\Windows\SYSTEM32\WINMMBASE.dll
0x00007fff46360000 - 0x00007fff46369000 	C:\Windows\system32\NSI.dll
0x00007fff43f10000 - 0x00007fff43f5f000 	C:\Windows\SYSTEM32\cfgmgr32.dll
0x00007fff42820000 - 0x00007fff42848000 	C:\Windows\SYSTEM32\DEVOBJ.dll
0x0000000054690000 - 0x000000005469f000 	C:\Xilinx\SDK\2016.2\tps\win64\jre\bin\verify.dll
0x0000000054660000 - 0x0000000054689000 	C:\Xilinx\SDK\2016.2\tps\win64\jre\bin\java.dll
0x0000000054640000 - 0x0000000054656000 	C:\Xilinx\SDK\2016.2\tps\win64\jre\bin\zip.dll
0x00007fff44e20000 - 0x00007fff4634b000 	C:\Windows\system32\SHELL32.dll
0x00007fff46810000 - 0x00007fff46864000 	C:\Windows\system32\SHLWAPI.dll
0x00007fff41f90000 - 0x00007fff42042000 	C:\Windows\SYSTEM32\SHCORE.dll
0x00007fff43a30000 - 0x00007fff43a45000 	C:\Windows\SYSTEM32\profapi.dll
0x00007fff432a0000 - 0x00007fff432c0000 	C:\Windows\SYSTEM32\CRYPTSP.dll
0x00007fff42ec0000 - 0x00007fff42ef6000 	C:\Windows\system32\rsaenh.dll
0x00007fff434f0000 - 0x00007fff43516000 	C:\Windows\SYSTEM32\bcrypt.dll
0x00007fff42fd0000 - 0x00007fff42ff1000 	C:\Windows\SYSTEM32\USERENV.dll
0x00007fff43830000 - 0x00007fff43893000 	C:\Windows\system32\bcryptprimitives.dll
0x00007fff438a0000 - 0x00007fff438ab000 	C:\Windows\SYSTEM32\CRYPTBASE.dll
0x0000000054620000 - 0x000000005463a000 	C:\Xilinx\SDK\2016.2\tps\win64\jre\bin\net.dll
0x00007fff43240000 - 0x00007fff43299000 	C:\Windows\system32\mswsock.dll
0x00007fff3f850000 - 0x00007fff3f87a000 	C:\Windows\SYSTEM32\IPHLPAPI.DLL
0x00007fff3f830000 - 0x00007fff3f83a000 	C:\Windows\SYSTEM32\WINNSI.DLL
0x00007fff3f530000 - 0x00007fff3f546000 	C:\Windows\SYSTEM32\dhcpcsvc6.DLL
0x00007fff3f5b0000 - 0x00007fff3f5ca000 	C:\Windows\SYSTEM32\dhcpcsvc.DLL
0x0000000054600000 - 0x0000000054611000 	C:\Xilinx\SDK\2016.2\tps\win64\jre\bin\nio.dll
0x00007fff44130000 - 0x00007fff442c4000 	C:\Windows\system32\ole32.dll
0x00007fff42870000 - 0x00007fff4287b000 	C:\Windows\SYSTEM32\kernel.appcore.dll
0x00007fff31380000 - 0x00007fff31395000 	C:\Windows\system32\napinsp.dll
0x00007fff313a0000 - 0x00007fff313ba000 	C:\Windows\system32\pnrpnsp.dll
0x00007fff40260000 - 0x00007fff4027b000 	C:\Windows\system32\NLAapi.dll
0x00007fff43040000 - 0x00007fff430e4000 	C:\Windows\SYSTEM32\DNSAPI.dll
0x00007fff313c0000 - 0x00007fff313cd000 	C:\Windows\System32\winrnr.dll
0x00007fff313d0000 - 0x00007fff313e4000 	C:\Windows\system32\wshbth.dll
0x0000000063560000 - 0x0000000063569000 	C:\Program Files\National Instruments\Shared\mDNS Responder\nimdnsNSP.dll
0x0000000063550000 - 0x000000006355c000 	C:\Windows\SYSTEM32\nimdnsResponder.dll
0x00000000553a0000 - 0x0000000055443000 	C:\Windows\WinSxS\amd64_microsoft.vc90.crt_1fc8b3b9a1e18e3b_9.0.30729.8387_none_08e793bfa83a89b5\MSVCR90.dll
0x00007fff34600000 - 0x00007fff3460a000 	C:\Windows\System32\rasadhlp.dll
0x00007fff3f5e0000 - 0x00007fff3f64b000 	C:\Windows\System32\fwpuclnt.dll
0x00007fff44c10000 - 0x00007fff44cc6000 	C:\Windows\SYSTEM32\clbcatq.dll
0x0000000017a40000 - 0x0000000017ae8000 	C:\Users\Han Beul\.Xilinx\SDK\2016.2\org.eclipse.osgi\312\0\.cp\swt-win32-4527.dll
0x00007fff44cf0000 - 0x00007fff44db1000 	C:\Windows\system32\OLEAUT32.dll
0x00007fff46750000 - 0x00007fff46806000 	C:\Windows\system32\comdlg32.dll
0x00007fff34f50000 - 0x00007fff34fd2000 	C:\Windows\SYSTEM32\WINSPOOL.DRV
0x00007fff402a0000 - 0x00007fff402b6000 	C:\Windows\SYSTEM32\USP10.dll
0x00007fff3e450000 - 0x00007fff3e6b9000 	C:\Windows\SYSTEM32\WININET.dll
0x00007fff43b00000 - 0x00007fff43cdf000 	C:\Windows\system32\CRYPT32.dll
0x00007fff3e180000 - 0x00007fff3e447000 	C:\Windows\SYSTEM32\iertutil.dll
0x00007fff43ae0000 - 0x00007fff43af1000 	C:\Windows\system32\MSASN1.dll
0x00007fff41d90000 - 0x00007fff41db1000 	C:\Windows\system32\dwmapi.dll
0x00007fff3fa70000 - 0x00007fff3fbef000 	C:\Windows\SYSTEM32\propsys.dll
0x0000000017110000 - 0x000000001712e000 	C:\Users\Han Beul\.Xilinx\SDK\2016.2\org.eclipse.osgi\312\0\.cp\swt-gdip-win32-4527.dll
0x00007fff34cd0000 - 0x00007fff34e80000 	C:\Windows\WinSxS\amd64_microsoft.windows.gdiplus_6595b64144ccf1df_1.1.9600.17415_none_932b3b5547500489\gdiplus.dll
0x00007fff41be0000 - 0x00007fff41d8e000 	C:\Windows\SYSTEM32\WindowsCodecs.dll
0x0000000180000000 - 0x0000000180012000 	C:\Users\Han Beul\.Xilinx\SDK\2016.2\org.eclipse.osgi\126\0\.cp\os\win32\x86_64\localfile_1_0_0.dll
0x00007fff40ae0000 - 0x00007fff40b4a000 	C:\Windows\SYSTEM32\oleacc.dll
0x00007fff3eb40000 - 0x00007fff3eb47000 	C:\Windows\SYSTEM32\msimg32.dll
0x00007fff40bb0000 - 0x00007fff40d9c000 	C:\Windows\SYSTEM32\DWrite.dll
0x00007fff3dab0000 - 0x00007fff3dac1000 	C:\Users\Han Beul\.Xilinx\SDK\2016.2\org.eclipse.osgi\129\0\.cp\jWinHttp-1.0.0.dll
0x00007fff3cf60000 - 0x00007fff3d029000 	C:\Windows\SYSTEM32\WINHTTP.dll
0x00007fff409f0000 - 0x00007fff409ff000 	C:\Xilinx\SDK\2016.2\lib\win64.o\librdi_repo_manager.dll
0x00007fff3da80000 - 0x00007fff3daaa000 	C:\Xilinx\SDK\2016.2\lib\win64.o\libisl_sysinfo.dll
0x00007fff04d00000 - 0x00007fff05740000 	C:\Xilinx\SDK\2016.2\lib\win64.o\librdi_common.dll
0x00007fff37530000 - 0x00007fff37584000 	C:\Xilinx\SDK\2016.2\lib\win64.o\librdi_commonxillic.dll
0x00007fff335a0000 - 0x00007fff33792000 	C:\Xilinx\SDK\2016.2\lib\win64.o\librdi_hsm.dll
0x00007fff2cdc0000 - 0x00007fff2ce67000 	C:\Windows\SYSTEM32\MSVCP110.dll
0x00007fff2cce0000 - 0x00007fff2cdb4000 	C:\Windows\SYSTEM32\MSVCR110.dll
0x00007fff04990000 - 0x00007fff04cfe000 	C:\Xilinx\SDK\2016.2\lib\win64.o\libCOIN-all.dll
0x00007fff04770000 - 0x00007fff0498f000 	C:\Xilinx\SDK\2016.2\lib\win64.o\libXil_lmgr11.dll
0x00007fff40290000 - 0x00007fff402a0000 	C:\Xilinx\SDK\2016.2\lib\win64.o\libboost_date_time.dll
0x00007fff3b580000 - 0x00007fff3b5a4000 	C:\Xilinx\SDK\2016.2\lib\win64.o\libboost_filesystem.dll
0x00007fff37460000 - 0x00007fff374d7000 	C:\Xilinx\SDK\2016.2\lib\win64.o\libboost_program_options.dll
0x00007fff35cf0000 - 0x00007fff35df6000 	C:\Xilinx\SDK\2016.2\lib\win64.o\libboost_regex.dll
0x00007fff3d080000 - 0x00007fff3d093000 	C:\Xilinx\SDK\2016.2\lib\win64.o\libboost_signals.dll
0x00007fff3ba80000 - 0x00007fff3ba89000 	C:\Xilinx\SDK\2016.2\lib\win64.o\libboost_system.dll
0x00007fff39be0000 - 0x00007fff39bfd000 	C:\Xilinx\SDK\2016.2\lib\win64.o\libboost_thread.dll
0x00007fff39bd0000 - 0x00007fff39bdb000 	C:\Xilinx\SDK\2016.2\lib\win64.o\libboost_xilinx.dll
0x00007fff35c70000 - 0x00007fff35cf0000 	C:\Xilinx\SDK\2016.2\lib\win64.o\libhdlpsolve.dll
0x00007fff33500000 - 0x00007fff3359a000 	C:\Xilinx\SDK\2016.2\lib\win64.o\libhdxml.dll
0x00007fff04300000 - 0x00007fff04765e00 	C:\Xilinx\SDK\2016.2\lib\win64.o\libisl_iostreams.dll
0x00007fff39bb0000 - 0x00007fff39bc5000 	C:\Xilinx\SDK\2016.2\lib\win64.o\pthreadVC2.dll
0x00007fff2cb30000 - 0x00007fff2cc60000 	C:\Xilinx\SDK\2016.2\lib\win64.o\librdi_curl.dll
0x00007fff38b50000 - 0x00007fff38b68000 	C:\Xilinx\SDK\2016.2\lib\win64.o\librdiconfig.dll
0x00007fff37b50000 - 0x00007fff37b73000 	C:\Xilinx\SDK\2016.2\lib\win64.o\librdizlib.dll
0x00000000546a0000 - 0x00000000547c7000 	C:\Xilinx\SDK\2016.2\lib\win64.o\tcl85t.dll
0x0000000025e20000 - 0x0000000026083000 	C:\Xilinx\SDK\2016.2\lib\win64.o\xerces-c_3_1.dll
0x00007fff3d350000 - 0x00007fff3d4d5000 	C:\Windows\SYSTEM32\urlmon.dll
0x00007fff2ad70000 - 0x00007fff2ad93000 	C:\Windows\SYSTEM32\VCOMP110.DLL
0x00007fff36170000 - 0x00007fff361b3000 	C:\Xilinx\SDK\2016.2\lib\win64.o\librdi_hdf.dll
0x00007fff04070000 - 0x00007fff042f1000 	C:\Xilinx\SDK\2016.2\lib\win64.o\librdi_ippcw.dll
0x00007fff40020000 - 0x00007fff40036000 	C:\Windows\SYSTEM32\NETAPI32.dll
0x00007fff43ce0000 - 0x00007fff43d31000 	C:\Windows\system32\WINTRUST.dll
0x00007fff38970000 - 0x00007fff3897b000 	C:\Xilinx\SDK\2016.2\lib\win64.o\libboost_chrono.dll
0x00007fff35c50000 - 0x00007fff35c66000 	C:\Xilinx\SDK\2016.2\lib\win64.o\libboost_iostreams.dll
0x00007fff344c0000 - 0x00007fff344e3000 	C:\Xilinx\SDK\2016.2\lib\win64.o\libisl_iosutils.dll
0x00007fff42c70000 - 0x00007fff42c7c000 	C:\Windows\SYSTEM32\netutils.dll
0x00007fff43610000 - 0x00007fff43636000 	C:\Windows\SYSTEM32\srvcli.dll
0x00007fff400e0000 - 0x00007fff400f7000 	C:\Windows\SYSTEM32\wkscli.dll
0x0000000071080000 - 0x00000000710a6000 	C:\Xilinx\SDK\2016.2\eclipse\win64.o\plugins\gnu.io.rxtx.win32.x86_64_2.1.7.3_v20071015\os\win32\x86_64\rxtxSerial.dll
0x00007fff3e730000 - 0x00007fff3e746000 	C:\Xilinx\SDK\2016.2\eclipse\win64.o\plugins\org.eclipse.cdt.core.win32.x86_64_5.4.0.201509131935\os\win32\x86_64\spawner.dll
0x00007fff3e720000 - 0x00007fff3e72a000 	C:\Xilinx\SDK\2016.2\lib\win64.o\librdi_jtag_settings.dll
0x00007fff3e6f0000 - 0x00007fff3e719000 	C:\Xilinx\SDK\2016.2\lib\win64.o\librdi_debug_dialog.dll
0x00007fff3e6e0000 - 0x00007fff3e6e8000 	C:\Xilinx\SDK\2016.2\lib\win64.o\librdi_target_manager.dll
0x00007ffef92e0000 - 0x00007ffef9af0000 	C:\Xilinx\SDK\2016.2\lib\win64.o\libXil_lmgr11FNP.dll
0x00007fff38070000 - 0x00007fff3807c000 	C:\Windows\SYSTEM32\snmpapi.dll
0x00007fff46570000 - 0x00007fff4674a000 	C:\Windows\system32\SETUPAPI.dll
0x00007fff43800000 - 0x00007fff4382e000 	C:\Windows\SYSTEM32\SspiCli.dll

VM Arguments:
jvm_args: -Dcom.xilinx.sdk.args.hwspec=C:/project_1/project_1.sdk/design_1_wrapper.hdf -Xms64m -Xmx512m & 
java_command: <unknown>
java_class_path (initial): C:\Xilinx\SDK\2016.2\eclipse\win64.o\\plugins/org.eclipse.equinox.launcher_1.3.100.v20150511-1540.jar
Launcher Type: generic

Environment Variables:
PATH=C:/Xilinx/SDK/2016.2/tps/win64/jre/bin/server;C:/Xilinx/SDK/2016.2/tps/win64/jre/bin;C:/Xilinx/SDK/2016.2/tps/win64/jre/lib/amd64;C:\Xilinx\SDK\2016.2\gnuwin\bin;C:\Xilinx\SDK\2016.2\gnu\microblaze\nt\bin;C:\Xilinx\SDK\2016.2\gnu\microblaze\linux_toolchain\nt64_le\bin;C:\Xilinx\SDK\2016.2\gnu\microblaze\linux_toolchain\nt64_be\bin;C:\Xilinx\SDK\2016.2\gnu\arm\nt\bin;C:\Xilinx\SDK\2016.2\gnu\aarch64\nt\aarch64-none\bin;C:\Xilinx\SDK\2016.2\gnu\aarch64\nt\aarch64-linux\bin;C:\Xilinx\SDK\2016.2\gnu\armr5\nt\gcc-arm-none-eabi\bin;C:\Xilinx\SDK\2016.2\gnu\aarch32\nt\gcc-arm-none-eabi\bin;C:\Xilinx\SDK\2016.2\gnu\aarch32\nt\gcc-arm-linux-gnueabi\bin;C:\Xilinx\SDK\2016.2\tps\win64\cmake-3.3.2\bin;;C:\Xilinx\SDK\2016.2\bin;C:\Xilinx\SDK\2016.2\lib\win64.o;C:\Xilinx\SDK\2016.2\tps\win64\jre\bin\server;C:\Xilinx\SDK\2016.2\tps\win64\jre\bin;C:\Xilinx\Vivado\2016.2\ids_lite\ISE\bin\nt64;C:\Xilinx\Vivado\2016.2\ids_lite\ISE\lib\nt64;C:\Xilinx\Vivado\2016.2\bin;C:\Xilinx\Vivado\2016.2\lib\win64.o;C:\Xilinx\Vivado\2016.2\tps\win64\jre\bin\server;C:\Xilinx\Vivado\2016.2\tps\win64\jre\bin;C:\Xilinx\Vivado_HLS\2016.2\bin;C:\ProgramData\Oracle\Java\javapath;C:\Windows\system32;C:\Windows;C:\Windows\System32\Wbem;C:\Windows\System32\WindowsPowerShell\v1.0\;C:\Program Files\MATLAB\R2016b\bin;C:\Modeltech_pe_edu_10.4a\win32pe_edu;c:\MinGW\bin;c:\MinGW\msys\1.0\;c:\MinGW\msys\1.0\bin;C:\project_1;
USERNAME=Han Beul
OS=Windows_NT
PROCESSOR_IDENTIFIER=Intel64 Family 6 Model 70 Stepping 1, GenuineIntel



---------------  S Y S T E M  ---------------

OS: Windows 8.1 , 64 bit Build 9600 (6.3.9600.17415)

CPU:total 4 (4 cores per cpu, 1 threads per core) family 6 model 70 stepping 1, cmov, cx8, fxsr, mmx, sse, sse2, sse3, ssse3, sse4.1, sse4.2, popcnt, avx, avx2, aes, clmul, erms, lzcnt, tsc, tscinvbit, bmi1, bmi2

Memory: 4k page, physical 4193780k(1697192k free), swap 4914676k(2021692k free)

vm_info: Java HotSpot(TM) 64-Bit Server VM (25.66-b18) for windows-amd64 JRE (1.8.0_66-b18), built on Nov  9 2015 10:51:13 by "java_re" with MS VC++ 10.0 (VS2010)

time: Tue Oct 18 20:06:21 2016
elapsed time: 187 seconds (0d 0h 3m 7s)

