#
# A fatal error has been detected by the Java Runtime Environment:
#
#  EXCEPTION_UNCAUGHT_CXX_EXCEPTION (0xe06d7363) at pc=0x00007fff43df871c, pid=2324, tid=4980
#
# JRE version: Java(TM) SE Runtime Environment (8.0_66-b18) (build 1.8.0_66-b18)
# Java VM: Java HotSpot(TM) 64-Bit Server VM (25.66-b18 mixed mode windows-amd64 compressed oops)
# Problematic frame:
# C  [KERNELBASE.dll+0x871c]
#
# Failed to write core dump. Minidumps are not enabled by default on client versions of Windows
#
# If you would like to submit a bug report, please visit:
#   http://bugreport.java.com/bugreport/crash.jsp
#

---------------  T H R E A D  ---------------

Current thread (0x00000000135d7000):  VMThread [stack: 0x0000000014670000,0x0000000014770000] [id=4980]

siginfo: ExceptionCode=0xe06d7363, ExceptionInformation=0x0000000019930520 0x000000001476f588 0x00007fff2cd92cb8 0x00007fff2cce0000 

Registers:
RAX=0x00007fff4691fcf9, RBX=0x00007fff2cd92cb8, RCX=0x0000bac889fd4bf6, RDX=0x00007fff4691ac51
RSP=0x000000001476f3d0, RBP=0x000000001476f510, RSI=0x00000000ffffffff, RDI=0x0000000000296e90
R8 =0x0000000000000014, R9 =0x000000001476f311, R10=0x00007fff4690d5dd, R11=0x000000001476efe0
R12=0x0000000000000001, R13=0x0000000000000008, R14=0x0000000000000000, R15=0xffffffffffffffff
RIP=0x00007fff43df871c, EFLAGS=0x0000000000000206

Top of Stack: (sp=0x000000001476f3d0)
0x000000001476f3d0:   00000000001a02fc 00007fff2cd92cb8
0x000000001476f3e0:   00000000ffffffff 0000000000296e90
0x000000001476f3f0:   00000001e06d7363 0000000000000000
0x000000001476f400:   00007fff43df871c 0000000000000004
0x000000001476f410:   0000000019930520 000000001476f588
0x000000001476f420:   00007fff2cd92cb8 00007fff2cce0000
0x000000001476f430:   0000000000000000 0000000022cf6af0
0x000000001476f440:   0000000000000000 0000000000000000
0x000000001476f450:   0000000000000000 000000001476f6c0
0x000000001476f460:   ffffffffffffffff 0000000000000001
0x000000001476f470:   0000000000008008 0000000000000000
0x000000001476f480:   ffffffffffffffff 0000000000000000
0x000000001476f490:   0000b98b8cb15eb5 0000000000296e90
0x000000001476f4a0:   00000000ffffffff 00007fff2cd3e92c
0x000000001476f4b0:   00007fff2cd92cb8 000000001476f520
0x000000001476f4c0:   0000000000000001 0000000000000000 

Instructions: (pc=0x00007fff43df871c)
0x00007fff43df86fc:   44 3b c0 44 0f 47 c0 44 89 44 24 38 49 c1 e0 03
0x00007fff43df870c:   e8 33 8f ff ff 48 8d 4c 24 20 ff 15 54 0f 10 00
0x00007fff43df871c:   48 8b 8c 24 c0 00 00 00 48 33 cc e8 14 8d ff ff
0x00007fff43df872c:   48 81 c4 d8 00 00 00 c3 90 90 90 90 90 90 90 90 


Register to memory mapping:

RAX=0x00007fff4691fcf9 is an unknown value
RBX=0x00007fff2cd92cb8 is an unknown value
RCX=0x0000bac889fd4bf6 is an unknown value
RDX=0x00007fff4691ac51 is an unknown value
RSP=0x000000001476f3d0 is an unknown value
RBP=0x000000001476f510 is an unknown value
RSI=0x00000000ffffffff is an unallocated location in the heap
RDI=0x0000000000296e90 is an unknown value
R8 =0x0000000000000014 is an unknown value
R9 =0x000000001476f311 is an unknown value
R10=0x00007fff4690d5dd is an unknown value
R11=0x000000001476efe0 is an unknown value
R12=0x0000000000000001 is an unknown value
R13=0x0000000000000008 is an unknown value
R14=0x0000000000000000 is an unknown value
R15=0xffffffffffffffff is an unknown value


Stack: [0x0000000014670000,0x0000000014770000],  sp=0x000000001476f3d0,  free space=1020k
Native frames: (J=compiled Java code, j=interpreted, Vv=VM code, C=native code)
C  [KERNELBASE.dll+0x871c]
C  [MSVCR110.dll+0x5e92c]
C  [MSVCR110.dll+0x1315c]
C  [MSVCR110.dll+0x136a9]
C  [MSVCR110.dll+0x13e9c]
C  [MSVCR110.dll+0x239e]
C  [MSVCR110.dll+0xaf9e]
C  [MSVCP110.dll+0x397b9]
C  [librdi_common.dll+0x182316]
C  [librdi_common.dll+0x180fab]
C  [librdi_target_manager.dll+0x2400]
C  [librdi_target_manager.dll+0x2682]
C  [ntdll.dll+0x1c334]
C  [ntdll.dll+0x1b742]
C  [ntdll.dll+0x18448]
C  [KERNEL32.DLL+0x516a]
C  [MSVCR100.dll+0x20ccd]
V  [jvm.dll+0x210cc5]
V  [jvm.dll+0x249897]
V  [jvm.dll+0x248b36]
V  [jvm.dll+0x248fd1]
V  [jvm.dll+0x2491ee]
V  [jvm.dll+0x29a0fa]
C  [MSVCR100.dll+0x21d9f]
C  [MSVCR100.dll+0x21e3b]
C  [KERNEL32.DLL+0x13d2]
C  [ntdll.dll+0x15454]

VM_Operation (0x000000000013f4c0): Exit, mode: safepoint, requested by thread 0x000000000229e000


---------------  P R O C E S S  ---------------

Java Threads: ( => current thread )
  0x000000001a3a6000 JavaThread "Spawner Reaper" daemon [_thread_in_native, id=2836, stack(0x000000001f0e0000,0x000000001f1e0000)]
  0x000000001a3ab800 JavaThread "pool-2-thread-3" [_thread_blocked, id=3188, stack(0x00000000218d0000,0x00000000219d0000)]
  0x000000001a3a4800 JavaThread "pool-2-thread-2" [_thread_blocked, id=1684, stack(0x0000000028b60000,0x0000000028c60000)]
  0x00000000186f2800 JavaThread "pool-2-thread-1" [_thread_blocked, id=3848, stack(0x0000000026650000,0x0000000026750000)]
  0x00000000186f2000 JavaThread "Thread-92" daemon [_thread_blocked, id=1508, stack(0x0000000028a60000,0x0000000028b60000)]
  0x00000000186ef000 JavaThread "Set STDIO Tab defaults" [_thread_blocked, id=2888, stack(0x0000000028860000,0x0000000028960000)]
  0x000000001879f000 JavaThread "TCF Channel Transmitter" daemon [_thread_blocked, id=800, stack(0x00000000238f0000,0x00000000239f0000)]
  0x000000001879d800 JavaThread "TCF Channel Receiver" daemon [_thread_in_native, id=4228, stack(0x00000000237f0000,0x00000000238f0000)]
  0x000000001879b800 JavaThread "Process monitor" daemon [_thread_in_native, id=2756, stack(0x00000000234a0000,0x00000000235a0000)]
  0x000000001879a000 JavaThread "Input Stream Monitor" daemon [_thread_blocked, id=4180, stack(0x00000000232a0000,0x00000000233a0000)]
  0x0000000018799000 JavaThread "Output Stream Monitor" daemon [_thread_in_native, id=4796, stack(0x00000000231a0000,0x00000000232a0000)]
  0x0000000018794800 JavaThread "Output Stream Monitor" daemon [_thread_in_native, id=1704, stack(0x00000000230a0000,0x00000000231a0000)]
  0x000000001853c000 JavaThread "TCF Locator DNS Lookup" daemon [_thread_blocked, id=4276, stack(0x000000001ff30000,0x0000000020030000)]
  0x000000001853b000 JavaThread "TCF Locator Timer" daemon [_thread_blocked, id=2644, stack(0x000000001fe30000,0x000000001ff30000)]
  0x000000001853a800 JavaThread "TCF Locator Receiver" daemon [_thread_in_native, id=1056, stack(0x000000001fd30000,0x000000001fe30000)]
  0x0000000018536000 JavaThread "TCF Timer Dispatcher" daemon [_thread_blocked, id=3828, stack(0x000000001fa10000,0x000000001fb10000)]
  0x0000000016a3a800 JavaThread "EMF Reference Cleaner" daemon [_thread_blocked, id=4592, stack(0x0000000017e10000,0x0000000017f10000)]
  0x0000000014f81800 JavaThread "Service Thread" daemon [_thread_blocked, id=1492, stack(0x0000000015350000,0x0000000015450000)]
  0x0000000013618800 JavaThread "C1 CompilerThread2" daemon [_thread_blocked, id=1440, stack(0x0000000014e50000,0x0000000014f50000)]
  0x0000000013614800 JavaThread "C2 CompilerThread1" daemon [_thread_blocked, id=4664, stack(0x0000000014d50000,0x0000000014e50000)]
  0x000000001360d800 JavaThread "C2 CompilerThread0" daemon [_thread_blocked, id=1528, stack(0x0000000014c50000,0x0000000014d50000)]
  0x000000001360b800 JavaThread "Attach Listener" daemon [_thread_blocked, id=2376, stack(0x0000000014b50000,0x0000000014c50000)]
  0x000000001360a800 JavaThread "Signal Dispatcher" daemon [_thread_blocked, id=1452, stack(0x0000000014a50000,0x0000000014b50000)]
  0x0000000002227000 JavaThread "Finalizer" daemon [_thread_blocked, id=2204, stack(0x0000000014870000,0x0000000014970000)]
  0x000000000221e800 JavaThread "Reference Handler" daemon [_thread_blocked, id=4576, stack(0x0000000014770000,0x0000000014870000)]
  0x000000000229e000 JavaThread "main" [_thread_blocked, id=1496, stack(0x0000000000040000,0x0000000000140000)]

Other Threads:
=>0x00000000135d7000 VMThread [stack: 0x0000000014670000,0x0000000014770000] [id=4980]

VM state:at safepoint (shutting down)

VM Mutex/Monitor currently owned by a thread:  ([mutex/lock_event])
[0x000000000229cea0] Threads_lock - owner thread: 0x00000000135d7000

Heap:
 PSYoungGen      total 113152K, used 48899K [0x00000000f5580000, 0x00000000fdb80000, 0x0000000100000000)
  eden space 91136K, 53% used [0x00000000f5580000,0x00000000f8540f50,0x00000000fae80000)
  from space 22016K, 0% used [0x00000000fc600000,0x00000000fc600000,0x00000000fdb80000)
  to   space 23040K, 0% used [0x00000000fae80000,0x00000000fae80000,0x00000000fc500000)
 ParOldGen       total 113152K, used 55345K [0x00000000e0000000, 0x00000000e6e80000, 0x00000000f5580000)
  object space 113152K, 48% used [0x00000000e0000000,0x00000000e360c6f8,0x00000000e6e80000)
 Metaspace       used 93656K, capacity 101294K, committed 101400K, reserved 1136640K
  class space    used 11064K, capacity 13567K, committed 13616K, reserved 1048576K

Card table byte_map: [0x0000000011660000,0x0000000011770000] byte_map_base: 0x0000000010f60000

Marking Bits: (ParMarkBitMap*) 0x0000000052eca5b0
 Begin Bits: [0x0000000011b70000, 0x0000000012370000)
 End Bits:   [0x0000000012370000, 0x0000000012b70000)

Polling page: 0x00000000003c0000

CodeCache: size=245760Kb used=49110Kb max_used=49519Kb free=196649Kb
 bounds [0x00000000022a0000, 0x0000000005360000, 0x00000000112a0000]
 total_blobs=13930 nmethods=13019 adapters=816
 compilation: enabled

Compilation events (10 events):
Event: 957.637 Thread 0x0000000013618800 16546       3       org.eclipse.osgi.container.ModuleWiring::invalidate0 (52 bytes)
Event: 957.638 Thread 0x0000000013618800 nmethod 16546 0x0000000002ba7290 code [0x0000000002ba7440, 0x0000000002ba7de8]
Event: 957.641 Thread 0x0000000013618800 16547       3       org.eclipse.osgi.internal.container.AtomicLazyInitializer::getAndClear (9 bytes)
Event: 957.641 Thread 0x000000001360d800 nmethod 16553 0x000000000246e110 code [0x000000000246e2a0, 0x000000000246e6c0]
Event: 957.641 Thread 0x0000000013618800 nmethod 16547 0x00000000026ee990 code [0x00000000026eeb00, 0x00000000026eed50]
Event: 957.641 Thread 0x0000000013618800 16548       3       java.util.concurrent.atomic.AtomicReference::getAndSet (12 bytes)
Event: 957.642 Thread 0x0000000013618800 nmethod 16548 0x00000000029b1b90 code [0x00000000029b1ce0, 0x00000000029b1e50]
Event: 957.642 Thread 0x0000000013618800 16549       3       sun.misc.Unsafe::getAndSetObject (24 bytes)
Event: 957.642 Thread 0x0000000013618800 nmethod 16549 0x0000000002d33d10 code [0x0000000002d33e80, 0x0000000002d34090]
Event: 957.642 Thread 0x0000000013618800 16550       3       org.eclipse.osgi.internal.framework.EquinoxContainerAdaptor::invalidateWiring (186 bytes)

GC Heap History (10 events):
Event: 817.882 GC heap before
{Heap before GC invocations=44 (full 14):
 PSYoungGen      total 114688K, used 480K [0x00000000f5580000, 0x00000000fdf80000, 0x0000000100000000)
  eden space 91136K, 0% used [0x00000000f5580000,0x00000000f5580000,0x00000000fae80000)
  from space 23552K, 2% used [0x00000000fc880000,0x00000000fc8f8000,0x00000000fdf80000)
  to   space 25088K, 0% used [0x00000000fae80000,0x00000000fae80000,0x00000000fc700000)
 ParOldGen       total 113152K, used 56246K [0x00000000e0000000, 0x00000000e6e80000, 0x00000000f5580000)
  object space 113152K, 49% used [0x00000000e0000000,0x00000000e36edb38,0x00000000e6e80000)
 Metaspace       used 92592K, capacity 100308K, committed 100504K, reserved 1136640K
  class space    used 10945K, capacity 13436K, committed 13488K, reserved 1048576K
Event: 818.079 GC heap after
Heap after GC invocations=44 (full 14):
 PSYoungGen      total 114688K, used 0K [0x00000000f5580000, 0x00000000fdf80000, 0x0000000100000000)
  eden space 91136K, 0% used [0x00000000f5580000,0x00000000f5580000,0x00000000fae80000)
  from space 23552K, 0% used [0x00000000fc880000,0x00000000fc880000,0x00000000fdf80000)
  to   space 25088K, 0% used [0x00000000fae80000,0x00000000fae80000,0x00000000fc700000)
 ParOldGen       total 113152K, used 56039K [0x00000000e0000000, 0x00000000e6e80000, 0x00000000f5580000)
  object space 113152K, 49% used [0x00000000e0000000,0x00000000e36b9da0,0x00000000e6e80000)
 Metaspace       used 92592K, capacity 100308K, committed 100504K, reserved 1136640K
  class space    used 10945K, capacity 13436K, committed 13488K, reserved 1048576K
}
Event: 877.897 GC heap before
{Heap before GC invocations=45 (full 14):
 PSYoungGen      total 114688K, used 25681K [0x00000000f5580000, 0x00000000fdf80000, 0x0000000100000000)
  eden space 91136K, 28% used [0x00000000f5580000,0x00000000f6e944b0,0x00000000fae80000)
  from space 23552K, 0% used [0x00000000fc880000,0x00000000fc880000,0x00000000fdf80000)
  to   space 25088K, 0% used [0x00000000fae80000,0x00000000fae80000,0x00000000fc700000)
 ParOldGen       total 113152K, used 56039K [0x00000000e0000000, 0x00000000e6e80000, 0x00000000f5580000)
  object space 113152K, 49% used [0x00000000e0000000,0x00000000e36b9da0,0x00000000e6e80000)
 Metaspace       used 92673K, capacity 100372K, committed 100504K, reserved 1136640K
  class space    used 10951K, capacity 13436K, committed 13488K, reserved 1048576K
Event: 877.903 GC heap after
Heap after GC invocations=45 (full 14):
 PSYoungGen      total 92672K, used 1024K [0x00000000f5580000, 0x00000000fdd80000, 0x0000000100000000)
  eden space 91136K, 0% used [0x00000000f5580000,0x00000000f5580000,0x00000000fae80000)
  from space 1536K, 66% used [0x00000000fae80000,0x00000000faf80250,0x00000000fb000000)
  to   space 24064K, 0% used [0x00000000fc600000,0x00000000fc600000,0x00000000fdd80000)
 ParOldGen       total 113152K, used 56047K [0x00000000e0000000, 0x00000000e6e80000, 0x00000000f5580000)
  object space 113152K, 49% used [0x00000000e0000000,0x00000000e36bbda0,0x00000000e6e80000)
 Metaspace       used 92673K, capacity 100372K, committed 100504K, reserved 1136640K
  class space    used 10951K, capacity 13436K, committed 13488K, reserved 1048576K
}
Event: 877.903 GC heap before
{Heap before GC invocations=46 (full 15):
 PSYoungGen      total 92672K, used 1024K [0x00000000f5580000, 0x00000000fdd80000, 0x0000000100000000)
  eden space 91136K, 0% used [0x00000000f5580000,0x00000000f5580000,0x00000000fae80000)
  from space 1536K, 66% used [0x00000000fae80000,0x00000000faf80250,0x00000000fb000000)
  to   space 24064K, 0% used [0x00000000fc600000,0x00000000fc600000,0x00000000fdd80000)
 ParOldGen       total 113152K, used 56047K [0x00000000e0000000, 0x00000000e6e80000, 0x00000000f5580000)
  object space 113152K, 49% used [0x00000000e0000000,0x00000000e36bbda0,0x00000000e6e80000)
 Metaspace       used 92673K, capacity 100372K, committed 100504K, reserved 1136640K
  class space    used 10951K, capacity 13436K, committed 13488K, reserved 1048576K
Event: 878.101 GC heap after
Heap after GC invocations=46 (full 15):
 PSYoungGen      total 92672K, used 0K [0x00000000f5580000, 0x00000000fdd80000, 0x0000000100000000)
  eden space 91136K, 0% used [0x00000000f5580000,0x00000000f5580000,0x00000000fae80000)
  from space 1536K, 0% used [0x00000000fae80000,0x00000000fae80000,0x00000000fb000000)
  to   space 24064K, 0% used [0x00000000fc600000,0x00000000fc600000,0x00000000fdd80000)
 ParOldGen       total 113152K, used 55539K [0x00000000e0000000, 0x00000000e6e80000, 0x00000000f5580000)
  object space 113152K, 49% used [0x00000000e0000000,0x00000000e363cd20,0x00000000e6e80000)
 Metaspace       used 92673K, capacity 100372K, committed 100504K, reserved 1136640K
  class space    used 10951K, capacity 13436K, committed 13488K, reserved 1048576K
}
Event: 944.648 GC heap before
{Heap before GC invocations=47 (full 15):
 PSYoungGen      total 92672K, used 4669K [0x00000000f5580000, 0x00000000fdd80000, 0x0000000100000000)
  eden space 91136K, 5% used [0x00000000f5580000,0x00000000f5a0f5e8,0x00000000fae80000)
  from space 1536K, 0% used [0x00000000fae80000,0x00000000fae80000,0x00000000fb000000)
  to   space 24064K, 0% used [0x00000000fc600000,0x00000000fc600000,0x00000000fdd80000)
 ParOldGen       total 113152K, used 55539K [0x00000000e0000000, 0x00000000e6e80000, 0x00000000f5580000)
  object space 113152K, 49% used [0x00000000e0000000,0x00000000e363cd20,0x00000000e6e80000)
 Metaspace       used 92679K, capacity 100372K, committed 100504K, reserved 1136640K
  class space    used 10951K, capacity 13436K, committed 13488K, reserved 1048576K
Event: 944.652 GC heap after
Heap after GC invocations=47 (full 15):
 PSYoungGen      total 113152K, used 192K [0x00000000f5580000, 0x00000000fdb80000, 0x0000000100000000)
  eden space 91136K, 0% used [0x00000000f5580000,0x00000000f5580000,0x00000000fae80000)
  from space 22016K, 0% used [0x00000000fc600000,0x00000000fc630000,0x00000000fdb80000)
  to   space 23040K, 0% used [0x00000000fae80000,0x00000000fae80000,0x00000000fc500000)
 ParOldGen       total 113152K, used 55539K [0x00000000e0000000, 0x00000000e6e80000, 0x00000000f5580000)
  object space 113152K, 49% used [0x00000000e0000000,0x00000000e363cd20,0x00000000e6e80000)
 Metaspace       used 92679K, capacity 100372K, committed 100504K, reserved 1136640K
  class space    used 10951K, capacity 13436K, committed 13488K, reserved 1048576K
}
Event: 944.653 GC heap before
{Heap before GC invocations=48 (full 16):
 PSYoungGen      total 113152K, used 192K [0x00000000f5580000, 0x00000000fdb80000, 0x0000000100000000)
  eden space 91136K, 0% used [0x00000000f5580000,0x00000000f5580000,0x00000000fae80000)
  from space 22016K, 0% used [0x00000000fc600000,0x00000000fc630000,0x00000000fdb80000)
  to   space 23040K, 0% used [0x00000000fae80000,0x00000000fae80000,0x00000000fc500000)
 ParOldGen       total 113152K, used 55539K [0x00000000e0000000, 0x00000000e6e80000, 0x00000000f5580000)
  object space 113152K, 49% used [0x00000000e0000000,0x00000000e363cd20,0x00000000e6e80000)
 Metaspace       used 92679K, capacity 100372K, committed 100504K, reserved 1136640K
  class space    used 10951K, capacity 13436K, committed 13488K, reserved 1048576K
Event: 944.870 GC heap after
Heap after GC invocations=48 (full 16):
 PSYoungGen      total 113152K, used 0K [0x00000000f5580000, 0x00000000fdb80000, 0x0000000100000000)
  eden space 91136K, 0% used [0x00000000f5580000,0x00000000f5580000,0x00000000fae80000)
  from space 22016K, 0% used [0x00000000fc600000,0x00000000fc600000,0x00000000fdb80000)
  to   space 23040K, 0% used [0x00000000fae80000,0x00000000fae80000,0x00000000fc500000)
 ParOldGen       total 113152K, used 55345K [0x00000000e0000000, 0x00000000e6e80000, 0x00000000f5580000)
  object space 113152K, 48% used [0x00000000e0000000,0x00000000e360c6f8,0x00000000e6e80000)
 Metaspace       used 92679K, capacity 100372K, committed 100504K, reserved 1136640K
  class space    used 10951K, capacity 13436K, committed 13488K, reserved 1048576K
}

Deoptimization events (10 events):
Event: 956.843 Thread 0x000000001a3a4000 Uncommon trap: reason=unstable_if action=reinterpret pc=0x0000000004a7490c method=org.eclipse.equinox.internal.event.EventHandlerTracker.getHandlers(Ljava/lang/String;)Ljava/util/Set; @ 28
Event: 956.847 Thread 0x000000001a3a4000 Uncommon trap: reason=class_check action=maybe_recompile pc=0x00000000052de360 method=org.eclipse.e4.core.internal.contexts.TrackableComputationExt.update(Lorg/eclipse/e4/core/internal/contexts/ContextChangeEvent;)Z @ 62
Event: 956.847 Thread 0x000000001a3a4000 Uncommon trap: reason=class_check action=maybe_recompile pc=0x00000000052de360 method=org.eclipse.e4.core.internal.contexts.TrackableComputationExt.update(Lorg/eclipse/e4/core/internal/contexts/ContextChangeEvent;)Z @ 62
Event: 956.879 Thread 0x00000000186ed800 Uncommon trap: reason=unstable_if action=reinterpret pc=0x000000000327c248 method=org.eclipse.ui.PlatformUI.isWorkbenchRunning()Z @ 12
Event: 956.880 Thread 0x00000000186ed800 Uncommon trap: reason=unstable_if action=reinterpret pc=0x0000000003357280 method=java.nio.charset.CharsetEncoder.encode(Ljava/nio/CharBuffer;Ljava/nio/ByteBuffer;Z)Ljava/nio/charset/CoderResult; @ 105
Event: 956.885 Thread 0x000000001a3aa800 Uncommon trap: reason=unstable_if action=reinterpret pc=0x000000000512ad04 method=org.eclipse.core.internal.jobs.JobManager.createMonitor(Lorg/eclipse/core/runtime/jobs/Job;)Lorg/eclipse/core/runtime/IProgressMonitor; @ 6
Event: 956.907 Thread 0x000000001a3a4000 Uncommon trap: reason=unstable_if action=reinterpret pc=0x0000000004945210 method=org.eclipse.ui.internal.UILockListener.isUI()Z @ 7
Event: 956.909 Thread 0x000000001a3a4000 Uncommon trap: reason=unstable_if action=reinterpret pc=0x0000000003079d9c method=org.eclipse.osgi.internal.hooks.EclipseLazyStarter.shouldActivateFor(Ljava/lang/String;Lorg/eclipse/osgi/container/Module;Lorg/eclipse/osgi/container/ModuleRevision;Lorg/ecli≈fIÁç@
Event: 956.911 Thread 0x000000001a3a4000 Uncommon trap: reason=unstable_if action=reinterpret pc=0x00000000048ce524 method=org.eclipse.swt.graphics.Resource.dispose()V @ 15
Event: 957.608 Thread 0x000000001a3a4000 Uncommon trap: reason=unstable_if action=reinterpret pc=0x0000000003a90eb8 method=sun.reflect.UnsafeStaticObjectFieldAccessorImpl.set(Ljava/lang/Object;Ljava/lang/Object;)V @ 13

Internal exceptions (10 events):
Event: 954.809 Thread 0x000000000229e000 Exception <a 'java/io/IOException'> (0x00000000f6303658) thrown at [C:\re\workspace\8-2-build-windows-amd64-cygwin\jdk8u66\5298\hotspot\src\share\vm\prims\jni.cpp, line 709]
Event: 954.809 Thread 0x000000000229e000 Exception <a 'java/io/IOException'> (0x00000000f6303c88) thrown at [C:\re\workspace\8-2-build-windows-amd64-cygwin\jdk8u66\5298\hotspot\src\share\vm\prims\jni.cpp, line 709]
Event: 956.820 Thread 0x000000000229e000 Implicit null exception at 0x00000000028b9169 to 0x00000000028bba85
Event: 956.878 Thread 0x00000000186ec800 Exception <a 'java/lang/InterruptedException'> (0x00000000f7f09640) thrown at [C:\re\workspace\8-2-build-windows-amd64-cygwin\jdk8u66\5298\hotspot\src\share\vm\runtime\objectMonitor.cpp, line 1683]
Event: 957.560 Thread 0x0000000018535000 Exception <a 'java/lang/InterruptedException'> (0x00000000f7b24018) thrown at [C:\re\workspace\8-2-build-windows-amd64-cygwin\jdk8u66\5298\hotspot\src\share\vm\runtime\objectMonitor.cpp, line 1683]
Event: 957.608 Thread 0x000000001a3a4000 Implicit null exception at 0x0000000003a90ad7 to 0x0000000003a90ea5
Event: 957.608 Thread 0x0000000016292000 Exception <a 'java/lang/InterruptedException'> (0x00000000f8295230) thrown at [C:\re\workspace\8-2-build-windows-amd64-cygwin\jdk8u66\5298\hotspot\src\share\vm\runtime\objectMonitor.cpp, line 1683]
Event: 957.627 Thread 0x0000000018536800 Exception <a 'java/lang/InterruptedException'> (0x00000000f7739b70) thrown at [C:\re\workspace\8-2-build-windows-amd64-cygwin\jdk8u66\5298\hotspot\src\share\vm\runtime\objectMonitor.cpp, line 1683]
Event: 957.629 Thread 0x0000000016293000 Exception <a 'java/lang/InterruptedException'> (0x00000000f848d9b0) thrown at [C:\re\workspace\8-2-build-windows-amd64-cygwin\jdk8u66\5298\hotspot\src\share\vm\runtime\objectMonitor.cpp, line 1683]
Event: 957.641 Thread 0x000000001a3a4000 Exception <a 'java/io/IOException'> (0x00000000f8527bc8) thrown at [C:\re\workspace\8-2-build-windows-amd64-cygwin\jdk8u66\5298\hotspot\src\share\vm\prims\jni.cpp, line 709]

Events (10 events):
Event: 957.640 Executing VM operation: RevokeBias
Event: 957.640 Executing VM operation: RevokeBias done
Event: 957.640 Thread 0x0000000013618800 flushing nmethod 0x00000000037c5590
Event: 957.640 Thread 0x0000000013618800 flushing nmethod 0x00000000037c5d50
Event: 957.640 Thread 0x0000000013618800 flushing nmethod 0x00000000037cdfd0
Event: 957.640 Thread 0x0000000013618800 flushing nmethod 0x00000000037dbd10
Event: 957.640 Executing VM operation: RevokeBias
Event: 957.641 Executing VM operation: RevokeBias done
Event: 957.641 Thread 0x000000001a3a4000 Thread exited: 0x000000001a3a4000
Event: 957.642 Executing VM operation: Exit


Dynamic libraries:
0x0000000000400000 - 0x000000000044f000 	C:\Xilinx\SDK\2016.2\eclipse\win64.o\eclipse.exe
0x00007fff468e0000 - 0x00007fff46a8c000 	C:\Windows\SYSTEM32\ntdll.dll
0x00007fff44ad0000 - 0x00007fff44c0e000 	C:\Windows\system32\KERNEL32.DLL
0x00007fff43df0000 - 0x00007fff43f05000 	C:\Windows\system32\KERNELBASE.dll
0x00007fff44530000 - 0x00007fff446a7000 	C:\Windows\system32\USER32.dll
0x00007fff41680000 - 0x00007fff418fb000 	C:\Windows\WinSxS\amd64_microsoft.windows.common-controls_6595b64144ccf1df_6.0.9600.18006_none_623f33d3ecbe86e8\COMCTL32.dll
0x00007fff442d0000 - 0x00007fff4437a000 	C:\Windows\system32\msvcrt.dll
0x00007fff46370000 - 0x00007fff464bf000 	C:\Windows\system32\GDI32.dll
0x00007fff44870000 - 0x00007fff448a6000 	C:\Windows\system32\IMM32.DLL
0x00007fff43fc0000 - 0x00007fff44112000 	C:\Windows\system32\MSCTF.dll
0x0000000072000000 - 0x0000000072012000 	C:\Xilinx\SDK\2016.2\eclipse\win64.o\plugins\org.eclipse.equinox.launcher.win32.win32.x86_64_1.1.300.v20150602-1417\eclipse_1611.dll
0x00007fff464c0000 - 0x00007fff4656a000 	C:\Windows\system32\ADVAPI32.dll
0x00007fff3da00000 - 0x00007fff3da0a000 	C:\Windows\SYSTEM32\VERSION.dll
0x00007fff444d0000 - 0x00007fff44529000 	C:\Windows\SYSTEM32\sechost.dll
0x00007fff44380000 - 0x00007fff444c1000 	C:\Windows\system32\RPCRT4.dll
0x00007fff426a0000 - 0x00007fff427c9000 	C:\Windows\system32\uxtheme.dll
0x00007fff448b0000 - 0x00007fff44ac1000 	C:\Windows\SYSTEM32\combase.dll
0x00000000526c0000 - 0x0000000052f49000 	C:\Xilinx\SDK\2016.2\tps\win64\jre\bin\server\jvm.dll
0x00007fff32d00000 - 0x00007fff32d09000 	C:\Windows\SYSTEM32\WSOCK32.dll
0x00007fff415d0000 - 0x00007fff415f2000 	C:\Windows\SYSTEM32\WINMM.dll
0x00007fff46350000 - 0x00007fff46357000 	C:\Windows\system32\PSAPI.DLL
0x00000000547d0000 - 0x00000000548a2000 	C:\Windows\SYSTEM32\MSVCR100.dll
0x00007fff44dc0000 - 0x00007fff44e1a000 	C:\Windows\system32\WS2_32.dll
0x00007fff415a0000 - 0x00007fff415ca000 	C:\Windows\SYSTEM32\WINMMBASE.dll
0x00007fff46360000 - 0x00007fff46369000 	C:\Windows\system32\NSI.dll
0x00007fff43f10000 - 0x00007fff43f5f000 	C:\Windows\SYSTEM32\cfgmgr32.dll
0x00007fff42820000 - 0x00007fff42848000 	C:\Windows\SYSTEM32\DEVOBJ.dll
0x0000000054690000 - 0x000000005469f000 	C:\Xilinx\SDK\2016.2\tps\win64\jre\bin\verify.dll
0x0000000054660000 - 0x0000000054689000 	C:\Xilinx\SDK\2016.2\tps\win64\jre\bin\java.dll
0x0000000054640000 - 0x0000000054656000 	C:\Xilinx\SDK\2016.2\tps\win64\jre\bin\zip.dll
0x00007fff44e20000 - 0x00007fff4634b000 	C:\Windows\system32\SHELL32.dll
0x00007fff46810000 - 0x00007fff46864000 	C:\Windows\system32\SHLWAPI.dll
0x00007fff41f90000 - 0x00007fff42042000 	C:\Windows\SYSTEM32\SHCORE.dll
0x00007fff43a30000 - 0x00007fff43a45000 	C:\Windows\SYSTEM32\profapi.dll
0x00007fff432a0000 - 0x00007fff432c0000 	C:\Windows\SYSTEM32\CRYPTSP.dll
0x00007fff42ec0000 - 0x00007fff42ef6000 	C:\Windows\system32\rsaenh.dll
0x00007fff434f0000 - 0x00007fff43516000 	C:\Windows\SYSTEM32\bcrypt.dll
0x00007fff42fd0000 - 0x00007fff42ff1000 	C:\Windows\SYSTEM32\USERENV.dll
0x00007fff43830000 - 0x00007fff43893000 	C:\Windows\system32\bcryptprimitives.dll
0x00007fff438a0000 - 0x00007fff438ab000 	C:\Windows\SYSTEM32\CRYPTBASE.dll
0x0000000054620000 - 0x000000005463a000 	C:\Xilinx\SDK\2016.2\tps\win64\jre\bin\net.dll
0x00007fff43240000 - 0x00007fff43299000 	C:\Windows\system32\mswsock.dll
0x00007fff3f850000 - 0x00007fff3f87a000 	C:\Windows\SYSTEM32\IPHLPAPI.DLL
0x00007fff3f830000 - 0x00007fff3f83a000 	C:\Windows\SYSTEM32\WINNSI.DLL
0x00007fff3f530000 - 0x00007fff3f546000 	C:\Windows\SYSTEM32\dhcpcsvc6.DLL
0x00007fff3f5b0000 - 0x00007fff3f5ca000 	C:\Windows\SYSTEM32\dhcpcsvc.DLL
0x0000000054600000 - 0x0000000054611000 	C:\Xilinx\SDK\2016.2\tps\win64\jre\bin\nio.dll
0x00007fff44130000 - 0x00007fff442c4000 	C:\Windows\system32\ole32.dll
0x00007fff42870000 - 0x00007fff4287b000 	C:\Windows\SYSTEM32\kernel.appcore.dll
0x00007fff31380000 - 0x00007fff31395000 	C:\Windows\system32\napinsp.dll
0x00007fff313a0000 - 0x00007fff313ba000 	C:\Windows\system32\pnrpnsp.dll
0x00007fff40260000 - 0x00007fff4027b000 	C:\Windows\system32\NLAapi.dll
0x00007fff43040000 - 0x00007fff430e4000 	C:\Windows\SYSTEM32\DNSAPI.dll
0x00007fff313c0000 - 0x00007fff313cd000 	C:\Windows\System32\winrnr.dll
0x00007fff313d0000 - 0x00007fff313e4000 	C:\Windows\system32\wshbth.dll
0x0000000063560000 - 0x0000000063569000 	C:\Program Files\National Instruments\Shared\mDNS Responder\nimdnsNSP.dll
0x0000000063550000 - 0x000000006355c000 	C:\Windows\SYSTEM32\nimdnsResponder.dll
0x00000000553a0000 - 0x0000000055443000 	C:\Windows\WinSxS\amd64_microsoft.vc90.crt_1fc8b3b9a1e18e3b_9.0.30729.8387_none_08e793bfa83a89b5\MSVCR90.dll
0x00007fff34600000 - 0x00007fff3460a000 	C:\Windows\System32\rasadhlp.dll
0x00007fff3f5e0000 - 0x00007fff3f64b000 	C:\Windows\System32\fwpuclnt.dll
0x00007fff44c10000 - 0x00007fff44cc6000 	C:\Windows\SYSTEM32\clbcatq.dll
0x0000000016fe0000 - 0x0000000017088000 	C:\Users\Han Beul\.Xilinx\SDK\2016.2\org.eclipse.osgi\312\0\.cp\swt-win32-4527.dll
0x00007fff44cf0000 - 0x00007fff44db1000 	C:\Windows\system32\OLEAUT32.dll
0x00007fff46750000 - 0x00007fff46806000 	C:\Windows\system32\comdlg32.dll
0x00007fff34f50000 - 0x00007fff34fd2000 	C:\Windows\SYSTEM32\WINSPOOL.DRV
0x00007fff402a0000 - 0x00007fff402b6000 	C:\Windows\SYSTEM32\USP10.dll
0x00007fff3e450000 - 0x00007fff3e6b9000 	C:\Windows\SYSTEM32\WININET.dll
0x00007fff43b00000 - 0x00007fff43cdf000 	C:\Windows\system32\CRYPT32.dll
0x00007fff3e180000 - 0x00007fff3e447000 	C:\Windows\SYSTEM32\iertutil.dll
0x00007fff43ae0000 - 0x00007fff43af1000 	C:\Windows\system32\MSASN1.dll
0x00007fff41d90000 - 0x00007fff41db1000 	C:\Windows\system32\dwmapi.dll
0x00007fff3fa70000 - 0x00007fff3fbef000 	C:\Windows\SYSTEM32\propsys.dll
0x00000000171e0000 - 0x00000000171fe000 	C:\Users\Han Beul\.Xilinx\SDK\2016.2\org.eclipse.osgi\312\0\.cp\swt-gdip-win32-4527.dll
0x00007fff34cd0000 - 0x00007fff34e80000 	C:\Windows\WinSxS\amd64_microsoft.windows.gdiplus_6595b64144ccf1df_1.1.9600.17415_none_932b3b5547500489\gdiplus.dll
0x00007fff41be0000 - 0x00007fff41d8e000 	C:\Windows\SYSTEM32\WindowsCodecs.dll
0x0000000180000000 - 0x0000000180012000 	C:\Users\Han Beul\.Xilinx\SDK\2016.2\org.eclipse.osgi\126\0\.cp\os\win32\x86_64\localfile_1_0_0.dll
0x00007fff40ae0000 - 0x00007fff40b4a000 	C:\Windows\SYSTEM32\oleacc.dll
0x00007fff3eb40000 - 0x00007fff3eb47000 	C:\Windows\SYSTEM32\msimg32.dll
0x00007fff40bb0000 - 0x00007fff40d9c000 	C:\Windows\SYSTEM32\DWrite.dll
0x00007fff3dab0000 - 0x00007fff3dac1000 	C:\Users\Han Beul\.Xilinx\SDK\2016.2\org.eclipse.osgi\129\0\.cp\jWinHttp-1.0.0.dll
0x00007fff3cf60000 - 0x00007fff3d029000 	C:\Windows\SYSTEM32\WINHTTP.dll
0x00007fff40290000 - 0x00007fff4029f000 	C:\Xilinx\SDK\2016.2\lib\win64.o\librdi_repo_manager.dll
0x00007fff37530000 - 0x00007fff3755a000 	C:\Xilinx\SDK\2016.2\lib\win64.o\libisl_sysinfo.dll
0x00007fff04d00000 - 0x00007fff05740000 	C:\Xilinx\SDK\2016.2\lib\win64.o\librdi_common.dll
0x00007fff37480000 - 0x00007fff374d4000 	C:\Xilinx\SDK\2016.2\lib\win64.o\librdi_commonxillic.dll
0x00007fff335a0000 - 0x00007fff33792000 	C:\Xilinx\SDK\2016.2\lib\win64.o\librdi_hsm.dll
0x00007fff2cdc0000 - 0x00007fff2ce67000 	C:\Windows\SYSTEM32\MSVCP110.dll
0x00007fff2cce0000 - 0x00007fff2cdb4000 	C:\Windows\SYSTEM32\MSVCR110.dll
0x00007fff04990000 - 0x00007fff04cfe000 	C:\Xilinx\SDK\2016.2\lib\win64.o\libCOIN-all.dll
0x00007fff04770000 - 0x00007fff0498f000 	C:\Xilinx\SDK\2016.2\lib\win64.o\libXil_lmgr11.dll
0x00007fff3daa0000 - 0x00007fff3dab0000 	C:\Xilinx\SDK\2016.2\lib\win64.o\libboost_date_time.dll
0x00007fff36190000 - 0x00007fff361b4000 	C:\Xilinx\SDK\2016.2\lib\win64.o\libboost_filesystem.dll
0x00007fff35d80000 - 0x00007fff35df7000 	C:\Xilinx\SDK\2016.2\lib\win64.o\libboost_program_options.dll
0x00007fff35c70000 - 0x00007fff35d76000 	C:\Xilinx\SDK\2016.2\lib\win64.o\libboost_regex.dll
0x00007fff3d080000 - 0x00007fff3d093000 	C:\Xilinx\SDK\2016.2\lib\win64.o\libboost_signals.dll
0x00007fff3da90000 - 0x00007fff3da99000 	C:\Xilinx\SDK\2016.2\lib\win64.o\libboost_system.dll
0x00007fff37460000 - 0x00007fff3747d000 	C:\Xilinx\SDK\2016.2\lib\win64.o\libboost_thread.dll
0x00007fff37b50000 - 0x00007fff37b5b000 	C:\Xilinx\SDK\2016.2\lib\win64.o\libboost_xilinx.dll
0x00007fff33520000 - 0x00007fff335a0000 	C:\Xilinx\SDK\2016.2\lib\win64.o\libhdlpsolve.dll
0x00007fff30c00000 - 0x00007fff30c9a000 	C:\Xilinx\SDK\2016.2\lib\win64.o\libhdxml.dll
0x00007fff04300000 - 0x00007fff04765e00 	C:\Xilinx\SDK\2016.2\lib\win64.o\libisl_iostreams.dll
0x00007fff36170000 - 0x00007fff36185000 	C:\Xilinx\SDK\2016.2\lib\win64.o\pthreadVC2.dll
0x00007fff041d0000 - 0x00007fff04300000 	C:\Xilinx\SDK\2016.2\lib\win64.o\librdi_curl.dll
0x00007fff35c50000 - 0x00007fff35c68000 	C:\Xilinx\SDK\2016.2\lib\win64.o\librdiconfig.dll
0x00007fff344c0000 - 0x00007fff344e3000 	C:\Xilinx\SDK\2016.2\lib\win64.o\librdizlib.dll
0x00000000546a0000 - 0x00000000547c7000 	C:\Xilinx\SDK\2016.2\lib\win64.o\tcl85t.dll
0x0000000022a30000 - 0x0000000022c93000 	C:\Xilinx\SDK\2016.2\lib\win64.o\xerces-c_3_1.dll
0x00007fff3d350000 - 0x00007fff3d4d5000 	C:\Windows\SYSTEM32\urlmon.dll
0x00007fff2ad70000 - 0x00007fff2ad93000 	C:\Windows\SYSTEM32\VCOMP110.DLL
0x00007fff334d0000 - 0x00007fff33513000 	C:\Xilinx\SDK\2016.2\lib\win64.o\librdi_hdf.dll
0x00007fff03f40000 - 0x00007fff041c1000 	C:\Xilinx\SDK\2016.2\lib\win64.o\librdi_ippcw.dll
0x00007fff40020000 - 0x00007fff40036000 	C:\Windows\SYSTEM32\NETAPI32.dll
0x00007fff43ce0000 - 0x00007fff43d31000 	C:\Windows\system32\WINTRUST.dll
0x00007fff37850000 - 0x00007fff3785b000 	C:\Xilinx\SDK\2016.2\lib\win64.o\libboost_chrono.dll
0x00007fff35c30000 - 0x00007fff35c46000 	C:\Xilinx\SDK\2016.2\lib\win64.o\libboost_iostreams.dll
0x00007fff32eb0000 - 0x00007fff32ed3000 	C:\Xilinx\SDK\2016.2\lib\win64.o\libisl_iosutils.dll
0x00007fff42c70000 - 0x00007fff42c7c000 	C:\Windows\SYSTEM32\netutils.dll
0x00007fff43610000 - 0x00007fff43636000 	C:\Windows\SYSTEM32\srvcli.dll
0x00007fff400e0000 - 0x00007fff400f7000 	C:\Windows\SYSTEM32\wkscli.dll
0x00007fff344a0000 - 0x00007fff344b6000 	C:\Xilinx\SDK\2016.2\eclipse\win64.o\plugins\org.eclipse.cdt.core.win32.x86_64_5.4.0.201509131935\os\win32\x86_64\spawner.dll
0x0000000071080000 - 0x00000000710a6000 	C:\Xilinx\SDK\2016.2\eclipse\win64.o\plugins\gnu.io.rxtx.win32.x86_64_2.1.7.3_v20071015\os\win32\x86_64\rxtxSerial.dll
0x00007fff409f0000 - 0x00007fff409fa000 	C:\Xilinx\SDK\2016.2\lib\win64.o\librdi_jtag_settings.dll
0x00007fff39bd0000 - 0x00007fff39bf9000 	C:\Xilinx\SDK\2016.2\lib\win64.o\librdi_debug_dialog.dll
0x00007fff39bc0000 - 0x00007fff39bc8000 	C:\Xilinx\SDK\2016.2\lib\win64.o\librdi_target_manager.dll
0x00007ffef90c0000 - 0x00007ffef98d0000 	C:\Xilinx\SDK\2016.2\lib\win64.o\libXil_lmgr11FNP.dll
0x00007fff38070000 - 0x00007fff3807c000 	C:\Windows\SYSTEM32\snmpapi.dll
0x00007fff46570000 - 0x00007fff4674a000 	C:\Windows\system32\SETUPAPI.dll
0x00007fff43800000 - 0x00007fff4382e000 	C:\Windows\SYSTEM32\SspiCli.dll

VM Arguments:
jvm_args: -Dcom.xilinx.sdk.args.hwspec=C:/project_1/project_1.sdk/design_1_wrapper.hdf -Xms64m -Xmx512m & 
java_command: <unknown>
java_class_path (initial): C:\Xilinx\SDK\2016.2\eclipse\win64.o\\plugins/org.eclipse.equinox.launcher_1.3.100.v20150511-1540.jar
Launcher Type: generic

Environment Variables:
PATH=C:/Xilinx/SDK/2016.2/tps/win64/jre/bin/server;C:/Xilinx/SDK/2016.2/tps/win64/jre/bin;C:/Xilinx/SDK/2016.2/tps/win64/jre/lib/amd64;C:\Xilinx\SDK\2016.2\gnuwin\bin;C:\Xilinx\SDK\2016.2\gnu\microblaze\nt\bin;C:\Xilinx\SDK\2016.2\gnu\microblaze\linux_toolchain\nt64_le\bin;C:\Xilinx\SDK\2016.2\gnu\microblaze\linux_toolchain\nt64_be\bin;C:\Xilinx\SDK\2016.2\gnu\arm\nt\bin;C:\Xilinx\SDK\2016.2\gnu\aarch64\nt\aarch64-none\bin;C:\Xilinx\SDK\2016.2\gnu\aarch64\nt\aarch64-linux\bin;C:\Xilinx\SDK\2016.2\gnu\armr5\nt\gcc-arm-none-eabi\bin;C:\Xilinx\SDK\2016.2\gnu\aarch32\nt\gcc-arm-none-eabi\bin;C:\Xilinx\SDK\2016.2\gnu\aarch32\nt\gcc-arm-linux-gnueabi\bin;C:\Xilinx\SDK\2016.2\tps\win64\cmake-3.3.2\bin;;C:\Xilinx\SDK\2016.2\bin;C:\Xilinx\SDK\2016.2\lib\win64.o;C:\Xilinx\SDK\2016.2\tps\win64\jre\bin\server;C:\Xilinx\SDK\2016.2\tps\win64\jre\bin;C:\Xilinx\Vivado\2016.2\ids_lite\ISE\bin\nt64;C:\Xilinx\Vivado\2016.2\ids_lite\ISE\lib\nt64;C:\Xilinx\Vivado\2016.2\bin;C:\Xilinx\Vivado\2016.2\lib\win64.o;C:\Xilinx\Vivado\2016.2\tps\win64\jre\bin\server;C:\Xilinx\Vivado\2016.2\tps\win64\jre\bin;C:\Xilinx\Vivado_HLS\2016.2\bin;C:\ProgramData\Oracle\Java\javapath;C:\Windows\system32;C:\Windows;C:\Windows\System32\Wbem;C:\Windows\System32\WindowsPowerShell\v1.0\;C:\Program Files\MATLAB\R2016b\bin;C:\Modeltech_pe_edu_10.4a\win32pe_edu;c:\MinGW\bin;c:\MinGW\msys\1.0\;c:\MinGW\msys\1.0\bin;C:\project_1;
USERNAME=Han Beul
OS=Windows_NT
PROCESSOR_IDENTIFIER=Intel64 Family 6 Model 70 Stepping 1, GenuineIntel



---------------  S Y S T E M  ---------------

OS: Windows 8.1 , 64 bit Build 9600 (6.3.9600.17415)

CPU:total 4 (4 cores per cpu, 1 threads per core) family 6 model 70 stepping 1, cmov, cx8, fxsr, mmx, sse, sse2, sse3, ssse3, sse4.1, sse4.2, popcnt, avx, avx2, aes, clmul, erms, lzcnt, tsc, tscinvbit, bmi1, bmi2

Memory: 4k page, physical 4193780k(1664148k free), swap 4914676k(1954240k free)

vm_info: Java HotSpot(TM) 64-Bit Server VM (25.66-b18) for windows-amd64 JRE (1.8.0_66-b18), built on Nov  9 2015 10:51:13 by "java_re" with MS VC++ 10.0 (VS2010)

time: Tue Oct 18 20:02:55 2016
elapsed time: 958 seconds (0d 0h 15m 58s)

