#-----------------------------------------------------------
# Vivado v2016.2 (64-bit)
# SW Build 1577090 on Thu Jun  2 16:32:40 MDT 2016
# IP Build 1577682 on Fri Jun  3 12:00:54 MDT 2016
# Start of session at: Tue Oct 18 15:28:02 2016
# Process ID: 3232
# Current directory: C:/project_1
# Command line: vivado.exe -gui_launcher_event rodinguilauncherevent3148 C:\project_1\project_1.xpr
# Log file: C:/project_1/vivado.log
# Journal file: C:/project_1\vivado.jou
#-----------------------------------------------------------
start_gui
open_project C:/project_1/project_1.xpr
Scanning sources...
Finished scanning sources
INFO: [IP_Flow 19-234] Refreshing IP repositories
INFO: [IP_Flow 19-1704] No user IP repositories specified
INFO: [IP_Flow 19-2313] Loaded Vivado IP repository 'C:/Xilinx/Vivado/2016.2/data/ip'.
open_project: Time (s): cpu = 00:00:16 ; elapsed = 00:00:11 . Memory (MB): peak = 825.406 ; gain = 184.172
update_compile_order -fileset sources_1
launch_sdk -workspace C:/project_1/project_1.sdk -hwspec C:/project_1/project_1.sdk/design_1_wrapper.hdf
INFO: [Vivado 12-393] Launching SDK...
INFO: [Vivado 12-417] Running xsdk -workspace C:/project_1/project_1.sdk -hwspec C:/project_1/project_1.sdk/design_1_wrapper.hdf
INFO: [Vivado 12-3157] SDK launch initiated. Please check console for any further messages.
launch_sdk -workspace C:/project_1/project_1.sdk -hwspec C:/project_1/project_1.sdk/design_1_wrapper.hdf
INFO: [Vivado 12-393] Launching SDK...
INFO: [Vivado 12-417] Running xsdk -workspace C:/project_1/project_1.sdk -hwspec C:/project_1/project_1.sdk/design_1_wrapper.hdf
INFO: [Vivado 12-3157] SDK launch initiated. Please check console for any further messages.
launch_sdk -workspace C:/project_1/project_1.sdk -hwspec C:/project_1/project_1.sdk/design_1_wrapper.hdf
INFO: [Vivado 12-393] Launching SDK...
INFO: [Vivado 12-417] Running xsdk -workspace C:/project_1/project_1.sdk -hwspec C:/project_1/project_1.sdk/design_1_wrapper.hdf
INFO: [Vivado 12-3157] SDK launch initiated. Please check console for any further messages.
launch_sdk -workspace C:/project_1/project_1.sdk -hwspec C:/project_1/project_1.sdk/design_1_wrapper.hdf
INFO: [Vivado 12-393] Launching SDK...
INFO: [Vivado 12-417] Running xsdk -workspace C:/project_1/project_1.sdk -hwspec C:/project_1/project_1.sdk/design_1_wrapper.hdf
INFO: [Vivado 12-3157] SDK launch initiated. Please check console for any further messages.
open_bd_design {C:/project_1/project_1.srcs/sources_1/bd/design_1/design_1.bd}
Adding cell -- xilinx.com:ip:processing_system7:5.5 - processing_system7_0
Adding cell -- xilinx.com:ip:axi_gpio:2.0 - axi_gpio_0
Adding cell -- xilinx.com:ip:proc_sys_reset:5.0 - rst_processing_system7_0_50M
Adding cell -- xilinx.com:ip:axi_gpio:2.0 - axi_gpio_1
Adding cell -- xilinx.com:ip:axi_crossbar:2.1 - xbar
Adding cell -- xilinx.com:ip:axi_protocol_converter:2.1 - auto_pc
Successfully read diagram <design_1> from BD file <C:/project_1/project_1.srcs/sources_1/bd/design_1/design_1.bd>
open_bd_design: Time (s): cpu = 00:00:07 ; elapsed = 00:00:05 . Memory (MB): peak = 879.867 ; gain = 54.461
open_bd_design {C:/project_1/project_1.srcs/sources_1/bd/design_1/design_1.bd}
file copy -force C:/project_1/project_1.runs/impl_1/design_1_wrapper.sysdef C:/project_1/project_1.sdk/design_1_wrapper.hdf

launch_sdk -workspace C:/project_1/project_1.sdk -hwspec C:/project_1/project_1.sdk/design_1_wrapper.hdf
INFO: [Vivado 12-393] Launching SDK...
INFO: [Vivado 12-417] Running xsdk -workspace C:/project_1/project_1.sdk -hwspec C:/project_1/project_1.sdk/design_1_wrapper.hdf
INFO: [Vivado 12-3157] SDK launch initiated. Please check console for any further messages.
make_wrapper -files [get_files C:/project_1/project_1.srcs/sources_1/bd/design_1/design_1.bd] -top
reset_run impl_1 -prev_step 
launch_runs impl_1 -to_step write_bitstream
[Tue Oct 18 20:07:40 2016] Launched impl_1...
Run output will be captured here: C:/project_1/project_1.runs/impl_1/runme.log
validate_bd_design -force
validate_bd_design: Time (s): cpu = 00:00:07 ; elapsed = 00:00:07 . Memory (MB): peak = 969.359 ; gain = 28.645
open_run impl_1
INFO: [Netlist 29-17] Analyzing 26 Unisim elements for replacement
INFO: [Netlist 29-28] Unisim Transformation completed in 0 CPU seconds
INFO: [Project 1-479] Netlist was created with Vivado 2016.2
INFO: [Device 21-403] Loading part xc7z010clg400-1
INFO: [Project 1-570] Preparing netlist for logic optimization
Parsing XDC File [C:/project_1/.Xil/Vivado-3232-WIN-2SLPOAULO3T/dcp/design_1_wrapper_early.xdc]
Finished Parsing XDC File [C:/project_1/.Xil/Vivado-3232-WIN-2SLPOAULO3T/dcp/design_1_wrapper_early.xdc]
Parsing XDC File [C:/project_1/.Xil/Vivado-3232-WIN-2SLPOAULO3T/dcp/design_1_wrapper.xdc]
Finished Parsing XDC File [C:/project_1/.Xil/Vivado-3232-WIN-2SLPOAULO3T/dcp/design_1_wrapper.xdc]
Reading XDEF placement.
Reading placer database...
Reading XDEF routing.
Read XDEF File: Time (s): cpu = 00:00:00 ; elapsed = 00:00:00.369 . Memory (MB): peak = 1185.508 ; gain = 0.000
Restored from archive | CPU: 0.000000 secs | Memory: 0.000000 MB |
Finished XDEF File Restore: Time (s): cpu = 00:00:00 ; elapsed = 00:00:00.369 . Memory (MB): peak = 1185.508 ; gain = 0.000
INFO: [Project 1-111] Unisim Transformation Summary:
No Unisim elements were transformed.

open_run: Time (s): cpu = 00:00:16 ; elapsed = 00:00:15 . Memory (MB): peak = 1291.242 ; gain = 321.883
generate_target all [get_files  C:/project_1/project_1.srcs/sources_1/bd/design_1/design_1.bd]
INFO: [BD 41-1662] The design 'design_1.bd' is already validated. Therefore parameter propagation will not be re-run.
VHDL Output written to : C:/project_1/project_1.srcs/sources_1/bd/design_1/hdl/design_1.vhd
VHDL Output written to : C:/project_1/project_1.srcs/sources_1/bd/design_1/hdl/design_1_wrapper.vhd
Wrote  : <C:/project_1/project_1.srcs/sources_1/bd/design_1/design_1.bd> 
INFO: [BD 41-1029] Generation completed for the IP Integrator block processing_system7_0 .
INFO: [BD 41-1029] Generation completed for the IP Integrator block axi_gpio_0 .
INFO: [BD 41-1029] Generation completed for the IP Integrator block rst_processing_system7_0_50M .
INFO: [BD 41-1029] Generation completed for the IP Integrator block axi_gpio_1 .
INFO: [BD 41-1029] Generation completed for the IP Integrator block processing_system7_0_axi_periph/xbar .
INFO: [BD 41-1029] Generation completed for the IP Integrator block processing_system7_0_axi_periph/s00_couplers/auto_pc .
Exporting to file C:/project_1/project_1.srcs/sources_1/bd/design_1/hw_handoff/design_1.hwh
Generated Block Design Tcl file C:/project_1/project_1.srcs/sources_1/bd/design_1/hw_handoff/design_1_bd.tcl
Generated Hardware Definition File C:/project_1/project_1.srcs/sources_1/bd/design_1/hdl/design_1.hwdef
generate_target: Time (s): cpu = 00:00:06 ; elapsed = 00:00:05 . Memory (MB): peak = 1679.699 ; gain = 40.184
export_ip_user_files -of_objects [get_files C:/project_1/project_1.srcs/sources_1/bd/design_1/design_1.bd] -no_script -force -quiet
export_simulation -of_objects [get_files C:/project_1/project_1.srcs/sources_1/bd/design_1/design_1.bd] -directory C:/project_1/project_1.ip_user_files/sim_scripts -ip_user_files_dir C:/project_1/project_1.ip_user_files -ipstatic_source_dir C:/project_1/project_1.ip_user_files/ipstatic -force -quiet
INFO: [Vivado 12-4159] Implementation run is out of date. Exported hardware information may be inconsistent with respect to the current state of the design. It is recommended that you re-run implementation and re-generate bitstream before doing hardware export.
file copy -force C:/project_1/project_1.runs/impl_1/design_1_wrapper.sysdef C:/project_1/project_1.sdk/design_1_wrapper.hdf

reset_run synth_1
launch_runs synth_1 -jobs 2
INFO: [HDL 9-1061] Parsing VHDL file "C:/project_1/project_1.srcs/sources_1/bd/design_1/hdl/design_1_wrapper.vhd" into library xil_defaultlib [C:/project_1/project_1.srcs/sources_1/bd/design_1/hdl/design_1_wrapper.vhd:1]
INFO: [HDL 9-1061] Parsing VHDL file "C:/project_1/project_1.srcs/sources_1/bd/design_1/hdl/design_1.vhd" into library xil_defaultlib [C:/project_1/project_1.srcs/sources_1/bd/design_1/hdl/design_1.vhd:1]
[Tue Oct 18 20:11:37 2016] Launched synth_1...
Run output will be captured here: C:/project_1/project_1.runs/synth_1/runme.log
open_bd_design {C:/project_1/project_1.srcs/sources_1/bd/design_1/design_1.bd}
open_bd_design {C:/project_1/project_1.srcs/sources_1/bd/design_1/design_1.bd}
launch_runs impl_1 -jobs 2
[Tue Oct 18 20:14:09 2016] Launched impl_1...
Run output will be captured here: C:/project_1/project_1.runs/impl_1/runme.log
launch_runs impl_1 -to_step write_bitstream -jobs 2
[Tue Oct 18 20:15:19 2016] Launched impl_1...
Run output will be captured here: C:/project_1/project_1.runs/impl_1/runme.log
launch_sdk -workspace C:/project_1/project_1.sdk -hwspec C:/project_1/project_1.sdk/design_1_wrapper.hdf
INFO: [Vivado 12-393] Launching SDK...
INFO: [Vivado 12-417] Running xsdk -workspace C:/project_1/project_1.sdk -hwspec C:/project_1/project_1.sdk/design_1_wrapper.hdf
INFO: [Vivado 12-3157] SDK launch initiated. Please check console for any further messages.
file copy -force C:/project_1/project_1.runs/impl_1/design_1_wrapper.sysdef C:/project_1/project_1.sdk/design_1_wrapper.hdf

launch_sdk -workspace C:/project_1/project_1.sdk -hwspec C:/project_1/project_1.sdk/design_1_wrapper.hdf
INFO: [Vivado 12-393] Launching SDK...
INFO: [Vivado 12-417] Running xsdk -workspace C:/project_1/project_1.sdk -hwspec C:/project_1/project_1.sdk/design_1_wrapper.hdf
INFO: [Vivado 12-3157] SDK launch initiated. Please check console for any further messages.
file copy -force C:/project_1/project_1.runs/impl_1/design_1_wrapper.sysdef C:/project_1/project_1.sdk/design_1_wrapper.hdf

launch_sdk -workspace C:/project_1/project_1.sdk -hwspec C:/project_1/project_1.sdk/design_1_wrapper.hdf
INFO: [Vivado 12-393] Launching SDK...
INFO: [Vivado 12-417] Running xsdk -workspace C:/project_1/project_1.sdk -hwspec C:/project_1/project_1.sdk/design_1_wrapper.hdf
INFO: [Vivado 12-3157] SDK launch initiated. Please check console for any further messages.
launch_sdk -workspace C:/project_1/project_1.sdk -hwspec C:/project_1/project_1.sdk/design_1_wrapper.hdf
INFO: [Vivado 12-393] Launching SDK...
INFO: [Vivado 12-417] Running xsdk -workspace C:/project_1/project_1.sdk -hwspec C:/project_1/project_1.sdk/design_1_wrapper.hdf
INFO: [Vivado 12-3157] SDK launch initiated. Please check console for any further messages.
