10:25:27 INFO  : Launching XSDB server: xsdb.bat -interactive C:\project_1\project_1.sdk\temp_xsdb_launch_script.tcl
10:25:29 INFO  : XSDB server has started successfully.
10:25:29 INFO  : Processing command line option -hwspec C:/project_1/project_1.sdk/design_1_wrapper.hdf.
10:27:51 INFO  : Connected to target on host '127.0.0.1' and port '3121'.
10:27:53 INFO  : 'targets -set -filter {jtag_cable_name =~ "Digilent Zybo 210279655836A" && level==0} -index 1' command is executed.
10:27:54 INFO  : FPGA configured successfully with bitstream "C:/project_1/project_1.sdk/design_1_wrapper_hw_platform_0/design_1_wrapper.bit"
10:29:06 INFO  : Processor reset is completed for ps7_cortexa9_0
10:29:11 ERROR : Port COM5 is already in use.
10:29:11 ERROR : Unexpected error while launching program.
java.lang.RuntimeException: Failed to download ELF file


    Cannot access DDR: the controller is held in reset

	at com.xilinx.sdk.targetmanager.internal.TM.downloadELF(TM.java:686)
	at com.xilinx.sdk.debug.core.internal.AppRunner.run(AppRunner.java:129)
	at com.xilinx.sdk.debug.core.XilinxAppLaunchConfigurationDelegate.runApplication(XilinxAppLaunchConfigurationDelegate.java:637)
	at com.xilinx.sdk.debug.core.XilinxAppLaunchConfigurationDelegate.launch(XilinxAppLaunchConfigurationDelegate.java:309)
	at com.xilinx.sdk.debug.ui.XilinxAppLaunchDelegateWrapper.launch(XilinxAppLaunchDelegateWrapper.java:31)
	at org.eclipse.debug.internal.core.LaunchConfiguration.launch(LaunchConfiguration.java:885)
	at org.eclipse.debug.internal.core.LaunchConfiguration.launch(LaunchConfiguration.java:739)
	at org.eclipse.debug.internal.ui.DebugUIPlugin.buildAndLaunch(DebugUIPlugin.java:1039)
	at org.eclipse.debug.internal.ui.DebugUIPlugin$8.run(DebugUIPlugin.java:1256)
	at org.eclipse.core.internal.jobs.Worker.run(Worker.java:55)
10:29:55 ERROR : Unexpected error while parsing XMD response ?: com.google.gson.JsonSyntaxException: com.google.gson.stream.MalformedJsonException: invalid number or unquoted string near 
10:30:12 INFO  : Launching XSDB server: xsdb.bat -interactive C:\project_1\project_1.sdk\temp_xsdb_launch_script.tcl
10:30:14 INFO  : XSDB server has started successfully.
10:30:14 INFO  : Processing command line option -hwspec C:/project_1/project_1.sdk/design_1_wrapper.hdf.
10:30:14 INFO  : Checking for hwspec changes in the project design_1_wrapper_hw_platform_0.
10:31:10 INFO  : Connected to target on host '127.0.0.1' and port '3121'.
10:31:15 INFO  : 'targets -set -filter {jtag_cable_name =~ "Digilent Zybo 210279655836A" && level==0} -index 1' command is executed.
10:31:16 INFO  : FPGA configured successfully with bitstream "C:/project_1/project_1.sdk/design_1_wrapper_hw_platform_0/design_1_wrapper.bit"
10:31:39 INFO  : Processor reset is completed for ps7_cortexa9_0
10:31:44 ERROR : Port COM5 is already in use.
10:31:44 ERROR : Unexpected error while launching program.
java.lang.RuntimeException: Failed to download ELF file


    Cannot access DDR: the controller is held in reset

	at com.xilinx.sdk.targetmanager.internal.TM.downloadELF(TM.java:686)
	at com.xilinx.sdk.debug.core.internal.AppRunner.run(AppRunner.java:129)
	at com.xilinx.sdk.debug.core.XilinxAppLaunchConfigurationDelegate.runApplication(XilinxAppLaunchConfigurationDelegate.java:637)
	at com.xilinx.sdk.debug.core.XilinxAppLaunchConfigurationDelegate.launch(XilinxAppLaunchConfigurationDelegate.java:309)
	at com.xilinx.sdk.debug.ui.XilinxAppLaunchDelegateWrapper.launch(XilinxAppLaunchDelegateWrapper.java:31)
	at org.eclipse.debug.internal.core.LaunchConfiguration.launch(LaunchConfiguration.java:885)
	at org.eclipse.debug.internal.core.LaunchConfiguration.launch(LaunchConfiguration.java:739)
	at org.eclipse.debug.internal.ui.DebugUIPlugin.buildAndLaunch(DebugUIPlugin.java:1039)
	at org.eclipse.debug.internal.ui.DebugUIPlugin$8.run(DebugUIPlugin.java:1256)
	at org.eclipse.core.internal.jobs.Worker.run(Worker.java:55)
20:50:14 INFO  : Connected to target on host '127.0.0.1' and port '3121'.
20:50:14 INFO  : 'targets -set -filter {jtag_cable_name =~ "Digilent Zybo 210279655836A" && level==0} -index 1' command is executed.
20:50:15 INFO  : FPGA configured successfully with bitstream "C:/project_1/project_1.sdk/design_1_wrapper_hw_platform_0/design_1_wrapper.bit"
13:06:55 ERROR : Unexpected error while parsing XMD response ?: com.google.gson.JsonSyntaxException: com.google.gson.stream.MalformedJsonException: invalid number or unquoted string near 
13:10:13 INFO  : Launching XSDB server: xsdb.bat -interactive C:\project_1\project_1.sdk\temp_xsdb_launch_script.tcl
13:10:15 INFO  : XSDB server has started successfully.
13:10:15 INFO  : Processing command line option -hwspec C:/project_1/project_1.sdk/design_1_wrapper.hdf.
13:10:16 INFO  : Checking for hwspec changes in the project design_1_wrapper_hw_platform_0.
13:12:44 INFO  : Connected to target on host '127.0.0.1' and port '3121'.
13:12:45 INFO  : 'targets -set -filter {jtag_cable_name =~ "Digilent Zybo 210279655836A" && level==0} -index 1' command is executed.
13:12:46 INFO  : FPGA configured successfully with bitstream "C:/project_1/project_1.sdk/design_1_wrapper_hw_platform_0/design_1_wrapper.bit"
13:13:14 INFO  : ps7_init is completed.
13:13:15 INFO  : Processor reset is completed for ps7_cortexa9_0
13:13:20 ERROR : Port COM5 is already in use.
13:59:09 ERROR : Unexpected error while parsing XMD response ?: com.google.gson.JsonSyntaxException: com.google.gson.stream.MalformedJsonException: invalid number or unquoted string near 
14:08:54 INFO  : Launching XSDB server: xsdb.bat -interactive C:\project_1\project_1.sdk\temp_xsdb_launch_script.tcl
14:08:55 INFO  : XSDB server has started successfully.
14:08:55 INFO  : Processing command line option -hwspec C:/project_1/project_1.sdk/design_1_wrapper.hdf.
14:08:55 INFO  : Checking for hwspec changes in the project design_1_wrapper_hw_platform_0.
14:09:58 INFO  : Launching XSDB server: xsdb.bat -interactive C:\project_1\project_1.sdk\temp_xsdb_launch_script.tcl
14:10:00 INFO  : XSDB server has started successfully.
14:10:00 INFO  : Processing command line option -hwspec C:/project_1/project_1.sdk/design_1_wrapper.hdf.
14:10:00 INFO  : Checking for hwspec changes in the project design_1_wrapper_hw_platform_0.
14:10:04 INFO  : SDK has detected change in the last modified timestamps for source hardware specification file Source:1476727701504,  Project:1476627849613
14:10:04 INFO  : The hardware specification for project 'design_1_wrapper_hw_platform_0' is different from C:/project_1/project_1.sdk/design_1_wrapper.hdf.
14:10:04 INFO  : Copied contents of C:/project_1/project_1.sdk/design_1_wrapper.hdf into \design_1_wrapper_hw_platform_0\system.hdf.
14:10:21 INFO  : Synchronizing projects in the workspace with the hardware platform specification changes.
14:10:24 INFO  : 
14:10:24 INFO  : Updating hardware inferred compiler options for gpio_tutorial.
14:10:24 INFO  : Clearing existing target manager status.
14:11:54 INFO  : Connected to target on host '127.0.0.1' and port '3121'.
14:11:56 INFO  : 'targets -set -filter {jtag_cable_name =~ "Digilent Zybo 210279655836A" && level==0} -index 1' command is executed.
14:11:57 INFO  : FPGA configured successfully with bitstream "C:/project_1/project_1.sdk/design_1_wrapper_hw_platform_0/design_1_wrapper.bit"
14:12:33 INFO  : Connected to target on host '127.0.0.1' and port '3121'.
14:12:33 INFO  : 'targets -set -filter {jtag_cable_name =~ "Digilent Zybo 210279655836A" && level==0} -index 1' command is executed.
14:12:34 INFO  : FPGA configured successfully with bitstream "C:/project_1/project_1.sdk/design_1_wrapper_hw_platform_0/design_1_wrapper.bit"
14:12:50 INFO  : ps7_init is completed.
14:12:51 INFO  : Processor reset is completed for ps7_cortexa9_0
14:12:56 ERROR : Port COM5 is already in use.
14:13:20 ERROR : Unexpected error while parsing XMD response ?: com.google.gson.JsonSyntaxException: com.google.gson.stream.MalformedJsonException: invalid number or unquoted string near 
14:13:37 INFO  : Launching XSDB server: xsdb.bat -interactive C:\project_1\project_1.sdk\temp_xsdb_launch_script.tcl
14:13:39 INFO  : XSDB server has started successfully.
14:13:39 INFO  : Processing command line option -hwspec C:/project_1/project_1.sdk/design_1_wrapper.hdf.
14:13:39 INFO  : Checking for hwspec changes in the project design_1_wrapper_hw_platform_0.
14:14:13 INFO  : Connected to target on host '127.0.0.1' and port '3121'.
14:14:31 INFO  : Connected to target on host '127.0.0.1' and port '3121'.
14:14:31 INFO  : 'targets -set -filter {jtag_cable_name =~ "Digilent Zybo 210279655836A" && level==0} -index 1' command is executed.
14:14:32 INFO  : FPGA configured successfully with bitstream "C:/project_1/project_1.sdk/design_1_wrapper_hw_platform_0/design_1_wrapper.bit"
14:14:59 INFO  : ps7_init is completed.
14:14:59 INFO  : Processor reset is completed for ps7_cortexa9_0
14:15:05 ERROR : Port COM5 is already in use.
14:15:18 INFO  : ps7_cortexa9_0 Processor is in use. Please stop existing Run or Debug sessions before launching.
14:15:26 INFO  : Processor reset is completed for ps7_cortexa9_0
14:15:31 ERROR : Port COM5 is already in use.
14:15:34 ERROR : Unexpected error while launching program.
java.lang.RuntimeException: Failed to download ELF file


    Could not stop the processor after reset


	at com.xilinx.sdk.targetmanager.internal.TM.downloadELF(TM.java:686)
	at com.xilinx.sdk.debug.core.internal.AppRunner.run(AppRunner.java:129)
	at com.xilinx.sdk.debug.core.XilinxAppLaunchConfigurationDelegate.runApplication(XilinxAppLaunchConfigurationDelegate.java:637)
	at com.xilinx.sdk.debug.core.XilinxAppLaunchConfigurationDelegate.launch(XilinxAppLaunchConfigurationDelegate.java:309)
	at com.xilinx.sdk.debug.ui.XilinxAppLaunchDelegateWrapper.launch(XilinxAppLaunchDelegateWrapper.java:31)
	at org.eclipse.debug.internal.core.LaunchConfiguration.launch(LaunchConfiguration.java:885)
	at org.eclipse.debug.internal.core.LaunchConfiguration.launch(LaunchConfiguration.java:739)
	at org.eclipse.debug.internal.ui.DebugUIPlugin.buildAndLaunch(DebugUIPlugin.java:1039)
	at org.eclipse.debug.internal.ui.DebugUIPlugin$8.run(DebugUIPlugin.java:1256)
	at org.eclipse.core.internal.jobs.Worker.run(Worker.java:55)
14:15:47 ERROR : Unexpected error while parsing XMD response ?: com.google.gson.JsonSyntaxException: com.google.gson.stream.MalformedJsonException: invalid number or unquoted string near 
14:16:02 INFO  : Launching XSDB server: xsdb.bat -interactive C:\project_1\project_1.sdk\temp_xsdb_launch_script.tcl
14:16:04 INFO  : XSDB server has started successfully.
14:16:04 INFO  : Processing command line option -hwspec C:/project_1/project_1.sdk/design_1_wrapper.hdf.
14:16:04 INFO  : Checking for hwspec changes in the project design_1_wrapper_hw_platform_0.
14:16:10 INFO  : Connected to target on host '127.0.0.1' and port '3121'.
14:16:12 INFO  : 'targets -set -filter {jtag_cable_name =~ "Digilent Zybo 210279655836A" && level==0} -index 1' command is executed.
14:16:13 INFO  : FPGA configured successfully with bitstream "C:/project_1/project_1.sdk/design_1_wrapper_hw_platform_0/design_1_wrapper.bit"
14:16:37 INFO  : ps7_init is completed.
14:16:37 INFO  : Processor reset is completed for ps7_cortexa9_0
14:17:15 INFO  : Connected to target on host '127.0.0.1' and port '3121'.
14:17:18 INFO  : 'targets -set -filter {jtag_cable_name =~ "Digilent Zybo 210279655836A" && level==0} -index 1' command is executed.
14:17:19 INFO  : FPGA configured successfully with bitstream "C:/project_1/project_1.sdk/design_1_wrapper_hw_platform_0/design_1_wrapper.bit"
14:22:44 INFO  : ps7_init is completed.
14:22:45 INFO  : Processor reset is completed for ps7_cortexa9_0
14:22:50 ERROR : Port COM5 is already in use.
14:25:16 ERROR : Unexpected error while parsing XMD response ?: com.google.gson.JsonSyntaxException: com.google.gson.stream.MalformedJsonException: invalid number or unquoted string near 
14:27:43 INFO  : Launching XSDB server: xsdb.bat -interactive C:\project_1\project_1.sdk\temp_xsdb_launch_script.tcl
14:27:45 INFO  : XSDB server has started successfully.
14:27:47 INFO  : Processing command line option -hwspec C:/project_1/project_1.sdk/design_1_wrapper.hdf.
14:27:47 INFO  : Checking for hwspec changes in the project design_1_wrapper_hw_platform_0.
14:27:54 INFO  : Connected to target on host '127.0.0.1' and port '3121'.
14:27:56 INFO  : 'targets -set -filter {jtag_cable_name =~ "Digilent Zybo 210279655836A" && level==0} -index 1' command is executed.
14:27:57 INFO  : FPGA configured successfully with bitstream "C:/project_1/project_1.sdk/design_1_wrapper_hw_platform_0/design_1_wrapper.bit"
14:28:27 INFO  : ps7_init is completed.
14:28:27 INFO  : Processor reset is completed for ps7_cortexa9_0
14:28:33 ERROR : Port COM5 is already in use.
14:33:35 INFO  : Connected to target on host '127.0.0.1' and port '3121'.
14:33:44 INFO  : Connected to target on host '127.0.0.1' and port '3121'.
14:33:44 INFO  : 'targets -set -filter {jtag_cable_name =~ "Digilent Zybo 210279655836A" && level==0} -index 1' command is executed.
14:33:45 INFO  : FPGA configured successfully with bitstream "C:/project_1/project_1.sdk/design_1_wrapper_hw_platform_0/design_1_wrapper.bit"
14:34:20 INFO  : ps7_init is completed.
14:34:20 INFO  : Processor reset is completed for ps7_cortexa9_0
14:34:25 ERROR : Port COM5 is already in use.
14:34:53 INFO  : Connected to target on host '127.0.0.1' and port '3121'.
14:34:53 INFO  : 'targets -set -filter {jtag_cable_name =~ "Digilent Zybo 210279655836A" && level==0} -index 1' command is executed.
14:34:55 INFO  : FPGA configured successfully with bitstream "C:/project_1/project_1.sdk/design_1_wrapper_hw_platform_0/design_1_wrapper.bit"
14:35:04 INFO  : ps7_cortexa9_0 Processor is in use. Please stop existing Run or Debug sessions before launching.
14:35:07 ERROR : Unexpected error while launching program.
java.lang.RuntimeException: Debug Operation Not Supported on the Target, Current Processor State is not "Stopped"

	at com.xilinx.sdk.targetmanager.internal.TM.downloadELF(TM.java:686)
	at com.xilinx.sdk.debug.core.internal.AppRunner.run(AppRunner.java:129)
	at com.xilinx.sdk.debug.core.XilinxAppLaunchConfigurationDelegate.runApplication(XilinxAppLaunchConfigurationDelegate.java:637)
	at com.xilinx.sdk.debug.core.XilinxAppLaunchConfigurationDelegate.launch(XilinxAppLaunchConfigurationDelegate.java:309)
	at com.xilinx.sdk.debug.ui.XilinxAppLaunchDelegateWrapper.launch(XilinxAppLaunchDelegateWrapper.java:31)
	at org.eclipse.debug.internal.core.LaunchConfiguration.launch(LaunchConfiguration.java:885)
	at org.eclipse.debug.internal.core.LaunchConfiguration.launch(LaunchConfiguration.java:739)
	at org.eclipse.debug.internal.ui.DebugUIPlugin.buildAndLaunch(DebugUIPlugin.java:1039)
	at org.eclipse.debug.internal.ui.DebugUIPlugin$8.run(DebugUIPlugin.java:1256)
	at org.eclipse.core.internal.jobs.Worker.run(Worker.java:55)
14:35:15 ERROR : Unexpected error while parsing XMD response ?: com.google.gson.JsonSyntaxException: com.google.gson.stream.MalformedJsonException: invalid number or unquoted string near 
14:35:37 INFO  : Launching XSDB server: xsdb.bat -interactive C:\project_1\project_1.sdk\temp_xsdb_launch_script.tcl
14:35:39 INFO  : XSDB server has started successfully.
14:35:39 INFO  : Processing command line option -hwspec C:/project_1/project_1.sdk/design_1_wrapper.hdf.
14:35:39 INFO  : Checking for hwspec changes in the project design_1_wrapper_hw_platform_0.
14:35:45 INFO  : Connected to target on host '127.0.0.1' and port '3121'.
14:35:47 INFO  : 'targets -set -filter {jtag_cable_name =~ "Digilent Zybo 210279655836A" && level==0} -index 1' command is executed.
14:35:48 INFO  : FPGA configured successfully with bitstream "C:/project_1/project_1.sdk/design_1_wrapper_hw_platform_0/design_1_wrapper.bit"
14:36:05 INFO  : ps7_init is completed.
14:36:27 INFO  : Connected to target on host '127.0.0.1' and port '3121'.
14:36:31 INFO  : 'targets -set -filter {jtag_cable_name =~ "Digilent Zybo 210279655836A" && level==0} -index 1' command is executed.
14:36:32 INFO  : FPGA configured successfully with bitstream "C:/project_1/project_1.sdk/design_1_wrapper_hw_platform_0/design_1_wrapper.bit"
14:36:50 INFO  : ps7_init is completed.
14:36:55 ERROR : Port COM5 is already in use.
14:51:11 INFO  : Connected to target on host '127.0.0.1' and port '3121'.
14:51:14 INFO  : 'targets -set -filter {jtag_cable_name =~ "Digilent Zybo 210279655836A" && level==0} -index 1' command is executed.
14:51:15 INFO  : FPGA configured successfully with bitstream "C:/project_1/project_1.sdk/design_1_wrapper_hw_platform_0/design_1_wrapper.bit"
14:51:44 INFO  : ps7_init is completed.
14:51:44 INFO  : ps7_post_config is completed.
14:51:44 INFO  : Processor reset is completed for ps7_cortexa9_0
14:51:49 ERROR : Port COM5 is already in use.
14:53:03 INFO  : Connected to target on host '127.0.0.1' and port '3121'.
14:53:03 INFO  : 'targets -set -filter {jtag_cable_name =~ "Digilent Zybo 210279655836A" && level==0} -index 1' command is executed.
14:53:05 INFO  : FPGA configured successfully with bitstream "C:/project_1/project_1.sdk/design_1_wrapper_hw_platform_0/design_1_wrapper.bit"
14:53:17 INFO  : Processor reset is completed for ps7_cortexa9_0
14:53:45 INFO  : Connected to target on host '127.0.0.1' and port '3121'.
14:53:45 INFO  : 'targets -set -filter {jtag_cable_name =~ "Digilent Zybo 210279655836A" && level==0} -index 1' command is executed.
14:53:46 INFO  : FPGA configured successfully with bitstream "C:/project_1/project_1.sdk/design_1_wrapper_hw_platform_0/design_1_wrapper.bit"
14:54:02 INFO  : Processor reset is completed for ps7_cortexa9_0
14:56:45 INFO  : FPGA Cable Disconnected. All active launches will be terminated.
14:56:45 WARN  : Terminating existing sessions on processor ps7_cortexa9_0
17:35:25 INFO  : Connected to target on host '127.0.0.1' and port '3121'.
17:35:25 INFO  : 'targets -set -filter {jtag_cable_name =~ "Digilent Zybo 210279655836A" && level==0} -index 1' command is executed.
17:35:26 INFO  : FPGA configured successfully with bitstream "C:/project_1/project_1.sdk/design_1_wrapper_hw_platform_0/design_1_wrapper.bit"
17:35:55 INFO  : ps7_init is completed.
17:35:55 INFO  : ps7_post_config is completed.
17:35:55 INFO  : Processor reset is completed for ps7_cortexa9_0
17:41:29 INFO  : Connected to target on host '127.0.0.1' and port '3121'.
17:41:29 INFO  : 'targets -set -filter {jtag_cable_name =~ "Digilent Zybo 210279655836A" && level==0} -index 1' command is executed.
17:41:30 INFO  : FPGA configured successfully with bitstream "C:/project_1/project_1.sdk/design_1_wrapper_hw_platform_0/design_1_wrapper.bit"
17:41:37 INFO  : Processor reset is completed for ps7_cortexa9_0
18:15:21 ERROR : Unexpected error while parsing XMD response ?: com.google.gson.JsonSyntaxException: com.google.gson.stream.MalformedJsonException: invalid number or unquoted string near 
18:15:39 INFO  : Launching XSDB server: xsdb.bat -interactive C:\project_1\project_1.sdk\temp_xsdb_launch_script.tcl
18:15:41 INFO  : XSDB server has started successfully.
18:15:42 INFO  : Processing command line option -hwspec C:/project_1/project_1.sdk/design_1_wrapper.hdf.
18:15:42 INFO  : Checking for hwspec changes in the project design_1_wrapper_hw_platform_0.
18:15:45 INFO  : SDK has detected change in the last modified timestamps for source hardware specification file Source:1476742459013,  Project:1476727701504
18:15:45 INFO  : The hardware specification for project 'design_1_wrapper_hw_platform_0' is different from C:/project_1/project_1.sdk/design_1_wrapper.hdf.
18:15:45 INFO  : Copied contents of C:/project_1/project_1.sdk/design_1_wrapper.hdf into \design_1_wrapper_hw_platform_0\system.hdf.
18:15:51 INFO  : Synchronizing projects in the workspace with the hardware platform specification changes.
18:15:55 INFO  : 
18:15:56 INFO  : Updating hardware inferred compiler options for gpio_tutorial.
18:15:56 INFO  : Clearing existing target manager status.
18:18:23 INFO  : Connected to target on host '127.0.0.1' and port '3121'.
18:18:28 INFO  : 'targets -set -filter {jtag_cable_name =~ "Digilent Zybo 210279655836A" && level==0} -index 1' command is executed.
18:18:30 INFO  : FPGA configured successfully with bitstream "C:/project_1/project_1.sdk/design_1_wrapper_hw_platform_0/design_1_wrapper.bit"
18:18:40 INFO  : Processor reset is completed for ps7_cortexa9_0
18:23:19 ERROR : Unexpected error while parsing XMD response ?: com.google.gson.JsonSyntaxException: com.google.gson.stream.MalformedJsonException: invalid number or unquoted string near 
18:24:45 INFO  : Launching XSDB server: xsdb.bat -interactive C:\project_1\project_1.sdk\temp_xsdb_launch_script.tcl
18:24:47 INFO  : XSDB server has started successfully.
18:24:48 INFO  : Processing command line option -hwspec C:/project_1/project_1.sdk/design_1_wrapper.hdf.
18:24:48 INFO  : Checking for hwspec changes in the project design_1_wrapper_hw_platform_0.
18:26:07 INFO  : Connected to target on host '127.0.0.1' and port '3121'.
18:26:12 INFO  : 'targets -set -filter {jtag_cable_name =~ "Digilent Zybo 210279655836A" && level==0} -index 1' command is executed.
18:26:13 INFO  : FPGA configured successfully with bitstream "C:/project_1/project_1.sdk/design_1_wrapper_hw_platform_0/design_1_wrapper.bit"
18:26:35 INFO  : Processor reset is completed for ps7_cortexa9_0
18:27:11 INFO  : Connected to target on host '127.0.0.1' and port '3121'.
18:27:11 INFO  : 'targets -set -filter {jtag_cable_name =~ "Digilent Zybo 210279655836A" && level==0} -index 1' command is executed.
18:27:12 INFO  : FPGA configured successfully with bitstream "C:/project_1/project_1.sdk/design_1_wrapper_hw_platform_0/design_1_wrapper.bit"
18:28:59 INFO  : Processor reset is completed for ps7_cortexa9_0
18:31:33 INFO  : Connected to target on host '127.0.0.1' and port '3121'.
18:31:33 INFO  : 'targets -set -filter {jtag_cable_name =~ "Digilent Zybo 210279655836A" && level==0} -index 1' command is executed.
18:31:35 INFO  : FPGA configured successfully with bitstream "C:/project_1/project_1.sdk/design_1_wrapper_hw_platform_0/design_1_wrapper.bit"
18:32:01 INFO  : ps7_cortexa9_0 Processor is in use. Please stop existing Run or Debug sessions before launching.
18:32:05 INFO  : Processor reset is completed for ps7_cortexa9_0
18:32:35 INFO  : Processor reset is completed for ps7_cortexa9_0
18:33:51 INFO  : Connected to target on host '127.0.0.1' and port '3121'.
18:33:51 INFO  : 'targets -set -filter {jtag_cable_name =~ "Digilent Zybo 210279655836A" && level==0} -index 1' command is executed.
18:33:53 INFO  : FPGA configured successfully with bitstream "C:/project_1/project_1.sdk/design_1_wrapper_hw_platform_0/design_1_wrapper.bit"
18:34:19 INFO  : Processor reset is completed for ps7_cortexa9_0
18:35:11 INFO  : Connected to target on host '127.0.0.1' and port '3121'.
18:35:12 INFO  : 'targets -set -filter {jtag_cable_name =~ "Digilent Zybo 210279655836A" && level==0} -index 1' command is executed.
18:35:13 INFO  : FPGA configured successfully with bitstream "C:/project_1/project_1.sdk/design_1_wrapper_hw_platform_0/design_1_wrapper.bit"
18:35:16 INFO  : Processor reset is completed for ps7_cortexa9_0
19:29:26 INFO  : SDK has detected change in the last modified timestamps for source hardware specification file Source:1476746725259,  Project:1476742459013
19:29:26 INFO  : Project design_1_wrapper_hw_platform_0's source hardware specification located at C:/project_1/project_1.sdk/design_1_wrapper.hdf is now different from the local copy.
		 The local copy will be replaced with the source specification and your workspace will be updated.
19:29:33 INFO  : Copied contents of C:/project_1/project_1.sdk/design_1_wrapper.hdf into \design_1_wrapper_hw_platform_0\system.hdf.
19:29:39 INFO  : Synchronizing projects in the workspace with the hardware platform specification changes.
19:29:42 INFO  : 
19:29:42 INFO  : Updating hardware inferred compiler options for hw1.
19:29:42 INFO  : Clearing existing target manager status.
22:08:05 ERROR : Unexpected error while parsing XMD response ?: com.google.gson.JsonSyntaxException: com.google.gson.stream.MalformedJsonException: invalid number or unquoted string near 
22:14:27 INFO  : Launching XSDB server: xsdb.bat -interactive C:\project_1\project_1.sdk\temp_xsdb_launch_script.tcl
22:14:29 INFO  : XSDB server has started successfully.
22:14:29 INFO  : Processing command line option -hwspec C:/project_1/project_1.sdk/design_1_wrapper.hdf.
22:15:49 INFO  : Connected to target on host '127.0.0.1' and port '3121'.
22:16:38 INFO  : Connected to target on host '127.0.0.1' and port '3121'.
22:16:38 INFO  : 'targets -set -filter {jtag_cable_name =~ "Digilent Zybo 210279655836A" && level==0} -index 1' command is executed.
22:16:40 INFO  : FPGA configured successfully with bitstream "C:/project_1/project_1.sdk/design_1_wrapper_hw_platform_0/design_1_wrapper.bit"
22:17:09 INFO  : ps7_init is completed.
22:17:09 INFO  : ps7_post_config is completed.
22:17:10 INFO  : Processor reset is completed for ps7_cortexa9_0
22:34:10 INFO  : SDK has detected change in the last modified timestamps for source hardware specification file Source:1476758038196,  Project:1476756815113
22:34:10 INFO  : Project design_1_wrapper_hw_platform_0's source hardware specification located at C:/project_1/project_1.sdk/design_1_wrapper.hdf is now different from the local copy.
		 The local copy will be replaced with the source specification and your workspace will be updated.
22:34:13 INFO  : Copied contents of C:/project_1/project_1.sdk/design_1_wrapper.hdf into \design_1_wrapper_hw_platform_0\system.hdf.
22:34:18 INFO  : Synchronizing projects in the workspace with the hardware platform specification changes.
22:34:21 INFO  : 
22:34:21 INFO  : Updating hardware inferred compiler options for gpio_tutorial.
22:34:21 INFO  : Clearing existing target manager status.
22:34:21 INFO  : Closing and re-opening the MSS file of ther project gpio_tutorial_bsp
22:34:22 INFO  : Workspace synchronized with the new hardware specification file. Cleaning dependent projects...
22:34:22 WARN  : Linker script will not be updated automatically. Users need to update it manually.
22:34:56 INFO  : Connected to target on host '127.0.0.1' and port '3121'.
22:34:56 INFO  : 'targets -set -filter {jtag_cable_name =~ "Digilent Zybo 210279655836A" && level==0} -index 1' command is executed.
22:34:57 INFO  : FPGA configured successfully with bitstream "C:/project_1/project_1.sdk/design_1_wrapper_hw_platform_0/design_1_wrapper.bit"
22:35:04 INFO  : Processor reset is completed for ps7_cortexa9_0
22:39:34 INFO  : Connected to target on host '127.0.0.1' and port '3121'.
22:39:34 INFO  : 'targets -set -filter {jtag_cable_name =~ "Digilent Zybo 210279655836A" && level==0} -index 1' command is executed.
22:39:35 INFO  : FPGA configured successfully with bitstream "C:/project_1/project_1.sdk/design_1_wrapper_hw_platform_0/design_1_wrapper.bit"
22:39:47 INFO  : Processor reset is completed for ps7_cortexa9_0
22:41:42 INFO  : Connected to target on host '127.0.0.1' and port '3121'.
22:41:42 INFO  : 'targets -set -filter {jtag_cable_name =~ "Digilent Zybo 210279655836A" && level==0} -index 1' command is executed.
22:41:44 INFO  : FPGA configured successfully with bitstream "C:/project_1/project_1.sdk/design_1_wrapper_hw_platform_0/design_1_wrapper.bit"
22:41:47 INFO  : Processor reset is completed for ps7_cortexa9_0
22:47:27 INFO  : Connected to target on host '127.0.0.1' and port '3121'.
22:47:34 INFO  : Connected to target on host '127.0.0.1' and port '3121'.
22:47:34 INFO  : 'targets -set -filter {jtag_cable_name =~ "Digilent Zybo 210279655836A" && level==0} -index 1' command is executed.
22:47:36 INFO  : FPGA configured successfully with bitstream "C:/project_1/project_1.sdk/design_1_wrapper_hw_platform_0/design_1_wrapper.bit"
22:47:40 INFO  : ps7_init is completed.
22:47:40 INFO  : ps7_post_config is completed.
22:47:40 INFO  : Processor reset is completed for ps7_cortexa9_0
22:49:10 INFO  : Connected to target on host '127.0.0.1' and port '3121'.
22:49:10 INFO  : 'targets -set -filter {jtag_cable_name =~ "Digilent Zybo 210279655836A" && level==0} -index 1' command is executed.
22:49:12 INFO  : FPGA configured successfully with bitstream "C:/project_1/project_1.sdk/design_1_wrapper_hw_platform_0/design_1_wrapper.bit"
22:49:17 INFO  : Processor reset is completed for ps7_cortexa9_0
22:50:09 INFO  : Processor reset is completed for ps7_cortexa9_0
15:30:31 INFO  : Launching XSDB server: xsdb.bat -interactive C:\project_1\project_1.sdk\temp_xsdb_launch_script.tcl
15:30:33 INFO  : XSDB server has started successfully.
15:30:34 INFO  : Processing command line option -hwspec C:/project_1/project_1.sdk/design_1_wrapper.hdf.
15:30:34 INFO  : Checking for hwspec changes in the project design_1_wrapper_hw_platform_0.
15:30:37 INFO  : SDK has detected change in the last modified timestamps for source hardware specification file Source:1476818709294,  Project:1476758038196
15:30:37 INFO  : The hardware specification for project 'design_1_wrapper_hw_platform_0' is different from C:/project_1/project_1.sdk/design_1_wrapper.hdf.
15:30:40 INFO  : Copied contents of C:/project_1/project_1.sdk/design_1_wrapper.hdf into \design_1_wrapper_hw_platform_0\system.hdf.
15:30:47 INFO  : Synchronizing projects in the workspace with the hardware platform specification changes.
15:30:51 INFO  : 
15:30:52 INFO  : Updating hardware inferred compiler options for gpio_tutorial.
15:30:52 INFO  : Clearing existing target manager status.
15:30:54 INFO  : Closing and re-opening the MSS file of ther project gpio_tutorial_bsp
15:31:54 ERROR : Unexpected error while parsing XMD response ?: com.google.gson.JsonSyntaxException: com.google.gson.stream.MalformedJsonException: invalid number or unquoted string near 
15:32:06 INFO  : Launching XSDB server: xsdb.bat -interactive C:\project_1\project_1.sdk\temp_xsdb_launch_script.tcl
15:32:08 INFO  : XSDB server has started successfully.
15:32:08 INFO  : Processing command line option -hwspec C:/project_1/project_1.sdk/design_1_wrapper.hdf.
15:32:08 INFO  : Checking for hwspec changes in the project design_1_wrapper_hw_platform_0.
15:33:24 INFO  : Connected to target on host '127.0.0.1' and port '3121'.
15:33:30 INFO  : Connected to target on host '127.0.0.1' and port '3121'.
15:33:31 INFO  : 'targets -set -filter {jtag_cable_name =~ "Digilent Zybo 210279655836A" && level==0} -index 1' command is executed.
15:33:32 INFO  : FPGA configured successfully with bitstream "C:/project_1/project_1.sdk/design_1_wrapper_hw_platform_0/design_1_wrapper.bit"
15:33:59 INFO  : ps7_init is completed.
15:33:59 INFO  : ps7_post_config is completed.
15:33:59 INFO  : Processor reset is completed for ps7_cortexa9_0
15:36:31 INFO  : Processor reset is completed for ps7_cortexa9_0
19:58:32 INFO  : Connected to target on host '127.0.0.1' and port '3121'.
19:58:35 INFO  : 'targets -set -filter {jtag_cable_name =~ "Digilent Zybo 210279655836A" && level==0} -index 1' command is executed.
19:58:37 INFO  : FPGA configured successfully with bitstream "C:/project_1/project_1.sdk/design_1_wrapper_hw_platform_0/design_1_wrapper.bit"
19:58:44 INFO  : ps7_init is completed.
19:58:44 INFO  : ps7_post_config is completed.
19:58:44 INFO  : Processor reset is completed for ps7_cortexa9_0
20:02:54 ERROR : Unexpected error while parsing XMD response ?: com.google.gson.JsonSyntaxException: com.google.gson.stream.MalformedJsonException: invalid number or unquoted string near 
20:03:21 INFO  : Launching XSDB server: xsdb.bat -interactive C:\project_1\project_1.sdk\temp_xsdb_launch_script.tcl
20:03:23 INFO  : XSDB server has started successfully.
20:03:23 INFO  : Processing command line option -hwspec C:/project_1/project_1.sdk/design_1_wrapper.hdf.
20:03:23 INFO  : Checking for hwspec changes in the project design_1_wrapper_hw_platform_0.
20:04:16 INFO  : Connected to target on host '127.0.0.1' and port '3121'.
20:04:21 INFO  : 'targets -set -filter {jtag_cable_name =~ "Digilent Zybo 210279655836A" && level==0} -index 1' command is executed.
20:04:22 INFO  : FPGA configured successfully with bitstream "C:/project_1/project_1.sdk/design_1_wrapper_hw_platform_0/design_1_wrapper.bit"
20:04:47 INFO  : Processor reset is completed for ps7_cortexa9_0
20:06:20 ERROR : Unexpected error while parsing XMD response ?: com.google.gson.JsonSyntaxException: com.google.gson.stream.MalformedJsonException: invalid number or unquoted string near 
20:16:27 INFO  : Launching XSDB server: xsdb.bat -interactive C:\project_1\project_1.sdk\temp_xsdb_launch_script.tcl
20:16:29 INFO  : XSDB server has started successfully.
20:16:29 INFO  : Processing command line option -hwspec C:/project_1/project_1.sdk/design_1_wrapper.hdf.
20:16:29 ERROR : Error occurred while creating hardware platform design_1_wrapper_hw_platform_0 from sysdef
org.eclipse.core.runtime.CoreException: Could not write file: C:\project_1\project_1.sdk\design_1_wrapper_hw_platform_0\.project.
	at org.eclipse.core.internal.filesystem.Policy.error(Policy.java:49)
	at org.eclipse.core.internal.filesystem.local.LocalFile.openOutputStream(LocalFile.java:412)
	at org.eclipse.core.internal.localstore.FileSystemResourceManager.write(FileSystemResourceManager.java:1141)
	at org.eclipse.core.internal.localstore.FileSystemResourceManager.internalWrite(FileSystemResourceManager.java:653)
	at org.eclipse.core.internal.resources.Project.writeDescription(Project.java:1366)
	at org.eclipse.core.internal.resources.Project.writeDescription(Project.java:1347)
	at org.eclipse.core.internal.resources.Container.createFilter(Container.java:65)
	at com.xilinx.sdk.hw.internal.HwProjectCreator.createHwProjectFromZip(HwProjectCreator.java:91)
	at com.xilinx.sdk.hw.HwProjectUtil.internalCreate(HwProjectUtil.java:189)
	at com.xilinx.sdk.hw.HwProjectUtil.makeNewHardwareProject(HwProjectUtil.java:138)
	at com.xilinx.sdk.hw.HwProjectUtil.makeNewHardwareProject(HwProjectUtil.java:125)
	at com.xilinx.sdk.hw.HwProjectUtil.makeNewHardwareProject(HwProjectUtil.java:100)
	at com.xilinx.sdk.startup.InitSDK.processHwSpecArgumentTask(InitSDK.java:436)
	at com.xilinx.sdk.startup.InitSDK.access$7(InitSDK.java:418)
	at com.xilinx.sdk.startup.InitSDK$12.run(InitSDK.java:369)
	at org.eclipse.core.internal.jobs.Worker.run(Worker.java:55)
Caused by: java.io.FileNotFoundException: C:\project_1\project_1.sdk\design_1_wrapper_hw_platform_0\.project (Access is denied)
	at java.io.FileOutputStream.open0(Native Method)
	at java.io.FileOutputStream.open(FileOutputStream.java:270)
	at java.io.FileOutputStream.<init>(FileOutputStream.java:213)
	at org.eclipse.core.internal.filesystem.local.LocalFile.openOutputStream(LocalFile.java:403)
	... 14 more
20:16:29 ERROR : Unable to create Hardware Specification Project with specification file: C:/project_1/project_1.sdk/design_1_wrapper.hdf
20:17:12 INFO  : Launching XSDB server: xsdb.bat -interactive C:\project_1\project_1.sdk\temp_xsdb_launch_script.tcl
20:17:14 INFO  : XSDB server has started successfully.
20:17:14 INFO  : Processing command line option -hwspec C:/project_1/project_1.sdk/design_1_wrapper.hdf.
20:18:00 INFO  : Launching XSDB server: xsdb.bat -interactive C:\project_1\project_1.sdk\temp_xsdb_launch_script.tcl
20:18:02 INFO  : XSDB server has started successfully.
20:18:02 INFO  : Processing command line option -hwspec C:/project_1/project_1.sdk/design_1_wrapper.hdf.
20:20:37 INFO  : Connected to target on host '127.0.0.1' and port '3121'.
20:20:42 INFO  : 'targets -set -filter {jtag_cable_name =~ "Digilent Zybo 210279655836A" && level==0} -index 1' command is executed.
20:20:44 INFO  : FPGA configured successfully with bitstream "C:/project_1/project_1.sdk/design_1_wrapper_hw_platform_0/design_1_wrapper.bit"
20:21:05 INFO  : Processor reset is completed for ps7_cortexa9_0
20:23:24 INFO  : Connected to target on host '127.0.0.1' and port '3121'.
20:23:24 INFO  : 'targets -set -filter {jtag_cable_name =~ "Digilent Zybo 210279655836A" && level==0} -index 1' command is executed.
20:23:25 INFO  : FPGA configured successfully with bitstream "C:/project_1/project_1.sdk/design_1_wrapper_hw_platform_0/design_1_wrapper.bit"
20:23:28 INFO  : Processor reset is completed for ps7_cortexa9_0
20:26:28 INFO  : Processor reset is completed for ps7_cortexa9_0
20:27:36 INFO  : Processor reset is completed for ps7_cortexa9_0
20:28:01 INFO  : Processor reset is completed for ps7_cortexa9_0
20:30:55 ERROR : Unexpected error while parsing XMD response ?: com.google.gson.JsonSyntaxException: com.google.gson.stream.MalformedJsonException: invalid number or unquoted string near 
20:31:07 INFO  : Launching XSDB server: xsdb.bat -interactive C:\project_1\project_1.sdk\temp_xsdb_launch_script.tcl
20:31:09 INFO  : XSDB server has started successfully.
20:31:10 INFO  : Processing command line option -hwspec C:/project_1/project_1.sdk/design_1_wrapper.hdf.
20:31:10 INFO  : Checking for hwspec changes in the project design_1_wrapper_hw_platform_0.
